[07:27:37.570]controlled G2102班电脑(iT5LMVtuTEX8ZNDoAAAB) into
[08:22:18.984]controlled G2102班电脑(iT5LMVtuTEX8ZNDoAAAB) leave
[08:22:24.196]controlled G2102班电脑(i9c7QmCgjy4e00UsAAAD) into
[08:48:11.583]controlled G2107班电脑(pNnV1pcHaGMyyfYUAAAH) into
[08:49:49.650]controlled G2106班电脑(ekL2LFypSZSAg4V1AAAJ) into
[08:56:48.918]controlled G2106班电脑(ekL2LFypSZSAg4V1AAAJ) leave
[08:56:57.66]controlled G2106班电脑(7JLlSB-rmmSyT9FaAAAL) into
[08:57:22.39]controlled G2107班电脑(pNnV1pcHaGMyyfYUAAAH) leave
[08:57:30.441]controlled G2107班电脑(_9I02syfS8a4kHUFAAAN) into
[08:57:42.908]controlled G2102班电脑(i9c7QmCgjy4e00UsAAAD) leave
[08:57:51.754]controlled G2102班电脑(EbVnk9eE4j9JWjRIAAAP) into
[09:31:09.352]controlled G2107班电脑(_9I02syfS8a4kHUFAAAN) leave
[09:45:40.150]controlled G2106班电脑(7JLlSB-rmmSyT9FaAAAL) leave
[09:45:48.228]controlled G2102班电脑(EbVnk9eE4j9JWjRIAAAP) leave
[09:45:48.349]controlled G2106班电脑(r9JfYsVCmefIU3uXAAAR) into
[09:45:53.192]controlled G2102班电脑(h9nzmsh3TEkALYEtAAAT) into
[10:11:02.266]controlled G2102班电脑(h9nzmsh3TEkALYEtAAAT) leave
[10:11:07.495]controlled G2102班电脑(-tP96zJu5BGuDjNLAAAX) into
[14:22:54.327]controlled G2106班电脑(r9JfYsVCmefIU3uXAAAR) leave
[14:22:58.173]controlled G2106班电脑(GL_bEdehZy_kiOxiAAAc) into
[14:23:29.970]controlled G2102班电脑(-tP96zJu5BGuDjNLAAAX) leave
[14:23:33.64]controlled G2102班电脑(BaPrp4nrGxxtPwRHAAAe) into
[14:24:21.389]controlled G2106班电脑(GL_bEdehZy_kiOxiAAAc) leave
[14:24:24.399]controlled G2106班电脑(ahiiIKEpb_-UKtgPAAAg) into
[14:54:36.596]controlled G2106班电脑(ahiiIKEpb_-UKtgPAAAg) leave
[15:14:36.232]controlled G2107班电脑(GeyfYUgQSUjXUZOXAAAi) into
[15:38:54.977]controlled G2107班电脑(GeyfYUgQSUjXUZOXAAAi) leave
[15:38:59.144]controlled G2107班电脑(bk1dcR8xLjOJdqEUAAAk) into
[17:46:30.399]controlled G2106班电脑(wdC01rBlZdrp6gCbAAAn) into
[17:48:30.290]controlled G2106班电脑(wdC01rBlZdrp6gCbAAAn) leave
[17:49:22.947]controlled G2106班电脑(lr_tCEU1E0PmbjpQAAAp) into
[17:50:36.142]controlled G2106班电脑(lr_tCEU1E0PmbjpQAAAp) leave
[18:09:34.421]controlled G2106班电脑(Bz8Eh09USweCRn5HAAAr) into
[18:09:37.679]controlled G2107班电脑(bk1dcR8xLjOJdqEUAAAk) leave
[18:12:18.261]controlled G2106班电脑(Bz8Eh09USweCRn5HAAAr) leave
[18:13:37.491]controlled G2106班电脑(-tJP7U7Us9kKPpM_AAAt) into
[18:15:00.698]controlled G2106班电脑(-tJP7U7Us9kKPpM_AAAt) leave
[18:24:22.353]controlled G2107班电脑(b9kjcd3qOvadKzPdAAAv) into
[18:31:39.574]controlled G2107班电脑(b9kjcd3qOvadKzPdAAAv) leave
[19:24:49.871]controlled G2102班电脑(MSav9xKu9jF_FZutAAAB) into
[20:43:17.627]controlled G2102班电脑(MSav9xKu9jF_FZutAAAB) leave
[22:36:31.327]controlled G2102班电脑(wGQsDKwl7Enc1IUFAAAF) into
[23:31:10.760]controlled G2102班电脑(wGQsDKwl7Enc1IUFAAAF) leave
