[06:51:22.124]controlled G328(Wtg0F4zQLoGbcea5AAAB) into
[06:52:28.603]controlled G328(Wtg0F4zQLoGbcea5AAAB) leave
[06:54:13.868]controlled G328(ixug6T6nSwJmqmlPAAAD) into
[07:14:13.960]controlled G2102班电脑(eN4Xa5-DY_QBwu13AAAF) into
[07:38:22.705]controlled G2106班电脑(FkSOfAEloCIqn6PpAAAT) into
[09:15:01.825]controlled G2107班电脑(wz_AylXAA6bNxjeHAAAV) into
[09:30:43.601]controlled G2107班电脑(wz_AylXAA6bNxjeHAAAV) leave
[09:37:22.506]controlled G2107班电脑(qSK0H8JP7yE0_E5wAAAX) into
[12:36:11.30]controlled G328(ixug6T6nSwJmqmlPAAAD) leave
[12:36:11.516]controlled G2102班电脑(eN4Xa5-DY_QBwu13AAAF) leave
[12:36:13.649]controlled G2107班电脑(qSK0H8JP7yE0_E5wAAAX) leave
[12:36:15.574]controlled G2102班电脑(NIzNfEKex0mNrkbcAAAz) into
[12:36:16.842]controlled G328(IZk83qiq6Tq-Ech-AAA1) into
[12:36:22.154]controlled G2107班电脑(-Hf1HAvc8NMDDrT6AAA3) into
[12:44:06.969]controlled G2106班电脑(FkSOfAEloCIqn6PpAAAT) leave
[13:44:16.139]controlled G2106班电脑(EScpfkcx2fszyQt2AAA7) into
[14:07:20.933]controlled G2106班电脑(EScpfkcx2fszyQt2AAA7) leave
[14:07:28.879]controlled G2106班电脑(g9BUo7ccBFsthul5AAA-) into
[14:08:46.321]controlled G2102班电脑(NIzNfEKex0mNrkbcAAAz) leave
[14:09:19.57]controlled G2107班电脑(-Hf1HAvc8NMDDrT6AAA3) leave
[14:09:23.917]controlled G2107班电脑(y99lGQ8iiSvjT_HZAABA) into
[14:09:41.754]controlled G328(IZk83qiq6Tq-Ech-AAA1) leave
[14:09:50.544]controlled G328(CCH3-vpmNqIMN9xHAABC) into
[14:09:54.100]controlled G2106班电脑(g9BUo7ccBFsthul5AAA-) leave
[14:23:25.456]controlled G328(CCH3-vpmNqIMN9xHAABC) leave
[14:23:29.185]controlled G328(5IbNPfeOMTTsNXn5AABE) into
[14:24:16.72]controlled G2107班电脑(y99lGQ8iiSvjT_HZAABA) leave
[14:24:19.741]controlled G2107班电脑(n152t2coFL5oR_1AAABG) into
[14:30:55.236]controlled G2106班电脑(wD4hbdryPI6rhgctAABI) into
[14:40:30.138]controlled G2106班电脑(wD4hbdryPI6rhgctAABI) leave
[15:11:08.696]controlled G328(5IbNPfeOMTTsNXn5AABE) leave
[15:29:01.710]controlled G2107班电脑(n152t2coFL5oR_1AAABG) leave
[16:07:45.27]controlled G2102班电脑(MoUADz0R_QBTJzjqAABQ) into
[16:43:24.631]controlled G2102班电脑(MoUADz0R_QBTJzjqAABQ) leave
[16:43:29.724]controlled G2102班电脑(1S6nCM4drDoRedNwAABT) into
[16:44:14.77]controlled G2102班电脑(1S6nCM4drDoRedNwAABT) leave
[17:15:43.819]controlled G2106班电脑(WshEk9AkzXH0ns6rAABV) into
[17:17:37.843]controlled G328(j4AhFaSKkAoyiyZHAABX) into
[17:18:59.383]controlled G2106班电脑(WshEk9AkzXH0ns6rAABV) leave
[17:19:04.934]controlled G2106班电脑(OR8Hiv2pU4_MBNQWAABZ) into
[17:31:29.196]controlled G2102班电脑(4GTL-Z0vYiNof-AdAABb) into
[17:34:17.379]controlled G2102班电脑(4GTL-Z0vYiNof-AdAABb) leave
[17:40:06.162]controlled G2106班电脑(OR8Hiv2pU4_MBNQWAABZ) leave
[17:40:11.810]controlled G2106班电脑(O_Dw7HkSIEMVTEgTAABd) into
[17:56:08.162]controlled G328(j4AhFaSKkAoyiyZHAABX) leave
[17:57:47.134]controlled G2106班电脑(O_Dw7HkSIEMVTEgTAABd) leave
[17:57:52.682]controlled G2106班电脑(P_z2UkwaiLlUwvVNAABf) into
[18:10:24.53]controlled G2102班电脑(DdJoy144t7K4gAPTAABh) into
[18:16:36.7]controlled G2102班电脑(DdJoy144t7K4gAPTAABh) leave
[18:16:41.182]controlled G2102班电脑(RXaSU6GHCVtxQixIAABj) into
[18:25:35.534]controlled G2106班电脑(P_z2UkwaiLlUwvVNAABf) leave
[18:33:24.113]controlled G2102班电脑(yrj8BAVMAglRSRVoAAAB) into
[18:50:50.516]controlled G2106班电脑(T3OVtRhD9TerQIOlAAAD) into
[19:06:18.357]controlled G2106班电脑(T3OVtRhD9TerQIOlAAAD) leave
[19:06:22.511]controlled G2106班电脑(A_ZKv2VMDQT8IDPnAAAF) into
[19:06:34.479]controlled G2102班电脑(yrj8BAVMAglRSRVoAAAB) leave
[19:06:40.320]controlled G2102班电脑(x8IRFuryea686_9PAAAH) into
[19:11:37.171]controlled G2102班电脑(x8IRFuryea686_9PAAAH) leave
[19:11:39.30]controlled G2102班电脑(2i-BMMp1jLVxMriqAAAJ) into
[19:12:04.98]controlled G2102班电脑(2i-BMMp1jLVxMriqAAAJ) leave
[19:49:13.245]controlled G2106班电脑(A_ZKv2VMDQT8IDPnAAAF) leave
[19:49:18.821]controlled G2106班电脑(fJ8C4GtxByP6wdm4AAAL) into
[20:07:43.402]controlled G2106班电脑(fJ8C4GtxByP6wdm4AAAL) leave
[20:07:48.287]controlled G2106班电脑(6twovDik1raMS27VAAAN) into
[20:23:49.675]controlled G2102班电脑(lGdN__T0_Q1MxPS7AAAP) into
[20:24:58.965]controlled G328(FrYJTsUe_4qYYWulAAAR) into
[20:30:46.481]controlled G328(FrYJTsUe_4qYYWulAAAR) leave
[20:30:51.709]controlled G328(pW-e1p2CmIr5KITlAAAV) into
[20:30:51.860]controlled G2102班电脑(lGdN__T0_Q1MxPS7AAAP) leave
[20:30:51.887]controlled G2106班电脑(6twovDik1raMS27VAAAN) leave
[20:30:56.491]controlled G2102班电脑(esEoS7WTQdpShSF4AAAX) into
[20:30:56.823]controlled G2102班电脑(esEoS7WTQdpShSF4AAAX) leave
[20:30:59.154]controlled G2102班电脑(mcMPgsnSSlelX6uuAAAZ) into
[20:31:03.340]controlled G2106班电脑(5b5f1r2Q2oNQXKMFAAAb) into
[20:34:57.778]controlled G328(pW-e1p2CmIr5KITlAAAV) leave
[20:35:02.564]controlled G328(glrYj19PTLGPgsGDAAAd) into
[20:51:47.457]controlled G328(glrYj19PTLGPgsGDAAAd) leave
[20:51:53.231]controlled G328(C4E_AfiFlN9eYRTnAAAf) into
[20:51:54.421]controlled G2102班电脑(mcMPgsnSSlelX6uuAAAZ) leave
[20:51:59.37]controlled G2102班电脑(ZG9VEZuKb0HiwyMRAAAh) into
[21:03:34.696]controlled G328(C4E_AfiFlN9eYRTnAAAf) leave
[21:03:39.549]controlled G328(wDB2lUs_4khVlLqIAAAj) into
[21:28:35.912]controlled G2102班电脑(ZG9VEZuKb0HiwyMRAAAh) leave
[21:28:41.25]controlled G2102班电脑(fayypgFTILkWx655AAAn) into
[21:28:49.388]controlled G328(wDB2lUs_4khVlLqIAAAj) leave
[21:28:54.920]controlled G328(ipG3bAaSboSKAKNJAAAp) into
[21:31:19.790]controlled G2106班电脑(5b5f1r2Q2oNQXKMFAAAb) leave
[21:31:31.347]controlled G2106班电脑(RfQjOvKmd5Nr4RyhAAAr) into
[21:31:44.797]controlled G328(ipG3bAaSboSKAKNJAAAp) leave
[21:31:56.520]controlled G2102班电脑(fayypgFTILkWx655AAAn) leave
[21:31:56.816]controlled G328(4nGFE60iUDqik51gAAAt) into
[21:32:01.221]controlled G2102班电脑(ykwE7s4eTwHi6gF2AAAv) into
[21:35:09.64]controlled G2102班电脑(ykwE7s4eTwHi6gF2AAAv) leave
[21:42:21.411]controlled G2106班电脑(RfQjOvKmd5Nr4RyhAAAr) leave
[21:42:22.61]controlled G328(4nGFE60iUDqik51gAAAt) leave
[21:42:23.166]controlled G2106班电脑(fPg7A3zFzdXu-yGMAAAx) into
[21:42:26.541]controlled G328(biWAv890ZsuUMVicAAAz) into
[21:49:29.748]controlled G328(biWAv890ZsuUMVicAAAz) leave
[21:49:34.947]controlled G328(AG-GuB5OFScO0oB_AAA1) into
[21:50:16.751]controlled G2106班电脑(fPg7A3zFzdXu-yGMAAAx) leave
[22:06:21.97]controlled G328(AG-GuB5OFScO0oB_AAA1) leave
[22:06:26.14]controlled G328(-DdpoTLaUs8SOYLRAAA3) into
[22:33:16.16]controlled G2102班电脑(ZUWfMS1gM4aGslAsAAA5) into
[22:35:43.867]controlled G2102班电脑(ZUWfMS1gM4aGslAsAAA5) leave
[22:54:23.337]controlled G328(-DdpoTLaUs8SOYLRAAA3) leave
