[08:11:46.497]controlled G2102班电脑(OHvs0o9OT_yJAPipAAAB) into
[12:39:32.422]controlled 自家电脑(XDVIXbcio0PN-hSuAAAH) into
[13:05:35.395]controlled 自家电脑(XDVIXbcio0PN-hSuAAAH) leave
[13:05:40.278]controlled 自家电脑(Xzh617H7MYXOulzuAAAJ) into
[13:17:05.200]controlled 自家电脑(Xzh617H7MYXOulzuAAAJ) leave
[13:18:51.962]controlled 自家电脑(A7ZqwhGY1EhL-LJyAAAM) into
[13:43:12.403]controlled 自家电脑(A7ZqwhGY1EhL-LJyAAAM) leave
[13:43:24.596]controlled 自家电脑(f6kf-XfqCLoLfGovAAAO) into
[14:23:10.648]controlled G2102班电脑(OHvs0o9OT_yJAPipAAAB) leave
[14:23:14.408]controlled G2102班电脑(craGC9mSX85cySZKAAAQ) into
[14:23:26.840]controlled 自家电脑(f6kf-XfqCLoLfGovAAAO) leave
[14:23:31.17]controlled 自家电脑(vjJNO32-LREhOupOAAAS) into
[14:47:05.267]controlled 自家电脑(vjJNO32-LREhOupOAAAS) leave
[14:47:30.512]controlled 自家电脑(BixIrRdPKdYn3v13AAAU) into
[15:36:20.39]controlled 自家电脑(BixIrRdPKdYn3v13AAAU) leave
[17:08:44.857]controlled G2102班电脑(craGC9mSX85cySZKAAAQ) leave
[20:44:21.928]controlled G2102班电脑(7kcb5CURAEjuD17uAAAB) into
[20:44:23.383]controlled G2102班电脑(7kcb5CURAEjuD17uAAAB) leave
[21:55:39.376]controlled G2102班电脑(3VGU70ts9hzmsSwCAAAD) into
[22:00:23.123]controlled G2102班电脑(3VGU70ts9hzmsSwCAAAD) leave
