[10:41:48.485]controlled G2102班电脑(8xX837U7PzqVOZQiAAAF) into
[11:25:27.372]controlled G2102班电脑(gljFRVb88GW4feHnAAAD) into
[12:51:04.514]controlled G2107班电脑(XTq2H5Uw2axMa0ANAAAH) into
[13:40:33.71]controlled 自家电脑(KsKw7c6MwbzjIs5lAAAJ) into
[14:00:41.686]controlled 自家电脑(KsKw7c6MwbzjIs5lAAAJ) leave
[14:00:44.588]controlled 自家电脑(7vUcFcYmWsJP8OkfAAAL) into
[14:03:40.102]controlled G2107班电脑(XTq2H5Uw2axMa0ANAAAH) leave
[14:23:27.628]controlled G2102班电脑(gljFRVb88GW4feHnAAAD) leave
[14:23:30.458]controlled G2102班电脑(MKc3o5VpxbS8jRKPAAAP) into
[14:23:42.318]controlled G2102班电脑(MKc3o5VpxbS8jRKPAAAP) leave
[14:23:46.274]controlled G2102班电脑(yBMpEOt2I5lgS3e_AAAR) into
[14:23:57.580]controlled G2102班电脑(yBMpEOt2I5lgS3e_AAAR) leave
[14:23:59.620]controlled G2102班电脑(DAOXLOrKQrGCa3o3AAAT) into
[14:24:14.208]controlled 自家电脑(7vUcFcYmWsJP8OkfAAAL) leave
[14:24:17.637]controlled 自家电脑(k-EcPLoS9CRMI8imAAAX) into
[14:31:56.587]controlled G2107班电脑(ha9uuJilSOVXLPfnAAAb) into
[15:29:25.210]controlled 自家电脑(k-EcPLoS9CRMI8imAAAX) leave
[16:27:33.976]controlled G2107班电脑(ha9uuJilSOVXLPfnAAAb) leave
[16:38:18.586]controlled G2102班电脑(DAOXLOrKQrGCa3o3AAAT) leave
[16:38:23.666]controlled G2102班电脑(dcaHdszbdToXDN_cAAAh) into
[17:42:18.690]controlled G2102班电脑(dcaHdszbdToXDN_cAAAh) leave
[17:42:23.388]controlled G2102班电脑(80sfxu2LHcPdLLavAAAt) into
[18:00:48.593]controlled G2102班电脑(80sfxu2LHcPdLLavAAAt) leave
[18:00:54.67]controlled G2102班电脑(0vGIxVHVOZ0lnk81AAAx) into
[19:16:02.926]controlled G2102班电脑(5lGC3EAoBOkMCis5AAAB) into
[20:29:48.971]controlled G2102班电脑(5lGC3EAoBOkMCis5AAAB) leave
[20:29:52.633]controlled G2102班电脑(QxlMIK9tqUwlZ2ZKAAAF) into
[20:43:32.806]controlled G2102班电脑(QxlMIK9tqUwlZ2ZKAAAF) leave
