[02:19:20.304]controlled G2107班电脑(Q-NF9fqXq8T-5gbnAAAB) leave
[02:19:22.36]controlled G2107班电脑(38LbfNUe20Q0OpJ9AAAF) into
[07:31:32.133]controlled G2107班电脑(k-Qn7Ej6FwZ-Yvj-AAAC) into
[14:23:11.82]controlled G2107班电脑(k-Qn7Ej6FwZ-Yvj-AAAC) leave
[14:23:15.789]controlled G2107班电脑(IngH8MKx3NV_9mrJAAAI) into
[17:43:57.91]controlled G2107班电脑(IngH8MKx3NV_9mrJAAAI) leave
[17:44:01.822]controlled G2107班电脑(AniW2EcgDy9jJOIrAAAS) into
[17:47:16.384]controlled 自家电脑(O0PgBwMIDBFKclVjAAAU) into
[18:05:01.292]controlled G2107班电脑(AniW2EcgDy9jJOIrAAAS) leave
[18:05:10.241]controlled G2107班电脑(yox65Ne0g9rTxSGfAAAW) into
[19:31:58.503]controlled G2107班电脑(nz55o2otLoe0RccUAAAE) into
[19:31:58.512]controlled 自家电脑(Z0qz1A8q2vpoqBYHAAAF) into
[19:42:52.149]controlled G2107班电脑(nz55o2otLoe0RccUAAAE) leave
[19:42:58.254]controlled G2107班电脑(k38lIOpLypLk-t5_AAAH) into
[19:57:16.956]controlled G2107班电脑(k38lIOpLypLk-t5_AAAH) leave
[19:57:22.710]controlled G2107班电脑(Zcx3xoe6_mfOrKvMAAAL) into
[20:07:27.361]controlled G2107班电脑(Zcx3xoe6_mfOrKvMAAAL) leave
[20:07:54.866]controlled G2107班电脑(oqro7dOxBZs95N5HAAAN) into
[20:24:41.206]controlled 自家电脑(Z0qz1A8q2vpoqBYHAAAF) leave
[20:32:16.466]controlled G2107班电脑(oqro7dOxBZs95N5HAAAN) leave
[20:32:21.574]controlled G2107班电脑(NCGu3Tq8rNAzax9qAAAP) into
[20:34:46.376]controlled 自家电脑(rZOieuIovh_oV3y-AAAR) into
[21:00:58.818]controlled G2107班电脑(NCGu3Tq8rNAzax9qAAAP) leave
[21:01:03.625]controlled G2107班电脑(aGaPspYLwBXrpGPUAAAT) into
[21:55:06.470]controlled 自家电脑(rZOieuIovh_oV3y-AAAR) leave
[22:53:08.770]controlled G2107班电脑(aGaPspYLwBXrpGPUAAAT) leave
