[03:00:32.539]controlled G2107班电脑(DRVZUCh57xi8jqMbAAAC) leave
[03:00:34.920]controlled G2107班电脑(xGgYqPXuXkKyW6KSAAAb) into
[03:27:53.366]controlled G2107班电脑(xGgYqPXuXkKyW6KSAAAb) leave
[03:27:57.927]controlled G2107班电脑(d20XxiGTa6dKs1ruAAAd) into
[03:43:01.893]controlled G2107班电脑(d20XxiGTa6dKs1ruAAAd) leave
[03:44:18.243]controlled G2107班电脑(uehC4PEBxswAulf5AAAh) into
[04:12:47.616]controlled G2107班电脑(uehC4PEBxswAulf5AAAh) leave
[04:12:53.0]controlled G2107班电脑(lmNzfp74meM-hJ51AAAj) into
[04:27:56.250]controlled G2107班电脑(lmNzfp74meM-hJ51AAAj) leave
[04:28:03.155]controlled G2107班电脑(JXH_IxmCdgfi8_Q8AAAl) into
[04:43:09.501]controlled G2107班电脑(JXH_IxmCdgfi8_Q8AAAl) leave
[04:43:14.4]controlled G2107班电脑(jynMYc_41fml4K_2AAAn) into
[05:13:09.108]controlled G2107班电脑(jynMYc_41fml4K_2AAAn) leave
[05:13:14.158]controlled G2107班电脑(HZ4E0vXJ6p-Qfq7uAAAp) into
[06:07:22.670]controlled G2107班电脑(HZ4E0vXJ6p-Qfq7uAAAp) leave
[06:07:28.819]controlled G2107班电脑(cwc3G09fO11giSg6AAAr) into
[06:12:50.971]controlled G2107班电脑(cwc3G09fO11giSg6AAAr) leave
[06:12:59.369]controlled G2107班电脑(e92jNGnsPeDl6XS_AAAt) into
[06:28:03.214]controlled G2107班电脑(e92jNGnsPeDl6XS_AAAt) leave
[06:28:07.592]controlled G2107班电脑(nQqU5qbmCEvpV0G5AAAv) into
[07:05:59.666]controlled G2107班电脑(nQqU5qbmCEvpV0G5AAAv) leave
[07:24:59.818]controlled G2102班电脑(IvaMQ7wdXwfNymSKAAAx) into
[07:52:22.228]controlled G2102班电脑(IvaMQ7wdXwfNymSKAAAx) leave
[11:38:58.38]controlled G2102班电脑(jIBt14vxOfpFEmF_AAAU) into
[14:24:12.917]controlled G2102班电脑(jIBt14vxOfpFEmF_AAAU) leave
[14:24:15.903]controlled G2102班电脑(dSoJ-QMnjr1eVKogAAAw) into
[19:56:40.39]controlled G2102班电脑(C_ku_1S9gCiHLBfTAAAC) into
[22:38:32.630]controlled G2102班电脑(C_ku_1S9gCiHLBfTAAAC) leave
