[07:59:44.848]controlled G2106班电脑(g979t2vxO6WvpLfRAAAB) into
[08:07:13.516]controlled G2106班电脑(g979t2vxO6WvpLfRAAAB) leave
[08:07:20.567]controlled G2106班电脑(3Mszhlm-WHFyanxoAAAD) into
[10:34:15.956]controlled G2106班电脑(3Mszhlm-WHFyanxoAAAD) leave
[10:34:21.624]controlled G2106班电脑(Ov22lZouIG8405z9AAAG) into
[12:11:47.833]controlled G328(Ud1QmqtLy46ES-4WAAAI) into
[13:17:44.397]controlled G328(Ud1QmqtLy46ES-4WAAAI) leave
[14:24:01.351]controlled G2106班电脑(Ov22lZouIG8405z9AAAG) leave
[14:24:08.348]controlled G2106班电脑(3NByHmQvSG9MMKXiAAAV) into
[14:39:51.962]controlled G2107班电脑(033B-zM8TQtka56tAAAX) into
[16:08:42.428]controlled G328(hU0SXOZfP8sNMdukAAAb) into
[16:24:03.561]controlled G2102班电脑(SNKbUzyW2BlrZBPBAAAf) into
[17:49:31.677]controlled G2107班电脑(033B-zM8TQtka56tAAAX) leave
[17:53:03.536]controlled G2107班电脑(nAQyGfv6Ix6SrSg1AAAh) into
[17:53:16.575]controlled G2107班电脑(nAQyGfv6Ix6SrSg1AAAh) leave
[17:56:05.431]controlled G2107班电脑(c62yBhCMFKHnoE81AAAj) into
[20:00:48.312]controlled G2106班电脑(vpNHooTycctSOT8FAAAE) into
[20:00:48.379]controlled G2102班电脑(tgwfFVcyyj6xeQ_mAAAF) into
[20:00:48.381]controlled G2107班电脑(-G4wtb3tQTdpqGY2AAAG) into
[20:00:48.503]controlled G328(zzf4eGh4ZSiV7QfFAAAH) into
[22:30:31.367]controlled G2106班电脑(vpNHooTycctSOT8FAAAE) leave
[22:33:21.79]controlled G2107班电脑(-G4wtb3tQTdpqGY2AAAG) leave
[22:57:19.609]controlled G2102班电脑(tgwfFVcyyj6xeQ_mAAAF) leave
[23:48:01.10]controlled G328(zzf4eGh4ZSiV7QfFAAAH) leave
[23:48:05.532]controlled G328(JWm1CaXsWDQ9_BonAAAL) into
