[13:45:32.758]controlled G2107班电脑(Gn8v9s6ylsrWkXhcAAAd) leave
[14:22:55.498]controlled G2102班电脑(31_d_pdzKid3EGd7AAAj) leave
[14:22:59.809]controlled G2102班电脑(E2jLOGjF__sMTnRVAAAp) into
[14:23:09.790]controlled G2102班电脑(E2jLOGjF__sMTnRVAAAp) leave
[14:23:12.325]controlled 自家电脑(rPJPP9QnduzLxCcpAAAn) leave
[14:23:12.855]controlled G2102班电脑(80d7o_e_F0IOc5niAAAr) into
[14:23:15.223]controlled 自家电脑(ryDMoTIU34GI_urEAAAt) into
[14:24:00.321]controlled 自家电脑(ryDMoTIU34GI_urEAAAt) leave
[14:24:03.119]controlled 自家电脑(1o_YvCxgE5rpfz8JAAAv) into
[14:37:02.907]controlled G2102班电脑(80d7o_e_F0IOc5niAAAr) leave
[14:37:08.71]controlled G2102班电脑(Sg7rscbWMq9Tsy28AAAx) into
[14:52:10.547]controlled G2102班电脑(Sg7rscbWMq9Tsy28AAAx) leave
[14:52:15.546]controlled G2102班电脑(U_wjacbDTmksOjE3AAAz) into
[15:16:25.972]controlled 自家电脑(1o_YvCxgE5rpfz8JAAAv) leave
[15:22:05.297]controlled G2102班电脑(U_wjacbDTmksOjE3AAAz) leave
[15:22:10.285]controlled G2102班电脑(iSc4ER0xQ5XLC3qAAAA3) into
[15:37:13.735]controlled G2102班电脑(iSc4ER0xQ5XLC3qAAAA3) leave
[15:37:16.662]controlled G2102班电脑(h9Cgs138zw0bZXUqAAA5) into
[20:01:07.505]controlled G2102班电脑(EfBfhD9Ko1F8jevrAAAB) into
[20:07:19.584]controlled G2102班电脑(EfBfhD9Ko1F8jevrAAAB) leave
[20:07:24.171]controlled G2102班电脑(nhUo4Fek3YF_G3QdAAAD) into
[20:13:58.694]controlled G2102班电脑(6JHjHSNqMEguCOxuAAAB) into
[20:22:17.327]controlled G2102班电脑(6JHjHSNqMEguCOxuAAAB) leave
[20:22:22.115]controlled G2102班电脑(L2zhsSb0dzWYXQj6AAAD) into
[20:36:39.358]controlled G2102班电脑(L2zhsSb0dzWYXQj6AAAD) leave
[20:36:41.77]controlled G2102班电脑(hEZGwIskXU5Ckwj_AAAF) into
[20:52:08.339]controlled G2102班电脑(hEZGwIskXU5Ckwj_AAAF) leave
[20:52:12.984]controlled G2102班电脑(lAKHiW4Y7NSSsCZXAAAH) into
[21:07:15.867]controlled G2102班电脑(lAKHiW4Y7NSSsCZXAAAH) leave
[21:07:21.5]controlled G2102班电脑(93TEa12Dnw_BRlTKAAAK) into
[21:22:27.776]controlled G2102班电脑(93TEa12Dnw_BRlTKAAAK) leave
[21:22:32.18]controlled G2102班电脑(IhKk2lF800SHVz55AAAM) into
[21:37:34.695]controlled G2102班电脑(IhKk2lF800SHVz55AAAM) leave
[21:37:37.985]controlled G2102班电脑(jVryMl3w0aB3sZFcAAAO) into
[21:52:15.622]controlled G2102班电脑(jVryMl3w0aB3sZFcAAAO) leave
[21:52:21.383]controlled G2102班电脑(681BdOWFxAJgZ9A_AAAQ) into
[22:02:45.438]controlled G2102班电脑(681BdOWFxAJgZ9A_AAAQ) leave
