[00:23:01.172]controlled 邹虹(kTBjl7r6QRHfMp-_AAAD) into
[06:11:45.406]controlled 邹虹(kTBjl7r6QRHfMp-_AAAD) leave
[07:27:48.611]controlled G2102班电脑(-uMwQojbuG_5ctNyAAAB) into
[08:54:00.757]controlled G2102班电脑(-uMwQojbuG_5ctNyAAAB) leave
[08:54:48.156]controlled G2102班电脑(vlM4-Klgowhgct3sAAAE) into
[09:23:01.411]controlled G2102班电脑(vlM4-Klgowhgct3sAAAE) leave
[09:23:29.459]controlled G2102班电脑(R06EW4DrJPTu2ob5AAAH) into
[11:24:21.119]controlled G2102班电脑(R06EW4DrJPTu2ob5AAAH) leave
[11:24:23.637]controlled G2102班电脑(JOLcVrjyIW1dbi2yAAAJ) into
[12:53:03.795]controlled G2102班电脑(JOLcVrjyIW1dbi2yAAAJ) leave
[12:54:10.549]controlled G2102班电脑(ZVtK1hObB69mjGjEAAAP) into
[12:54:22.687]controlled G2106班电脑(QTg6ySCpszEBEKmyAAAR) into
[13:23:12.458]controlled G2106班电脑(QTg6ySCpszEBEKmyAAAR) leave
[13:24:26.186]controlled G2106班电脑(3zAmpPpZPfs2avx4AAAV) into
[14:21:18.156]controlled G2102班电脑(ZVtK1hObB69mjGjEAAAP) leave
[14:21:30.791]controlled G2106班电脑(3zAmpPpZPfs2avx4AAAV) leave
[14:21:50.37]controlled G2102班电脑(xYuYvrexpEQa-vIYAAAY) into
[14:22:37.429]controlled G2106班电脑(DJYfIvBjgxnvSl3cAAAc) into
[14:23:10.396]controlled G2106班电脑(DJYfIvBjgxnvSl3cAAAc) leave
[14:23:12.954]controlled G2106班电脑(GR685C7YZEQc-D1JAAAe) into
[14:23:55.883]controlled G2106班电脑(GR685C7YZEQc-D1JAAAe) leave
[14:23:59.255]controlled G2106班电脑(Q3MoChZnlb3IQrrYAAAg) into
[14:24:10.760]controlled G2102班电脑(xYuYvrexpEQa-vIYAAAY) leave
[14:24:13.25]controlled G2102班电脑(y_ywGWDDzzYkPgoRAAAi) into
[15:09:19.503]controlled G2106班电脑(Q3MoChZnlb3IQrrYAAAg) leave
[15:09:20.866]controlled G2102班电脑(y_ywGWDDzzYkPgoRAAAi) leave
[15:13:36.180]controlled G2106班电脑(FRTiN3P-OQD1V2B8AAAm) into
[15:17:52.835]controlled G2102班电脑(sERp0FnifUhavOBhAAAq) into
[15:23:20.622]controlled G2106班电脑(FRTiN3P-OQD1V2B8AAAm) leave
[15:23:31.722]controlled G2106班电脑(i7XnrWxlq9omindZAAAs) into
[15:25:00.910]controlled G2102班电脑(sERp0FnifUhavOBhAAAq) leave
[15:25:49.892]controlled G2102班电脑(_Zwn7-UWM-lTaoxiAAAv) into
[15:27:50.12]controlled G2102班电脑(_Zwn7-UWM-lTaoxiAAAv) leave
[15:29:48.143]controlled G2106班电脑(i7XnrWxlq9omindZAAAs) leave
[15:30:14.288]controlled G2106班电脑(7bgq0YIn45pFedrAAAAy) into
[15:53:20.760]controlled 邹虹(UbRGclMqjeFWQDriAAA1) into
[15:54:30.111]controlled 邹虹(UbRGclMqjeFWQDriAAA1) leave
[16:00:00.458]controlled 邹虹(eW9D176CZqrAkKtNAAA5) into
[16:01:11.84]controlled 邹虹(eW9D176CZqrAkKtNAAA5) leave
[16:06:48.470]controlled 邹虹(fejlQsaflI0XOF95AAA9) into
[16:43:47.645]controlled G2102班电脑(eG-gM7iRs9tLSjO-AAA_) into
[16:44:40.719]controlled G2102班电脑(eG-gM7iRs9tLSjO-AAA_) leave
[16:56:04.398]controlled 邹虹(fejlQsaflI0XOF95AAA9) leave
[16:56:49.265]controlled 邹虹(WTseUk-VoG5VOPUZAABC) into
[17:00:08.875]controlled G2106班电脑(7bgq0YIn45pFedrAAAAy) leave
[17:38:28.278]controlled G2106班电脑(DrB3bfG1ntOhbm67AABE) into
[17:46:03.48]controlled G2106班电脑(DrB3bfG1ntOhbm67AABE) leave
[17:46:10.428]controlled G2106班电脑(fn9_fd_dAJIBPWOWAABG) into
[17:49:51.821]controlled G2106班电脑(fn9_fd_dAJIBPWOWAABG) leave
[17:50:17.722]controlled G2106班电脑(j5l4W0qdTr-JqvEfAABJ) into
[18:15:01.833]controlled G2106班电脑(j5l4W0qdTr-JqvEfAABJ) leave
[18:15:04.394]controlled G2106班电脑(ft8EVpIx7r8kvY5dAABL) into
[18:21:05.969]controlled G2102班电脑(pfl9lnkb-G-OcWdqAABP) into
[18:44:54.723]controlled G2106班电脑(ft8EVpIx7r8kvY5dAABL) leave
[18:45:00.673]controlled G2102班电脑(pfl9lnkb-G-OcWdqAABP) leave
[18:45:28.531]controlled G2102班电脑(sTkDioqCjUuP5pXjAABS) into
[18:45:46.574]controlled G2106班电脑(8ZMqtJ9ns_CcO1MRAABW) into
[19:06:57.910]controlled 邹虹(WTseUk-VoG5VOPUZAABC) leave
[19:15:24.227]controlled G2106班电脑(8ZMqtJ9ns_CcO1MRAABW) leave
[19:15:49.579]controlled G2102班电脑(sTkDioqCjUuP5pXjAABS) leave
[19:15:49.812]controlled G2106班电脑(bClNk5uLxktX66OFAABb) into
[19:16:36.657]controlled G2102班电脑(LItHuteDnlF7FPTKAABe) into
[19:18:51.446]controlled G2106班电脑(1eviteXAu6TvtgzCAAAE) into
[19:18:51.502]controlled G2102班电脑(ZC9Fgs-oDSgJECilAAAF) into
[19:44:52.487]controlled G2106班电脑(1eviteXAu6TvtgzCAAAE) leave
[19:45:43.70]controlled G2102班电脑(ZC9Fgs-oDSgJECilAAAF) leave
[19:45:58.856]controlled G2106班电脑(e6N9GPV-vW94IDxWAAAJ) into
[19:46:10.721]controlled G2102班电脑(-98D-A_y3jZmTyEqAAAM) into
[19:55:26.2]controlled G2102班电脑(-98D-A_y3jZmTyEqAAAM) leave
[19:56:13.456]controlled G2102班电脑(wRisYRPgs2Q6PJ7oAAAP) into
[19:58:13.321]controlled G2102班电脑(wRisYRPgs2Q6PJ7oAAAP) leave
[19:58:19.766]controlled G2102班电脑(TpY_VcXmfQJqrK7fAAAR) into
[20:14:04.895]controlled G2106班电脑(e6N9GPV-vW94IDxWAAAJ) leave
[20:14:32.316]controlled G2106班电脑(Opa4E2eTxlW4NkUMAAAT) into
[20:15:43.615]controlled G2102班电脑(TpY_VcXmfQJqrK7fAAAR) leave
[20:16:28.631]controlled G2102班电脑(0zl04ay6eYMYDZIgAAAW) into
[20:18:38.297]controlled G2106班电脑(Opa4E2eTxlW4NkUMAAAT) leave
[20:19:44.659]controlled G2106班电脑(2i_-pAOlssIzvCJuAAAa) into
[20:21:00.335]controlled G2102班电脑(0zl04ay6eYMYDZIgAAAW) leave
[20:21:07.363]controlled G2102班电脑(YotD4N1OTTHLPAWVAAAc) into
[20:45:46.960]controlled G2106班电脑(2i_-pAOlssIzvCJuAAAa) leave
[20:45:52.533]controlled G2102班电脑(YotD4N1OTTHLPAWVAAAc) leave
[20:46:17.259]controlled G2102班电脑(ADtDo9N5Q8alDIhcAAAf) into
[20:46:57.766]controlled G2106班电脑(QWyGLwgynxT0HvCPAAAj) into
[21:15:09.878]controlled G2106班电脑(QWyGLwgynxT0HvCPAAAj) leave
[21:15:13.261]controlled G2106班电脑(ilgSfyJVBBwgwT2CAAAl) into
[21:15:14.816]controlled G2102班电脑(ADtDo9N5Q8alDIhcAAAf) leave
[21:16:00.757]controlled G2102班电脑(pvhbL16AF4xm08jqAAAo) into
[21:45:27.715]controlled G2106班电脑(ilgSfyJVBBwgwT2CAAAl) leave
[21:46:12.527]controlled G2106班电脑(bxt2XTfNREL_4Y6CAAAr) into
[21:47:58.870]controlled G2102班电脑(pvhbL16AF4xm08jqAAAo) leave
[21:49:06.875]controlled G2102班电脑(2YOyDdfczbs711jaAAAv) into
[21:50:35.907]controlled G328(98liDbaYjkpUP2cuAAAx) into
[21:59:01.836]controlled G328(98liDbaYjkpUP2cuAAAx) leave
[22:03:05.771]controlled G328(pv8BpFHeN4JQVTKrAAAz) into
[22:15:25.66]controlled G2106班电脑(bxt2XTfNREL_4Y6CAAAr) leave
[22:15:25.173]controlled G328(pv8BpFHeN4JQVTKrAAAz) leave
[22:15:25.174]controlled G2102班电脑(2YOyDdfczbs711jaAAAv) leave
[22:15:33.376]controlled G328(Oc6yLCtIJyBw9yPXAAA1) into
[22:15:35.558]controlled G2102班电脑(fZRWuO9gvR2wZooBAAA3) into
[22:15:51.58]controlled G2106班电脑(G3sy510lTqksK4xTAAA6) into
[22:16:15.521]controlled G2102班电脑(fZRWuO9gvR2wZooBAAA3) leave
[22:16:19.282]controlled G2102班电脑(zFQuhyk45V9RpXIcAAA8) into
[22:19:10.775]controlled G2102班电脑(zFQuhyk45V9RpXIcAAA8) leave
[22:19:17.871]controlled G2102班电脑(2h7iFAg2G2O08HR4AAA-) into
[22:43:42.527]controlled G2102班电脑(2h7iFAg2G2O08HR4AAA-) leave
[22:45:45.34]controlled G328(Oc6yLCtIJyBw9yPXAAA1) leave
[22:45:45.40]controlled G2106班电脑(G3sy510lTqksK4xTAAA6) leave
[22:46:02.723]controlled G328(oV8zSS-2y3i4PIwpAABA) into
[22:46:09.870]controlled G2106班电脑(8NG6dFSYKiq2x7TyAABD) into
[22:48:35.735]controlled G2106班电脑(8NG6dFSYKiq2x7TyAABD) leave
[22:56:12.679]controlled G328(oV8zSS-2y3i4PIwpAABA) leave
