[07:40:59.622]controlled G2107班电脑(qsJSTnosRnJIHUD2AAAB) into
[08:08:14.277]controlled G2107班电脑(qsJSTnosRnJIHUD2AAAB) leave
[08:08:19.350]controlled G2107班电脑(A64bbnAEBYoqgqc6AAAD) into
[09:56:52.852]controlled G2107班电脑(A64bbnAEBYoqgqc6AAAD) leave
[10:05:53.511]controlled G2107班电脑(jEniCgRCfboRbKDMAAAH) into
[11:23:35.519]controlled G2107班电脑(jEniCgRCfboRbKDMAAAH) leave
[11:23:41.138]controlled G2107班电脑(uFklTD11uAMiFmsSAAAO) into
[11:39:29.976]controlled G2107班电脑(uFklTD11uAMiFmsSAAAO) leave
[12:11:11.169]controlled G2107班电脑(cOTJF6TkNIoJyY_lAAAW) into
[12:20:57.185]controlled G2102班电脑(VqYQldvW4T1xaw0LAAAY) into
[12:35:51.388]controlled G2107班电脑(cOTJF6TkNIoJyY_lAAAW) leave
[13:30:09.515]controlled 自家电脑(5Mot9CnAZanj4kQ5AAAa) into
[14:24:14.683]controlled G2102班电脑(VqYQldvW4T1xaw0LAAAY) leave
[14:24:15.979]controlled 自家电脑(5Mot9CnAZanj4kQ5AAAa) leave
[14:24:19.19]controlled G2102班电脑(VOPukQoxZxmWq2MBAAAd) into
[14:24:20.235]controlled 自家电脑(qa1aw5M9t6W7uH8dAAAe) into
[15:51:06.454]controlled G2107班电脑(OkwxyPquB68LWzjfAAAg) into
[17:16:11.800]controlled 自家电脑(qa1aw5M9t6W7uH8dAAAe) leave
[17:25:34.861]controlled G2107班电脑(OkwxyPquB68LWzjfAAAg) leave
[17:30:28.364]controlled G2107班电脑(bYcL9LrD-BytemoYAAAn) into
[17:47:12.585]controlled G2107班电脑(bYcL9LrD-BytemoYAAAn) leave
[18:24:09.238]controlled G2102班电脑(HOrwUp16FwkVOE2UAAAC) into
[18:29:39.59]controlled G2107班电脑(Z9oL2YBpj_Yo0rJhAAAF) into
[21:51:48.625]controlled G2107班电脑(AhGTGQcqbq5SG22sAAAB) into
[21:51:48.858]controlled G2102班电脑(gWtDxWcDw3_XJrdlAAAD) into
[21:51:58.470]controlled G2107班电脑(AhGTGQcqbq5SG22sAAAB) leave
[22:10:26.99]controlled G2102班电脑(gWtDxWcDw3_XJrdlAAAD) leave
