[07:41:44.112]controlled G2107班电脑(oUN5P-BD3ccHLoNhAAAD) into
[07:56:47.519]controlled G2107班电脑(oUN5P-BD3ccHLoNhAAAD) leave
[07:56:52.647]controlled G2107班电脑(PtflOnkaM6XPKnwfAAAF) into
[08:11:30.263]controlled G2107班电脑(PtflOnkaM6XPKnwfAAAF) leave
[08:11:37.719]controlled G2107班电脑(T-BLM4_ZUfaIgP7xAAAJ) into
[08:26:40.966]controlled G2107班电脑(T-BLM4_ZUfaIgP7xAAAJ) leave
[08:26:44.598]controlled G2107班电脑(lVXLlaGH76md8RlyAAAL) into
[08:41:48.801]controlled G2107班电脑(lVXLlaGH76md8RlyAAAL) leave
[08:41:55.639]controlled G2107班电脑(ea2rX-tCCEqwplrbAAAN) into
[08:56:33.109]controlled G2107班电脑(ea2rX-tCCEqwplrbAAAN) leave
[08:56:37.710]controlled G2107班电脑(eTdWT9XmLPKrDE5ZAAAP) into
[11:48:05.9]controlled G2107班电脑(eTdWT9XmLPKrDE5ZAAAP) leave
[13:46:21.407]controlled G2107班电脑(4CDTURmfW-K_9GJeAAAr) into
[14:11:34.24]controlled G2107班电脑(4CDTURmfW-K_9GJeAAAr) leave
[14:11:38.979]controlled G2107班电脑(Q5dAIHehe19EVFM2AAAv) into
[14:24:29.799]controlled G2107班电脑(Q5dAIHehe19EVFM2AAAv) leave
[14:24:34.181]controlled G2107班电脑(BOWWOwA1CA4zOetOAAAx) into
[14:41:43.745]controlled G2107班电脑(BOWWOwA1CA4zOetOAAAx) leave
[14:41:56.452]controlled G2107班电脑(YKYqD5bE-eyKGFKqAAAz) into
[14:56:34.74]controlled G2107班电脑(YKYqD5bE-eyKGFKqAAAz) leave
[14:56:36.98]controlled G2107班电脑(Nj5gDN9-cUAeqX1rAAA2) into
[15:12:05.37]controlled G2107班电脑(Nj5gDN9-cUAeqX1rAAA2) leave
[15:12:11.348]controlled G2107班电脑(0htmjQajR7AaKN6YAAA4) into
[15:41:32.961]controlled G2107班电脑(0htmjQajR7AaKN6YAAA4) leave
[15:41:35.99]controlled G2107班电脑(eRYmLnXfO01_SZWZAAA6) into
[15:56:38.500]controlled G2107班电脑(eRYmLnXfO01_SZWZAAA6) leave
[15:56:43.677]controlled G2107班电脑(h1HbdvF89HLzZCVFAAA8) into
[16:11:48.941]controlled G2107班电脑(h1HbdvF89HLzZCVFAAA8) leave
[16:11:55.253]controlled G2107班电脑(qdSd7o2qJqVyU3X1AAA_) into
[17:06:45.584]controlled G2107班电脑(qdSd7o2qJqVyU3X1AAA_) leave
[17:49:11.75]controlled G2107班电脑(o-UoMTYoMZxgnikYAABG) into
[17:56:40.43]controlled G2107班电脑(o-UoMTYoMZxgnikYAABG) leave
[17:56:45.22]controlled G2107班电脑(aE_B6L2ZgpYg2KKfAABI) into
[18:07:35.696]controlled G2107班电脑(1ADbzK2A_KFwHcllAAAB) into
[18:12:07.440]controlled G2107班电脑(1ADbzK2A_KFwHcllAAAB) leave
[18:12:15.752]controlled G2107班电脑(FDpQiOIqISkfP0d-AAAD) into
[18:26:53.813]controlled G2107班电脑(FDpQiOIqISkfP0d-AAAD) leave
[18:26:59.580]controlled G2107班电脑(b87uQiAY0-GyKszIAAAF) into
[18:56:45.109]controlled G2107班电脑(b87uQiAY0-GyKszIAAAF) leave
[18:56:46.864]controlled G2107班电脑(DygCQU_ICBewXVOjAAAI) into
[19:11:49.816]controlled G2107班电脑(DygCQU_ICBewXVOjAAAI) leave
[19:11:52.88]controlled G2107班电脑(0j7pvfWvEFmWnPkaAAAN) into
[19:26:55.299]controlled G2107班电脑(0j7pvfWvEFmWnPkaAAAN) leave
[19:27:00.200]controlled G2107班电脑(cC3tCdEysZyYPTuaAAAP) into
[19:56:48.783]controlled G2107班电脑(cC3tCdEysZyYPTuaAAAP) leave
[19:56:51.40]controlled G2107班电脑(NPdtAMvQE1fX28xEAAAR) into
[20:11:54.883]controlled G2107班电脑(NPdtAMvQE1fX28xEAAAR) leave
[20:12:00.235]controlled G2107班电脑(7M7K3Ik0wT1A0k2sAAAT) into
[21:31:35.104]controlled G2107班电脑(7M7K3Ik0wT1A0k2sAAAT) leave
[21:31:37.383]controlled G2107班电脑(IwH8G-t-kWO4_BWqAAAV) into
[21:41:38.259]controlled G2107班电脑(IwH8G-t-kWO4_BWqAAAV) leave
[21:41:44.826]controlled G2107班电脑(u0f56FSNXCtZhSvnAAAZ) into
[21:56:22.94]controlled G2107班电脑(u0f56FSNXCtZhSvnAAAZ) leave
[21:56:27.380]controlled G2107班电脑(e1u84AabFzMWUBdvAAAd) into
[22:11:58.438]controlled G2107班电脑(e1u84AabFzMWUBdvAAAd) leave
[22:12:02.393]controlled G2107班电脑(4rYYDh8R-jPaJIdjAAAf) into
[22:26:47.291]controlled G2107班电脑(4rYYDh8R-jPaJIdjAAAf) leave
[22:27:04.509]controlled G2107班电脑(8zPWPZcd_x2dU3rTAAAh) into
[22:39:33.407]controlled G2107班电脑(8zPWPZcd_x2dU3rTAAAh) leave
