[07:54:14.907]controlled G2107班电脑(t-x3p3EzkD3sSsrzAAAB) into
[08:50:22.153]controlled G2107班电脑(t-x3p3EzkD3sSsrzAAAB) leave
[08:50:36.435]controlled G2107班电脑(cFGOebobChoYwUwwAAAL) into
[09:09:00.865]controlled G2107班电脑(cFGOebobChoYwUwwAAAL) leave
[09:09:10.302]controlled G2107班电脑(ZJelNIZ3l39HGIr_AAAN) into
[09:23:48.510]controlled G2107班电脑(ZJelNIZ3l39HGIr_AAAN) leave
[09:23:50.276]controlled G2107班电脑(Ee1gjp2Nx53Co5tRAAAP) into
[09:31:50.395]controlled G2107班电脑(Ee1gjp2Nx53Co5tRAAAP) leave
[09:31:52.554]controlled G2107班电脑(4CKcPqWktYdwEwZSAAAR) into
[09:41:27.256]controlled G2107班电脑(4CKcPqWktYdwEwZSAAAR) leave
[09:41:38.0]controlled G2107班电脑(9XM6VAi-zxaJkJhTAAAX) into
[09:41:38.312]controlled G2107班电脑(9XM6VAi-zxaJkJhTAAAX) leave
[09:41:41.633]controlled G2107班电脑(GXpDZZ1Th6CldWLDAAAZ) into
[09:56:20.186]controlled G2107班电脑(GXpDZZ1Th6CldWLDAAAZ) leave
[09:56:31.482]controlled G2107班电脑(mk6FwTJeD4IE-2JRAAAg) into
[10:02:26.218]controlled G2107班电脑(mk6FwTJeD4IE-2JRAAAg) leave
[10:02:28.637]controlled G2107班电脑(haE6MHHQDx0Fm1uRAAAi) into
[10:07:00.173]controlled G2107班电脑(haE6MHHQDx0Fm1uRAAAi) leave
[10:07:07.886]controlled G2107班电脑(XuuZA0sJZ2C4KTXwAAAm) into
[10:11:13.697]controlled G2107班电脑(XuuZA0sJZ2C4KTXwAAAm) leave
[10:11:20.62]controlled G2107班电脑(Cpm_96b5MaV6dYn3AAAo) into
[10:26:24.605]controlled G2107班电脑(Cpm_96b5MaV6dYn3AAAo) leave
[10:26:31.379]controlled G2107班电脑(_Odj_8BC_Uh3tWS7AAAr) into
[10:40:50.531]controlled G2107班电脑(_Odj_8BC_Uh3tWS7AAAr) leave
[10:40:54.165]controlled G2107班电脑(v9TsBE4TjTj331tvAAAx) into
[10:56:23.846]controlled G2107班电脑(v9TsBE4TjTj331tvAAAx) leave
[10:56:37.747]controlled G2107班电脑(jGkv-FcgW7EgekXoAAA2) into
[14:24:29.266]controlled G2107班电脑(jGkv-FcgW7EgekXoAAA2) leave
[14:24:33.29]controlled G2107班电脑(KEMAU2FjJjtdtUH5AABE) into
[14:41:19.897]controlled G2107班电脑(KEMAU2FjJjtdtUH5AABE) leave
[14:41:40.893]controlled G2107班电脑(3vBs151JTSEWzNlzAABG) into
[14:49:53.503]controlled G2107班电脑(3vBs151JTSEWzNlzAABG) leave
[14:50:02.394]controlled G2107班电脑(zsrspZcfztRzlpvnAABK) into
[14:56:18.389]controlled G2107班电脑(zsrspZcfztRzlpvnAABK) leave
[14:56:21.122]controlled G2107班电脑(76V62fFyf4irjVbfAABM) into
[15:11:25.412]controlled G2107班电脑(76V62fFyf4irjVbfAABM) leave
[15:11:52.734]controlled G2107班电脑(I4c1WUD6CnyLzxZLAABP) into
[15:26:32.866]controlled G2107班电脑(I4c1WUD6CnyLzxZLAABP) leave
[15:26:38.861]controlled G2107班电脑(TcQfU8jNFU2pWHTJAABR) into
[15:40:58.905]controlled G2107班电脑(32AwZC_1uhuhUdaAAABT) into
[15:41:18.263]controlled G2107班电脑(TcQfU8jNFU2pWHTJAABR) leave
[15:56:27.966]controlled G2107班电脑(32AwZC_1uhuhUdaAAABT) leave
[15:56:33.172]controlled G2107班电脑(s1NbdT6W_0JzbYOwAABV) into
[18:06:32.686]controlled G2107班电脑(QvAJQZ0pT8aC2u_hAAAB) into
[18:11:30.41]controlled G2107班电脑(QvAJQZ0pT8aC2u_hAAAB) leave
[18:11:32.483]controlled G2107班电脑(87taZ0lAVUyRLDgSAAAD) into
[22:36:48.564]controlled G2107班电脑(87taZ0lAVUyRLDgSAAAD) leave
