[02:01:12.557]controlled G328(JWm1CaXsWDQ9_BonAAAL) leave
[06:27:45.451]controlled G328(vOQGngEy4HVJdCDgAAAB) into
[06:40:50.870]controlled G2102班电脑(QFiGB0mdyVQ1Plg_AAAD) into
[07:18:58.439]controlled G2106班电脑(wOFlq3JkdlbVbgibAAAF) into
[08:01:46.391]controlled G2107班电脑(M67N0olrfmExUOUkAAAH) into
[08:26:49.680]controlled G328(vOQGngEy4HVJdCDgAAAB) leave
[08:26:54.428]controlled G328(SveMTCQ-HgQCmftAAAAJ) into
[08:28:55.405]controlled G2102班电脑(QFiGB0mdyVQ1Plg_AAAD) leave
[08:29:00.318]controlled G2102班电脑(q_9I5qxwPXBav7y8AAAL) into
[08:29:00.556]controlled G2107班电脑(M67N0olrfmExUOUkAAAH) leave
[08:29:04.740]controlled G2107班电脑(REN7DczuK9nowyZJAAAN) into
[08:29:13.429]controlled G2106班电脑(wOFlq3JkdlbVbgibAAAF) leave
[08:29:21.407]controlled G2106班电脑(6nqskWZmvfj4LN7XAAAP) into
[08:34:51.754]controlled G2107班电脑(REN7DczuK9nowyZJAAAN) leave
[08:34:58.491]controlled G2107班电脑(8oeMz0LSoM84fS_AAAAR) into
[10:54:53.482]controlled G2106班电脑(6nqskWZmvfj4LN7XAAAP) leave
[10:55:03.468]controlled G2106班电脑(yTv_StDxRw1N-vw8AAAV) into
[10:55:07.161]controlled G328(SveMTCQ-HgQCmftAAAAJ) leave
[10:55:12.919]controlled G328(UFqJfraaN-LXo7KjAAAX) into
[11:27:34.613]controlled G328(UFqJfraaN-LXo7KjAAAX) leave
[11:27:39.539]controlled G328(RC9pSL0mpKNIsNtPAAAZ) into
[11:27:48.710]controlled G2106班电脑(yTv_StDxRw1N-vw8AAAV) leave
[11:27:56.145]controlled G2107班电脑(8oeMz0LSoM84fS_AAAAR) leave
[11:27:57.259]controlled G2106班电脑(l9EoUOt_Z-6ugldRAAAb) into
[11:28:09.258]controlled G2107班电脑(cv_CYpht-LgQ_5L-AAAd) into
[11:56:54.615]controlled G2102班电脑(q_9I5qxwPXBav7y8AAAL) leave
[11:56:59.784]controlled G2102班电脑(wuZAodCg7zvRu4k-AAAf) into
[11:57:01.143]controlled G328(RC9pSL0mpKNIsNtPAAAZ) leave
[11:57:05.513]controlled G2107班电脑(cv_CYpht-LgQ_5L-AAAd) leave
[11:57:05.618]controlled G328(_uMXwiXtJpjElxPzAAAh) into
[11:57:12.148]controlled G2107班电脑(DIkUdFouyHMbtmlhAAAj) into
[11:57:19.337]controlled G2106班电脑(l9EoUOt_Z-6ugldRAAAb) leave
[11:57:24.284]controlled G2106班电脑(RLBjWlqw2rtaL7MhAAAl) into
[12:33:44.19]controlled G2107班电脑(DIkUdFouyHMbtmlhAAAj) leave
[12:53:19.924]controlled G2106班电脑(RLBjWlqw2rtaL7MhAAAl) leave
[12:53:21.658]controlled G2102班电脑(wuZAodCg7zvRu4k-AAAf) leave
[12:53:22.84]controlled G328(_uMXwiXtJpjElxPzAAAh) leave
[12:53:27.102]controlled G328(yEyBFgGFRetGb16wAAAs) into
[12:53:27.212]controlled G2102班电脑(Iw43kXEmubE3bdOTAAAt) into
[12:53:29.165]controlled G2106班电脑(dBsrWpyQQiZ2qRSOAAAv) into
[13:28:17.96]controlled G2102班电脑(Iw43kXEmubE3bdOTAAAt) leave
[13:28:22.443]controlled G2102班电脑(NvcJdRE6Dy3z5MgIAAAx) into
[14:17:56.69]controlled G328(yEyBFgGFRetGb16wAAAs) leave
[14:17:56.911]controlled G2102班电脑(NvcJdRE6Dy3z5MgIAAAx) leave
[14:17:57.368]controlled G2106班电脑(dBsrWpyQQiZ2qRSOAAAv) leave
[14:18:01.362]controlled G328(33InhVpF5vw1qPwZAAAz) into
[14:18:02.238]controlled G2106班电脑(9jROPkw4A8Us5Fl-AAA3) into
[14:18:02.684]controlled G2102班电脑(i81SK91J4y-et6qLAAA1) into
[14:23:43.237]controlled G2106班电脑(9jROPkw4A8Us5Fl-AAA3) leave
[14:23:47.135]controlled G2106班电脑(IaByUh1B1yubqH0bAAA5) into
[14:24:01.94]controlled G2102班电脑(i81SK91J4y-et6qLAAA1) leave
[14:24:02.455]controlled G328(33InhVpF5vw1qPwZAAAz) leave
[14:24:05.138]controlled G2102班电脑(R8fvnGEjgOUzaG_fAAA7) into
[14:24:05.569]controlled G328(JKDQvONoGz2GiAsVAAA9) into
[14:24:17.112]controlled G2106班电脑(IaByUh1B1yubqH0bAAA5) leave
[14:24:19.660]controlled G2106班电脑(kAq6hCnSkoFJ-kOOAAA_) into
[14:24:34.401]controlled G2102班电脑(R8fvnGEjgOUzaG_fAAA7) leave
[14:24:37.421]controlled G2102班电脑(_R17q488yO3N_6PcAABB) into
[14:27:27.865]controlled G2102班电脑(_R17q488yO3N_6PcAABB) leave
[14:27:32.429]controlled G2102班电脑(gXyAJ4Ix7vVO4-YnAABD) into
[14:42:43.748]controlled G2107班电脑(CuPN476a4AWpqy_vAABF) into
[14:45:08.162]controlled G2102班电脑(gXyAJ4Ix7vVO4-YnAABD) leave
[14:45:12.425]controlled G2102班电脑(cG2goFUAosLfPnewAABH) into
[14:47:49.996]controlled G2106班电脑(kAq6hCnSkoFJ-kOOAAA_) leave
[14:47:54.292]controlled G2106班电脑(MCrKpZdyjrblbfDVAABJ) into
[15:35:35.415]controlled G2107班电脑(CuPN476a4AWpqy_vAABF) leave
[16:37:19.104]controlled G2106班电脑(MCrKpZdyjrblbfDVAABJ) leave
[16:37:24.513]controlled G2106班电脑(fJuii0ZIiKjG7_ZuAABR) into
[16:37:34.285]controlled G2102班电脑(cG2goFUAosLfPnewAABH) leave
[16:37:38.481]controlled G2102班电脑(LLnl6PGzMr6BrTyhAABT) into
[16:46:32.344]controlled 邹虹(Ccm6xW8QHxHK--uxAABV) into
[17:09:59.101]controlled G2102班电脑(LLnl6PGzMr6BrTyhAABT) leave
[17:10:04.449]controlled G2102班电脑(-dwKRLVyUTBPVr_EAABZ) into
[17:10:10.826]controlled G2106班电脑(fJuii0ZIiKjG7_ZuAABR) leave
[17:10:12.435]controlled G328(JKDQvONoGz2GiAsVAAA9) leave
[17:10:17.361]controlled G328(VKV02Z10MH5zV8TRAABb) into
[17:10:21.797]controlled G2106班电脑(-BqMSsodP4caJS3BAABe) into
[17:15:51.327]controlled G328(VKV02Z10MH5zV8TRAABb) leave
[17:15:53.441]controlled G328(Bc81svbnYHvawSqnAABg) into
[17:16:08.640]controlled G2106班电脑(-BqMSsodP4caJS3BAABe) leave
[17:16:13.351]controlled G2106班电脑(wRP6_o_QYxR5v3SDAABi) into
[17:28:49.939]controlled G328(Bc81svbnYHvawSqnAABg) leave
[17:28:54.642]controlled G328(jDpC6S91ZN-WuTPbAABk) into
[17:39:48.563]controlled G2102班电脑(-dwKRLVyUTBPVr_EAABZ) leave
[17:39:53.809]controlled G2102班电脑(Eu0qj3KBGVwzSdCuAABm) into
[17:40:06.957]controlled G2106班电脑(wRP6_o_QYxR5v3SDAABi) leave
[17:40:09.118]controlled G2106班电脑(RdvotfbSFUf9jNGqAABo) into
[17:40:09.887]controlled G328(jDpC6S91ZN-WuTPbAABk) leave
[17:40:15.437]controlled G328(17u8S142qYuoqo6RAABq) into
[17:43:42.536]controlled 邹虹(Ccm6xW8QHxHK--uxAABV) leave
[17:44:59.458]controlled G2107班电脑(TIc9dSe_rbrCiaxvAABs) into
[18:07:55.417]controlled G328(17u8S142qYuoqo6RAABq) leave
[18:08:00.524]controlled G328(av4AArOO9Fn6AWDRAABu) into
[18:09:42.715]controlled G2102班电脑(Eu0qj3KBGVwzSdCuAABm) leave
[18:09:47.675]controlled G2102班电脑(PwK0VdJ8vUxCcEksAABy) into
[18:09:56.1]controlled G2106班电脑(RdvotfbSFUf9jNGqAABo) leave
[18:10:01.346]controlled G2106班电脑(KrPIKIWBbptg0brMAAB0) into
[18:10:09.39]controlled G2107班电脑(TIc9dSe_rbrCiaxvAABs) leave
[18:10:13.547]controlled G2107班电脑(eSzkVXd0HnqrJzKOAAB2) into
[18:26:34.198]controlled G328(hch9MjGXn6y2uQKDAAAD) into
[18:26:34.250]controlled G2107班电脑(apoRayiB6YTjoeCpAAAF) into
[18:26:34.447]controlled G2102班电脑(T52Y5kWmffKTKJEDAAAE) into
[20:10:56.552]controlled G328(hch9MjGXn6y2uQKDAAAD) leave
[20:11:01.418]controlled G2102班电脑(T52Y5kWmffKTKJEDAAAE) leave
[20:11:01.900]controlled G328(4EyVQmYuwomKdminAAAQ) into
[20:11:07.366]controlled G2102班电脑(1507pVVgszIONo1NAAAS) into
[20:35:04.605]controlled G2107班电脑(apoRayiB6YTjoeCpAAAF) leave
[22:53:03.704]controlled G2102班电脑(1507pVVgszIONo1NAAAS) leave
[23:15:40.494]controlled G328(4EyVQmYuwomKdminAAAQ) leave
[23:15:45.98]controlled G328(VbeBGHxc6fyQyluNAAAY) into
[23:56:42.872]controlled G328(VbeBGHxc6fyQyluNAAAY) leave
[23:56:50.558]controlled G328(fh5FfD7e23dpLAw4AAAa) into
