[07:21:57.833]controlled G2106班电脑(U9nM4aGFqZbUJWXVAAAB) into
[07:31:44.136]controlled G328(_IbHuDkInN7wDkv8AAAD) into
[07:40:30.556]controlled G2102班电脑(Ns9LHTVaNr6KJWN0AAAF) into
[07:43:36.822]controlled G2106班电脑(U9nM4aGFqZbUJWXVAAAB) leave
[10:06:06.588]controlled G2106班电脑(sEqPvL1OnBylpS3BAAAJ) into
[10:19:54.915]controlled G2106班电脑(sEqPvL1OnBylpS3BAAAJ) leave
[10:22:04.917]controlled G2102班电脑(Ns9LHTVaNr6KJWN0AAAF) leave
[10:23:19.137]controlled G2102班电脑(WI4zZx8Q9wmuQ_rXAAAL) into
[13:18:18.900]controlled G328(_IbHuDkInN7wDkv8AAAD) leave
[13:54:22.450]controlled G328(43Vgu4Nrudur6s2lAAAP) into
[14:23:09.942]controlled G2102班电脑(WI4zZx8Q9wmuQ_rXAAAL) leave
[14:23:13.56]controlled G2102班电脑(HNE6IncHLhKJbSlEAAAR) into
[14:23:58.401]controlled G328(43Vgu4Nrudur6s2lAAAP) leave
[14:24:04.514]controlled G328(b3ymhexVwUaFOehCAAAV) into
[14:24:14.667]controlled G328(b3ymhexVwUaFOehCAAAV) leave
[14:24:18.613]controlled G328(wXkKaLmCar0F3JtlAAAX) into
[15:45:11.910]controlled G2106班电脑(cgdt8tzCPcXrRqHQAAAZ) into
[16:22:03.141]controlled G2106班电脑(cgdt8tzCPcXrRqHQAAAZ) leave
[16:43:01.758]controlled G2102班电脑(HNE6IncHLhKJbSlEAAAR) leave
[16:43:01.918]controlled G328(wXkKaLmCar0F3JtlAAAX) leave
[16:43:06.981]controlled G2102班电脑(AmsYx9Gs44PyZP90AAAf) into
[16:43:07.810]controlled G328(owlpCxbHVDJe0nH6AAAh) into
[17:12:57.1]controlled G2102班电脑(AmsYx9Gs44PyZP90AAAf) leave
[17:12:59.642]controlled G328(owlpCxbHVDJe0nH6AAAh) leave
[17:13:01.130]controlled G2102班电脑(XNr7g53QM5GiPLqUAAAj) into
[17:13:02.207]controlled G328(g5s1uN0BsEzPAWg4AAAl) into
[17:22:14.82]controlled G2102班电脑(XNr7g53QM5GiPLqUAAAj) leave
[17:22:40.119]controlled G2102班电脑(6iTUGeyOtAZ3JHOOAAAn) into
[17:23:15.165]controlled G2102班电脑(6iTUGeyOtAZ3JHOOAAAn) leave
[17:25:30.481]controlled G2102班电脑(3GieVxRPmO5SZLVXAAAs) into
[17:29:55.908]controlled G2106班电脑(voIpdt9xrK8gVyMxAAAu) into
[17:42:40.190]controlled G2102班电脑(3GieVxRPmO5SZLVXAAAs) leave
[17:42:42.369]controlled G2102班电脑(IY_nOWsBodwULGwqAAAw) into
[17:42:43.857]controlled G328(g5s1uN0BsEzPAWg4AAAl) leave
[17:42:46.95]controlled G328(2XIh6Qeepvz-YUO7AAAy) into
[18:12:40.630]controlled G328(2XIh6Qeepvz-YUO7AAAy) leave
[18:12:45.89]controlled G328(zDs0Hb96EKbI68FqAAA0) into
[18:13:00.165]controlled G2102班电脑(IY_nOWsBodwULGwqAAAw) leave
[18:13:00.235]controlled G2106班电脑(voIpdt9xrK8gVyMxAAAu) leave
[18:13:04.921]controlled G2106班电脑(liCdUPxCsZt4RxNUAAA2) into
[18:13:05.447]controlled G2102班电脑(x4KHJMNCVENzL12YAAA4) into
[18:42:47.157]controlled G328(zDs0Hb96EKbI68FqAAA0) leave
[18:42:50.324]controlled G2106班电脑(liCdUPxCsZt4RxNUAAA2) leave
[18:42:51.570]controlled G328(6TLJsCl7iv2roKMDAAA6) into
[18:42:54.5]controlled G2102班电脑(x4KHJMNCVENzL12YAAA4) leave
[18:42:55.913]controlled G2106班电脑(ucMvD6rpZeZrRv0sAAA8) into
[18:42:56.294]controlled G2102班电脑(2Gf7hE1T4SxaQDHaAAA-) into
[18:51:04.745]controlled G2106班电脑(ucMvD6rpZeZrRv0sAAA8) leave
[19:12:45.555]controlled G328(6TLJsCl7iv2roKMDAAA6) leave
[19:12:50.689]controlled G328(9xB5_k5OHLJhp8gaAABA) into
[19:16:30.862]controlled G2102班电脑(gcCj72s2TOTQzpQiAAAE) into
[19:16:31.726]controlled G328(pzhYWlYEy9Om05vKAAAF) into
[19:42:42.504]controlled G328(pzhYWlYEy9Om05vKAAAF) leave
[19:42:43.321]controlled G2102班电脑(gcCj72s2TOTQzpQiAAAE) leave
[19:42:47.658]controlled G328(WbjXiLfl_liOevKBAAAI) into
[19:42:47.893]controlled G2102班电脑(crM1mjKROo5RJp-_AAAJ) into
[20:12:51.222]controlled G328(WbjXiLfl_liOevKBAAAI) leave
[20:12:51.345]controlled G2102班电脑(crM1mjKROo5RJp-_AAAJ) leave
[20:12:53.283]controlled G328(9g8ZT7azYEIH7inbAAAM) into
[20:12:53.510]controlled G2102班电脑(FhGywf5hJswEPRxZAAAN) into
[20:32:25.60]controlled G2106班电脑(WVXE7HmB5bCSpd1IAAAP) into
[20:33:11.617]controlled G2106班电脑(7NO_qmQrjIqUwNRlAAAR) into
[20:33:24.907]controlled G2106班电脑(WVXE7HmB5bCSpd1IAAAP) leave
[20:43:21.947]controlled G2102班电脑(FhGywf5hJswEPRxZAAAN) leave
[20:43:22.1]controlled G328(9g8ZT7azYEIH7inbAAAM) leave
[20:43:26.543]controlled G328(4YwJRspyFPF4lpL2AAAU) into
[20:43:26.653]controlled G2102班电脑(2VwfgYLla74X66OiAAAV) into
[20:44:57.771]controlled G2106班电脑(7NO_qmQrjIqUwNRlAAAR) leave
[20:46:30.923]controlled G2106班电脑(E_DgHH1U3F0ILouXAAAX) into
[20:50:05.128]controlled G2102班电脑(2VwfgYLla74X66OiAAAV) leave
[20:50:06.863]controlled G2102班电脑(a-5NJKNu49oXzYG9AAAZ) into
[21:13:21.183]controlled G2102班电脑(a-5NJKNu49oXzYG9AAAZ) leave
[21:13:21.187]controlled G2106班电脑(E_DgHH1U3F0ILouXAAAX) leave
[21:13:21.289]controlled G328(4YwJRspyFPF4lpL2AAAU) leave
[21:13:25.918]controlled G328(zKN3JS2rebwptClaAAAc) into
[21:13:26.965]controlled G2102班电脑(QqKGeBlx7MtIEN4dAAAd) into
[21:13:29.210]controlled G2106班电脑(8AC5gm5u4BCvAiW-AAAf) into
[21:43:23.222]controlled G2106班电脑(8AC5gm5u4BCvAiW-AAAf) leave
[21:43:23.226]controlled G328(zKN3JS2rebwptClaAAAc) leave
[21:43:24.282]controlled G2102班电脑(QqKGeBlx7MtIEN4dAAAd) leave
[21:43:28.10]controlled G328(iuNz1vbA7mhJBkjoAAAh) into
[21:43:29.44]controlled G2102班电脑(UFGVUjFxrN54Hf4nAAAj) into
[21:43:31.324]controlled G2106班电脑(rxxEn-OrNgn03KE8AAAl) into
[22:13:23.272]controlled G328(iuNz1vbA7mhJBkjoAAAh) leave
[22:13:30.20]controlled G328(ckQjVezdiq_G8ShTAAAn) into
[22:13:46.747]controlled G2106班电脑(rxxEn-OrNgn03KE8AAAl) leave
[22:13:47.541]controlled G2102班电脑(UFGVUjFxrN54Hf4nAAAj) leave
[22:13:48.974]controlled G2106班电脑(BdFVnnLEQPSVcANxAAAp) into
[22:13:52.172]controlled G2102班电脑(dVbXe-os8ltCxCUTAAAr) into
[22:29:52.291]controlled G2106班电脑(BdFVnnLEQPSVcANxAAAp) leave
[22:37:29.664]controlled G2102班电脑(dVbXe-os8ltCxCUTAAAr) leave
[22:43:02.917]controlled G328(ckQjVezdiq_G8ShTAAAn) leave
[22:43:10.11]controlled G328(BTdNjrrV4miT6tx8AAAt) into
[22:46:06.411]controlled G328(BTdNjrrV4miT6tx8AAAt) leave
[22:46:40.228]controlled G328(wdQKWrzr88I-jCjtAAAv) into
[22:46:42.706]controlled G328(wdQKWrzr88I-jCjtAAAv) leave
