[07:08:35.409]controlled G2106班电脑(AjJzCFcrtptyaZpgAAAD) into
[07:10:06.181]controlled G328(-yXjmSxLDdvz-eFXAAAF) into
[07:38:53.330]controlled G2102班电脑(pC4pXUrznkL8VppBAAAI) into
[07:55:07.767]controlled G2107班电脑(E1Mao5PN7A1Mp0ElAAAK) into
[08:30:22.183]controlled G2107班电脑(E1Mao5PN7A1Mp0ElAAAK) leave
[08:30:27.34]controlled G2107班电脑(sjJif5eGVyWw_amVAAAO) into
[08:30:27.749]controlled G328(-yXjmSxLDdvz-eFXAAAF) leave
[08:30:32.421]controlled G328(BQYAG7H_IzN-h6puAAAQ) into
[08:30:34.408]controlled G2102班电脑(pC4pXUrznkL8VppBAAAI) leave
[08:30:39.302]controlled G2102班电脑(2Hs138PisML9OFgLAAAS) into
[08:30:39.349]controlled G2106班电脑(AjJzCFcrtptyaZpgAAAD) leave
[08:30:43.815]controlled G2106班电脑(xOd7cCtO3r81Wv6PAAAU) into
[08:43:39.337]controlled 邹虹(OrRfEf4d4BhK81uTAAAW) into
[09:55:39.342]controlled G2102班电脑(2Hs138PisML9OFgLAAAS) leave
[09:55:39.858]controlled G2106班电脑(xOd7cCtO3r81Wv6PAAAU) leave
[09:55:41.551]controlled G2106班电脑(DDfEQJEx1s-Hr7uKAAAb) into
[09:55:44.902]controlled G2102班电脑(X79MVs_Jbney7vupAAAd) into
[09:55:46.108]controlled G2107班电脑(sjJif5eGVyWw_amVAAAO) leave
[09:55:56.238]controlled G2107班电脑(mEAN63XxHbPA-QXuAAAf) into
[10:09:41.423]controlled 邹虹(OrRfEf4d4BhK81uTAAAW) leave
[10:09:47.56]controlled 邹虹(aFVVu86SfC8Z6YRfAAAh) into
[10:23:47.508]controlled G2106班电脑(DDfEQJEx1s-Hr7uKAAAb) leave
[10:23:55.604]controlled G2106班电脑(fdDIW_5SDG2cgq8gAAAj) into
[10:25:24.452]controlled G2107班电脑(mEAN63XxHbPA-QXuAAAf) leave
[10:25:26.693]controlled G2107班电脑(9eF-Co6yyMfsugjIAAAl) into
[10:26:34.837]controlled G2102班电脑(X79MVs_Jbney7vupAAAd) leave
[10:29:34.56]controlled G2102班电脑(Rg-DNrSHgveOMUx4AAAn) into
[11:10:52.532]controlled 邹虹(aFVVu86SfC8Z6YRfAAAh) leave
[11:20:57.948]controlled G328(BQYAG7H_IzN-h6puAAAQ) leave
[11:38:40.24]controlled G2102班电脑(Rg-DNrSHgveOMUx4AAAn) leave
[12:00:39.373]controlled G2106班电脑(fdDIW_5SDG2cgq8gAAAj) leave
[12:04:40.179]controlled G2107班电脑(9eF-Co6yyMfsugjIAAAl) leave
[12:40:01.553]controlled G328(Pf2GCbrckY2-rvmpAAA7) into
[12:44:02.964]controlled G2107班电脑(wmsbXB4mBv6_0ZjUAAA9) into
[13:50:58.343]controlled G2102班电脑(bkaRjT6-YscficIHAABD) into
[13:53:19.746]controlled G2106班电脑(kgR2fV0gGqxcYa_FAABF) into
[14:22:55.822]controlled G2107班电脑(wmsbXB4mBv6_0ZjUAAA9) leave
[14:22:59.172]controlled G2107班电脑(hDSGeieLe_K7lrCnAABJ) into
[14:23:10.476]controlled G2106班电脑(kgR2fV0gGqxcYa_FAABF) leave
[14:23:13.314]controlled G2106班电脑(4s6fQ6Oorr30DoLLAABL) into
[14:23:45.237]controlled G2107班电脑(hDSGeieLe_K7lrCnAABJ) leave
[14:23:48.617]controlled G2107班电脑(MpJ6XdT5CYFRkwDpAABN) into
[14:23:55.504]controlled G328(Pf2GCbrckY2-rvmpAAA7) leave
[14:23:59.914]controlled G328(tUADOGQ0BF7onozfAABP) into
[14:24:02.10]controlled G2102班电脑(bkaRjT6-YscficIHAABD) leave
[14:24:06.74]controlled G2102班电脑(KDODPRiyADrnXIssAABR) into
[14:24:34.278]controlled G2106班电脑(4s6fQ6Oorr30DoLLAABL) leave
[14:24:37.868]controlled G2106班电脑(jNskRG61j0M-9FGWAABT) into
[15:22:20.211]controlled G2106班电脑(jNskRG61j0M-9FGWAABT) leave
[15:22:25.264]controlled G2106班电脑(yEFTIxzGZrtApPAyAABZ) into
[15:22:29.403]controlled G2102班电脑(KDODPRiyADrnXIssAABR) leave
[15:22:34.517]controlled G2102班电脑(GFYKcKVO72_VLZcRAABb) into
[15:22:42.14]controlled G2107班电脑(MpJ6XdT5CYFRkwDpAABN) leave
[15:22:49.59]controlled G328(tUADOGQ0BF7onozfAABP) leave
[15:22:50.283]controlled G2107班电脑(A6nSD1VenOc6ItIUAABd) into
[15:22:54.510]controlled G328(SeA-gOAIFigWST1QAABf) into
[16:57:32.782]controlled G2106班电脑(yEFTIxzGZrtApPAyAABZ) leave
[16:57:36.677]controlled G328(SeA-gOAIFigWST1QAABf) leave
[16:57:40.213]controlled G2106班电脑(6DPK_G7FqmbGn6AgAAB0) into
[16:57:41.788]controlled G328(LXu9CuzJiyA2PhQvAAB2) into
[17:04:10.628]controlled G2107班电脑(A6nSD1VenOc6ItIUAABd) leave
[17:42:40.530]controlled G2102班电脑(ZioJcEEqfJJskbGDAAAE) into
[17:42:40.822]controlled G328(Ohoy_8YX_9NN9HA6AAAF) into
[17:42:40.828]controlled G2106班电脑(Mm-n0qUzYd8WFhdpAAAD) into
[18:23:37.722]controlled G2107班电脑(eNKnD6yroGMG5ru2AAAN) into
[22:34:10.424]controlled G2107班电脑(eNKnD6yroGMG5ru2AAAN) leave
[22:34:12.134]controlled G2106班电脑(Mm-n0qUzYd8WFhdpAAAD) leave
[22:57:12.408]controlled G328(Ohoy_8YX_9NN9HA6AAAF) leave
[22:57:15.617]controlled G2102班电脑(ZioJcEEqfJJskbGDAAAE) leave
