[07:27:28.386]controlled G2107班电脑(8If7UjIpMpwfkg9PAAAB) into
[07:53:01.522]controlled G2102班电脑(MA1YpxlUuxRUJLd8AAAD) into
[14:13:21.246]controlled G2102班电脑(MA1YpxlUuxRUJLd8AAAD) leave
[14:13:27.501]controlled G2102班电脑(fvTCD1adQtpDmN6OAAAH) into
[14:23:11.894]controlled G2102班电脑(fvTCD1adQtpDmN6OAAAH) leave
[14:23:11.991]controlled G2107班电脑(8If7UjIpMpwfkg9PAAAB) leave
[14:23:15.685]controlled G2102班电脑(iSH0n0fABiK_qtmMAAAJ) into
[14:23:16.384]controlled G2107班电脑(VTzcW0nIrhl8XK6TAAAL) into
[14:24:17.128]controlled G2102班电脑(iSH0n0fABiK_qtmMAAAJ) leave
[14:24:19.591]controlled G2102班电脑(XLOs5_5Arwr8VFNJAAAN) into
[14:30:06.816]controlled G2102班电脑(XLOs5_5Arwr8VFNJAAAN) leave
[14:30:12.187]controlled G2102班电脑(7ZTaEZx7ab8iEwNTAAAP) into
[16:17:56.90]controlled G2107班电脑(VTzcW0nIrhl8XK6TAAAL) leave
[16:17:56.651]controlled G2102班电脑(7ZTaEZx7ab8iEwNTAAAP) leave
[16:17:59.306]controlled G2102班电脑(aMFQ_nuBbOrc1BtvAAAR) into
[16:18:03.516]controlled G2107班电脑(aOTz2wI_XTeZhXIDAAAT) into
[16:25:53.186]controlled G2102班电脑(aMFQ_nuBbOrc1BtvAAAR) leave
[16:25:58.536]controlled G2102班电脑(22ZeVhPWqH3PgO9aAAAV) into
[16:40:42.543]controlled G2107班电脑(aOTz2wI_XTeZhXIDAAAT) leave
[16:40:47.359]controlled G2107班电脑(0Shrkf42-ONvGLuqAAAX) into
[17:15:13.942]controlled G2107班电脑(0Shrkf42-ONvGLuqAAAX) leave
[17:15:20.292]controlled G2107班电脑(8SWQrFyyVCTc7hDCAAAZ) into
[17:57:42.426]controlled G2107班电脑(8SWQrFyyVCTc7hDCAAAZ) leave
[17:57:48.496]controlled G2107班电脑(V46DJB1HztEm2lYBAAAb) into
[17:58:04.929]controlled G2102班电脑(22ZeVhPWqH3PgO9aAAAV) leave
[17:58:09.792]controlled G2102班电脑(5vylIjo2ZtYRMhD5AAAd) into
[18:09:02.185]controlled G2102班电脑(5vylIjo2ZtYRMhD5AAAd) leave
[18:09:03.712]controlled G2107班电脑(V46DJB1HztEm2lYBAAAb) leave
[18:09:10.312]controlled G2107班电脑(Yz2D6Eq9cR4czP7sAAAf) into
[18:09:25.699]controlled G2102班电脑(Jy0MAWs_BhBaYzPYAAAh) into
[18:16:28.702]controlled G2102班电脑(Jy0MAWs_BhBaYzPYAAAh) leave
[18:16:34.62]controlled G2102班电脑(wmupOaBMd1xmnQJ7AAAj) into
[19:19:14.515]controlled G2102班电脑(aXzrRINDGE1uvksrAAAC) into
[19:19:14.627]controlled G2107班电脑(Ey3SqJwsXTAHklJtAAAD) into
[22:17:20.493]controlled G2107班电脑(Ey3SqJwsXTAHklJtAAAD) leave
[22:17:24.936]controlled G2107班电脑(u82CucXSvCGiM5JwAAAF) into
[22:32:13.656]controlled G2102班电脑(aXzrRINDGE1uvksrAAAC) leave
[22:40:33.490]controlled G2107班电脑(u82CucXSvCGiM5JwAAAF) leave
[22:40:38.194]controlled G2107班电脑(zCZygb4peSlR9mV_AAAH) into
[22:43:27.897]controlled G2101班电脑(BOHvpuAQy4DxF7neAAAJ) into
[22:51:52.892]controlled G2101班电脑(BOHvpuAQy4DxF7neAAAJ) leave
[23:31:16.935]controlled G2107班电脑(zCZygb4peSlR9mV_AAAH) leave
