[07:12:07.454]controlled G2106班电脑(UfiGrQp1wSM4JdlZAAAB) into
[07:24:43.42]controlled G328(oKKej5pCRTXFL0HcAAAD) into
[07:36:58.532]controlled G2102班电脑(tKUc3Iw4Nb6TWEoAAAAF) into
[09:30:42.994]controlled G2102班电脑(tKUc3Iw4Nb6TWEoAAAAF) leave
[09:30:47.735]controlled G328(oKKej5pCRTXFL0HcAAAD) leave
[09:30:48.521]controlled G2102班电脑(OCRjhhu0oOMcQeymAAAH) into
[09:31:14.882]controlled G328(EG3pYyv1souZU3APAAAK) into
[10:21:20.217]controlled G2102班电脑(OCRjhhu0oOMcQeymAAAH) leave
[10:27:59.242]controlled G2102班电脑(4jNNVvAywKF5ZfliAAAM) into
[10:42:37.857]controlled G2102班电脑(4jNNVvAywKF5ZfliAAAM) leave
[10:42:43.94]controlled G2102班电脑(qnZewBSPOZBN9T9SAAAO) into
[10:42:43.498]controlled G2106班电脑(UfiGrQp1wSM4JdlZAAAB) leave
[10:42:44.351]controlled G328(EG3pYyv1souZU3APAAAK) leave
[10:42:50.75]controlled G328(JVcpvP2hClMva2KFAAAQ) into
[10:42:51.78]controlled G2106班电脑(6LwLBZ8UwNg6d_V1AAAS) into
[10:49:27.469]controlled G328(JVcpvP2hClMva2KFAAAQ) leave
[10:49:28.730]controlled G2106班电脑(6LwLBZ8UwNg6d_V1AAAS) leave
[10:49:32.755]controlled G328(aflpegYXw6CtpCucAAAU) into
[10:49:56.618]controlled G2106班电脑(YX7qhUV-nFm_VeviAAAX) into
[10:57:51.192]controlled G2106班电脑(YX7qhUV-nFm_VeviAAAX) leave
[10:58:17.498]controlled G2106班电脑(NEqI__rFLRwW7b3lAAAa) into
[13:03:09.840]controlled G2106班电脑(NEqI__rFLRwW7b3lAAAa) leave
[13:49:29.117]controlled G2106班电脑(2xQQgGXdznYTTHaVAAAf) into
[14:22:55.588]controlled G328(aflpegYXw6CtpCucAAAU) leave
[14:22:59.794]controlled G328(I159ASYl1C060fiIAAAh) into
[14:23:11.37]controlled G328(I159ASYl1C060fiIAAAh) leave
[14:23:14.777]controlled G328(xYFxPxPF6imB5TJiAAAj) into
[14:23:40.975]controlled G328(xYFxPxPF6imB5TJiAAAj) leave
[14:23:43.513]controlled G328(Lawgm468Syc5zVLfAAAl) into
[14:23:57.72]controlled G2102班电脑(qnZewBSPOZBN9T9SAAAO) leave
[14:24:01.57]controlled G2102班电脑(pBdhykxRxMkoH4W0AAAn) into
[14:24:14.608]controlled G2102班电脑(pBdhykxRxMkoH4W0AAAn) leave
[14:24:16.940]controlled G2102班电脑(9g52nKDNAWJwcZRfAAAp) into
[14:24:30.15]controlled G2106班电脑(2xQQgGXdznYTTHaVAAAf) leave
[14:25:00.894]controlled G2106班电脑(lLVLd_-1OYuGUnUlAAAs) into
[16:10:07.750]controlled G328(Lawgm468Syc5zVLfAAAl) leave
[16:10:07.826]controlled G2106班电脑(lLVLd_-1OYuGUnUlAAAs) leave
[16:10:13.705]controlled G2102班电脑(9g52nKDNAWJwcZRfAAAp) leave
[16:10:34.915]controlled G328(IqoM-QKAUxWdtUp0AAA3) into
[16:10:41.384]controlled G2102班电脑(9KHOdWevcXWK9gs1AAA6) into
[16:10:55.320]controlled G2106班电脑(lFL2WiU8jg3afQG8AAA9) into
[16:57:45.637]controlled 邹虹(pznGgchMWmGf-sGYAAA_) into
[17:14:29.350]controlled 邹虹(pznGgchMWmGf-sGYAAA_) leave
[17:14:58.621]controlled 邹虹(KYu1nSHT1K5OYJ34AABC) into
[17:19:14.868]controlled 邹虹(KYu1nSHT1K5OYJ34AABC) leave
[19:00:18.574]controlled G2102班电脑(HU8nnu-R4bokpDRpAAAE) into
[19:00:18.662]controlled G2106班电脑(CZ9aXVwWbMz1ZoO4AAAD) into
[19:00:18.742]controlled G328(mSDk_tXho-pNndFNAAAF) into
[19:06:56.371]controlled G2106班电脑(CZ9aXVwWbMz1ZoO4AAAD) leave
[19:06:56.688]controlled G2102班电脑(HU8nnu-R4bokpDRpAAAE) leave
[19:07:04.635]controlled G2106班电脑(TFvrVkKCncjgTbVrAAAH) into
[19:07:23.534]controlled G2102班电脑(tgVapmjhUcD2PnIKAAAK) into
[19:38:02.35]controlled G2102班电脑(tgVapmjhUcD2PnIKAAAK) leave
[19:38:07.321]controlled G2102班电脑(ytlt_Abe8FRlEgd0AAAM) into
[20:14:40.773]controlled G2102班电脑(ytlt_Abe8FRlEgd0AAAM) leave
[20:14:45.604]controlled G2102班电脑(56fgy6peFdAxBw01AAAO) into
[20:43:27.748]controlled G2106班电脑(TFvrVkKCncjgTbVrAAAH) leave
[20:43:45.948]controlled G2102班电脑(56fgy6peFdAxBw01AAAO) leave
[20:43:48.435]controlled G328(mSDk_tXho-pNndFNAAAF) leave
[20:43:53.342]controlled G328(JE4blruzlrWppBjoAAAR) into
[20:44:55.321]controlled G2102班电脑(xxuFkbCz1Lr-XvWZAAAV) into
[20:46:19.154]controlled G328(JE4blruzlrWppBjoAAAR) leave
[20:46:21.474]controlled G2106班电脑(sjRxy4rW_vt78G-8AAAY) into
[20:46:47.713]controlled G328(drqXuOZmlLQET2SyAAAa) into
[20:49:12.231]controlled G2106班电脑(sjRxy4rW_vt78G-8AAAY) leave
[20:51:59.710]controlled G2106班电脑(md3wD6umXICzbhxjAAAe) into
[21:41:46.361]controlled G328(drqXuOZmlLQET2SyAAAa) leave
[21:54:00.621]controlled G2107班电脑(f_oNBL24O0IMb2mIAAAg) into
[22:06:20.432]controlled G2102班电脑(xxuFkbCz1Lr-XvWZAAAV) leave
[22:06:48.130]controlled G2102班电脑(NeKpme-ZTqq2LfEbAAAi) into
[22:07:23.181]controlled G2106班电脑(md3wD6umXICzbhxjAAAe) leave
[22:07:47.285]controlled G2107班电脑(f_oNBL24O0IMb2mIAAAg) leave
[22:07:50.825]controlled G2106班电脑(z_R6IH5cOi47gZnlAAAl) into
[22:07:54.442]controlled G2107班电脑(OxVsYW4CjqM0G_rPAAAn) into
[22:20:58.965]controlled G2107班电脑(OxVsYW4CjqM0G_rPAAAn) leave
[22:30:42.786]controlled G328(2-C4Mi6fTtmpYLiVAAAp) into
[22:30:51.316]controlled G328(2-C4Mi6fTtmpYLiVAAAp) leave
[22:35:36.135]controlled G2106班电脑(z_R6IH5cOi47gZnlAAAl) leave
[22:42:32.747]controlled G2102班电脑(NeKpme-ZTqq2LfEbAAAi) leave
[22:49:46.154]controlled G328(lFB-7JeDJJWDUFuiAAAr) into
[22:53:11.819]controlled G328(lFB-7JeDJJWDUFuiAAAr) leave
