[07:09:34.659]controlled G2106班电脑(KJHkf6svtJYtE1UvAAAB) into
[07:56:22.394]controlled G2106班电脑(KJHkf6svtJYtE1UvAAAB) leave
[07:57:55.865]controlled G2106班电脑(Dy0Zamsj1tc9wploAAAD) into
[08:06:28.636]controlled G2107班电脑(aIBF8UZcMYxrhSQHAAAF) into
[08:51:11.117]controlled G2102班电脑(Zg_98-JQ2tzBpGmNAAAH) into
[13:19:26.359]controlled G2102班电脑(MIJdFaCbUSgSl5l1AAAC) into
[13:19:26.497]controlled G2106班电脑(MRYAWcEpnBBBYHUBAAAD) into
[13:19:27.99]controlled G2107班电脑(-oz2E3wEGUaLQ0SsAAAF) into
[14:22:53.802]controlled G2107班电脑(-oz2E3wEGUaLQ0SsAAAF) leave
[14:22:56.817]controlled G2107班电脑(UyGoUYRMQq1c3OGgAAAP) into
[14:23:28.370]controlled G2107班电脑(UyGoUYRMQq1c3OGgAAAP) leave
[14:23:30.840]controlled G2107班电脑(y4rxE8IdtCNJnJcfAAAR) into
[14:24:17.107]controlled G2102班电脑(MIJdFaCbUSgSl5l1AAAC) leave
[14:24:21.425]controlled G2102班电脑(TcIp13aCN5pKJ3FgAAAT) into
[14:24:26.40]controlled G2102班电脑(TcIp13aCN5pKJ3FgAAAT) leave
[14:24:26.119]controlled G2106班电脑(MRYAWcEpnBBBYHUBAAAD) leave
[14:24:28.967]controlled G2102班电脑(TXgOVf-rhx9C18noAAAV) into
[14:24:30.791]controlled G2106班电脑(tpbpIgPiltfpGoEKAAAX) into
[17:00:13.936]controlled G2106班电脑(tpbpIgPiltfpGoEKAAAX) leave
[19:03:06.635]controlled G2102班电脑(nbQCJaGDAeKwwf4JAAAC) into
[19:03:06.958]controlled G2107班电脑(VdxyKlRTeiUWE_BVAAAD) into
[20:52:45.198]controlled G2106班电脑(JlQLFPTkD9p4OousAAAQ) into
[21:16:08.668]controlled G2106班电脑(JlQLFPTkD9p4OousAAAQ) leave
[22:57:01.423]controlled G2102班电脑(nbQCJaGDAeKwwf4JAAAC) leave
[23:31:12.716]controlled G2107班电脑(VdxyKlRTeiUWE_BVAAAD) leave
