[08:01:15.837]controlled G328(j9S25GqtMDGOsqjGAAAB) into
[08:02:58.744]controlled G2107班电脑(_b23L9jRaAGsKXZwAAAD) into
[09:41:23.532]controlled G2102班电脑(FeiQLQDT-GxNSdtnAAAG) into
[09:53:05.838]controlled G2102班电脑(FeiQLQDT-GxNSdtnAAAG) leave
[09:53:10.913]controlled G2102班电脑(BgXisXMeDake0aGeAAAI) into
[10:21:43.826]controlled G2102班电脑(BgXisXMeDake0aGeAAAI) leave
[10:21:47.131]controlled G2102班电脑(F4g-aJiIRxOnFuhAAAAK) into
[10:21:51.48]controlled G2107班电脑(_b23L9jRaAGsKXZwAAAD) leave
[10:21:51.528]controlled G328(j9S25GqtMDGOsqjGAAAB) leave
[10:21:55.436]controlled G2107班电脑(PaIyn923Ai6mrFeIAAAN) into
[10:21:55.688]controlled G328(FcPZNapORB-1DdzMAAAO) into
[10:35:46.53]controlled G2102班电脑(F4g-aJiIRxOnFuhAAAAK) leave
[11:08:23.534]controlled G2107班电脑(PaIyn923Ai6mrFeIAAAN) leave
[11:14:08.342]controlled G328(FcPZNapORB-1DdzMAAAO) leave
[11:14:11.532]controlled G328(Zxeiu0XtD4m6O3ZMAAAQ) into
[11:20:50.464]controlled G2107班电脑(ObBiVf4GJBVT-DNgAAAS) into
[11:43:56.757]controlled G328(Zxeiu0XtD4m6O3ZMAAAQ) leave
[11:44:00.865]controlled G328(3_-CwehosMgo02QjAAAU) into
[12:00:49.195]controlled G2107班电脑(ObBiVf4GJBVT-DNgAAAS) leave
[13:48:56.673]controlled G328(3_-CwehosMgo02QjAAAU) leave
[13:49:00.262]controlled G328(TWVmp9VbU5tMfoFRAAAW) into
[14:03:16.350]controlled G2102班电脑(dDDuEa55uSlSKBwlAAAY) into
[14:18:30.215]controlled G328(TWVmp9VbU5tMfoFRAAAW) leave
[14:18:45.483]controlled G2102班电脑(dDDuEa55uSlSKBwlAAAY) leave
[14:18:53.596]controlled G2102班电脑(GIWvQLsseXqknrgSAAAa) into
[14:19:00.327]controlled G328(l8z2xLT_7rBXWjfkAAAc) into
[14:23:10.808]controlled G328(l8z2xLT_7rBXWjfkAAAc) leave
[14:23:14.808]controlled G328(S_7csLUtWcQTMcW2AAAe) into
[14:24:00.538]controlled G2102班电脑(GIWvQLsseXqknrgSAAAa) leave
[14:24:03.225]controlled G2102班电脑(fEk7MZD7YBHbCm7lAAAg) into
[14:24:30.225]controlled G328(S_7csLUtWcQTMcW2AAAe) leave
[14:24:32.936]controlled G328(z1ohvwrzUDPygOfHAAAi) into
[15:19:06.775]controlled G328(z1ohvwrzUDPygOfHAAAi) leave
[15:19:11.354]controlled G328(xx0SMgYNR_ZMv1i5AAAu) into
[15:48:41.436]controlled G328(sp1A5xmxVjeRX7LrAAAw) into
[15:49:01.897]controlled G328(xx0SMgYNR_ZMv1i5AAAu) leave
[15:49:17.129]controlled G2102班电脑(fEk7MZD7YBHbCm7lAAAg) leave
[15:49:22.820]controlled G2102班电脑(9ne4T1s7SniJmIq7AAAy) into
[15:57:00.431]controlled G328(sp1A5xmxVjeRX7LrAAAw) leave
[15:57:16.502]controlled G2102班电脑(9ne4T1s7SniJmIq7AAAy) leave
[15:57:21.924]controlled G2102班电脑(j5x0JCeu0YzBYwdMAAA0) into
[15:58:48.694]controlled G328(UXfFo4kUl03t3fy7AAA4) into
[16:14:45.256]controlled G328(UXfFo4kUl03t3fy7AAA4) leave
[16:14:51.132]controlled G328(Offtnm0Bd43tbKDnAAA6) into
[16:14:59.749]controlled G2102班电脑(j5x0JCeu0YzBYwdMAAA0) leave
[16:15:04.915]controlled G2102班电脑(479ZGgo8PrmuS8t6AAA8) into
[17:07:44.516]controlled G2102班电脑(479ZGgo8PrmuS8t6AAA8) leave
[18:08:09.22]controlled G2102班电脑(OeEVL7A9sgBkrlP_AAA_) into
[18:22:40.194]controlled G2107班电脑(sUabScIgOspTZmpKAABF) into
[19:28:13.383]controlled G328(Offtnm0Bd43tbKDnAAA6) leave
[20:02:20.594]controlled G2102班电脑(He9CXaTrxz6q8U4NAAAD) into
[20:02:20.652]controlled G2107班电脑(hJ4JFxF7ZG0jak2PAAAC) into
[20:23:39.310]controlled G328(aXVAYjsC0Rg05atWAAAH) into
[20:54:44.918]controlled G328(aXVAYjsC0Rg05atWAAAH) leave
[20:55:11.901]controlled G328(8Ul1grDJTTBH6Q1DAAAK) into
[22:32:12.514]controlled G2107班电脑(hJ4JFxF7ZG0jak2PAAAC) leave
[22:44:20.456]controlled G2102班电脑(He9CXaTrxz6q8U4NAAAD) leave
[22:53:41.791]controlled G328(8Ul1grDJTTBH6Q1DAAAK) leave
