[06:57:00.495]controlled G328(EgOY8c_P3aYQ_AgnAAAB) into
[07:12:28.332]controlled G2106班电脑(Z50B6a0YHEyIPRtRAAAD) into
[07:26:47.803]controlled G2107班电脑(Ug-W5xDiyvyiV-hjAAAF) into
[07:54:01.907]controlled G2102班电脑(VXpQxlyeb0_4j4hSAAAH) into
[08:44:18.866]controlled 邹虹(ZtnX6BglSe9ewWt9AAAJ) into
[11:00:16.604]controlled G328(EgOY8c_P3aYQ_AgnAAAB) leave
[11:00:21.202]controlled G328(vOa6Gt-_ZSJsXL02AAAU) into
[11:02:02.358]controlled G2106班电脑(Z50B6a0YHEyIPRtRAAAD) leave
[11:02:04.937]controlled G2102班电脑(VXpQxlyeb0_4j4hSAAAH) leave
[11:02:08.223]controlled G2106班电脑(30pXQoeYoQLAt6wHAAAW) into
[11:02:09.309]controlled G2102班电脑(WCq3ioWBe_6nxZ16AAAY) into
[11:26:27.108]controlled G2102班电脑(WCq3ioWBe_6nxZ16AAAY) leave
[11:26:33.136]controlled 邹虹(ZtnX6BglSe9ewWt9AAAJ) leave
[11:29:48.249]controlled G328(vOa6Gt-_ZSJsXL02AAAU) leave
[11:35:02.407]controlled G328(e_DwfJgweA2vmcVZAAAa) into
[11:39:11.723]controlled G2102班电脑(4OptQVR9einY_mm3AAAc) into
[12:24:13.193]controlled G328(e_DwfJgweA2vmcVZAAAa) leave
[12:24:21.710]controlled G328(nTG9Vw3z0oXQPfrdAAAf) into
[12:24:54.253]controlled G2106班电脑(30pXQoeYoQLAt6wHAAAW) leave
[12:42:52.117]controlled G2102班电脑(4OptQVR9einY_mm3AAAc) leave
[12:59:48.723]controlled G2107班电脑(Ug-W5xDiyvyiV-hjAAAF) leave
[13:29:55.760]controlled G328(nTG9Vw3z0oXQPfrdAAAf) leave
[13:30:01.215]controlled G328(wtg6-N-WUU016PEqAAAj) into
[13:49:55.391]controlled G2102班电脑(lwlu760V1QKdxxhyAAAq) into
[13:53:10.613]controlled G2107班电脑(P4xGZczhnAO099ZXAAAu) into
[14:20:51.142]controlled G2107班电脑(P4xGZczhnAO099ZXAAAu) leave
[14:20:52.211]controlled G328(wtg6-N-WUU016PEqAAAj) leave
[14:20:55.860]controlled G2107班电脑(jnnFGfH53qq2vU3CAAAz) into
[14:20:57.5]controlled G328(iJrjP3Aiu2Y-sv2IAAA1) into
[14:22:55.261]controlled G328(iJrjP3Aiu2Y-sv2IAAA1) leave
[14:22:57.226]controlled G328(Xu_326D3pD6fGbOZAAA3) into
[14:23:26.913]controlled G328(Xu_326D3pD6fGbOZAAA3) leave
[14:23:28.365]controlled G2107班电脑(jnnFGfH53qq2vU3CAAAz) leave
[14:23:29.500]controlled G328(mnU3lAUKkY0Sr-UMAAA6) into
[14:23:31.29]controlled G2107班电脑(OXERonP0i8Miw_nuAAA9) into
[14:24:13.341]controlled G328(mnU3lAUKkY0Sr-UMAAA6) leave
[14:24:13.405]controlled G2107班电脑(OXERonP0i8Miw_nuAAA9) leave
[14:24:15.393]controlled G328(oZjOxuXkKH-2WGquAAA_) into
[14:24:16.945]controlled G2102班电脑(lwlu760V1QKdxxhyAAAq) leave
[14:24:18.101]controlled G2107班电脑(UkyA2xcL3uxD8JWtAABB) into
[14:24:19.407]controlled G2102班电脑(bGF_z5TrlKXiYN-qAABD) into
[15:41:35.204]controlled G2102班电脑(bGF_z5TrlKXiYN-qAABD) leave
[17:44:54.733]controlled G2107班电脑(r-gL6ryGklr0e8f5AAAC) into
[17:44:54.973]controlled G328(7xwVlo8q5a3putsoAAAD) into
[18:11:49.719]controlled G2102班电脑(mVVlEeU0iuc9m8p2AAAF) into
[19:25:18.840]controlled G328(7xwVlo8q5a3putsoAAAD) leave
[20:23:19.732]controlled G328(XNmM74Ls0jIUcCrCAAAN) into
[21:51:35.435]controlled G2107班电脑(r-gL6ryGklr0e8f5AAAC) leave
[22:36:37.110]controlled G2102班电脑(mVVlEeU0iuc9m8p2AAAF) leave
[22:55:48.159]controlled G328(XNmM74Ls0jIUcCrCAAAN) leave
