[11:20:03.338]controller 2G9rJ3WV8jQx3myuAAAB into
[11:20:20.714]controller 2G9rJ3WV8jQx3myuAAAB leave
[13:33:25.61]controller hBVz0JI6kaW_7EOoAAAB into
[13:34:35.986]controlled 自家电脑(KJmPT1gz8w2kc9oAAAAD) into
[14:05:08.430]controlled 自家电脑(KJmPT1gz8w2kc9oAAAAD) leave
[14:08:02.47]controlled 自家电脑(exFqKse8ZrQ5t127AAAF) into
[14:14:01.988]controlled 自家电脑(exFqKse8ZrQ5t127AAAF) leave
[14:14:44.483]controlled 自家电脑(AMiXp2C7LMRbtKNTAAAH) into
[14:15:51.861]controlled 自家电脑(AMiXp2C7LMRbtKNTAAAH) leave
[14:17:05.426]controlled 自家电脑(EItlFdjJWEnVxYKFAAAJ) into
[14:18:27.366]controlled 自家电脑(i_8cb_mMzErumrooAAAL) into
[14:19:11.478]controlled 自家电脑(i_8cb_mMzErumrooAAAL) leave
[14:20:45.731]controlled 自家电脑(I45Qh55N1BovcJKfAAAN) into
[14:22:04.570]controlled 自家电脑(I45Qh55N1BovcJKfAAAN) leave
[14:22:54.277]controlled 自家电脑(Eh73l6YamYKN5FgDAAAP) into
[14:23:25.890]controlled 自家电脑(Eh73l6YamYKN5FgDAAAP) leave
[14:23:52.539]controlled 自家电脑(uJ1DOSs0KmZlPS2bAAAR) into
[14:23:57.771]controller hBVz0JI6kaW_7EOoAAAB leave
[14:24:00.624]controller 6BjurmWXohl181eWAAAT into
[14:24:15.343]controller 6BjurmWXohl181eWAAAT leave
[14:24:18.224]controller _2b2YpspI2Y562L4AAAV into
[14:24:22.233]controller 7GY8iTtUm5esZhlrAAAX into
[14:25:02.267]controller _2b2YpspI2Y562L4AAAV leave
[14:34:07.183]controlled 自家电脑(uJ1DOSs0KmZlPS2bAAAR) leave
[14:34:41.410]controlled 自家电脑(yC5onsAsfLQYdK1jAAAZ) into
[14:35:14.960]controlled 自家电脑(yC5onsAsfLQYdK1jAAAZ) leave
[14:35:24.441]controlled 自家电脑(wO5li5KdHzNQSaNYAAAb) into
[14:35:53.288]controlled 自家电脑(wO5li5KdHzNQSaNYAAAb) leave
[14:37:30.259]controlled 自家电脑(xW2nB2gzjmrSRTbvAAAd) into
[14:38:14.373]controlled 自家电脑(xW2nB2gzjmrSRTbvAAAd) leave
[14:40:11.685]controlled 自家电脑(AO_Jj7H5BpgLfC_1AAAf) into
[14:49:45.285]controlled 自家电脑(sbF9NzuhJQS3VvrWAAAh) into
[14:53:53.536]controlled 自家电脑(sbF9NzuhJQS3VvrWAAAh) leave
[14:54:13.615]controlled 自家电脑(ZPcuCrcYiiSnpTKZAAAj) into
[14:54:56.984]controlled 自家电脑(ZPcuCrcYiiSnpTKZAAAj) leave
[14:55:17.738]controlled 自家电脑(vzBK6FVymasvza6_AAAl) into
[15:15:25.169]controlled 自家电脑(vzBK6FVymasvza6_AAAl) leave
[15:16:11.311]controlled 自家电脑(9RgfzWy3Q-AOXptnAAAn) into
[15:16:47.989]controlled 自家电脑(9RgfzWy3Q-AOXptnAAAn) leave
[15:19:01.405]controlled 自家电脑(BDQTHSVSlrd75bWsAAAp) into
[15:22:55.290]controlled 自家电脑(BDQTHSVSlrd75bWsAAAp) leave
[15:24:15.807]controller 7GY8iTtUm5esZhlrAAAX leave
[16:45:20.51]controller 4RvSPM78O3AwF27CAAAr into
[16:45:51.536]controller 4RvSPM78O3AwF27CAAAr leave
