[06:49:26.419]controlled G2102班电脑(NLTjzX6fmaoZ1KncAAAD) into
[08:50:49.245]controlled G2102班电脑(NLTjzX6fmaoZ1KncAAAD) leave
[08:54:39.313]controlled G328(wYb5Z4j_Mf9lFdmiAAAM) into
[09:55:23.605]controlled G328(wYb5Z4j_Mf9lFdmiAAAM) leave
[09:57:12.796]controlled G328(Tn_rgvL4B6hyqOShAAAb) into
[11:21:24.483]controlled G2106班电脑(d5_opkyiW3QALl9GAAAj) into
[11:25:29.558]controlled G2106班电脑(d5_opkyiW3QALl9GAAAj) leave
[12:24:35.5]controlled G328(Tn_rgvL4B6hyqOShAAAb) leave
[12:26:29.155]controlled G328(iI0iEz4Z07KU0wWaAAAq) into
[14:24:31.215]controlled G328(iI0iEz4Z07KU0wWaAAAq) leave
[14:24:57.939]controlled G328(treed9KmcjGI2KobAAA5) into
[16:14:32.959]controlled G2106班电脑(8VdGSIU6Vg09LaDqAAA9) into
[16:20:53.762]controlled G2106班电脑(8VdGSIU6Vg09LaDqAAA9) leave
[16:21:02.469]controlled G2106班电脑(ptdh3KQNHB1EoLujAAA_) into
[16:22:34.992]controlled G328(treed9KmcjGI2KobAAA5) leave
[16:22:59.912]controlled G328(_rGxEuJuuNmhpaPbAABC) into
[16:52:55.229]controlled G328(_rGxEuJuuNmhpaPbAABC) leave
[16:52:59.409]controlled G2106班电脑(ptdh3KQNHB1EoLujAAA_) leave
[16:53:00.559]controlled G328(t8queKCCveQ-PwZTAABL) into
[16:53:27.870]controlled G2106班电脑(tPsr4cHNMbXqHqPlAABO) into
[16:59:52.529]controlled G2106班电脑(tPsr4cHNMbXqHqPlAABO) leave
[17:23:31.255]controlled G328(t8queKCCveQ-PwZTAABL) leave
[17:23:39.352]controlled G328(XGZaFK5D_G4BRLkAAABQ) into
[17:52:46.86]controlled G328(XGZaFK5D_G4BRLkAAABQ) leave
[17:52:50.860]controlled G328(SljSkFFQhfqmXb5qAABW) into
[18:35:17.495]controlled G328(QE52kvLvvZ7AuosEAAAC) into
[18:52:56.165]controlled G328(QE52kvLvvZ7AuosEAAAC) leave
[18:53:00.354]controlled G328(aRmTVm7COevGI4pmAAAE) into
[19:23:32.823]controlled G328(aRmTVm7COevGI4pmAAAE) leave
[19:23:35.373]controlled G328(oRt8vDEjUbv8698pAAAI) into
[19:46:05.687]controlled G2102班电脑(sm5b3M4mEe4MogLxAAAK) into
[19:55:07.964]controlled G2102班电脑(sm5b3M4mEe4MogLxAAAK) leave
[19:55:12.387]controlled G2102班电脑(ejQ6zMCa37MLeXjMAAAN) into
[20:23:32.376]controlled G2102班电脑(ejQ6zMCa37MLeXjMAAAN) leave
[20:23:45.831]controlled G2102班电脑(QWCvDNEvSWCo3QTkAAAR) into
[20:25:11.943]controlled G2106班电脑(BkUpCU7QBmFZ6NuWAAAT) into
[20:53:10.570]controlled G2106班电脑(BkUpCU7QBmFZ6NuWAAAT) leave
[20:53:15.69]controlled G2106班电脑(jsfSZp1QVPhwJxDzAAAV) into
[20:53:18.648]controlled G328(oRt8vDEjUbv8698pAAAI) leave
[20:53:18.758]controlled G2102班电脑(QWCvDNEvSWCo3QTkAAAR) leave
[20:53:23.873]controlled G328(vqx7PrJ6TzOyDpp6AAAX) into
[20:53:25.377]controlled G2102班电脑(emvQ6yyjQBGxRJe3AAAZ) into
[21:23:22.154]controlled G2106班电脑(jsfSZp1QVPhwJxDzAAAV) leave
[21:23:27.34]controlled G2102班电脑(emvQ6yyjQBGxRJe3AAAZ) leave
[21:23:27.133]controlled G328(vqx7PrJ6TzOyDpp6AAAX) leave
[21:23:27.489]controlled G2106班电脑(T-Tl9tIABfRoX08RAAAc) into
[21:23:31.508]controlled G328(Hy2M4cJAiZq8U81ZAAAf) into
[21:23:31.522]controlled G2102班电脑(qCgvmBdSFrqGLDpHAAAg) into
[21:53:14.530]controlled G328(Hy2M4cJAiZq8U81ZAAAf) leave
[21:53:40.860]controlled G2102班电脑(qCgvmBdSFrqGLDpHAAAg) leave
[21:53:43.577]controlled G328(-FKOvMwaSZL6f33EAAAi) into
[21:53:54.492]controlled G2102班电脑(mgjVNM_GH-I17Z4hAAAk) into
[22:03:32.356]controlled G2102班电脑(mgjVNM_GH-I17Z4hAAAk) leave
[22:26:32.523]controlled G2106班电脑(T-Tl9tIABfRoX08RAAAc) leave
[22:59:09.434]controlled G328(-FKOvMwaSZL6f33EAAAi) leave
