[08:31:06.997]controlled G2106班电脑(0325IfZDr8GSJWKWAAAB) into
[08:47:46.329]controlled G2102班电脑(SSjLc4qYrd8PavJIAAAD) into
[13:00:37.928]controlled 自家电脑(l3QS5Z-kNiZJLMSYAAAR) into
[13:00:56.153]controlled 自家电脑(l3QS5Z-kNiZJLMSYAAAR) leave
[13:58:15.214]controlled G2102班电脑(SSjLc4qYrd8PavJIAAAD) leave
[14:23:58.822]controlled G2106班电脑(0325IfZDr8GSJWKWAAAB) leave
[14:24:03.558]controlled G2106班电脑(XGAk3CDlFXAGjib2AAAT) into
[14:35:20.432]controlled G2106班电脑(XGAk3CDlFXAGjib2AAAT) leave
[15:24:38.881]controlled G2102班电脑(Z6K5SG4lEdHx3n-YAAAX) into
[15:29:24.196]controlled G2106班电脑(cnAk1xzaPNolo2oZAAAZ) into
[15:32:37.574]controlled G2102班电脑(Z6K5SG4lEdHx3n-YAAAX) leave
[16:24:02.568]controlled G2106班电脑(cnAk1xzaPNolo2oZAAAZ) leave
[16:51:31.723]controlled G2106班电脑(dxJDGlhhw42J5DACAAAd) into
[17:52:26.594]controlled G2107班电脑(XvOaiJAf2WnGnod-AAAk) into
[18:30:36.429]controlled G2106班电脑(CSdyaYsTkGbvfITZAAAC) into
[18:30:36.516]controlled G2107班电脑(NNYDIByqoVotXolrAAAD) into
[20:05:16.140]controlled G2102班电脑(5P_Vcd0MIyGdoQP8AAAI) into
[21:49:02.213]controlled G2107班电脑(NNYDIByqoVotXolrAAAD) leave
[21:50:46.71]controlled G2106班电脑(CSdyaYsTkGbvfITZAAAC) leave
[21:54:36.99]controlled G2102班电脑(5P_Vcd0MIyGdoQP8AAAI) leave
