[11:06:03.737]controlled G2102班电脑(urSIu9WmSVZoyVJvAAAD) into
[11:22:23.705]controlled G2102班电脑(urSIu9WmSVZoyVJvAAAD) leave
[12:36:44.583]controlled G2102班电脑(PJRgQk38EAUul-jTAAAH) into
[12:53:02.366]controlled G2102班电脑(PJRgQk38EAUul-jTAAAH) leave
[12:53:10.284]controlled G2102班电脑(aHxF9Wp6TDxD_2m1AAAJ) into
[13:07:21.585]controlled G2102班电脑(aHxF9Wp6TDxD_2m1AAAJ) leave
[13:07:51.815]controlled G2102班电脑(uYE6iUgVasOYvj4qAAAL) into
[13:22:25.483]controlled G2102班电脑(_yon15odJ-PzldZ0AAAB) into
[13:30:55.239]controlled 自家电脑(xXIqmOnko2Mz6YsaAAAD) into
[14:23:10.474]controlled G2102班电脑(_yon15odJ-PzldZ0AAAB) leave
[14:23:13.816]controlled G2102班电脑(rVX4ELtKT9wES6BUAAAF) into
[14:24:15.605]controlled 自家电脑(xXIqmOnko2Mz6YsaAAAD) leave
[14:24:18.241]controlled 自家电脑(BZjGOtb2696xc6wfAAAH) into
[14:24:28.477]controlled G2102班电脑(rVX4ELtKT9wES6BUAAAF) leave
[14:24:30.829]controlled G2102班电脑(kclavVxFRlUhQgLrAAAJ) into
[14:37:32.499]controlled G2102班电脑(b2IiGqqh_p4zEnlCAAAL) into
[14:37:52.751]controlled G2102班电脑(kclavVxFRlUhQgLrAAAJ) leave
[14:54:14.286]controlled G2102班电脑(b2IiGqqh_p4zEnlCAAAL) leave
[14:54:16.839]controlled G2102班电脑(zMD3tfHcevQ7tYFEAAAN) into
[15:07:41.227]controlled G2102班电脑(zMD3tfHcevQ7tYFEAAAN) leave
[15:07:53.176]controlled G2102班电脑(tSsjWaF7sCCBalRqAAAP) into
[15:19:47.475]controlled 自家电脑(BZjGOtb2696xc6wfAAAH) leave
[15:37:39.224]controlled G2102班电脑(tSsjWaF7sCCBalRqAAAP) leave
[15:37:44.692]controlled G2102班电脑(Ee5csfWpg3bG1ImaAAAT) into
[15:53:13.694]controlled G2102班电脑(Ee5csfWpg3bG1ImaAAAT) leave
[15:53:15.447]controlled G2102班电脑(_B_Cj1czZfvrO2yQAAAV) into
[16:07:54.626]controlled G2102班电脑(_B_Cj1czZfvrO2yQAAAV) leave
[16:07:59.727]controlled G2102班电脑(waxcTlN5OESN8G7aAAAX) into
[16:23:02.656]controlled G2102班电脑(waxcTlN5OESN8G7aAAAX) leave
[16:23:09.472]controlled G2102班电脑(LCpqwnBrZb9k6jxoAAAb) into
[18:28:10.208]controlled G2107班电脑(s1yvvpa0LXRK1yckAAAf) into
[19:08:22.594]controlled G2102班电脑(tE3in1Tc8deSm2iGAAAC) into
[19:08:22.604]controlled G2107班电脑(HbnVP176zEdnB3HoAAAD) into
[19:22:59.668]controlled G2102班电脑(tE3in1Tc8deSm2iGAAAC) leave
[19:23:01.218]controlled G2107班电脑(HbnVP176zEdnB3HoAAAD) leave
[19:23:05.76]controlled G2102班电脑(ohAa36LvpnlIfCZUAAAF) into
[19:23:06.79]controlled G2107班电脑(M4pWqmdrnExugOG3AAAH) into
[19:38:08.82]controlled G2107班电脑(M4pWqmdrnExugOG3AAAH) leave
[19:38:08.825]controlled G2102班电脑(ohAa36LvpnlIfCZUAAAF) leave
[19:38:13.899]controlled G2102班电脑(gHkXS89cZbtz7GmCAAAK) into
[19:38:14.984]controlled G2107班电脑(gf46RD9dBV_h9z08AAAL) into
[21:53:03.160]controlled G2107班电脑(gf46RD9dBV_h9z08AAAL) leave
[21:53:31.451]controlled G2107班电脑(5xij7dol6GA6C8KuAAAN) into
[21:55:56.359]controlled G2107班电脑(5xij7dol6GA6C8KuAAAN) leave
[22:08:38.313]controlled G2102班电脑(gHkXS89cZbtz7GmCAAAK) leave
