[07:13:43.300]controlled G328(vb7m8wlPe_gSbA8qAAAB) into
[10:30:03.971]controlled G2106班电脑(GmRLTuMTonNL-euKAAAJ) into
[11:59:18.255]controlled G2106班电脑(GmRLTuMTonNL-euKAAAJ) leave
[14:24:15.976]controlled G328(vb7m8wlPe_gSbA8qAAAB) leave
[14:24:22.154]controlled G328(QTkT88kuCbKc_pYEAAAX) into
[14:24:27.667]controlled G328(QTkT88kuCbKc_pYEAAAX) leave
[14:24:30.479]controlled G328(8xmVpZUU2kE1Ko1eAAAZ) into
[15:50:27.495]controlled G2106班电脑(um357F8DpYE533cyAAAe) into
[16:10:24.729]controlled G328(8xmVpZUU2kE1Ko1eAAAZ) leave
[16:10:28.748]controlled G328(9U8ZNz0S2DHKH8jKAAAh) into
[16:10:36.398]controlled G2106班电脑(um357F8DpYE533cyAAAe) leave
[16:10:40.975]controlled G2106班电脑(PI7nnQWpxOu2_HQyAAAj) into
[16:14:59.653]controlled G328(9U8ZNz0S2DHKH8jKAAAh) leave
[16:15:04.333]controlled G328(zgooViW_Z8KpmVoMAAAl) into
[16:15:13.494]controlled G2106班电脑(PI7nnQWpxOu2_HQyAAAj) leave
[16:15:17.546]controlled G2106班电脑(DZtChdHhuhwLX4JIAAAn) into
[16:44:49.835]controlled G2106班电脑(DZtChdHhuhwLX4JIAAAn) leave
[16:44:54.733]controlled G2106班电脑(TncG-w_LbWTVjuaZAAAp) into
[16:45:02.758]controlled G328(zgooViW_Z8KpmVoMAAAl) leave
[16:45:09.85]controlled G328(6plGZ_ZKgWJjzfrKAAAr) into
[17:15:03.106]controlled G328(6plGZ_ZKgWJjzfrKAAAr) leave
[17:15:06.429]controlled G328(iJqBqebrjT-Tjr5BAAAt) into
[17:15:15.406]controlled G2106班电脑(TncG-w_LbWTVjuaZAAAp) leave
[17:15:20.875]controlled G2106班电脑(UDhB7NIemL5t1BcTAAAv) into
[17:45:05.402]controlled G2106班电脑(UDhB7NIemL5t1BcTAAAv) leave
[17:45:06.207]controlled G328(iJqBqebrjT-Tjr5BAAAt) leave
[17:45:08.108]controlled G2106班电脑(fFxjFI-8oUSJ4_A2AAA1) into
[17:45:11.747]controlled G328(tDoXC9ZrqcI2XzDeAAA3) into
[18:15:09.655]controlled G2106班电脑(fFxjFI-8oUSJ4_A2AAA1) leave
[18:15:12.148]controlled G2106班电脑(E6iMDF4UKpMMdUQNAAA5) into
[18:28:30.502]controlled G2106班电脑(E6iMDF4UKpMMdUQNAAA5) leave
[18:29:37.982]controlled G2102班电脑(KUCc-hYHCTAIppGpAAA7) into
[18:30:30.670]controlled G328(tDoXC9ZrqcI2XzDeAAA3) leave
[18:30:33.856]controlled G328(ozoH8kEL5HYBgwXMAAA9) into
[18:45:33.970]controlled G2102班电脑(KUCc-hYHCTAIppGpAAA7) leave
[18:46:02.160]controlled G2102班电脑(kJWVfUyO1xdNzV4EAABA) into
[18:56:33.268]controlled G2102班电脑(vvR8ytae7_C52cUPAAAB) into
[18:56:36.327]controlled G328(ZqTUQ1QKceiO1fi1AAAE) into
[19:15:32.817]controlled G328(ZqTUQ1QKceiO1fi1AAAE) leave
[19:15:33.234]controlled G2102班电脑(vvR8ytae7_C52cUPAAAB) leave
[19:15:37.607]controlled G328(h6dfUbVWHSmWE1DsAAAK) into
[19:15:37.693]controlled G2102班电脑(FuQ9e22jwt_B_lQ8AAAL) into
[19:19:18.334]controlled G328(h6dfUbVWHSmWE1DsAAAK) leave
[19:19:21.65]controlled G328(4SQexufqZa2X242tAAAN) into
[19:45:32.433]controlled G328(4SQexufqZa2X242tAAAN) leave
[19:45:32.436]controlled G2102班电脑(FuQ9e22jwt_B_lQ8AAAL) leave
[19:45:37.597]controlled G328(pRrl2Rjy3rzcN9aOAAAQ) into
[19:45:37.708]controlled G2102班电脑(YqfPu31UYFnzxVdAAAAR) into
[20:09:27.168]controlled 邹虹(xP9jV7emN2qGEf7aAAAT) into
[20:10:11.48]controlled 邹虹(xP9jV7emN2qGEf7aAAAT) leave
[20:50:20.943]controlled G328(pRrl2Rjy3rzcN9aOAAAQ) leave
[21:21:14.290]controlled G2106班电脑(mUqkTsO8gDQ-Nz8TAAAV) into
[22:27:05.837]controlled G2102班电脑(YqfPu31UYFnzxVdAAAAR) leave
[22:29:32.459]controlled G2106班电脑(mUqkTsO8gDQ-Nz8TAAAV) leave
