[07:12:23.209]controlled G2106班电脑(ccbfbR8o6Qjia6duAAAB) into
[07:54:47.906]controlled G2106班电脑(ccbfbR8o6Qjia6duAAAB) leave
[07:54:56.645]controlled G2106班电脑(PQPbLTQk3jVNwUfGAAAD) into
[08:09:11.323]controlled G2107班电脑(RmRo4rcUZsJNVR2CAAAF) into
[10:57:30.73]controlled G2106班电脑(PQPbLTQk3jVNwUfGAAAD) leave
[10:57:34.641]controlled G2106班电脑(mdZit1ZcySWqdnuFAAAH) into
[10:57:44.809]controlled G2107班电脑(RmRo4rcUZsJNVR2CAAAF) leave
[10:57:49.652]controlled G2107班电脑(_72zXHSF4qyxOdKuAAAJ) into
[12:04:25.105]controlled G2106班电脑(mdZit1ZcySWqdnuFAAAH) leave
[12:05:14.265]controlled G2106班电脑(KcGzP7ptHid8tQUoAAAO) into
[12:19:51.360]controlled G2106班电脑(KcGzP7ptHid8tQUoAAAO) leave
[12:19:58.349]controlled G2106班电脑(7pcnWe5PlcsentFqAAAS) into
[13:11:38.670]controlled G2107班电脑(_72zXHSF4qyxOdKuAAAJ) leave
[13:11:43.283]controlled G2107班电脑(givqENmX4pTVjFQLAAAU) into
[13:29:31.936]controlled G2107班电脑(givqENmX4pTVjFQLAAAU) leave
[13:39:49.552]controlled G2107班电脑(gZlT5TQoIBzk1vbcAAAW) into
[13:49:49.533]controlled G2107班电脑(gZlT5TQoIBzk1vbcAAAW) leave
[13:49:54.248]controlled G2107班电脑(uhL7aFmIWPqgl_GQAAAa) into
[13:50:01.596]controlled G2106班电脑(7pcnWe5PlcsentFqAAAS) leave
[13:50:09.284]controlled G2106班电脑(i5OlniX5h-TLrWkoAAAc) into
[14:23:11.716]controlled G2106班电脑(i5OlniX5h-TLrWkoAAAc) leave
[14:23:15.833]controlled G2106班电脑(KbiZHwSv5H8hFKuZAAAg) into
[14:23:45.280]controlled G2106班电脑(KbiZHwSv5H8hFKuZAAAg) leave
[14:23:47.696]controlled G2106班电脑(33BEXZtmwAgiSy3tAAAi) into
[14:23:57.709]controlled G2107班电脑(uhL7aFmIWPqgl_GQAAAa) leave
[14:24:00.827]controlled G2107班电脑(voq3XrQ-xwzmXdWSAAAk) into
[17:01:32.191]controlled G2106班电脑(33BEXZtmwAgiSy3tAAAi) leave
[17:42:23.827]controlled G2106班电脑(q5VkwLm5f2qtBb5bAAAs) into
[18:16:15.81]controlled G2106班电脑(e--qPOiYh3WqSlS2AAAC) into
[18:16:15.233]controlled G2107班电脑(LxKzBnBmDSM5blNsAAAD) into
[19:38:58.944]controlled G2107班电脑(LxKzBnBmDSM5blNsAAAD) leave
[20:05:15.677]controlled G2107班电脑(LdaUfGGVkB1h3Wj8AAAF) into
[20:50:26.561]controlled G2106班电脑(e--qPOiYh3WqSlS2AAAC) leave
[20:50:32.23]controlled G2106班电脑(pWrSNGUfhAMg66rAAAAK) into
[21:56:59.619]controlled G2106班电脑(pWrSNGUfhAMg66rAAAAK) leave
[22:13:24.384]controlled G2107班电脑(LdaUfGGVkB1h3Wj8AAAF) leave
