[09:39:57.253]controlled G2107班电脑(6o8SZ9tLwyxI_dhaAAAH) into
[11:57:22.847]controlled G2107班电脑(6o8SZ9tLwyxI_dhaAAAH) leave
[13:51:48.775]controlled G2107班电脑(YzivWJxNyECDFibUAAAd) into
[14:00:58.53]controlled G2107班电脑(YzivWJxNyECDFibUAAAd) leave
[14:01:03.972]controlled G2107班电脑(v-Oa7G6h9K-VQszqAAAf) into
[14:24:31.766]controlled G2107班电脑(v-Oa7G6h9K-VQszqAAAf) leave
[14:24:35.728]controlled G2107班电脑(RtLxIu32U8NsBTIJAAAk) into
[15:39:20.594]controlled G2107班电脑(RtLxIu32U8NsBTIJAAAk) leave
[15:39:27.189]controlled G2107班电脑(83uZvOMqsDcDjLKfAAAo) into
[16:08:49.889]controlled G2107班电脑(83uZvOMqsDcDjLKfAAAo) leave
[16:08:54.656]controlled G2107班电脑(55WXh035O8N0uvnxAAAq) into
[16:11:41.477]controlled G2102班电脑(qrW5HMRph7p1gBtWAAAs) into
[18:12:56.716]controlled G2102班电脑(qrW5HMRph7p1gBtWAAAs) leave
[18:13:02.7]controlled G2102班电脑(I4hLcOUwo2zlvRxQAAA1) into
[18:13:20.698]controlled G2107班电脑(55WXh035O8N0uvnxAAAq) leave
[18:13:25.958]controlled G2107班电脑(zSs1lKUd2ZgQCX9_AAA3) into
[18:17:57.434]controlled G2107班电脑(zSs1lKUd2ZgQCX9_AAA3) leave
[18:18:02.689]controlled G2107班电脑(Vzb_gNMtCZCB3cIVAAA5) into
[18:38:56.998]controlled G2102班电脑(6E2aGnbI9CupPuTpAAAC) into
[18:38:58.86]controlled G2107班电脑(LuAG-02pE_K4fQTZAAAD) into
[19:27:17.192]controlled G2102班电脑(6E2aGnbI9CupPuTpAAAC) leave
[19:27:21.907]controlled G2102班电脑(q7cSlNxohKd1valyAAAP) into
[21:50:15.727]controlled G2107班电脑(LuAG-02pE_K4fQTZAAAD) leave
[22:57:06.785]controlled G2102班电脑(q7cSlNxohKd1valyAAAP) leave
