[07:12:20.522]controlled G2106班电脑(Kdzjsutuxjqg50EHAAAD) into
[07:32:42.544]controlled G2102班电脑(zbdQEJzbuM84GxlNAAAH) into
[07:34:21.455]controlled G328(HSS8QGrrs43V29cFAAAJ) into
[14:23:12.51]controlled G2106班电脑(Kdzjsutuxjqg50EHAAAD) leave
[14:23:38.730]controlled G2106班电脑(kCJiuYaeYChmHjxFAAAR) into
[14:23:59.501]controlled G2106班电脑(kCJiuYaeYChmHjxFAAAR) leave
[14:24:03.287]controlled G2106班电脑(n5xolo68jbMBBKRuAAAT) into
[14:24:17.673]controlled G328(HSS8QGrrs43V29cFAAAJ) leave
[14:24:17.702]controlled G2102班电脑(zbdQEJzbuM84GxlNAAAH) leave
[14:25:03.550]controlled G328(b3E33Hhk6gRsUQnXAAAW) into
[14:25:24.12]controlled G2102班电脑(jRtp26HgO6Ya9hUlAAAa) into
[14:43:08.461]controlled G328(b3E33Hhk6gRsUQnXAAAW) leave
[14:54:49.14]controlled G328(Y0szMkFqbohjyyITAAAg) into
[15:11:50.388]controlled G328(Y0szMkFqbohjyyITAAAg) leave
[15:27:41.111]controlled G328(hDi3mUYFEOgySFgTAAAi) into
[15:30:01.303]controlled G328(hDi3mUYFEOgySFgTAAAi) leave
[15:30:34.101]controlled G2102班电脑(jRtp26HgO6Ya9hUlAAAa) leave
[16:14:47.913]controlled G328(5AalgUDDC3A7el1vAAAk) into
[16:17:13.289]controlled G328(5AalgUDDC3A7el1vAAAk) leave
[16:17:59.631]controlled G2106班电脑(n5xolo68jbMBBKRuAAAT) leave
[16:18:27.80]controlled G2106班电脑(e2ixCbFiyDlIdn1UAAAo) into
[16:18:52.413]controlled G328(0DLiQcXYK-C13xXyAAAr) into
[16:47:53.196]controlled G328(0DLiQcXYK-C13xXyAAAr) leave
[16:48:13.954]controlled G2106班电脑(e2ixCbFiyDlIdn1UAAAo) leave
[16:48:21.309]controlled G328(JtamaEOYgt8HdHLrAAAv) into
[16:48:58.227]controlled G2106班电脑(Ac7dN7xS1zgFzXtxAAAy) into
[17:17:44.271]controlled G328(JtamaEOYgt8HdHLrAAAv) leave
[17:17:55.231]controlled G2106班电脑(Ac7dN7xS1zgFzXtxAAAy) leave
[17:18:11.503]controlled G328(0fHI64pQJBgGQMbQAAA1) into
[17:18:21.37]controlled G2106班电脑(tG-Iz-qmOsXd6sVxAAA4) into
[17:47:34.372]controlled G328(0fHI64pQJBgGQMbQAAA1) leave
[17:47:44.937]controlled G2106班电脑(tG-Iz-qmOsXd6sVxAAA4) leave
[17:48:02.535]controlled G328(OUBpgkn15OtG9WJOAAA7) into
[17:48:11.733]controlled G2106班电脑(t-SzRWqaB1mdHt69AAA-) into
[17:56:47.559]controlled G328(OUBpgkn15OtG9WJOAAA7) leave
[17:57:39.200]controlled G328(vWDWE-d7YTAIrJZIAABC) into
[17:59:40.22]controlled G2102班电脑(fcXBZ8sCtLJtw8ImAABE) into
[18:02:04.811]controlled G2102班电脑(fcXBZ8sCtLJtw8ImAABE) leave
[18:02:11.671]controlled G328(vWDWE-d7YTAIrJZIAABC) leave
[18:02:24.731]controlled G2106班电脑(t-SzRWqaB1mdHt69AAA-) leave
[18:02:26.923]controlled G2106班电脑(Wh8MhX-eiUbXz_XNAABG) into
[18:03:44.420]controlled G328(ua3serBHID4npPFjAABK) into
[18:04:07.117]controlled G2102班电脑(U_ctbzNvXtJ2UmmiAABO) into
[18:15:49.878]controlled G2106班电脑(Wh8MhX-eiUbXz_XNAABG) leave
[18:15:54.949]controlled G328(ua3serBHID4npPFjAABK) leave
[18:16:01.319]controlled G328(Ph1762x3Oxh2A4PHAABQ) into
[18:16:14.317]controlled G2106班电脑(X7NqoOtc5pvFfzaRAABS) into
[18:17:54.834]controlled G2102班电脑(U_ctbzNvXtJ2UmmiAABO) leave
[18:19:03.820]controlled G2102班电脑(1qjOWQqENaOv9FB8AABW) into
[18:30:03.413]controlled G2106班电脑(X7NqoOtc5pvFfzaRAABS) leave
[18:30:10.114]controlled G2106班电脑(eynOpEm2fEdXDlTpAABg) into
[18:30:16.197]controlled G328(Ph1762x3Oxh2A4PHAABQ) leave
[18:30:19.973]controlled G2102班电脑(1qjOWQqENaOv9FB8AABW) leave
[18:31:20.704]controlled G328(Ty9tv-Z3BwUQAPg0AABj) into
[18:32:36.731]controlled G2102班电脑(7kj6cuX3puqWCU5YAABn) into
[18:33:00.626]controlled G2106班电脑(eynOpEm2fEdXDlTpAABg) leave
[18:38:26.131]controlled G2106班电脑(hAdpQv3xvVKGCxVpAABs) into
[18:46:26.113]controlled G328(Ty9tv-Z3BwUQAPg0AABj) leave
[18:46:28.550]controlled G2102班电脑(7kj6cuX3puqWCU5YAABn) leave
[18:46:52.407]controlled G328(xWh6bhAFB5Nt9g5qAABw) into
[18:46:53.778]controlled G2102班电脑(rzgqnPh0LJzl8ItmAABy) into
[18:58:25.335]controlled G2106班电脑(G7THUP3LuJEcEtPPAAAB) into
[18:58:52.768]controlled G2102班电脑(jHzD9RDIfyibRoFZAAAG) into
[18:58:52.838]controlled G328(8FRmT8oB7W55h5QeAAAH) into
[19:05:44.925]controlled G328(8FRmT8oB7W55h5QeAAAH) leave
[20:18:49.496]controlled G2106班电脑(G7THUP3LuJEcEtPPAAAB) leave
[20:18:52.5]controlled G2102班电脑(jHzD9RDIfyibRoFZAAAG) leave
[20:18:56.902]controlled G2102班电脑(AqN1gF3QPxOM0zwRAAAJ) into
[20:19:55.904]controlled G2106班电脑(FNIhAxpPdWTD4PM5AAAN) into
[20:24:56.210]controlled G2102班电脑(AqN1gF3QPxOM0zwRAAAJ) leave
[20:28:12.123]controlled G2106班电脑(FNIhAxpPdWTD4PM5AAAN) leave
[20:32:35.115]controlled G2106班电脑(0H70Y0wNHDeNwgJCAAAP) into
[20:48:54.488]controlled G2106班电脑(0H70Y0wNHDeNwgJCAAAP) leave
[20:49:21.893]controlled G2106班电脑(hW4O9jiN9gkEedFbAAAS) into
[21:18:45.220]controlled G2106班电脑(hW4O9jiN9gkEedFbAAAS) leave
[21:19:11.925]controlled G2106班电脑(S67Iipcwr9oRJmofAAAV) into
[21:48:12.110]controlled G2106班电脑(S67Iipcwr9oRJmofAAAV) leave
[21:48:57.706]controlled G2106班电脑(NUw55zRrLASYlTZyAAAY) into
[22:18:02.515]controlled G2106班电脑(NUw55zRrLASYlTZyAAAY) leave
[22:18:28.857]controlled G2106班电脑(LW6IqZJ7V6uLWgeSAAAb) into
[22:29:20.203]controlled G2106班电脑(LW6IqZJ7V6uLWgeSAAAb) leave
[22:29:41.115]controlled G2102班电脑(thfnufx2XoYUeY17AAAd) into
[22:36:51.328]controlled G2102班电脑(thfnufx2XoYUeY17AAAd) leave
