[07:33:56.616]controlled G328(JIvYSzRMC-Ceusp7AAAB) into
[08:50:42.414]controlled G2102班电脑(0GVQQyvrTxp-sG3SAAAD) into
[09:12:53.405]controlled G2107班电脑(gJ7dGBrE9Dg8V77MAAAF) into
[09:56:29.185]controlled G328(JIvYSzRMC-Ceusp7AAAB) leave
[09:56:31.481]controlled G2107班电脑(gJ7dGBrE9Dg8V77MAAAF) leave
[09:56:33.853]controlled G328(3yiPgO6tXVc9e_M3AAAH) into
[09:56:35.929]controlled G2107班电脑(Fnu5-J8cOoLU87MVAAAJ) into
[09:56:40.217]controlled G2102班电脑(0GVQQyvrTxp-sG3SAAAD) leave
[09:56:45.484]controlled G2102班电脑(A0QuGCdJaw3RBDzAAAAL) into
[10:28:13.83]controlled G2102班电脑(A0QuGCdJaw3RBDzAAAAL) leave
[10:28:17.638]controlled G2102班电脑(-DqEt4c3-zJ3TApYAAAN) into
[10:28:27.410]controlled G328(3yiPgO6tXVc9e_M3AAAH) leave
[10:28:31.751]controlled G328(vnic9zbgla8DkE3SAAAP) into
[10:30:42.808]controlled G2102班电脑(-DqEt4c3-zJ3TApYAAAN) leave
[10:30:47.941]controlled G2102班电脑(gOqSppq17Rmk_CgSAAAR) into
[10:31:07.80]controlled G2102班电脑(gOqSppq17Rmk_CgSAAAR) leave
[11:14:19.304]controlled G328(vnic9zbgla8DkE3SAAAP) leave
[11:14:22.446]controlled G328(kNj7xY_OdDfE4okRAAAX) into
[12:39:55.349]controlled G2102班电脑(r6hLO8wsEPMOv1zGAAAd) into
[12:53:58.483]controlled G2107班电脑(Fnu5-J8cOoLU87MVAAAJ) leave
[13:36:16.7]controlled G2102班电脑(r6hLO8wsEPMOv1zGAAAd) leave
[13:54:45.168]controlled G2102班电脑(C9JvkYRJsJ9miAJiAAAh) into
[14:23:27.422]controlled G328(kNj7xY_OdDfE4okRAAAX) leave
[14:23:31.65]controlled G328(JZ-Ja2DPwksO4pxFAAAj) into
[14:24:10.902]controlled G328(JZ-Ja2DPwksO4pxFAAAj) leave
[14:24:11.8]controlled G2102班电脑(C9JvkYRJsJ9miAJiAAAh) leave
[14:24:13.8]controlled G328(YM3ppkuE_90l6vv_AAAl) into
[14:24:14.803]controlled G2102班电脑(quwnetRT6hR0_afxAAAn) into
[14:27:03.835]controlled G328(YM3ppkuE_90l6vv_AAAl) leave
[14:27:09.524]controlled G328(JoxK0mQnlazz7yJVAAAp) into
[14:46:00.882]controlled G2102班电脑(quwnetRT6hR0_afxAAAn) leave
[14:46:06.579]controlled G2102班电脑(6Kz_abieaLkXIGh3AAAt) into
[15:57:57.606]controlled G2102班电脑(6Kz_abieaLkXIGh3AAAt) leave
[15:58:02.930]controlled G2102班电脑(imTMFdaoWi5IZb8aAAAz) into
[15:58:12.247]controlled G328(JoxK0mQnlazz7yJVAAAp) leave
[15:58:16.661]controlled G328(FL3NucaBUy6TRwNTAAA1) into
[18:29:42.34]controlled G328(FL3NucaBUy6TRwNTAAA1) leave
[18:29:44.242]controlled G328(K7FDTAl_qlAagKIOAAA3) into
[19:23:52.528]controlled G2102班电脑(JKQ0YfKLHrmuDx9AAAAE) into
[19:23:52.549]controlled G328(MscdcKdeNn8twbxfAAAF) into
[19:25:45.535]controlled G328(MscdcKdeNn8twbxfAAAF) leave
[21:25:24.417]controlled G2102班电脑(JKQ0YfKLHrmuDx9AAAAE) leave
[21:39:09.726]controlled G2102班电脑(38oqKcWOgut4LJQ3AAxb) into
[22:21:50.117]controlled G328(Nx3bi7qbbiOYVnmqAAx_) into
[22:30:26.341]controlled G2102班电脑(38oqKcWOgut4LJQ3AAxb) leave
[22:56:32.750]controlled G328(Nx3bi7qbbiOYVnmqAAx_) leave
