[07:37:47.435]controlled G328(FMAs9l-Eq2cREyevAAAB) into
[07:56:15.238]controlled G2106班电脑(mgEdRBDdAK1ta2LkAAAD) into
[08:53:09.780]controlled G2102班电脑(LY0VWVkR7hj9Yzo3AAAF) into
[09:18:41.749]controlled G328(FMAs9l-Eq2cREyevAAAB) leave
[09:18:42.576]controlled G2106班电脑(mgEdRBDdAK1ta2LkAAAD) leave
[09:18:42.627]controlled G2102班电脑(LY0VWVkR7hj9Yzo3AAAF) leave
[09:18:46.371]controlled G328(C7_KmBIFurrxn8NlAAAH) into
[09:18:47.547]controlled G2102班电脑(uAPoRI8U2JKofkGTAAAJ) into
[09:18:48.49]controlled G2106班电脑(uoUherRezExAjNeeAAAL) into
[09:45:38.45]controlled G2106班电脑(uoUherRezExAjNeeAAAL) leave
[09:45:38.129]controlled G328(C7_KmBIFurrxn8NlAAAH) leave
[09:45:40.722]controlled G2106班电脑(BI3xxd3TJIic--VoAAAN) into
[09:45:43.103]controlled G328(TCpX2u8tVc90AGkvAAAP) into
[09:48:31.158]controlled G2106班电脑(BI3xxd3TJIic--VoAAAN) leave
[09:48:33.217]controlled G2106班电脑(YtkD0g1t-V-IrY-TAAAR) into
[11:40:57.998]controlled G328(TCpX2u8tVc90AGkvAAAP) leave
[11:45:42.961]controlled G2102班电脑(uAPoRI8U2JKofkGTAAAJ) leave
[12:26:48.418]controlled G2106班电脑(YtkD0g1t-V-IrY-TAAAR) leave
[12:26:51.143]controlled G2106班电脑(NdMlKNVdU0jpLm9bAAAX) into
[12:33:21.233]controlled G328(EJZU8sH3278dKoQeAAAZ) into
[13:53:42.50]controlled G2102班电脑(DdPXQAGPMGNOEH3oAAAg) into
[14:23:12.246]controlled G328(EJZU8sH3278dKoQeAAAZ) leave
[14:23:16.828]controlled G328(Vc7gXwOPb4ssdRxVAAAi) into
[14:24:16.457]controlled G328(Vc7gXwOPb4ssdRxVAAAi) leave
[14:24:16.549]controlled G2102班电脑(DdPXQAGPMGNOEH3oAAAg) leave
[14:24:18.736]controlled G328(tiSyUTTOpMov1i55AAAk) into
[14:24:25.979]controlled G2102班电脑(uDtcDTVrbJivA3JeAAAm) into
[14:24:30.983]controlled G2102班电脑(uDtcDTVrbJivA3JeAAAm) leave
[14:24:31.12]controlled G2106班电脑(NdMlKNVdU0jpLm9bAAAX) leave
[14:24:33.749]controlled G2102班电脑(jV9NroDSvoaibRyPAAAo) into
[14:24:34.940]controlled G2106班电脑(UmKD3-4K1MCnXjHEAAAq) into
[15:24:49.317]controlled G328(tiSyUTTOpMov1i55AAAk) leave
[15:24:53.586]controlled G328(oZ-NBue_PsgG5gGQAAAu) into
[18:49:33.907]controlled G2102班电脑(jV9NroDSvoaibRyPAAAo) leave
[18:49:33.920]controlled G328(oZ-NBue_PsgG5gGQAAAu) leave
[18:49:34.329]controlled G2106班电脑(UmKD3-4K1MCnXjHEAAAq) leave
[18:49:37.35]controlled G328(CLfMS3ezFEoqZGITAAA0) into
[18:49:38.710]controlled G2106班电脑(OGAts0Kmkdv1CbfOAAA4) into
[18:49:38.825]controlled G2102班电脑(WJYSYsPNmYs2b2mBAAA3) into
[19:38:32.365]controlled G2102班电脑(VxYGjB1kzZhw-D5qAAAD) into
[19:38:32.677]controlled G328(4wyJcEt_l9uB2tXbAAAE) into
[19:38:32.682]controlled G2106班电脑(LtcqgaXCUlBp-G1tAAAF) into
[20:36:31.679]controlled G328(4wyJcEt_l9uB2tXbAAAE) leave
[20:36:35.523]controlled G328(F1SVYOtnd8daWMOUAAAH) into
[21:12:37.966]controlled G2102班电脑(VxYGjB1kzZhw-D5qAAAD) leave
[22:29:48.21]controlled G2106班电脑(LtcqgaXCUlBp-G1tAAAF) leave
[23:00:08.68]controlled G328(F1SVYOtnd8daWMOUAAAH) leave
