[01:48:40.957]controlled 班上电脑(oA5YQ6xhE-feH-tfAAAB) into
[02:22:44.140]controlled 班上电脑(oA5YQ6xhE-feH-tfAAAB) leave
[02:22:47.677]controlled 班上电脑(z-545Pz46DwKZWKYAAAD) into
[02:32:09.989]controlled 班上电脑(z-545Pz46DwKZWKYAAAD) leave
[02:32:12.802]controlled 班上电脑(TFfo0CmP1G8WVuy5AAAF) into
[09:07:42.475]controlled 班上电脑(TFfo0CmP1G8WVuy5AAAF) leave
[09:07:46.441]controlled 班上电脑(7TqULzVZtItxfDOWAAAJ) into
[09:22:49.822]controlled 班上电脑(7TqULzVZtItxfDOWAAAJ) leave
[09:22:58.233]controlled 班上电脑(bYqx4FisKrBUYT61AAAL) into
[09:37:37.134]controlled 班上电脑(bYqx4FisKrBUYT61AAAL) leave
[09:37:48.237]controlled 班上电脑(SHBFYJLeuGdXqtxbAAAN) into
[09:52:50.922]controlled 班上电脑(SHBFYJLeuGdXqtxbAAAN) leave
[09:52:54.314]controlled 班上电脑(85HEuxYPBGZ0E6nbAAAP) into
[11:22:51.941]controlled 班上电脑(85HEuxYPBGZ0E6nbAAAP) leave
[11:23:28.607]controlled 班上电脑(LAn01d7zWNRCwUoBAAAS) into
[11:37:43.766]controlled 班上电脑(LAn01d7zWNRCwUoBAAAS) leave
[11:37:45.388]controlled 班上电脑(QdA7TVkUUiCxkXGgAAAU) into
[11:52:49.490]controlled 班上电脑(QdA7TVkUUiCxkXGgAAAU) leave
[11:52:54.464]controlled 班上电脑(zb4w4gUHOadUsGaIAAAW) into
[12:07:58.330]controlled 班上电脑(zb4w4gUHOadUsGaIAAAW) leave
[12:08:02.574]controlled 班上电脑(E0fHiqPk63PajZ95AAAY) into
[12:31:20.39]controlled 班上电脑(E0fHiqPk63PajZ95AAAY) leave
[13:47:23.389]controlled 班上电脑(hPUJqPYCp11npSB8AAAB) into
[13:59:55.691]controlled 班上电脑(hPUJqPYCp11npSB8AAAB) leave
[13:59:59.772]controlled 班上电脑(XaJpeXoVN9Kv7ZMcAAAD) into
[14:24:01.696]controlled 班上电脑(XaJpeXoVN9Kv7ZMcAAAD) leave
[14:24:06.804]controlled 班上电脑(skGLayZScbxD9RbMAAAF) into
[14:29:04.295]controlled 班上电脑(skGLayZScbxD9RbMAAAF) leave
[14:29:32.256]controlled 班上电脑(F00c9tvK3u7mjTOKAAAI) into
[14:55:57.808]controlled 班上电脑(F00c9tvK3u7mjTOKAAAI) leave
[14:56:04.727]controlled 班上电脑(Zaw1H-9zozQ8bVECAAAK) into
[22:34:14.611]controlled 班上电脑(Zaw1H-9zozQ8bVECAAAK) leave
