[07:25:07.34]controlled G2106班电脑(IYamdTffI9RbXioBAAAB) into
[07:50:44.590]controlled G2106班电脑(IYamdTffI9RbXioBAAAB) leave
[07:50:48.776]controlled G2106班电脑(8ZxdJdObNFG_hGmyAAAD) into
[07:53:39.217]controlled G2106班电脑(8ZxdJdObNFG_hGmyAAAD) leave
[07:55:10.116]controlled G2106班电脑(sA7MLyUh-Vf1KTG6AAAH) into
[08:20:22.321]controlled G2106班电脑(sA7MLyUh-Vf1KTG6AAAH) leave
[08:20:25.11]controlled G2106班电脑(sn64xZYqgcDhXVIwAAAJ) into
[08:23:40.634]controlled G2106班电脑(sn64xZYqgcDhXVIwAAAJ) leave
[08:24:24.663]controlled G2106班电脑(PJWUc-ZX228ZTppvAAAO) into
[09:20:45.967]controlled G2106班电脑(PJWUc-ZX228ZTppvAAAO) leave
[09:21:54.788]controlled G2106班电脑(stAGtP5C2DmByg85AAAS) into
[10:21:11.550]controlled G2106班电脑(stAGtP5C2DmByg85AAAS) leave
[10:21:14.987]controlled G2106班电脑(v_I1opXMk2eAXIH0AAAZ) into
[10:25:46.801]controlled G2106班电脑(v_I1opXMk2eAXIH0AAAZ) leave
[10:26:12.319]controlled G2106班电脑(fUSZLXOkmGK5H742AAAc) into
[10:50:57.34]controlled G2106班电脑(fUSZLXOkmGK5H742AAAc) leave
[10:51:02.622]controlled G2106班电脑(whVumQo-TDVUjQ2rAAAe) into
[11:20:51.214]controlled G2106班电脑(whVumQo-TDVUjQ2rAAAe) leave
[11:21:35.87]controlled G2106班电脑(34GLbjb3PJpAovL3AAAh) into
[11:51:25.212]controlled G2106班电脑(34GLbjb3PJpAovL3AAAh) leave
[11:52:43.959]controlled G2106班电脑(oSU9wcr2sb1t8aojAAAl) into
[12:21:15.539]controlled G2106班电脑(oSU9wcr2sb1t8aojAAAl) leave
[12:21:59.909]controlled G2106班电脑(riWVuQCwkyrejtr4AAAo) into
[12:50:34.26]controlled G2106班电脑(riWVuQCwkyrejtr4AAAo) leave
[12:50:59.297]controlled G2106班电脑(icB9_vTObAc0noLoAAAt) into
[12:54:14.948]controlled G2106班电脑(icB9_vTObAc0noLoAAAt) leave
[12:54:39.532]controlled G2106班电脑(8C2oGpYGf-Q8UdW5AAA1) into
[13:21:04.719]controlled G2106班电脑(8C2oGpYGf-Q8UdW5AAA1) leave
[13:21:06.884]controlled G2106班电脑(ivPvhpIKmly3PUVZAAA-) into
[13:51:20.407]controlled G2106班电脑(ivPvhpIKmly3PUVZAAA-) leave
[13:51:23.215]controlled G2106班电脑(psp4opcjc2ZJZO7yAABC) into
[14:21:11.994]controlled G2106班电脑(psp4opcjc2ZJZO7yAABC) leave
[14:23:56.737]controlled G2106班电脑(1D35HFYiYKOrJLKMAABG) into
[14:51:11.508]controlled G2106班电脑(1D35HFYiYKOrJLKMAABG) leave
[14:51:58.831]controlled G2106班电脑(pht-6m5xTcg2tzoUAABP) into
[15:51:43.409]controlled G2106班电脑(pht-6m5xTcg2tzoUAABP) leave
[15:51:46.772]controlled G2106班电脑(UKyvQYHLsakZwfFTAABX) into
[16:21:34.569]controlled G2106班电脑(UKyvQYHLsakZwfFTAABX) leave
[16:22:40.806]controlled G2106班电脑(Pa-Ykgf_19JhyMJaAABf) into
[16:42:08.34]controlled G328(XVm6X9HCHmBo0-tlAABh) into
[16:51:16.408]controlled G328(XVm6X9HCHmBo0-tlAABh) leave
[16:51:25.785]controlled G2106班电脑(Pa-Ykgf_19JhyMJaAABf) leave
[16:52:05.955]controlled G328(apM6Sz1WAf8b0M8KAABk) into
[17:22:18.687]controlled G328(apM6Sz1WAf8b0M8KAABk) leave
[17:22:23.493]controlled G328(09zM9Y3FDsbihSsbAABr) into
[17:25:16.63]controlled G328(09zM9Y3FDsbihSsbAABr) leave
[17:26:48.69]controlled G328(5K0gPX49nEc5gccpAABv) into
[17:51:57.296]controlled G328(5K0gPX49nEc5gccpAABv) leave
[17:52:44.207]controlled G328(aKncUrcsru_KjLA9AAB0) into
[17:53:46.253]controlled G328(aKncUrcsru_KjLA9AAB0) leave
[18:08:09.82]controlled G2102班电脑(XTowU-AoMa0-YacIAAB5) into
[18:21:56.754]controlled G2102班电脑(XTowU-AoMa0-YacIAAB5) leave
[18:22:02.0]controlled G2102班电脑(lyqoziuXJyoRHit9AAB_) into
[18:33:32.668]controlled G328(mbpgLc4fWYkFHZwAAACB) into
[18:38:57.509]controlled G2106班电脑(XkudyKlEvV7uWK5CAACD) into
[19:05:45.962]controlled G2106班电脑(g3qUSBcPNGrWJrN5AAAB) into
[19:05:52.112]controlled G328(9iTRFVJPjywGGq1jAAAE) into
[19:06:12.290]controlled G2102班电脑(QYp2kqBdF00oEKICAAAH) into
[19:21:46.232]controlled G328(9iTRFVJPjywGGq1jAAAE) leave
[19:22:04.871]controlled G2106班电脑(g3qUSBcPNGrWJrN5AAAB) leave
[19:22:05.511]controlled G2102班电脑(QYp2kqBdF00oEKICAAAH) leave
[19:22:32.900]controlled G328(TCynvL2jf_bGYs1mAAAK) into
[19:22:52.110]controlled G2102班电脑(W8iGBSVV52JVR6wuAAAQ) into
[19:22:52.979]controlled G2106班电脑(hMXLqhx-8_J2j__KAAAP) into
[19:52:21.61]controlled G328(TCynvL2jf_bGYs1mAAAK) leave
[19:52:26.336]controlled G328(dM8OBhhk3MgTWiJxAAAS) into
[20:20:03.935]controlled G2106班电脑(hMXLqhx-8_J2j__KAAAP) leave
[20:20:08.965]controlled G2106班电脑(j_VPfB0cQwWeRWl8AAAU) into
[20:22:14.871]controlled G328(dM8OBhhk3MgTWiJxAAAS) leave
[20:23:00.12]controlled G328(S0P2hNYImL09Yy0eAAAZ) into
[20:27:18.305]controlled G2102班电脑(W8iGBSVV52JVR6wuAAAQ) leave
[20:52:03.714]controlled G2106班电脑(j_VPfB0cQwWeRWl8AAAU) leave
[20:52:07.208]controlled G2106班电脑(z9Ff5zkebPp4teSpAAAb) into
[21:22:19.836]controlled G2106班电脑(z9Ff5zkebPp4teSpAAAb) leave
[21:22:20.601]controlled G328(S0P2hNYImL09Yy0eAAAZ) leave
[21:22:45.710]controlled G2106班电脑(hAek33Op3hcNisN2AAAe) into
[21:22:51.410]controlled G328(5UoVH9dv3mZmc62WAAAh) into
[21:29:22.888]controlled G2106班电脑(hAek33Op3hcNisN2AAAe) leave
[21:51:49.762]controlled G328(5UoVH9dv3mZmc62WAAAh) leave
