[11:26:57.422]controller 8CoL-sKPZtVPXD7VAAAM into
[11:27:06.563]controller 8CoL-sKPZtVPXD7VAAAM leave
[11:28:03.734]controller 4Kg_dsytDKMMXCLmAAAS into
[11:33:26.873]controller 4Kg_dsytDKMMXCLmAAAS leave
[13:18:05.175]controller sgFhJWROr5yHvTpRAAAf into
[13:18:49.619]controller sgFhJWROr5yHvTpRAAAf leave
[13:18:50.952]controller Tin_8x5-M--zCDhzAAAh into
[13:19:38.663]controlled 自家电脑(69Lve0ajif4pqcIGAAAj) into
[13:20:53.537]controlled 自家电脑(69Lve0ajif4pqcIGAAAj) leave
[13:21:04.669]controlled 自家电脑(GfsuKPTGUR_iLRrUAAAl) into
[13:24:14.796]controller Tin_8x5-M--zCDhzAAAh leave
[13:24:16.645]controlled 自家电脑(GfsuKPTGUR_iLRrUAAAl) leave
[13:24:31.362]controller kFDV1RiEG7ycsvNzAAAn into
[13:24:46.177]controlled 自家电脑(FnjxQOJ-39LTJ8lQAAAp) into
[14:23:26.254]controller kFDV1RiEG7ycsvNzAAAn leave
[14:23:29.858]controller eHdb3xmvVPBya_TKAAAu into
[14:24:13.171]controlled 自家电脑(FnjxQOJ-39LTJ8lQAAAp) leave
[14:24:15.956]controlled 自家电脑(vM98CpQiTfiOVC61AAAw) into
[14:24:29.869]controller eHdb3xmvVPBya_TKAAAu leave
[14:24:33.279]controller 3yU84i8aaDN5sCJEAAAy into
[15:00:21.372]controller 3yU84i8aaDN5sCJEAAAy leave
[15:01:51.20]controlled 自家电脑(vM98CpQiTfiOVC61AAAw) leave
[16:27:56.367]controlled G2107班电脑(aZGmpZLqUpGfhSdiAAA4) into
[17:48:09.205]controlled G2107班电脑(aZGmpZLqUpGfhSdiAAA4) leave
[18:03:17.347]controlled 自家电脑(3QkXToVbVgphsp6qAAA7) into
[18:10:24.823]controlled G2107班电脑(FdZgqI7oPwszRSLoAAA9) into
[19:18:27.711]controlled 自家电脑(3QkXToVbVgphsp6qAAA7) leave
[19:30:56.92]controlled G2107班电脑(Q-NF9fqXq8T-5gbnAAAB) into
