[08:11:28.896]controlled G2107班电脑(jsUmoB7WBKlVQ4dfAAAB) into
[08:42:04.117]controlled G2107班电脑(jsUmoB7WBKlVQ4dfAAAB) leave
[08:42:09.218]controlled G2107班电脑(ZOWxM6qPvACz4Q2yAAAD) into
[09:01:21.543]controlled G2102班电脑(6Y3TUVr3NLrPfDynAAAF) into
[09:02:58.46]controlled 自家电脑(6DJmvliI88Hc15FaAAAH) into
[09:03:30.973]controlled 自家电脑(6DJmvliI88Hc15FaAAAH) leave
[12:59:32.947]controlled 自家电脑(2v9gYl3_9hNHzwxiAAAQ) into
[14:23:28.990]controlled 自家电脑(2v9gYl3_9hNHzwxiAAAQ) leave
[14:23:33.293]controlled 自家电脑(IF4yd0-mnsmkMO7fAAAe) into
[14:23:45.631]controlled G2107班电脑(ZOWxM6qPvACz4Q2yAAAD) leave
[14:23:49.378]controlled G2107班电脑(081LwCVYHHyVOIm7AAAg) into
[14:23:58.446]controlled G2107班电脑(081LwCVYHHyVOIm7AAAg) leave
[14:24:01.456]controlled G2107班电脑(W5vGEl2PySKmjOAeAAAi) into
[14:24:27.313]controlled 自家电脑(IF4yd0-mnsmkMO7fAAAe) leave
[14:24:31.622]controlled G2107班电脑(W5vGEl2PySKmjOAeAAAi) leave
[14:24:31.647]controlled G2102班电脑(6Y3TUVr3NLrPfDynAAAF) leave
[14:24:33.836]controlled G2107班电脑(WNxoA1TlX46WOfmHAAAk) into
[14:24:35.393]controlled 自家电脑(h6MbQVwMMg2HNxBZAAAn) into
[14:24:35.900]controlled G2102班电脑(8K8U5-SWetbBdnKCAAAo) into
[14:52:09.398]controlled 自家电脑(h6MbQVwMMg2HNxBZAAAn) leave
[17:15:17.757]controlled G2107班电脑(WNxoA1TlX46WOfmHAAAk) leave
[19:22:26.49]controlled G2102班电脑(hXryWyQAuoHUl7F_AAAB) into
[20:07:47.111]controlled G2102班电脑(hXryWyQAuoHUl7F_AAAB) leave
[20:07:52.273]controlled G2102班电脑(ausA_OX8x6odjAhqAAAH) into
[22:04:14.81]controlled G2102班电脑(ausA_OX8x6odjAhqAAAH) leave
