[07:24:20.510]controlled G328(gIpjP6CDh-j2KZzwAAAB) into
[07:58:13.282]controlled G2102班电脑(Q4lSI2tX478ujJMnAAAD) into
[08:02:26.914]controlled G2106班电脑(ZGj34M9u1c9lkudgAAAF) into
[10:03:51.426]controlled 邹虹(YG-U8WffjrQcse78AAAH) into
[10:05:26.723]controlled G2106班电脑(ZGj34M9u1c9lkudgAAAF) leave
[10:05:26.815]controlled G2102班电脑(Q4lSI2tX478ujJMnAAAD) leave
[10:05:31.436]controlled G2102班电脑(8PQD5zJ5-lp2lYJ9AAAL) into
[10:05:31.583]controlled G2106班电脑(0MB-WnAb616CRl4_AAAK) into
[10:05:33.314]controlled G328(gIpjP6CDh-j2KZzwAAAB) leave
[10:05:39.305]controlled G328(G_RKEqmI7xw9frBcAAAN) into
[10:10:58.355]controlled 邹虹(YG-U8WffjrQcse78AAAH) leave
[10:36:05.337]controlled G2102班电脑(8PQD5zJ5-lp2lYJ9AAAL) leave
[10:37:37.731]controlled G2102班电脑(IuqB8_uNrlz1MZVpAAAP) into
[12:23:09.311]controlled G2106班电脑(0MB-WnAb616CRl4_AAAK) leave
[12:41:23.608]controlled G2102班电脑(IuqB8_uNrlz1MZVpAAAP) leave
[12:41:23.772]controlled G328(G_RKEqmI7xw9frBcAAAN) leave
[12:41:27.989]controlled G2102班电脑(3sIWXNopEutr7UtAAAAR) into
[12:41:29.324]controlled G328(EZHoJqj30bkTi8d3AAAT) into
[13:01:29.217]controlled G2102班电脑(3sIWXNopEutr7UtAAAAR) leave
[13:08:12.914]controlled G2102班电脑(-q4rZcappQ1TMU_wAAAW) into
[13:51:52.811]controlled G2107班电脑(BFMwhFCyDuMFmluMAAAY) into
[14:02:52.271]controlled G2102班电脑(-q4rZcappQ1TMU_wAAAW) leave
[14:23:09.766]controlled G2107班电脑(BFMwhFCyDuMFmluMAAAY) leave
[14:23:16.652]controlled G2107班电脑(ppejtJD0Bp8q5SjWAAAa) into
[14:23:38.386]controlled G328(EZHoJqj30bkTi8d3AAAT) leave
[14:23:41.915]controlled G328(dLjJRO7zuqybudHkAAAc) into
[14:23:57.948]controlled G328(dLjJRO7zuqybudHkAAAc) leave
[14:24:01.222]controlled G328(Tsurzz1NLkVoUev2AAAe) into
[14:42:16.525]controlled G2102班电脑(ZE4u2LGTTV-u25V3AAAg) into
[14:49:15.300]controlled G2107班电脑(ppejtJD0Bp8q5SjWAAAa) leave
[14:49:19.804]controlled G2102班电脑(ZE4u2LGTTV-u25V3AAAg) leave
[14:49:20.622]controlled G2107班电脑(yb-OO0ePobAXLI64AAAi) into
[14:49:24.424]controlled G2102班电脑(eBZig54v6bv3kAjkAAAk) into
[14:49:34.417]controlled G328(Tsurzz1NLkVoUev2AAAe) leave
[14:49:39.638]controlled G328(B-j3NHvT25aWzBwIAAAm) into
[15:15:37.126]controlled G328(B-j3NHvT25aWzBwIAAAm) leave
[15:15:41.801]controlled G328(gC2wOKG48IpLHhGkAAAq) into
[15:15:46.216]controlled G2107班电脑(yb-OO0ePobAXLI64AAAi) leave
[15:15:48.551]controlled G2102班电脑(eBZig54v6bv3kAjkAAAk) leave
[15:15:51.75]controlled G2107班电脑(QZ3_wtUJCPgQxQGoAAAs) into
[15:15:52.693]controlled G2102班电脑(OxaUoq6mYgJneg9iAAAu) into
[15:24:42.217]controlled G2102班电脑(OxaUoq6mYgJneg9iAAAu) leave
[15:40:34.594]controlled G2107班电脑(QZ3_wtUJCPgQxQGoAAAs) leave
[15:40:39.85]controlled G2107班电脑(TwaadbyWg12_40ZlAAAw) into
[15:49:22.856]controlled G2107班电脑(TwaadbyWg12_40ZlAAAw) leave
[15:49:27.653]controlled G2107班电脑(2MmAomrVEzAlb8fiAAAy) into
[15:52:43.624]controlled G2107班电脑(2MmAomrVEzAlb8fiAAAy) leave
[15:52:49.142]controlled G2107班电脑(SD8VUVDKVDgyfTkNAAA0) into
[16:09:33.549]controlled G2107班电脑(SD8VUVDKVDgyfTkNAAA0) leave
[16:09:38.130]controlled G2107班电脑(AoxtfZm82QnyvLV8AAA2) into
[16:21:30.776]controlled G2102班电脑(4qDNARPlWZAuGvNVAAA4) into
[16:30:20.213]controlled G328(gC2wOKG48IpLHhGkAAAq) leave
[17:00:54.370]controlled G2107班电脑(AoxtfZm82QnyvLV8AAA2) leave
[17:07:05.873]controlled G328(Uk8Od7XoG7QOdPugAAA6) into
[19:22:18.714]controlled G328(Wi2vJ81e0icQSmEoAAAC) into
[19:22:18.798]controlled G2102班电脑(JAWZXCpENKR6mValAAAD) into
[19:56:58.116]controlled G2102班电脑(JAWZXCpENKR6mValAAAD) leave
[20:26:10.74]controlled G2102班电脑(MTEIBDmEqX3Nh9ppAAAH) into
[20:26:46.909]controlled G2107班电脑(MoDt0i3EI_1UH_ItAAAJ) into
[20:35:27.63]controlled G328(Wi2vJ81e0icQSmEoAAAC) leave
[20:35:30.814]controlled G2107班电脑(MoDt0i3EI_1UH_ItAAAJ) leave
[20:35:31.870]controlled G328(TsoNdAXLtbJP6B96AAAL) into
[20:35:33.292]controlled G2102班电脑(MTEIBDmEqX3Nh9ppAAAH) leave
[20:35:34.851]controlled G2107班电脑(L3j0Zb5U6mPfka2SAAAN) into
[20:35:38.130]controlled G2102班电脑(0M62e_1MkvsWvEQ4AAAP) into
[21:27:18.408]controlled G328(TsoNdAXLtbJP6B96AAAL) leave
[21:52:11.804]controlled G2107班电脑(L3j0Zb5U6mPfka2SAAAN) leave
[22:33:50.599]controlled G2102班电脑(0M62e_1MkvsWvEQ4AAAP) leave
[22:34:59.617]controlled G328(490xyWuZ5zW2YCcFAAAT) into
[22:55:47.971]controlled G328(490xyWuZ5zW2YCcFAAAT) leave
