[08:13:11.977]controlled G2102班电脑(9p5xX4pmPXdu5FojAAAB) into
[13:17:10.393]controlled G2102班电脑(9p5xX4pmPXdu5FojAAAB) leave
[13:38:57.922]controlled G2102班电脑(Ae4c9SaszY98u1fBAAAJ) into
[14:10:25.938]controlled G2106班电脑(G1ltN59Nra0IvsgAAAAN) into
[14:22:58.867]controlled G2107班电脑(sa-wAu1ARszhIbseAAAP) into
[14:24:00.820]controlled G2106班电脑(G1ltN59Nra0IvsgAAAAN) leave
[14:24:02.948]controlled G2107班电脑(sa-wAu1ARszhIbseAAAP) leave
[14:24:03.155]controlled G2102班电脑(Ae4c9SaszY98u1fBAAAJ) leave
[14:24:04.843]controlled G2106班电脑(qDaXA7SQrRxY63RZAAAR) into
[14:24:05.636]controlled G2107班电脑(T2iBwiIi3vzhnl7KAAAT) into
[14:24:05.952]controlled G2102班电脑(B3GSKDREzhFUIIDgAAAV) into
[14:40:27.803]controlled G2106班电脑(qDaXA7SQrRxY63RZAAAR) leave
[14:41:59.57]controlled G2107班电脑(T2iBwiIi3vzhnl7KAAAT) leave
[15:16:16.276]controlled G2102班电脑(B3GSKDREzhFUIIDgAAAV) leave
[15:16:20.624]controlled G2102班电脑(MP3iYOwA73hqv_I6AAAX) into
[15:51:39.323]controlled G2106班电脑(S4cgmM1189QFux_RAAAZ) into
[15:59:09.244]controlled G2106班电脑(S4cgmM1189QFux_RAAAZ) leave
[16:30:51.123]controlled G2106班电脑(aLv6disPRBVJrzMPAAAb) into
[16:39:10.278]controlled G2106班电脑(aLv6disPRBVJrzMPAAAb) leave
[17:40:34.535]controlled G2106班电脑(g24OmYaGXdzgTAJXAAAg) into
[18:40:00.607]controlled G2106班电脑(g24OmYaGXdzgTAJXAAAg) leave
[18:56:07.856]controlled G2102班电脑(KuoN59aTNe948rbuAAAB) into
[20:26:59.18]controlled G2106班电脑(ReAqbmNgxc8QqIKuAAAE) into
[20:40:04.327]controlled G2106班电脑(ReAqbmNgxc8QqIKuAAAE) leave
[21:22:13.682]controlled G2107班电脑(eA-iG01dBKE__s-LAAAG) into
[21:31:06.919]controlled G2107班电脑(eA-iG01dBKE__s-LAAAG) leave
[22:03:28.580]controlled G2102班电脑(KuoN59aTNe948rbuAAAB) leave
[22:03:33.740]controlled G2102班电脑(USsgRFu1i7jGSThdAAAI) into
[22:32:14.945]controlled G2102班电脑(USsgRFu1i7jGSThdAAAI) leave
