[06:47:34.665]controlled G328(ooZ5tD8u8uFIXjRrAAAB) into
[06:57:09.775]controlled G328(ooZ5tD8u8uFIXjRrAAAB) leave
[06:57:15.76]controlled G328(k9cIVdSteScgCEajAAAD) into
[07:16:08.589]controlled G2106班电脑(T2OEORpNJytRupn0AAAF) into
[07:27:00.20]controlled G2106班电脑(T2OEORpNJytRupn0AAAF) leave
[07:27:02.631]controlled G328(k9cIVdSteScgCEajAAAD) leave
[07:27:08.988]controlled G328(fxONrxA0PFnoB4LjAAAH) into
[07:27:11.9]controlled G2106班电脑(pjAgdzg_Kd4d8GpKAAAJ) into
[07:31:43.669]controlled G2107班电脑(oJnEodPUoBFW0dnwAAAL) into
[09:22:24.562]controlled G328(fxONrxA0PFnoB4LjAAAH) leave
[09:22:29.794]controlled G328(iVPjv4WXVrcN_vomAAAT) into
[09:22:50.328]controlled G2106班电脑(pjAgdzg_Kd4d8GpKAAAJ) leave
[09:22:51.223]controlled G2107班电脑(oJnEodPUoBFW0dnwAAAL) leave
[09:22:54.909]controlled G2106班电脑(BPQiVDkuoYapABwqAAAV) into
[09:22:57.242]controlled G2107班电脑(1VZdQLjVRweh19KxAAAX) into
[09:40:35.694]controlled G2102班电脑(9SBzwnsJaKEF4c_dAAAa) into
[10:28:03.419]controlled G328(iVPjv4WXVrcN_vomAAAT) leave
[10:28:05.729]controlled G2107班电脑(1VZdQLjVRweh19KxAAAX) leave
[10:28:08.735]controlled G328(OLIH3ZMGXu2Cl6RuAAAc) into
[10:28:11.703]controlled G2107班电脑(45ITBd67AeXiFYFqAAAe) into
[10:39:24.806]controlled G2102班电脑(9SBzwnsJaKEF4c_dAAAa) leave
[10:39:25.261]controlled G328(OLIH3ZMGXu2Cl6RuAAAc) leave
[10:39:25.695]controlled G2106班电脑(BPQiVDkuoYapABwqAAAV) leave
[10:39:26.929]controlled G2107班电脑(45ITBd67AeXiFYFqAAAe) leave
[10:39:29.20]controlled G2102班电脑(KV0WQE4RnwV-qj-SAAAg) into
[10:39:30.624]controlled G2106班电脑(SYqjfpt3tRxrqIviAAAk) into
[10:39:30.634]controlled G328(rd7eKOuvLAiDGiBAAAAj) into
[10:39:31.408]controlled G2107班电脑(jXHeK1o0aDWRHQa3AAAm) into
[10:48:40.478]controlled G2107班电脑(jXHeK1o0aDWRHQa3AAAm) leave
[10:48:53.258]controlled G2107班电脑(wgciN1iDAZV1PUd1AAAo) into
[11:51:23.266]controlled G2102班电脑(KV0WQE4RnwV-qj-SAAAg) leave
[11:51:23.798]controlled G2106班电脑(SYqjfpt3tRxrqIviAAAk) leave
[11:51:28.79]controlled G328(rd7eKOuvLAiDGiBAAAAj) leave
[11:51:28.625]controlled G2102班电脑(FkNuFsg4-QS6YKkJAAAq) into
[11:51:30.935]controlled G2107班电脑(wgciN1iDAZV1PUd1AAAo) leave
[11:51:31.348]controlled G328(dH1m7DK94dgeYRb1AAAs) into
[11:51:32.784]controlled G2106班电脑(hv_IXcAiTGcarBpwAAAu) into
[11:51:35.708]controlled G2107班电脑(HCYFb_bfRf1FQUk7AAAw) into
[12:18:40.869]controlled G2106班电脑(hv_IXcAiTGcarBpwAAAu) leave
[12:33:29.168]controlled G328(dH1m7DK94dgeYRb1AAAs) leave
[12:33:34.240]controlled G328(19iWwapidbKPOVF4AAAy) into
[12:33:35.615]controlled G2107班电脑(HCYFb_bfRf1FQUk7AAAw) leave
[12:33:57.552]controlled G2107班电脑(OdeEOToiG20vZSsKAAA0) into
[12:50:34.927]controlled G2102班电脑(FkNuFsg4-QS6YKkJAAAq) leave
[12:58:40.924]controlled G2107班电脑(OdeEOToiG20vZSsKAAA0) leave
[12:58:45.632]controlled G2107班电脑(v73IAY44YJEcSqplAAA_) into
[13:47:39.225]controlled G2102班电脑(o0Y0IW5etfwPT_QUAABB) into
[13:50:23.873]controlled G2106班电脑(-YldOkHY80pdbY9WAABD) into
[13:59:19.881]controlled G2102班电脑(o0Y0IW5etfwPT_QUAABB) leave
[13:59:19.934]controlled G328(19iWwapidbKPOVF4AAAy) leave
[13:59:23.244]controlled G2107班电脑(v73IAY44YJEcSqplAAA_) leave
[13:59:24.965]controlled G2102班电脑(4whwmkNqaje70lfhAABG) into
[13:59:25.54]controlled G328(Qe6rXv3oFe7Lwn7MAABH) into
[13:59:27.129]controlled G2107班电脑(xJ5ucB9w3wV9wFhtAABJ) into
[13:59:34.36]controlled G2106班电脑(-YldOkHY80pdbY9WAABD) leave
[13:59:40.719]controlled G2106班电脑(UpbMWqW5MIDhpmM2AABL) into
[14:22:55.468]controlled G2102班电脑(4whwmkNqaje70lfhAABG) leave
[14:22:59.105]controlled G2102班电脑(fiYPKxuEtU5HhzmcAABN) into
[14:23:26.821]controlled G2106班电脑(UpbMWqW5MIDhpmM2AABL) leave
[14:23:27.188]controlled G2107班电脑(xJ5ucB9w3wV9wFhtAABJ) leave
[14:23:27.621]controlled G328(Qe6rXv3oFe7Lwn7MAABH) leave
[14:23:30.240]controlled G2107班电脑(QAda1sk8Tn9J210iAABP) into
[14:23:30.516]controlled G2106班电脑(JmX4Ze3bczC2XglhAABR) into
[14:23:30.865]controlled G328(HrO4Y_w5SvkoFHOsAABT) into
[14:24:02.544]controlled G2106班电脑(JmX4Ze3bczC2XglhAABR) leave
[14:24:05.724]controlled G2106班电脑(8ldCHaT_L8kMHcaSAABV) into
[14:24:19.83]controlled G2102班电脑(fiYPKxuEtU5HhzmcAABN) leave
[14:24:21.296]controlled G2102班电脑(sBgSEgPgxcIMEBYMAABX) into
[14:24:28.353]controlled G2107班电脑(QAda1sk8Tn9J210iAABP) leave
[14:24:30.417]controlled G2107班电脑(ZA2QaDoPCcqPg8JRAABZ) into
[14:51:45.532]controlled G2107班电脑(ZA2QaDoPCcqPg8JRAABZ) leave
[14:51:46.716]controlled G2106班电脑(8ldCHaT_L8kMHcaSAABV) leave
[14:51:50.820]controlled G2107班电脑(urOqc76jwnKi0xCaAABb) into
[14:52:02.421]controlled G328(HrO4Y_w5SvkoFHOsAABT) leave
[14:52:02.447]controlled G2102班电脑(sBgSEgPgxcIMEBYMAABX) leave
[14:52:06.930]controlled G328(GJIOXXVvY_YQVN98AABf) into
[14:52:07.114]controlled G2102班电脑(ZzOS6gQJw6xniLtfAABe) into
[14:52:23.169]controlled G2106班电脑(zoNOTHidSsVPM8lxAABh) into
[15:59:27.400]controlled G2106班电脑(zoNOTHidSsVPM8lxAABh) leave
[15:59:30.263]controlled G2106班电脑(eLBtnV8QWWouhVIaAABn) into
[15:59:58.793]controlled G2107班电脑(urOqc76jwnKi0xCaAABb) leave
[16:00:01.198]controlled G2107班电脑(vCAmddksFBNaWDv4AABp) into
[16:00:14.421]controlled G2102班电脑(ZzOS6gQJw6xniLtfAABe) leave
[16:00:14.429]controlled G328(GJIOXXVvY_YQVN98AABf) leave
[16:00:17.172]controlled G2102班电脑(Eqi4ibrbjMUc5vp5AABr) into
[16:00:20.170]controlled G328(NxqtaXN-SLt4wrbWAABt) into
[16:37:36.222]controlled G2102班电脑(Eqi4ibrbjMUc5vp5AABr) leave
[17:00:47.225]controlled G2107班电脑(vCAmddksFBNaWDv4AABp) leave
[17:03:25.577]controlled G2106班电脑(eLBtnV8QWWouhVIaAABn) leave
[17:15:11.261]controlled G328(NxqtaXN-SLt4wrbWAABt) leave
[17:15:15.624]controlled G328(MbrCeuCTXyvdlp8uAABv) into
[18:01:07.978]controlled G2106班电脑(1XJotFWMLTFnBK7MAABz) into
[18:05:29.551]controlled G2102班电脑(qTRpAy9mScSlFr-YAAB1) into
[18:39:58.684]controlled G328(luoAM3fb4nAjhXVpAAAD) into
[18:39:58.770]controlled G2106班电脑(ELDEOZWxicbcpfAqAAAE) into
[18:39:58.773]controlled G2102班电脑(sjgJFa8C0yHreik2AAAF) into
[20:22:36.881]controlled G2102班电脑(sjgJFa8C0yHreik2AAAF) leave
[20:22:48.595]controlled G2106班电脑(ELDEOZWxicbcpfAqAAAE) leave
[20:22:53.601]controlled G2106班电脑(6Drm1We1atfZQcOkAAAJ) into
[20:23:01.682]controlled G2102班电脑(KCpAUcI4HZfI2yKgAAAM) into
[21:37:06.32]controlled G2102班电脑(KCpAUcI4HZfI2yKgAAAM) leave
[21:37:11.651]controlled G2102班电脑(fDno1F95Qn9hkwAiAAAQ) into
[21:37:19.128]controlled G2106班电脑(6Drm1We1atfZQcOkAAAJ) leave
[21:37:24.903]controlled G2106班电脑(1_7yXK1QSjlRDoZ4AAAS) into
[22:30:21.481]controlled G2102班电脑(fDno1F95Qn9hkwAiAAAQ) leave
[22:41:07.576]controlled G2106班电脑(1_7yXK1QSjlRDoZ4AAAS) leave
[22:48:01.662]controlled G328(luoAM3fb4nAjhXVpAAAD) leave
