[07:30:27.520]controlled G2106班电脑(xDVkpzQ2t2ocS76HAAAB) into
[07:35:50.34]controlled G2106班电脑(xDVkpzQ2t2ocS76HAAAB) leave
[07:35:55.518]controlled G2106班电脑(c1jKDVbSq8R0Er5jAAAD) into
[07:40:52.830]controlled G2106班电脑(c1jKDVbSq8R0Er5jAAAD) leave
[07:40:57.234]controlled G2106班电脑(VLqhFgDLOEy-KS5NAAAF) into
[07:43:48.135]controlled G2106班电脑(VLqhFgDLOEy-KS5NAAAF) leave
[07:44:12.723]controlled G2106班电脑(oY6M1GljRaxqLNK1AAAH) into
[07:45:08.195]controlled G2106班电脑(oY6M1GljRaxqLNK1AAAH) leave
[07:45:10.957]controlled G2106班电脑(Nk4sKhuGZYGZCW32AAAJ) into
[07:50:32.804]controlled G2106班电脑(Nk4sKhuGZYGZCW32AAAJ) leave
[07:50:36.975]controlled G2106班电脑(14mHr8Gil6gsOHMWAAAL) into
[08:00:37.437]controlled G328(WCofaU6laQkgJSCVAAAN) into
[08:03:59.31]controlled G2106班电脑(14mHr8Gil6gsOHMWAAAL) leave
[08:04:04.211]controlled G2106班电脑(iZo7h6hvzpheIVbyAAAP) into
[08:14:29.522]controlled G2106班电脑(iZo7h6hvzpheIVbyAAAP) leave
[08:14:33.949]controlled G2106班电脑(eXzzPNv34v_ZNns8AAAR) into
[08:14:48.248]controlled G328(WCofaU6laQkgJSCVAAAN) leave
[08:14:52.457]controlled G328(gte9mTRNxYVT8Ht_AAAT) into
[08:29:36.893]controlled G2106班电脑(eXzzPNv34v_ZNns8AAAR) leave
[08:29:42.127]controlled G2106班电脑(ExD0dpJeZxNq3ODyAAAV) into
[08:29:57.349]controlled G328(gte9mTRNxYVT8Ht_AAAT) leave
[08:29:59.582]controlled G328(GMCvnUpWs8sE25PEAAAX) into
[08:38:26.918]controlled G2106班电脑(ExD0dpJeZxNq3ODyAAAV) leave
[08:38:32.266]controlled G2106班电脑(ghnc82yr-uF3ipioAAAZ) into
[08:38:44.652]controlled G328(GMCvnUpWs8sE25PEAAAX) leave
[08:38:49.432]controlled G328(8BLNkhZbY6Y2abDdAAAb) into
[08:41:04.290]controlled G2107班电脑(kd_gxrCTr_nGxq0TAAAd) into
[09:01:05.207]controlled G328(8BLNkhZbY6Y2abDdAAAb) leave
[09:01:10.920]controlled G2107班电脑(kd_gxrCTr_nGxq0TAAAd) leave
[09:01:10.922]controlled G2106班电脑(ghnc82yr-uF3ipioAAAZ) leave
[09:01:12.334]controlled G328(fAJozPJQZUAasuXdAAAh) into
[09:01:15.462]controlled G2107班电脑(ERogo7uv5YJ-WwA3AAAl) into
[09:01:15.545]controlled G2106班电脑(J_GA3auLLjT7RXfvAAAk) into
[09:03:37.111]controlled G328(fAJozPJQZUAasuXdAAAh) leave
[09:03:41.192]controlled G328(GGNb3mVB3eHqajjeAAAn) into
[09:42:07.669]controlled G2102班电脑(NANrC7H1IZodWLJmAAAp) into
[12:21:14.238]controlled G2102班电脑(NANrC7H1IZodWLJmAAAp) leave
[12:46:33.538]controlled G2102班电脑(WWOtuu51N-_7LlJAAAAx) into
[12:51:17.523]controlled G2107班电脑(ERogo7uv5YJ-WwA3AAAl) leave
[13:01:57.762]controlled G2102班电脑(WWOtuu51N-_7LlJAAAAx) leave
[14:22:55.686]controlled G328(GGNb3mVB3eHqajjeAAAn) leave
[14:22:59.901]controlled G328(tlzXC03K7CuuTdiCAAA3) into
[14:23:10.645]controlled G2106班电脑(J_GA3auLLjT7RXfvAAAk) leave
[14:23:16.369]controlled G2106班电脑(CBvsU7UiFcLe3azkAAA5) into
[14:24:19.642]controlled G328(tlzXC03K7CuuTdiCAAA3) leave
[14:24:23.351]controlled G328(-f9gDOlMBWO1JSN2AAA7) into
[14:52:48.283]controlled G2107班电脑(hbAuVwq1FhHYjlRCAABD) into
[15:07:50.621]controlled G2107班电脑(hbAuVwq1FhHYjlRCAABD) leave
[15:07:55.144]controlled G2107班电脑(hGeuGXHCR-N_O1c0AABF) into
[15:08:04.221]controlled G328(-f9gDOlMBWO1JSN2AAA7) leave
[15:08:08.729]controlled G328(ASxzXaTqMaVUV4X2AABH) into
[15:08:14.247]controlled G2106班电脑(CBvsU7UiFcLe3azkAAA5) leave
[15:08:19.572]controlled G2106班电脑(USbDHH9eG49fahCDAABJ) into
[15:16:02.181]controlled G328(ASxzXaTqMaVUV4X2AABH) leave
[15:16:06.378]controlled G328(oKqp0jVwDRkJ1nLtAABL) into
[15:42:44.683]controlled G2106班电脑(USbDHH9eG49fahCDAABJ) leave
[15:42:45.763]controlled G2107班电脑(hGeuGXHCR-N_O1c0AABF) leave
[15:42:47.450]controlled G2106班电脑(ws8Ytc5WNNFNcvwkAABN) into
[15:42:50.165]controlled G2107班电脑(kN6Mqidk8_KZR1FIAABP) into
[16:25:13.27]controlled G2106班电脑(ws8Ytc5WNNFNcvwkAABN) leave
[17:32:50.385]controlled G328(oKqp0jVwDRkJ1nLtAABL) leave
[17:32:56.422]controlled G328(0bfS5UeTFyj_pCVIAABV) into
[17:37:38.291]controlled G2106班电脑(_qs8UQ6dtCcDiJuRAABX) into
[17:50:54.200]controlled G2107班电脑(kN6Mqidk8_KZR1FIAABP) leave
[18:01:22.137]controlled G2107班电脑(loZN88LSiIckplWaAABZ) into
[18:09:04.89]controlled G328(0bfS5UeTFyj_pCVIAABV) leave
[18:09:08.625]controlled G328(q2pR8SeLPIZs2jYDAABb) into
[18:09:15.412]controlled G2107班电脑(loZN88LSiIckplWaAABZ) leave
[18:09:20.797]controlled G2107班电脑(rN8iLtdnipz_-G0sAABd) into
[18:09:33.61]controlled G2106班电脑(_qs8UQ6dtCcDiJuRAABX) leave
[18:09:41.262]controlled G2106班电脑(Q97908CzSZhc_H3zAABf) into
[19:03:00.10]controlled G2106班电脑(Q97908CzSZhc_H3zAABf) leave
[19:03:05.258]controlled G2106班电脑(Kevtoe5XNH43obD0AABi) into
[19:03:09.224]controlled G2107班电脑(rN8iLtdnipz_-G0sAABd) leave
[19:03:14.93]controlled G2107班电脑(d3pNAITIj6W8Cu8GAABk) into
[19:12:04.90]controlled G2106班电脑(8XRgerJWGQWIBwiXAAAE) into
[19:12:04.136]controlled G2107班电脑(jfqzE-6yPNvNj87DAAAD) into
[19:12:04.254]controlled G328(9GMvpBR73itMPigxAAAF) into
[19:14:04.423]controlled G2107班电脑(jfqzE-6yPNvNj87DAAAD) leave
[20:29:03.388]controlled G2107班电脑(tuXh56MmVotuhupKAAAH) into
[21:09:47.177]controlled G2107班电脑(tuXh56MmVotuhupKAAAH) leave
[21:09:51.782]controlled G2107班电脑(B_I8XVFEunK_pH3_AAAL) into
[21:52:42.761]controlled G2106班电脑(8XRgerJWGQWIBwiXAAAE) leave
[21:57:03.0]controlled G2107班电脑(B_I8XVFEunK_pH3_AAAL) leave
[22:34:08.476]controlled G2102班电脑(kCoGBLXrfdLuZRGWAAAN) into
[22:43:01.737]controlled G2102班电脑(kCoGBLXrfdLuZRGWAAAN) leave
[22:58:26.616]controlled G328(9GMvpBR73itMPigxAAAF) leave
