[08:01:24.830]controlled G2107班电脑(qVthFA4_V9N9Sp7qAAAB) into
[08:46:16.54]controlled G2102班电脑(S__qoPHBA4gtnjKmAAAD) into
[08:57:32.72]controlled G2102班电脑(S__qoPHBA4gtnjKmAAAD) leave
[08:57:37.302]controlled G2102班电脑(5WYifqZxdrs94DwcAAAH) into
[09:41:35.626]controlled 自家电脑(NOhqoMoryOwg0_CiAAAK) into
[10:13:32.802]controlled 自家电脑(NOhqoMoryOwg0_CiAAAK) leave
[14:23:27.555]controlled G2102班电脑(5WYifqZxdrs94DwcAAAH) leave
[14:23:32.566]controlled G2102班电脑(232gOh3aNyBmQIuoAAAR) into
[14:23:42.298]controlled G2102班电脑(232gOh3aNyBmQIuoAAAR) leave
[14:23:44.627]controlled G2102班电脑(YAbxEdiPcomi-u0lAAAT) into
[14:23:58.944]controlled G2107班电脑(qVthFA4_V9N9Sp7qAAAB) leave
[14:24:02.964]controlled G2107班电脑(Cn0iJB-f3vWSr1wKAAAV) into
[14:27:26.82]controlled G2102班电脑(YAbxEdiPcomi-u0lAAAT) leave
[14:27:33.93]controlled G2102班电脑(SLRdQJir541InKtEAAAX) into
[14:27:43.906]controlled G2107班电脑(Cn0iJB-f3vWSr1wKAAAV) leave
[14:27:50.596]controlled G2107班电脑(Uub-lX-mT6gT1RvlAAAZ) into
[14:42:37.244]controlled G2102班电脑(SLRdQJir541InKtEAAAX) leave
[14:42:44.705]controlled G2102班电脑(0J7LrE3PDsGxU_7hAAAd) into
[14:42:55.472]controlled G2107班电脑(Uub-lX-mT6gT1RvlAAAZ) leave
[14:43:04.868]controlled G2107班电脑(d9BZbrORuxfLZb_zAAAf) into
[16:05:04.237]controlled G2107班电脑(d9BZbrORuxfLZb_zAAAf) leave
[16:05:08.830]controlled G2107班电脑(eJHgqAYgbvHr3gE3AAAk) into
[16:12:38.276]controlled G2107班电脑(eJHgqAYgbvHr3gE3AAAk) leave
[16:12:44.700]controlled G2107班电脑(6rB0HFqtpCOISq45AAAm) into
[16:12:58.832]controlled G2102班电脑(0J7LrE3PDsGxU_7hAAAd) leave
[16:13:28.294]controlled G2102班电脑(KfoqGOS9_Z-qatOTAAAp) into
[16:42:33.700]controlled G2107班电脑(6rB0HFqtpCOISq45AAAm) leave
[16:42:36.374]controlled G2107班电脑(A1KYybSU5tKTXcbgAAAt) into
[16:42:54.27]controlled G2102班电脑(KfoqGOS9_Z-qatOTAAAp) leave
[16:43:03.569]controlled G2102班电脑(HcJWQ62DrhPnKr5BAAAv) into
[16:57:14.309]controlled G2107班电脑(A1KYybSU5tKTXcbgAAAt) leave
[16:57:19.31]controlled G2107班电脑(tvTV__p51IcAJVTLAAAx) into
[16:57:41.802]controlled G2102班电脑(HcJWQ62DrhPnKr5BAAAv) leave
[16:57:46.902]controlled G2102班电脑(ut7CeI60E3Xt4bEMAAAz) into
[16:59:46.548]controlled G2102班电脑(ut7CeI60E3Xt4bEMAAAz) leave
[17:00:02.903]controlled G2102班电脑(n-b6nbjU7lY6BbQzAAA1) into
[17:12:33.814]controlled G2102班电脑(n-b6nbjU7lY6BbQzAAA1) leave
[17:12:47.70]controlled G2102班电脑(P4ci9if3zQ4bJ2PsAAA5) into
[17:56:05.606]controlled G2102班电脑(P4ci9if3zQ4bJ2PsAAA5) leave
[17:56:21.162]controlled G2102班电脑(iLu5Wu3wQb_Q_We3AAA7) into
[17:58:25.598]controlled G2102班电脑(iLu5Wu3wQb_Q_We3AAA7) leave
[18:01:22.873]controlled G2102班电脑(miQXkXkuKmHFiAGbAAA9) into
[18:12:38.396]controlled G2102班电脑(miQXkXkuKmHFiAGbAAA9) leave
[18:12:44.262]controlled G2102班电脑(oSQ8TIRg9HYy4EmMAAA_) into
[18:27:47.211]controlled G2102班电脑(oSQ8TIRg9HYy4EmMAAA_) leave
[18:27:52.147]controlled G2102班电脑(dOnao6B3LIw6wQKEAABB) into
[18:42:55.816]controlled G2102班电脑(dOnao6B3LIw6wQKEAABB) leave
[18:43:03.355]controlled G2102班电脑(iBZKBVjoO_V9NpBAAABD) into
[18:57:40.805]controlled G2102班电脑(iBZKBVjoO_V9NpBAAABD) leave
[18:57:48.377]controlled G2102班电脑(Qk4h1j5F28kHOSEGAABF) into
[19:53:38.757]controlled G2107班电脑(DRVZUCh57xi8jqMbAAAC) into
[19:53:38.895]controlled G2102班电脑(FN0KRZxqgProRPLGAAAD) into
[19:57:45.68]controlled G2102班电脑(FN0KRZxqgProRPLGAAAD) leave
[19:57:50.851]controlled G2102班电脑(mZwwCJaOa_SV13S9AAAF) into
[20:12:53.312]controlled G2102班电脑(mZwwCJaOa_SV13S9AAAF) leave
[20:12:58.493]controlled G2102班电脑(9K0d5AT5j0U7by4RAAAH) into
[20:28:02.316]controlled G2102班电脑(9K0d5AT5j0U7by4RAAAH) leave
[20:28:07.573]controlled G2102班电脑(xsL8tV-tmXoyIbzfAAAL) into
[20:42:47.750]controlled G2102班电脑(xsL8tV-tmXoyIbzfAAAL) leave
[20:42:50.471]controlled G2102班电脑(GA6iwAHpXMIWvz1CAAAR) into
[22:41:37.298]controlled G2102班电脑(GA6iwAHpXMIWvz1CAAAR) leave
