[07:11:42.440]controlled G2106班电脑(mn66__QKII6bEgtAAAAB) into
[07:36:04.725]controlled G328(B8DMAT7_lZ-alT30AAAD) into
[07:39:51.40]controlled G2102班电脑(nCpXvOumuNy4eBIqAAAF) into
[07:45:26.512]controlled G2107班电脑(vu3KMpWfhivJjlC6AAAH) into
[10:05:38.593]controlled G2106班电脑(mn66__QKII6bEgtAAAAB) leave
[10:05:38.743]controlled G2107班电脑(vu3KMpWfhivJjlC6AAAH) leave
[10:05:42.932]controlled G2106班电脑(7oHpTQCaSdII4tGzAAAJ) into
[10:05:45.862]controlled G2107班电脑(fFb-QMNVygRy3zPBAAAL) into
[11:06:41.315]controlled G2102班电脑(nCpXvOumuNy4eBIqAAAF) leave
[11:22:52.967]controlled G2102班电脑(HNWJQqFBxFFhhzbyAAAN) into
[11:50:01.403]controlled G2106班电脑(7oHpTQCaSdII4tGzAAAJ) leave
[13:03:34.723]controlled G2107班电脑(fFb-QMNVygRy3zPBAAAL) leave
[13:39:24.734]controlled G2106班电脑(y75h8E411N7spjnsAAAV) into
[13:54:52.902]controlled G2107班电脑(CaTVuVseXcbzP2YbAAAX) into
[14:23:25.222]controlled G2106班电脑(y75h8E411N7spjnsAAAV) leave
[14:23:28.334]controlled G2106班电脑(5C-ztJh4w2j5S7OIAAAb) into
[14:23:42.347]controlled G2107班电脑(CaTVuVseXcbzP2YbAAAX) leave
[14:23:45.324]controlled G2107班电脑(RdOTyX3hSy_oRK5MAAAd) into
[14:24:15.718]controlled G2106班电脑(5C-ztJh4w2j5S7OIAAAb) leave
[14:24:15.825]controlled G2102班电脑(HNWJQqFBxFFhhzbyAAAN) leave
[14:24:15.827]controlled G328(B8DMAT7_lZ-alT30AAAD) leave
[14:24:19.620]controlled G2106班电脑(EYgQDWn_oezvxB_0AAAg) into
[14:24:19.642]controlled G2102班电脑(c5c-XC43AoOipivFAAAh) into
[14:24:20.321]controlled G328(1IExvot0_wceUNaiAAAj) into
[15:21:20.378]controlled G2102班电脑(c5c-XC43AoOipivFAAAh) leave
[15:32:37.571]controlled G2102班电脑(Zkva4_d2RLrOqI2JAAAl) into
[17:02:07.297]controlled G2107班电脑(RdOTyX3hSy_oRK5MAAAd) leave
[17:36:40.424]controlled G2102班电脑(Zkva4_d2RLrOqI2JAAAl) leave
[17:41:30.472]controlled G2102班电脑(iT840Crz2_bmxckwAAAr) into
[17:47:11.644]controlled G2102班电脑(iT840Crz2_bmxckwAAAr) leave
[18:38:14.79]controlled G2107班电脑(1LgZEBkX9jmfFW89AAAt) into
[19:12:32.66]controlled G2106班电脑(IDaCLZ1D3Qs9BdsiAAAF) into
[19:12:32.305]controlled G2107班电脑(kjpyxbDw3JDYJs4qAAAD) into
[19:12:32.415]controlled G328(gaj_1XETPxDLFNdXAAAE) into
[20:00:40.616]controlled G2107班电脑(kjpyxbDw3JDYJs4qAAAD) leave
[20:59:49.654]controlled G328(gaj_1XETPxDLFNdXAAAE) leave
[21:01:13.900]controlled G328(nZvq7pLwG1BKUHASAAAP) into
[21:58:44.367]controlled G2106班电脑(IDaCLZ1D3Qs9BdsiAAAF) leave
[22:59:28.429]controlled G328(nZvq7pLwG1BKUHASAAAP) leave
