[06:49:12.583]controlled G2102班电脑(7bpWyZBsq3QNzvmUAAAX) into
[07:02:11.742]controlled G2102班电脑(p4Fa3nS5tQUHC3QGAAAC) into
[07:02:14.772]controlled G328(h9mAzK10mYSj1lk7AAAE) into
[07:22:26.371]controlled G2107班电脑(H0CiKWST8lyhqCr0AAAG) into
[08:00:07.686]controlled G2106班电脑(OUZ37ll3kvPtlgvqAAAK) into
[09:00:51.936]controlled G2107班电脑(H0CiKWST8lyhqCr0AAAG) leave
[09:00:52.20]controlled G2102班电脑(p4Fa3nS5tQUHC3QGAAAC) leave
[09:00:56.654]controlled G2102班电脑(7D4JiC3Bm_Mp2WsDAAAM) into
[09:00:57.226]controlled G2107班电脑(emAhtiUKb198iYLhAAAO) into
[09:01:07.992]controlled G2106班电脑(OUZ37ll3kvPtlgvqAAAK) leave
[09:01:12.939]controlled G2106班电脑(QYE1muTcwuXBNsLkAAAQ) into
[10:56:41.55]controlled 邹虹(o56FrQynAkGCxnvwAAAU) into
[11:45:04.131]controlled G2107班电脑(emAhtiUKb198iYLhAAAO) leave
[12:04:58.646]controlled G2106班电脑(QYE1muTcwuXBNsLkAAAQ) leave
[12:05:06.299]controlled G328(h9mAzK10mYSj1lk7AAAE) leave
[12:05:10.652]controlled G2106班电脑(1ZqVCPztaH4RsD4wAAAY) into
[12:05:10.767]controlled G2102班电脑(7D4JiC3Bm_Mp2WsDAAAM) leave
[12:05:12.516]controlled G328(9-ESWx9eRCdaEzX3AAAa) into
[12:05:15.136]controlled G2102班电脑(-S7F4_w5UW_q1aHCAAAc) into
[12:09:10.65]controlled 邹虹(o56FrQynAkGCxnvwAAAU) leave
[12:09:16.618]controlled 邹虹(Dm_9TMNzQL7Q1ucPAAAe) into
[12:23:40.593]controlled G2102班电脑(-S7F4_w5UW_q1aHCAAAc) leave
[12:23:46.143]controlled G2102班电脑(U7pVA9nKIEMt4TB9AAAg) into
[12:24:01.510]controlled G328(9-ESWx9eRCdaEzX3AAAa) leave
[12:24:01.540]controlled G2106班电脑(1ZqVCPztaH4RsD4wAAAY) leave
[12:24:03.567]controlled G2106班电脑(Dkt5X4ISd4wdibC8AAAi) into
[12:24:07.51]controlled G328(73fYGn_rg4NSiWr3AAAk) into
[12:27:23.261]controlled G328(73fYGn_rg4NSiWr3AAAk) leave
[12:27:51.175]controlled G328(B1s0CvYveFD8NxVJAAAm) into
[12:35:44.116]controlled G2106班电脑(Dkt5X4ISd4wdibC8AAAi) leave
[12:35:52.138]controlled G2106班电脑(gdAug0oMfiMMeDmTAAAo) into
[12:41:35.439]controlled G2102班电脑(U7pVA9nKIEMt4TB9AAAg) leave
[12:51:44.460]controlled 邹虹(Dm_9TMNzQL7Q1ucPAAAe) leave
[12:51:50.891]controlled 邹虹(htSTvW4An9mXQeDvAAAq) into
[13:04:26.141]controlled 邹虹(EjiXq_8EQEIyj38_AAAs) into
[13:04:48.267]controlled 邹虹(htSTvW4An9mXQeDvAAAq) leave
[13:08:34.771]controlled G2106班电脑(gdAug0oMfiMMeDmTAAAo) leave
[13:08:36.579]controlled G2106班电脑(3Musw33A629m20K_AAAu) into
[13:33:21.283]controlled G2106班电脑(3Musw33A629m20K_AAAu) leave
[13:33:26.611]controlled G2106班电脑(OO4xGnnEcxM_fW8zAAAy) into
[13:50:02.980]controlled G2102班电脑(AQAjiW6y2qFZdSokAAA2) into
[13:50:11.734]controlled G2107班电脑(aYkb3yug9GU3MlUNAAA4) into
[14:02:18.904]controlled G2107班电脑(aYkb3yug9GU3MlUNAAA4) leave
[14:02:34.393]controlled G2102班电脑(AQAjiW6y2qFZdSokAAA2) leave
[14:02:35.697]controlled G2107班电脑(xHhwOY9gWiL0wv-sAAA-) into
[14:02:39.803]controlled G2102班电脑(aPmJw_3Yu2o7Qy4cAABA) into
[14:23:10.579]controlled G2106班电脑(OO4xGnnEcxM_fW8zAAAy) leave
[14:23:10.662]controlled G328(B1s0CvYveFD8NxVJAAAm) leave
[14:23:14.239]controlled G328(mjNL3Zqf0MfD3aYyAABE) into
[14:23:15.929]controlled G2106班电脑(L7yY71dU4bAEJ_AIAABG) into
[14:23:27.228]controlled G328(mjNL3Zqf0MfD3aYyAABE) leave
[14:23:33.189]controlled G328(0wSfOoN7by0O1A0fAABI) into
[14:23:44.163]controlled G2107班电脑(xHhwOY9gWiL0wv-sAAA-) leave
[14:23:47.227]controlled G2107班电脑(4XeP6QDcEgE4IeezAABK) into
[14:23:57.502]controlled G2102班电脑(aPmJw_3Yu2o7Qy4cAABA) leave
[14:24:01.155]controlled G2102班电脑(9UCqQBdMlcLdIaebAABM) into
[14:24:29.858]controlled G2107班电脑(4XeP6QDcEgE4IeezAABK) leave
[14:24:29.938]controlled 邹虹(EjiXq_8EQEIyj38_AAAs) leave
[14:24:32.758]controlled G2106班电脑(L7yY71dU4bAEJ_AIAABG) leave
[14:24:33.147]controlled 邹虹(33bYD9hv6U8D9thZAABO) into
[14:24:33.741]controlled G2107班电脑(XmyEkBk9wJCRYko0AABQ) into
[14:24:36.625]controlled G2106班电脑(CUa_VcJWaShAYk6MAABS) into
[14:52:40.857]controlled 邹虹(33bYD9hv6U8D9thZAABO) leave
[14:52:42.925]controlled 邹虹(lpsJbJN1DawlGvn6AABU) into
[15:31:47.228]controlled 邹虹(lpsJbJN1DawlGvn6AABU) leave
[15:31:49.938]controlled 邹虹(CR9NBTudgRowBoXsAABa) into
[15:49:44.240]controlled 邹虹(CR9NBTudgRowBoXsAABa) leave
[16:39:22.670]controlled G2102班电脑(9UCqQBdMlcLdIaebAABM) leave
[16:48:08.626]controlled G2106班电脑(CUa_VcJWaShAYk6MAABS) leave
[16:48:08.746]controlled G2107班电脑(XmyEkBk9wJCRYko0AABQ) leave
[16:48:10.639]controlled G2106班电脑(RZVTilUF6OeRy6q8AABd) into
[16:48:22.989]controlled G2107班电脑(_0z7EhGlvjpVVL0tAABf) into
[17:03:25.994]controlled G328(0wSfOoN7by0O1A0fAABI) leave
[17:03:29.561]controlled G328(SK4QJC5vJHLnY4orAABh) into
[17:25:35.896]controlled G2102班电脑(C7lbYohPrKirAlhxAABl) into
[19:03:12.54]controlled G2107班电脑(m8Opz77X8xbmbK8mAAAH) into
[19:03:12.150]controlled G2102班电脑(x_SyQRcj-Nl6-eX0AAAI) into
[19:03:12.240]controlled G328(lmyhQz7aGyvOa2K-AAAJ) into
[19:03:12.511]controlled G2106班电脑(2FXZZ7s8S91q7GihAAAK) into
[20:25:08.91]controlled G2107班电脑(m8Opz77X8xbmbK8mAAAH) leave
[22:38:08.996]controlled G2106班电脑(2FXZZ7s8S91q7GihAAAK) leave
[22:57:01.776]controlled G328(lmyhQz7aGyvOa2K-AAAJ) leave
[22:57:42.963]controlled G2102班电脑(x_SyQRcj-Nl6-eX0AAAI) leave
