[07:32:32.916]controlled G2107班电脑(-yQPSvBNcRwaSFGSAAAB) into
[10:33:36.327]controlled G2107班电脑(-yQPSvBNcRwaSFGSAAAB) leave
[10:33:43.292]controlled G2107班电脑(3nIWgnvWEpuxucPmAAAH) into
[10:49:17.403]controlled G2107班电脑(3nIWgnvWEpuxucPmAAAH) leave
[10:49:22.207]controlled G2107班电脑(QVZ7aaU1z-eYvjoRAAAJ) into
[11:07:51.153]controlled 自家电脑(BQmepQvUD9a9jlCFAAAL) into
[12:12:39.49]controlled G2107班电脑(QVZ7aaU1z-eYvjoRAAAJ) leave
[12:12:44.823]controlled G2107班电脑(1TJnVkvkLEz5oTMFAAAN) into
[12:25:00.329]controlled 自家电脑(BQmepQvUD9a9jlCFAAAL) leave
[12:39:55.792]controlled 自家电脑(djavfGO33ULl1KdmAAAP) into
[13:30:44.497]controlled 自家电脑(djavfGO33ULl1KdmAAAP) leave
[14:23:26.435]controlled G2107班电脑(1TJnVkvkLEz5oTMFAAAN) leave
[14:23:29.840]controlled G2107班电脑(4-KROmSsfKqtNDTsAAAR) into
[15:38:44.195]controlled 自家电脑(fJwSLRz7EyI4O9IVAAAY) into
[16:45:12.156]controlled G2107班电脑(4-KROmSsfKqtNDTsAAAR) leave
[17:21:59.691]controlled 自家电脑(fJwSLRz7EyI4O9IVAAAY) leave
[18:18:28.964]controlled G2107班电脑(_kbPb_Ws0b5pIu8RAAAg) into
[19:04:41.205]controlled G2107班电脑(0vbJEqmQ-H6CqNZ7AAAB) into
[19:11:34.321]controlled 自家电脑(52VRUAorKQr-c29TAAAD) into
[22:58:12.666]controlled G2107班电脑(0vbJEqmQ-H6CqNZ7AAAB) leave
[23:44:51.288]controlled 自家电脑(52VRUAorKQr-c29TAAAD) leave
