[06:43:26.3]controlled G2107班电脑(Jbqo9qd6bKX1KwyeAAAF) leave
[07:05:35.595]controlled G328(p-4a5uMFoOx0zq-QAAAB) into
[07:19:23.311]controlled G2107班电脑(glyL4T6x6yZXYLTFAAAD) into
[07:26:33.653]controlled G2106班电脑(hwPi0iz7dsxNt5T1AAAF) into
[08:02:50.455]controlled G2102班电脑(sGtyW-rSAwBhvn9JAAAH) into
[08:34:21.344]controlled G2106班电脑(hwPi0iz7dsxNt5T1AAAF) leave
[08:34:21.352]controlled G2102班电脑(sGtyW-rSAwBhvn9JAAAH) leave
[08:34:21.970]controlled G2107班电脑(glyL4T6x6yZXYLTFAAAD) leave
[08:34:25.916]controlled G2106班电脑(p-gIeLUUj4t7NrFLAAAK) into
[08:34:25.974]controlled G2102班电脑(C8eOkFbCrFUq7IzpAAAL) into
[08:34:27.705]controlled G2107班电脑(EoGG2LckiW0eudHHAAAN) into
[09:39:07.377]controlled G2106班电脑(p-gIeLUUj4t7NrFLAAAK) leave
[09:39:07.725]controlled G2102班电脑(C8eOkFbCrFUq7IzpAAAL) leave
[09:39:07.866]controlled G328(p-4a5uMFoOx0zq-QAAAB) leave
[09:39:12.247]controlled G2106班电脑(eZRoY2I4hC4MlHn3AAAR) into
[09:39:12.321]controlled G2102班电脑(tn4hsSztV9Me7ZAHAAAS) into
[09:39:12.526]controlled G328(CvmG01m9QEBpkVSbAAAT) into
[09:39:20.520]controlled G2107班电脑(EoGG2LckiW0eudHHAAAN) leave
[09:39:23.93]controlled G2107班电脑(K6DULJoYXzenAaETAAAV) into
[09:49:22.571]controlled G2107班电脑(K6DULJoYXzenAaETAAAV) leave
[09:49:28.912]controlled G2107班电脑(N6v_tVXuku_fjV82AAAX) into
[09:49:37.467]controlled G2102班电脑(tn4hsSztV9Me7ZAHAAAS) leave
[09:49:40.188]controlled G2102班电脑(_-hW-rZE3Ic73YarAAAZ) into
[09:50:28.598]controlled G2106班电脑(eZRoY2I4hC4MlHn3AAAR) leave
[09:50:30.970]controlled G2106班电脑(qxRAsKOeCPMp7bcuAAAb) into
[09:50:52.940]controlled G328(CvmG01m9QEBpkVSbAAAT) leave
[09:50:58.522]controlled G328(Xgub7K5xNnJfgyhQAAAd) into
[09:54:25.675]controlled G2107班电脑(N6v_tVXuku_fjV82AAAX) leave
[09:54:29.768]controlled G2107班电脑(S2cOes4-gULM9w5DAAAf) into
[10:08:55.434]controlled G2102班电脑(_-hW-rZE3Ic73YarAAAZ) leave
[10:09:00.125]controlled G2102班电脑(-eaW7wtu0JcgoEmVAAAh) into
[10:11:03.296]controlled G2106班电脑(qxRAsKOeCPMp7bcuAAAb) leave
[10:11:04.651]controlled G328(Xgub7K5xNnJfgyhQAAAd) leave
[10:11:14.709]controlled G328(0qpLyqlwZJUuhcrXAAAj) into
[10:11:19.822]controlled G2106班电脑(jaIb9qFGVfbEMP8RAAAl) into
[10:21:19.982]controlled G2106班电脑(jaIb9qFGVfbEMP8RAAAl) leave
[10:21:22.765]controlled G2107班电脑(S2cOes4-gULM9w5DAAAf) leave
[10:21:24.126]controlled G2107班电脑(F6qUQu0BZad-ErA6AAAn) into
[10:21:24.767]controlled G2106班电脑(uzMfuNjRECCPY0pQAAAp) into
[10:28:52.361]controlled G328(0qpLyqlwZJUuhcrXAAAj) leave
[10:28:53.465]controlled G2106班电脑(uzMfuNjRECCPY0pQAAAp) leave
[10:28:56.582]controlled G2106班电脑(nk1SzobmLowXnhPoAAAt) into
[10:28:57.875]controlled G328(Px7RlSAPoQ8T7AE3AAAv) into
[11:45:54.668]controlled G2106班电脑(nk1SzobmLowXnhPoAAAt) leave
[11:45:59.111]controlled G328(Px7RlSAPoQ8T7AE3AAAv) leave
[11:45:59.718]controlled G2107班电脑(F6qUQu0BZad-ErA6AAAn) leave
[11:46:00.189]controlled G2106班电脑(xc_uAbDNuDCz6loOAAAx) into
[11:46:03.508]controlled G328(5NfFriL9cBPU8rXDAAA0) into
[11:46:03.972]controlled G2107班电脑(hLUHxdYUZhmJwzrZAAA1) into
[11:46:18.114]controlled G2102班电脑(-eaW7wtu0JcgoEmVAAAh) leave
[11:46:24.163]controlled G2102班电脑(uMR--cY4L99mcYZFAAA3) into
[11:48:28.598]controlled G2107班电脑(hLUHxdYUZhmJwzrZAAA1) leave
[11:48:35.666]controlled G2107班电脑(oBdumNUdXKyDYoS1AAA5) into
[11:50:30.279]controlled G2102班电脑(uMR--cY4L99mcYZFAAA3) leave
[11:50:35.465]controlled G2102班电脑(RKWeLgalKn1Kla4OAAA7) into
[12:12:40.162]controlled G2107班电脑(oBdumNUdXKyDYoS1AAA5) leave
[13:50:18.427]controlled G2107班电脑(G1s7plc_4DQCDYjTAAA9) into
[14:12:54.603]controlled 邹虹(SK7IdsWa5XITkJ3eAABB) into
[14:23:11.281]controlled 邹虹(SK7IdsWa5XITkJ3eAABB) leave
[14:23:11.469]controlled G328(5NfFriL9cBPU8rXDAAA0) leave
[14:23:11.563]controlled G2106班电脑(xc_uAbDNuDCz6loOAAAx) leave
[14:23:14.712]controlled G328(BKSRYtAUt9WeFLEHAABD) into
[14:23:16.453]controlled 邹虹(lFm8zqUdjhfrPYl2AABF) into
[14:23:22.174]controlled G2106班电脑(VTE2Dm_AtpavtF3LAABH) into
[14:24:00.719]controlled 邹虹(lFm8zqUdjhfrPYl2AABF) leave
[14:24:02.544]controlled G2107班电脑(G1s7plc_4DQCDYjTAAA9) leave
[14:24:03.569]controlled 邹虹(lBlURSZcUX5jlCHdAABJ) into
[14:24:08.308]controlled G2107班电脑(O45anqPWXRgliwDdAABL) into
[14:24:17.895]controlled G2102班电脑(RKWeLgalKn1Kla4OAAA7) leave
[14:24:20.503]controlled G2102班电脑(IsgMLKcnf1eRHsx8AABN) into
[14:29:25.235]controlled 邹虹(lBlURSZcUX5jlCHdAABJ) leave
[14:29:29.863]controlled 邹虹(ZGRzcbYHxrNXXJPwAABP) into
[15:45:30.525]controlled G2102班电脑(IsgMLKcnf1eRHsx8AABN) leave
[15:45:34.628]controlled G2102班电脑(y638OlLC6CH074cGAABV) into
[15:45:42.242]controlled G2107班电脑(O45anqPWXRgliwDdAABL) leave
[15:45:51.375]controlled G2106班电脑(VTE2Dm_AtpavtF3LAABH) leave
[15:46:22.373]controlled G2106班电脑(KtGraaL2fBDYGt6jAABY) into
[15:48:25.299]controlled G2102班电脑(y638OlLC6CH074cGAABV) leave
[15:48:32.666]controlled G328(BKSRYtAUt9WeFLEHAABD) leave
[15:48:49.931]controlled G2107班电脑(wxoj3dBifVe-0dTxAABc) into
[15:49:55.850]controlled G2102班电脑(Z0h272Yiex1tq4UZAABg) into
[15:53:41.181]controlled G328(sl85gnuVTQbL1QvpAABj) into
[15:57:35.135]controlled G2107班电脑(wxoj3dBifVe-0dTxAABc) leave
[15:57:46.133]controlled G2107班电脑(IgfzJ11s0X2Ek7tMAABl) into
[15:57:50.476]controlled G2102班电脑(Z0h272Yiex1tq4UZAABg) leave
[15:57:56.197]controlled G2102班电脑(F1gzMo5MfIPLYPR-AABn) into
[15:58:54.409]controlled G2106班电脑(KtGraaL2fBDYGt6jAABY) leave
[15:58:57.378]controlled G2106班电脑(E1chuPE92DhoxBPKAABp) into
[15:59:28.392]controlled G328(sl85gnuVTQbL1QvpAABj) leave
[15:59:34.32]controlled G328(ZZse08R3Giic2tVJAABr) into
[16:19:39.478]controlled G2107班电脑(IgfzJ11s0X2Ek7tMAABl) leave
[16:35:35.459]controlled 邹虹(ZGRzcbYHxrNXXJPwAABP) leave
[17:10:13.299]controlled G328(ZZse08R3Giic2tVJAABr) leave
[17:10:19.122]controlled G328(-74OsPlx6-9ihAyZAABw) into
[17:12:19.466]controlled G2106班电脑(E1chuPE92DhoxBPKAABp) leave
[17:12:21.746]controlled G2106班电脑(bOWbmezFlcr5DAJKAABy) into
[17:12:24.466]controlled G2102班电脑(F1gzMo5MfIPLYPR-AABn) leave
[17:12:28.587]controlled G2102班电脑(CNyF3xFqmHBafb8xAAB0) into
[17:47:14.82]controlled G2107班电脑(JbFKKKxbqghULMc6AAB5) into
[18:52:35.137]controlled G2102班电脑(yONfJRAkgHNn4kldAAAF) into
[18:52:35.515]controlled G2107班电脑(6aZ4gcH_iaNgUfymAAAE) into
[18:52:35.547]controlled G2106班电脑(BfHRE5LPTN4uCOwQAAAH) into
[18:52:35.555]controlled G328(kIkuBbAHV7LIZXH8AAAG) into
[21:18:51.519]controlled G2107班电脑(6aZ4gcH_iaNgUfymAAAE) leave
[21:18:51.978]controlled G328(kIkuBbAHV7LIZXH8AAAG) leave
[21:18:52.754]controlled G2106班电脑(BfHRE5LPTN4uCOwQAAAH) leave
[21:18:54.129]controlled G2102班电脑(yONfJRAkgHNn4kldAAAF) leave
[21:19:06.100]controlled G2102班电脑(Mg1n3aVamurGGNwoAAAL) into
[21:19:59.694]controlled G328(cf6YacI4jkg1FPVAAAAP) into
[21:20:47.155]controlled G2107班电脑(Kdd-fwZyDZEbteRcAAAS) into
[21:21:22.347]controlled G2106班电脑(CPwcODMr0JQhBnVwAAAV) into
[22:29:10.441]controlled G2107班电脑(Kdd-fwZyDZEbteRcAAAS) leave
[22:30:36.938]controlled G2106班电脑(CPwcODMr0JQhBnVwAAAV) leave
[22:52:32.878]controlled G328(cf6YacI4jkg1FPVAAAAP) leave
[22:52:55.887]controlled G2102班电脑(Mg1n3aVamurGGNwoAAAL) leave
