[07:23:24.19]controlled G328(3mRB7adqWr_E_G6zAAAB) into
[07:23:55.816]controlled G2106班电脑(ggnljdaCfB2Sq4dHAAAD) into
[07:27:43.261]controlled G2102班电脑(LntPsMRlSMz6ibURAAAF) into
[09:07:32.54]controlled G2106班电脑(ggnljdaCfB2Sq4dHAAAD) leave
[09:07:50.516]controlled G328(3mRB7adqWr_E_G6zAAAB) leave
[09:07:55.764]controlled G2102班电脑(LntPsMRlSMz6ibURAAAF) leave
[09:09:11.922]controlled G2106班电脑(qEyWsl_MVM_FhHOpAAAI) into
[09:10:38.993]controlled G2102班电脑(4c9HjEvDgwLbxsWPAAAM) into
[09:14:52.331]controlled G328(2f9meCRo_YhVJb62AAAR) into
[10:36:36.661]controlled G328(2f9meCRo_YhVJb62AAAR) leave
[10:36:42.594]controlled G328(W-kQU3uavgELn95NAAAT) into
[11:05:47.157]controlled G2102班电脑(4c9HjEvDgwLbxsWPAAAM) leave
[11:05:47.400]controlled G2106班电脑(qEyWsl_MVM_FhHOpAAAI) leave
[11:06:30.428]controlled G2102班电脑(3SG39e0GlPNEqRJ1AAAV) into
[11:06:53.108]controlled G2106班电脑(RfxKJ36oORNcJ5V-AAAY) into
[11:07:23.647]controlled G328(W-kQU3uavgELn95NAAAT) leave
[11:07:28.427]controlled G328(3H8G7-AvUhwt64kBAAAa) into
[11:32:04.21]controlled G2106班电脑(RfxKJ36oORNcJ5V-AAAY) leave
[11:37:45.240]controlled G2102班电脑(3SG39e0GlPNEqRJ1AAAV) leave
[12:25:09.549]controlled G328(3H8G7-AvUhwt64kBAAAa) leave
[12:25:37.804]controlled G328(TX3Dh4DAECddw1EKAAAd) into
[12:59:48.967]controlled G328(TX3Dh4DAECddw1EKAAAd) leave
[13:00:33.220]controlled G328(HclqrRrTQLV6kSyBAAAf) into
[13:18:52.23]controlled G328(HclqrRrTQLV6kSyBAAAf) leave
[13:18:56.812]controlled G328(1EM1p6kyANLJvavEAAAh) into
[13:46:52.522]controlled G2106班电脑(9T8d63lK5JJkyJH1AAAj) into
[14:12:28.844]controlled G328(1EM1p6kyANLJvavEAAAh) leave
[14:15:19.595]controlled G328(b2-IOqlcX8vT5A47AAAm) into
[14:20:42.440]controlled G328(b2-IOqlcX8vT5A47AAAm) leave
[14:21:08.27]controlled G328(CbYQ_Hp9uKB_0ihPAAAo) into
[14:23:27.622]controlled G2106班电脑(9T8d63lK5JJkyJH1AAAj) leave
[14:23:31.816]controlled G2106班电脑(9zZ3VuJlbZCuKtpsAAAq) into
[14:23:40.563]controlled G2106班电脑(9zZ3VuJlbZCuKtpsAAAq) leave
[14:23:45.481]controlled G2106班电脑(UAiXaPaC_HmiiZCZAAAs) into
[14:23:59.881]controlled G328(CbYQ_Hp9uKB_0ihPAAAo) leave
[14:24:26.132]controlled G328(oVeMq32e2qE-r9amAAAv) into
[16:38:31.539]controlled G2106班电脑(UAiXaPaC_HmiiZCZAAAs) leave
[16:38:51.776]controlled G328(oVeMq32e2qE-r9amAAAv) leave
[16:38:57.294]controlled G328(gLuzCrkKVBkaPK5uAAAx) into
[16:39:42.220]controlled G2106班电脑(YFhqpllybe0ku0PwAAA1) into
[18:53:16.696]controlled G2106班电脑(7WywLQqg36kVUAvJAAAE) into
[18:53:17.65]controlled G328(nXOUUHKohL8p1TB9AAAF) into
[18:56:22.443]controlled G328(nXOUUHKohL8p1TB9AAAF) leave
[18:56:28.832]controlled G328(MMRnWtBkEWFt1t4UAAAH) into
[22:30:37.465]controlled G328(MMRnWtBkEWFt1t4UAAAH) leave
[22:31:13.473]controlled G2106班电脑(7WywLQqg36kVUAvJAAAE) leave
