[07:22:26.181]controlled G2102班电脑(eA-KM9W_C5DSW9wLAAAB) into
[07:26:58.473]controlled G2102班电脑(eA-KM9W_C5DSW9wLAAAB) leave
[07:27:04.447]controlled G2102班电脑(eF2B1J9u5KXalb15AAAD) into
[07:42:08.615]controlled G2102班电脑(eF2B1J9u5KXalb15AAAD) leave
[07:42:12.571]controlled G2102班电脑(zpuBRFIi5wkJ3wHVAAAF) into
[07:55:07.591]controlled G2102班电脑(zpuBRFIi5wkJ3wHVAAAF) leave
[07:57:21.770]controlled G2102班电脑(HIzZYRSt45yDaVH9AAAH) into
[08:10:19.583]controlled G2102班电脑(HIzZYRSt45yDaVH9AAAH) leave
[08:10:24.88]controlled G2102班电脑(_ehXDX6gH-v7BR15AAAJ) into
[09:56:59.971]controlled G2102班电脑(_ehXDX6gH-v7BR15AAAJ) leave
[09:57:04.552]controlled G2102班电脑(nfjNYF5feagox49lAAAM) into
[10:26:54.546]controlled G2102班电脑(nfjNYF5feagox49lAAAM) leave
[10:27:00.876]controlled G2102班电脑(uQDndmmkgq65JyhJAAAO) into
[10:38:22.871]controlled G2102班电脑(uQDndmmkgq65JyhJAAAO) leave
[10:40:04.892]controlled G2102班电脑(0sdPC2VWmMTS9Mo_AAAS) into
[11:26:59.257]controlled G2102班电脑(0sdPC2VWmMTS9Mo_AAAS) leave
[11:27:03.768]controlled G2102班电脑(HkEy3FWUB5_KPCCkAAAU) into
[14:24:14.881]controlled G2102班电脑(HkEy3FWUB5_KPCCkAAAU) leave
[14:24:18.639]controlled G2102班电脑(ol0gSuVsyjeIchFvAAAe) into
[18:36:03.334]controlled G2107班电脑(YoT5CdbxRBoWplm7AAAs) into
[18:47:44.303]controlled G2107班电脑(YoT5CdbxRBoWplm7AAAs) leave
[19:07:29.611]controlled G2102班电脑(SEgVR8H_4b4xhdnXAAAB) into
[19:12:01.445]controlled G2102班电脑(SEgVR8H_4b4xhdnXAAAB) leave
[19:12:11.58]controlled G2102班电脑(ENKc9EaqAN0mfVKHAAAF) into
[19:28:10.132]controlled G2102班电脑(ENKc9EaqAN0mfVKHAAAF) leave
[19:28:17.244]controlled G2102班电脑(ijFklTIwtXtjqGw8AAAH) into
[19:42:04.388]controlled G2102班电脑(ijFklTIwtXtjqGw8AAAH) leave
[19:42:09.650]controlled G2102班电脑(4QRskjwY9b_4i4pvAAAJ) into
[19:57:11.643]controlled G2102班电脑(4QRskjwY9b_4i4pvAAAJ) leave
[19:57:16.376]controlled G2102班电脑(0G0as9NH0d9NrZ6eAAAL) into
[20:11:04.256]controlled G2102班电脑(0G0as9NH0d9NrZ6eAAAL) leave
[20:11:07.156]controlled G2102班电脑(hIllFC2HcGzWoQ6rAAAN) into
[20:27:03.516]controlled G2102班电脑(hIllFC2HcGzWoQ6rAAAN) leave
[20:27:09.99]controlled G2102班电脑(EGw8FIQ3VxPTvwNpAAAR) into
[20:42:14.108]controlled G2102班电脑(EGw8FIQ3VxPTvwNpAAAR) leave
[20:42:17.74]controlled G2102班电脑(pyyac-xCg2YV4BfHAAAT) into
[21:30:54.291]controlled G2102班电脑(pyyac-xCg2YV4BfHAAAT) leave
