[10:02:49.548]controlled G2107班电脑(HY2r05Juz-adhhM9AAAB) into
[10:49:54.80]controlled G2107班电脑(rlZ0coK9LS8DWaDVAAAD) into
[10:50:55.821]controlled G2107班电脑(lBpFULRSh3TpXvcBAAAC) into
[10:51:48.362]controlled G2107班电脑(t0tBYzCImmEQP8ExAAAB) into
[10:53:51.192]controlled G2107班电脑(18qyIKpT3UKKvJ-kAAAD) into
[10:54:30.280]controlled G2107班电脑(BnU-KtC1YIf8aCllAAAB) into
[10:54:42.187]controlled G2107班电脑(niI63wEfOdmdy-M6AAAB) into
[10:54:53.277]controlled G2107班电脑(M2BYg5-w1-_4od2hAAAB) into
[10:55:11.292]controlled G2107班电脑(Si5tj5jO1crhGdCtAAAB) into
[10:55:24.291]controlled G2107班电脑(7ikS4sVrp-knV9WHAAAB) into
[10:56:36.290]controlled G2107班电脑(jZciySZD9qgr3tI8AAAD) into
[10:56:42.387]controlled G2107班电脑(dK12o7Uv2OypFeQ_AAAB) into
[11:11:58.56]controlled G2107班电脑(0Lyhsp6cCroO7qZMAAAB) into
[11:14:52.203]controlled G2107班电脑(guqFv_Jdi6VS9jYSAAAB) into
[11:15:08.244]controlled G2107班电脑(jihin9sQm7Se5tVuAAAB) into
[11:34:19.171]controlled G2107班电脑(PjOt7e2iYpaYE0I8AAAD) into
[11:35:10.323]controlled G2107班电脑(eeZhOEI4hVaPEOATAAAB) into
[11:36:07.138]controlled G2107班电脑(vmlQmQMnBEwiEdXXAAAE) into
[11:36:16.310]controlled G2107班电脑(vY-gWdIElrTXW8alAAAB) into
[11:36:51.199]controlled G2107班电脑(NSNEybcKz0YRkP_IAAAD) into
[11:37:54.220]controlled G2107班电脑(HHMQpBE9oLe09mUxAAAD) into
[11:38:52.208]controlled G2107班电脑(jt9_zHk6BTb0iWC3AAAH) into
[11:42:41.268]controlled G2107班电脑(zmVqHqs7n1aOv27_AAAB) into
[11:43:24.372]controlled G2107班电脑(FO4dfq_HINPOnTTfAAAG) into
[11:43:48.245]controlled G2107班电脑(7PVEURXB--csHOEjAAAD) into
[11:44:53.607]controlled G2107班电脑(QfIddXG9XrXFipyhAAAB) into
[11:45:43.134]controlled G2107班电脑(jIpHAyo5LbmH80FcAAAD) into
[11:46:57.625]controlled G2107班电脑(8TEz7cnjDO4vJ0zxAAAC) into
[11:47:26.103]controlled G2107班电脑(6qXa5uEJjKweytwpAAAD) into
[11:48:14.264]controlled G2107班电脑(44Wp9MpMiF4TZnWvAAAF) into
[11:48:25.141]controlled G2107班电脑(WhAkdcRDJszEyAXuAAAF) into
[11:48:36.272]controlled G2107班电脑(8VJTecmKCIBoo7uUAAAC) into
[11:48:49.381]controlled G2107班电脑(rFIZL4S0cMD6YTF0AAAB) into
[11:50:04.312]controlled G2107班电脑(PVQTo0ZBK-XvFwYnAAAD) into
[11:53:16.882]controlled G2107班电脑(OtvKU98rl0bD0pJYAAAE) into
[11:53:34.418]controller pruHEAowkfErsnmGAAAJ into
[11:53:34.758]pruHEAowkfErsnmGAAAJ cannot find G2102班电脑 to send electron: fs.statSync("D:/t.png").isDirectory()
[11:53:47.865]controller zI6QJIOLPfku5VhyAAAL into
[11:53:51.129]controller zI6QJIOLPfku5VhyAAAL leave
[11:53:53.582]controller lKVRfmTM4PRt33UvAAAN into
[11:54:00.873]controller lKVRfmTM4PRt33UvAAAN leave
[11:54:00.879]controller pruHEAowkfErsnmGAAAJ leave
[12:21:39.559]controller CSFe6WLcGucU7W4EAAAT into
[12:22:41.436]controller CSFe6WLcGucU7W4EAAAT leave
[12:35:12.255]controlled G2107班电脑(XiEjvdxZkvmIiCpXAAAC) into
[12:35:23.58]controlled G2107班电脑(0nENHPSptEL88ppVAAAC) into
[12:35:29.365]controlled G2107班电脑(jrJAnKdJQ4mdZykPAAAD) into
[12:35:48.416]controlled G2107班电脑(zw_aNJRaeFVtUJjKAAAC) into
[12:35:54.164]controlled G2107班电脑(_1IleO9ZnKastp5vAAAB) into
[12:36:09.906]controlled G2107班电脑(T7A8g8jlSfH1DCTmAAAB) into
[12:36:18.804]controlled G2107班电脑(wSVaWihPqkiowY8rAAAB) into
[12:36:26.65]controlled G2107班电脑(SNi9LF9ttnNBA4f5AAAB) into
[12:36:33.202]controlled G2107班电脑(podAscWZxXLV6iukAAAB) into
[12:36:44.524]controlled G2107班电脑(ooesZqd1eMn54xZyAAAB) into
[12:42:56.853]controlled G2107班电脑(UeEL8P0GCZSIFnz6AAAC) into
[12:43:08.115]controlled G2107班电脑(tCLq8brqy5YJZzEnAAAC) into
[12:43:18.237]controlled G2107班电脑(FyJ-38yCzPRhfuxtAAAD) into
[12:43:47.747]controlled G2107班电脑(XTBKJW1ouAZV5oFaAAAC) into
[12:43:51.872]controlled G2107班电脑(m20moc6MoPuu0Vi5AAAB) into
[12:45:54.132]controlled G2107班电脑(jPxLxfLHk3L5PYMRAAAC) into
[13:03:06.921]controlled G2107班电脑(qbP7JpVLCAn6kZ-qAAAB) into
[13:06:35.613]controlled G2107班电脑(u9mbDob797kimYuIAAAF) into
[13:08:11.924]controlled G2107班电脑(SB5Gok1HxGJuOBbpAAAB) into
[13:09:47.551]controlled G2107班电脑(SB5Gok1HxGJuOBbpAAAB) leave
[14:07:41.80]controlled 自家电脑(WgtObExEOcdGEZqqAAAT) into
[14:23:59.566]controlled 自家电脑(WgtObExEOcdGEZqqAAAT) leave
[14:24:03.257]controlled 自家电脑(jLZsJjO2Bw1cN6NLAAAV) into
[14:24:32.51]controlled 自家电脑(jLZsJjO2Bw1cN6NLAAAV) leave
[14:24:35.826]controlled 自家电脑(hrOcrSVknrWTjom5AAAX) into
[14:29:57.604]controller XdFauNhDYOsz0_mjAAAZ into
[14:31:41.12]controller XdFauNhDYOsz0_mjAAAZ leave
[14:31:42.793]controller njFHXvhMPbP18SlaAAAb into
[14:54:21.88]controller njFHXvhMPbP18SlaAAAb leave
[14:54:25.570]controlled 自家电脑(hrOcrSVknrWTjom5AAAX) leave
[14:55:13.397]controlled 自家电脑(b9n_Rct3b75cjSBqAAAd) into
[14:55:53.609]controller CIfumFfLn5nvHJpaAAAf into
[15:12:59.207]controlled 自家电脑(b9n_Rct3b75cjSBqAAAd) leave
[15:12:59.474]controller CIfumFfLn5nvHJpaAAAf leave
[15:13:46.846]controlled 自家电脑(-eANCaA82a7hIs5BAAAh) into
[15:22:12.816]controlled 自家电脑(-eANCaA82a7hIs5BAAAh) leave
[15:22:59.145]controlled 自家电脑(DUDEPPk4bM6Jdg1tAAAj) into
[15:55:00.341]controlled 自家电脑(DUDEPPk4bM6Jdg1tAAAj) leave
[17:27:06.867]controlled G2102班电脑(Xsl3YsmWX6qQsXbuAAAH) into
[19:51:44.42]controlled G2102班电脑(kw31j1P7TEyWqugdAAAB) into
[22:01:18.510]controlled G2102班电脑(kw31j1P7TEyWqugdAAAB) leave
