[07:04:40.721]controlled G2107班电脑(X1PnLrMSSKFFNiTHAAAB) into
[07:31:59.916]controlled G2102班电脑(kgS66bfQQOU3eX3zAAAF) into
[09:57:40.440]controlled G2102班电脑(kgS66bfQQOU3eX3zAAAF) leave
[09:57:47.739]controlled G2107班电脑(X1PnLrMSSKFFNiTHAAAB) leave
[09:57:52.905]controlled G2107班电脑(tiOygYVzbks6qoVjAAAH) into
[09:57:55.996]controlled G2102班电脑(5WKhFtn_nPL-8F1_AAAJ) into
[10:06:11.39]controlled G2107班电脑(tiOygYVzbks6qoVjAAAH) leave
[10:06:44.49]controlled G2102班电脑(5WKhFtn_nPL-8F1_AAAJ) leave
[10:07:16.334]controlled G2107班电脑(-ljHblav5xu6DBZ4AAAP) into
[10:07:37.177]controlled G2102班电脑(nijL0kVGKkOPyEbGAAAR) into
[14:23:12.593]controlled G2102班电脑(nijL0kVGKkOPyEbGAAAR) leave
[14:23:16.992]controlled G2102班电脑(lMtr2kwqEvySpgtfAAAe) into
[14:23:45.652]controlled G2102班电脑(lMtr2kwqEvySpgtfAAAe) leave
[14:23:47.710]controlled G2102班电脑(X_BwAQr90IlY1ZbpAAAg) into
[14:24:02.221]controlled G2107班电脑(-ljHblav5xu6DBZ4AAAP) leave
[14:33:07.98]controlled G2107班电脑(5diZEdsEoZ6_lVlaAAAi) into
[19:05:32.66]controlled G2107班电脑(koH_SJq-asfkUOUCAAAE) into
[19:05:32.108]controlled G2102班电脑(KZbb9tdZK_nGHdTAAAAF) into
[21:59:46.972]controlled G2102班电脑(KZbb9tdZK_nGHdTAAAAF) leave
[23:06:12.124]controller kptyzEdP04Onc1ObAAAP into
[23:06:12.126]controller kptyzEdP04Onc1ObAAAP leave
[23:06:15.53]controller 0WcRi7DeDn4obB7YAAAR into
[23:06:27.218]controller 0WcRi7DeDn4obB7YAAAR leave
