[07:17:58.530]controlled 班上电脑(sG6lEojZ2-BBkKaUAAAB) into
[09:13:10.993]controlled 班上电脑(sG6lEojZ2-BBkKaUAAAB) leave
[09:13:15.984]controlled 班上电脑(8F1vKOafoXaLRudkAAAD) into
[12:42:56.378]controlled 班上电脑(8F1vKOafoXaLRudkAAAD) leave
[12:43:05.551]controlled 班上电脑(22vBmfOYWhPKPYcQAAAF) into
[14:24:34.472]controlled 班上电脑(22vBmfOYWhPKPYcQAAAF) leave
[14:24:38.618]controlled 班上电脑(M1wfz5qqJZmbGPa9AAAH) into
[14:40:08.746]controlled 班上电脑(M1wfz5qqJZmbGPa9AAAH) leave
[14:40:40.841]controlled 班上电脑(L2T5NhTd0ZN758zTAAAJ) into
[16:11:10.942]controlled 班上电脑(L2T5NhTd0ZN758zTAAAJ) leave
[16:11:20.172]controlled 班上电脑(cMDc_Hzgxs_oEZrnAAAL) into
[18:30:08.838]controlled 班上电脑(cMDc_Hzgxs_oEZrnAAAL) leave
[18:30:11.297]controlled 班上电脑(eeP8q1Qz5g911HrjAAAN) into
[18:45:14.53]controlled 班上电脑(eeP8q1Qz5g911HrjAAAN) leave
[18:45:18.236]controlled 班上电脑(Pvlcab1He0aTXS1pAAAP) into
[19:00:20.847]controlled 班上电脑(Pvlcab1He0aTXS1pAAAP) leave
[19:00:22.602]controlled 班上电脑(FFDXzxnDkDLZ4L8HAAAR) into
[19:08:56.443]controlled 班上电脑(zU5EK_g4vjaqtcddAAAB) into
[19:15:09.134]controlled 班上电脑(zU5EK_g4vjaqtcddAAAB) leave
[19:15:14.584]controlled 班上电脑(7Z6T4ui5Sqyy8BLhAAAD) into
[22:32:01.541]controlled 班上电脑(7Z6T4ui5Sqyy8BLhAAAD) leave
