[07:15:55.789]controlled 班上电脑(f9fbHyP7wKHVbRc4AAAB) into
[09:18:41.639]controlled 班上电脑(f9fbHyP7wKHVbRc4AAAB) leave
[09:19:10.596]controlled 班上电脑(u833SovmTgxRd7nFAAAD) into
[10:10:07.471]controlled 班上电脑(u833SovmTgxRd7nFAAAD) leave
[10:10:16.743]controlled 班上电脑(wrWhrYZbYnaTKUNkAAAF) into
[14:23:11.771]controlled 班上电脑(wrWhrYZbYnaTKUNkAAAF) leave
[14:23:19.304]controlled 班上电脑(KIiNLMwwCSVLEMNWAAAH) into
[14:23:42.828]controlled 班上电脑(KIiNLMwwCSVLEMNWAAAH) leave
[14:23:46.807]controlled 班上电脑(Y3q0twqKUjE2NI9cAAAJ) into
[15:25:41.174]controlled 班上电脑(Y3q0twqKUjE2NI9cAAAJ) leave
[15:25:47.691]controlled 班上电脑(LUoy4f3Mxocv5pCBAAAL) into
[15:35:23.670]controlled 班上电脑(LUoy4f3Mxocv5pCBAAAL) leave
[15:35:30.705]controlled 班上电脑(mTsw5-OcFZ9VOJgFAAAN) into
[16:11:37.978]controlled 班上电脑(mTsw5-OcFZ9VOJgFAAAN) leave
[16:11:43.271]controlled 班上电脑(_35Z8qWgju8sS734AAAP) into
[19:15:46.56]controlled 班上电脑(hn5Dzvn_YGME3cGEAAAB) into
[22:36:55.880]controlled 班上电脑(hn5Dzvn_YGME3cGEAAAB) leave
[22:36:59.72]controlled 班上电脑(cjXnAkmIg8tPVMjLAAAD) into
[22:37:59.191]controlled 班上电脑(cjXnAkmIg8tPVMjLAAAD) leave
[22:38:02.109]controlled 班上电脑(ByZYPIs53R5ISN24AAAF) into
[22:44:57.684]controlled 班上电脑(ByZYPIs53R5ISN24AAAF) leave
