[08:17:30.629]controlled G2102班电脑(lvpSxI2rQlnC7HXfAAAB) into
[10:43:47.532]controlled G2107班电脑(swC-N7bDqZYOvYLVAAAG) into
[12:17:13.487]controlled G2107班电脑(swC-N7bDqZYOvYLVAAAG) leave
[12:17:15.832]controlled G2107班电脑(qht-2mvilrUv_mPPAAAI) into
[12:17:38.329]controlled G2102班电脑(lvpSxI2rQlnC7HXfAAAB) leave
[12:17:43.114]controlled G2102班电脑(altU2H1R-W-J0N01AAAK) into
[12:18:36.76]controlled G2102班电脑(altU2H1R-W-J0N01AAAK) leave
[13:09:23.829]controlled G2107班电脑(qht-2mvilrUv_mPPAAAI) leave
[13:09:31.125]controlled G2107班电脑(8bykzBeW7spXbao4AAAM) into
[14:23:09.227]controlled G2107班电脑(8bykzBeW7spXbao4AAAM) leave
[14:23:13.815]controlled G2107班电脑(ZfWIuSoVCDSFoh6aAAAO) into
[14:24:13.220]controlled G2107班电脑(ZfWIuSoVCDSFoh6aAAAO) leave
[14:24:15.233]controlled G2107班电脑(GNhP44wJhW6OFvLAAAAQ) into
[14:28:47.253]controlled G2107班电脑(GNhP44wJhW6OFvLAAAAQ) leave
[14:28:55.586]controlled G2107班电脑(u88j7VyfnWkMRS6JAAAS) into
[15:23:23.640]controlled G2102班电脑(jZhYZfoAuXkIf3tpAAAV) into
[19:09:23.563]controlled G2107班电脑(B3BH8cJ4g_5rECDTAAAD) into
[19:09:23.592]controlled G2102班电脑(nX6vEY_igh8xlFGAAAAC) into
[20:40:12.173]controlled G2107班电脑(B3BH8cJ4g_5rECDTAAAD) leave
[20:40:13.531]controlled G2102班电脑(nX6vEY_igh8xlFGAAAAC) leave
[20:40:17.937]controlled G2107班电脑(G1nn5DgBaS1bt9IgAAAF) into
[20:40:18.226]controlled G2102班电脑(DtrA2czXLC5bRqrzAAAH) into
[21:31:07.727]controlled G2107班电脑(G1nn5DgBaS1bt9IgAAAF) leave
[22:45:41.15]controlled G2102班电脑(DtrA2czXLC5bRqrzAAAH) leave
