[07:02:10.147]controlled G2107班电脑(_VRiIUXFaMBYVxYUAAAB) into
[07:53:07.492]controlled G2106班电脑(jmd5EUwgp2QQWsszAAAD) into
[07:58:46.253]controlled G2106班电脑(jmd5EUwgp2QQWsszAAAD) leave
[08:00:16.256]controlled G2106班电脑(F4cB4m2hvNByNwRVAAAF) into
[09:05:48.708]controlled G2106班电脑(F4cB4m2hvNByNwRVAAAF) leave
[09:05:54.258]controlled G2106班电脑(50-1HcekQjkrrMlLAAAH) into
[10:27:30.701]controlled G2102班电脑(SMFG3qDbBBS4RGBzAAAL) into
[14:22:54.45]controlled G2102班电脑(SMFG3qDbBBS4RGBzAAAL) leave
[14:22:55.961]controlled G2107班电脑(_VRiIUXFaMBYVxYUAAAB) leave
[14:22:57.889]controlled G2102班电脑(y2rZMuaIyH1jGd7RAAAQ) into
[14:23:02.4]controlled G2107班电脑(zzFIFeVmCEaE0QN8AAAS) into
[14:23:10.685]controlled G2102班电脑(y2rZMuaIyH1jGd7RAAAQ) leave
[14:23:13.388]controlled G2102班电脑(sF-NMoNlX50v2Hp3AAAU) into
[14:23:29.51]controlled G2106班电脑(50-1HcekQjkrrMlLAAAH) leave
[14:23:33.439]controlled G2106班电脑(08nn0ASGPZOVK5W0AAAW) into
[14:23:42.914]controlled G2106班电脑(08nn0ASGPZOVK5W0AAAW) leave
[14:23:46.412]controlled G2106班电脑(HqZxSGKKzu0bU9a6AAAY) into
[14:24:01.207]controlled G2102班电脑(sF-NMoNlX50v2Hp3AAAU) leave
[14:24:03.363]controlled G2102班电脑(bJoyAtuArDqFniqdAAAa) into
[16:41:06.476]controlled G2102班电脑(bJoyAtuArDqFniqdAAAa) leave
[16:41:14.914]controlled G2107班电脑(zzFIFeVmCEaE0QN8AAAS) leave
[16:47:13.953]controlled G2106班电脑(HqZxSGKKzu0bU9a6AAAY) leave
[17:38:01.544]controlled G2106班电脑(9v3WUh9nzqiv5hOiAAA3) into
[17:54:01.289]controlled G2102班电脑(eok-9eEHmbiRLUTVAAA9) into
[19:00:55.927]controlled G2106班电脑(c1s3crgeNiBRR5elAAAC) into
[19:00:56.111]controlled G2102班电脑(LJyDEQb0o3L4vJA9AAAD) into
[20:04:19.795]controlled G2102班电脑(LJyDEQb0o3L4vJA9AAAD) leave
[20:10:14.722]controlled G2106班电脑(c1s3crgeNiBRR5elAAAC) leave
[20:22:48.169]controller KMwRcSbMwze2iKlhAAAG into
[20:22:50.800]controller KMwRcSbMwze2iKlhAAAG leave
