[08:00:32.779]controlled G328(2gkPpcUzDPyVUIUNAAAB) into
[09:32:25.201]controlled G2107班电脑(b9j1iPKccjiTI56sAAAD) into
[11:51:57.279]controlled G2107班电脑(b9j1iPKccjiTI56sAAAD) leave
[12:14:38.349]controlled G2107班电脑(ywevT34QcFvyrEKiAAAM) into
[12:34:02.409]controlled G2107班电脑(ywevT34QcFvyrEKiAAAM) leave
[12:36:16.333]controlled G2107班电脑(MfbL3R_j_FpodpthAAAO) into
[14:23:31.164]controlled G328(2gkPpcUzDPyVUIUNAAAB) leave
[14:23:31.248]controlled G2107班电脑(MfbL3R_j_FpodpthAAAO) leave
[14:23:35.479]controlled G328(l8nn7Pcp8Am-oC29AAAS) into
[14:23:35.515]controlled G2107班电脑(pOK0yDT5HJiiWWKxAAAR) into
[14:23:48.132]controlled G328(l8nn7Pcp8Am-oC29AAAS) leave
[14:23:51.146]controlled G328(fL7vxeIY2Wc7bwbcAAAU) into
[14:27:42.120]controlled G2107班电脑(pOK0yDT5HJiiWWKxAAAR) leave
[14:27:49.554]controlled G2107班电脑(19X1qNZysgNIWvsfAAAY) into
[14:27:57.477]controlled G328(fL7vxeIY2Wc7bwbcAAAU) leave
[14:28:02.472]controlled G328(It1Vplmf3ypxfQRqAAAa) into
[14:37:03.773]controlled G2107班电脑(19X1qNZysgNIWvsfAAAY) leave
[16:49:38.153]controlled G2107班电脑(dB4Zm0pkXDsodSqrAAAi) into
[16:54:35.644]controlled G328(m-dfoHKfKvUtkCzZAAAk) into
[17:58:22.128]controlled G2107班电脑(dB4Zm0pkXDsodSqrAAAi) leave
[18:13:39.508]controlled G328(m-dfoHKfKvUtkCzZAAAk) leave
[18:31:44.962]controlled G328(It1Vplmf3ypxfQRqAAAa) leave
[18:31:50.99]controlled G328(CDJBuTHHmPd0cLNqAAAp) into
[19:09:21.173]controlled G328(CDJBuTHHmPd0cLNqAAAp) leave
[20:22:37.59]controlled G2107班电脑(rUDGGSjiZIQ53TbmAAAB) into
[21:28:20.390]controlled G2107班电脑(rUDGGSjiZIQ53TbmAAAB) leave
[21:52:45.741]controlled G2107班电脑(3z9SiDmG8-k2NsdCAAAD) into
[22:04:30.128]controlled G328(pynUXP_ZuYEluCuiAAAF) into
[22:10:47.30]controlled G328(pynUXP_ZuYEluCuiAAAF) leave
[22:28:01.938]controlled G2107班电脑(3z9SiDmG8-k2NsdCAAAD) leave
[22:33:05.928]controlled G328(0e2EXvWdJ-Mc_dAgAAAL) into
[22:45:16.769]controlled G328(0e2EXvWdJ-Mc_dAgAAAL) leave
