[07:14:28.934]controlled G328(2ye-RMdeoE7pf8AgAAAB) into
[08:36:57.201]controlled G2106班电脑(8u2UHn53UyHRnJlAAAAF) into
[09:21:49.321]controlled G328(2ye-RMdeoE7pf8AgAAAB) leave
[09:22:17.552]controlled G328(Of3J_dcfu48-xq3jAAAI) into
[09:22:42.968]controlled G2106班电脑(8u2UHn53UyHRnJlAAAAF) leave
[09:22:48.634]controlled G2106班电脑(50tMTUE94kOczgeQAAAK) into
[09:51:42.992]controlled G328(Of3J_dcfu48-xq3jAAAI) leave
[09:51:47.398]controlled G328(XA2dy45if-Ti2F88AAAM) into
[09:51:49.762]controlled G2106班电脑(50tMTUE94kOczgeQAAAK) leave
[09:52:15.533]controlled G2106班电脑(8d-HIhAR5Sr4bF1cAAAP) into
[10:21:36.982]controlled G328(XA2dy45if-Ti2F88AAAM) leave
[10:21:41.496]controlled G328(QhABSwa8geTn6-E_AAAR) into
[10:26:11.276]controlled G328(QhABSwa8geTn6-E_AAAR) leave
[10:27:56.569]controlled G328(Ns4c84bfvZGWzno7AAAT) into
[10:51:00.12]controlled G2106班电脑(8d-HIhAR5Sr4bF1cAAAP) leave
[10:51:28.968]controlled G2106班电脑(KOWkC6R_k1tt6Lw4AAAY) into
[10:51:52.166]controlled G328(Ns4c84bfvZGWzno7AAAT) leave
[10:51:57.158]controlled G328(tD9GNm_7AGgRjf_eAAAa) into
[11:21:56.836]controlled G2106班电脑(KOWkC6R_k1tt6Lw4AAAY) leave
[11:21:57.209]controlled G328(tD9GNm_7AGgRjf_eAAAa) leave
[11:22:03.132]controlled G2106班电脑(I6lo2LA90Uv9KA9dAAAc) into
[11:22:22.406]controlled G328(Ah2UxOHOtWY98tidAAAf) into
[11:29:07.565]controlled G328(Ah2UxOHOtWY98tidAAAf) leave
[11:44:29.839]controlled G2106班电脑(I6lo2LA90Uv9KA9dAAAc) leave
[11:45:43.328]controlled G328(PaeP9_6yAlqB8boBAAAk) into
[11:48:20.203]controlled G2106班电脑(-vaIETdTzLrnKv6LAAAm) into
[11:51:55.477]controlled G328(PaeP9_6yAlqB8boBAAAk) leave
[11:51:58.773]controlled G2106班电脑(-vaIETdTzLrnKv6LAAAm) leave
[11:52:01.361]controlled G328(UjTiEFoUHu9mCFUnAAAo) into
[11:52:02.661]controlled G2106班电脑(bTFKuoCCiy9caIkOAAAq) into
[12:22:31.962]controlled G2106班电脑(FSKiQ23rMMiARDRvAAAt) into
[12:22:52.802]controlled G2106班电脑(bTFKuoCCiy9caIkOAAAq) leave
[12:23:12.503]controlled G328(UjTiEFoUHu9mCFUnAAAo) leave
[12:23:17.560]controlled G328(hFYT8ZzwG9nvINi1AAAv) into
[12:52:29.383]controlled G328(hFYT8ZzwG9nvINi1AAAv) leave
[12:52:29.683]controlled G2106班电脑(FSKiQ23rMMiARDRvAAAt) leave
[12:52:40.355]controlled G328(eVYjsI-_pH-RI2xsAAAx) into
[12:52:57.763]controlled G2106班电脑(MVqgqr4AQoZnQfPEAAA0) into
[13:22:34.814]controlled G328(eVYjsI-_pH-RI2xsAAAx) leave
[13:22:49.106]controlled G2106班电脑(MVqgqr4AQoZnQfPEAAA0) leave
[13:22:52.70]controlled G2106班电脑(zsQNoqhwcECfJjFfAAA2) into
[13:23:02.738]controlled G328(EqRV8DLOU6PKHb8oAAA5) into
[13:52:36.763]controlled G2106班电脑(zsQNoqhwcECfJjFfAAA2) leave
[13:52:36.855]controlled G328(EqRV8DLOU6PKHb8oAAA5) leave
[13:52:38.976]controlled G2106班电脑(7I7DsA1qf1ZtJcSlAAA7) into
[13:53:04.576]controlled G328(85yaZpvZMOWG1S7FAAA-) into
[14:21:59.790]controlled G2106班电脑(7I7DsA1qf1ZtJcSlAAA7) leave
[14:22:07.399]controlled G328(85yaZpvZMOWG1S7FAAA-) leave
[14:22:12.865]controlled G328(RK88JlVrhex9soERAABA) into
[14:22:23.376]controlled G2106班电脑(4gpS1KKJoEptB4i4AABD) into
[14:23:27.171]controlled G328(RK88JlVrhex9soERAABA) leave
[14:23:42.66]controlled G2106班电脑(4gpS1KKJoEptB4i4AABD) leave
[14:23:45.0]controlled G2106班电脑(Jvj8hVTcxZxsQyfQAABF) into
[14:23:52.803]controlled G328(Kc-BDNqZi6mD_lpBAABI) into
[14:24:29.934]controlled G2106班电脑(Jvj8hVTcxZxsQyfQAABF) leave
[14:24:33.443]controlled G2106班电脑(K_y-KaL4tPeTZ8_QAABK) into
[14:52:33.967]controlled G2106班电脑(K_y-KaL4tPeTZ8_QAABK) leave
[14:52:38.88]controlled G328(Kc-BDNqZi6mD_lpBAABI) leave
[14:52:39.667]controlled G2106班电脑(L3eORcpiD98g7m5RAABN) into
[14:52:43.969]controlled G328(k0hKV7cYFg5JwethAABP) into
[15:03:44.819]controlled G2106班电脑(L3eORcpiD98g7m5RAABN) leave
[15:22:20.811]controlled G328(k0hKV7cYFg5JwethAABP) leave
[15:22:26.119]controlled G328(3WcWvNjXD58frPsKAABR) into
[15:37:09.571]controlled G2106班电脑(QEWxP5j55movt5eIAABT) into
[15:44:38.831]controlled G2102班电脑(ir80wIM8FALQEhSlAABV) into
[15:49:30.674]controlled G2102班电脑(ir80wIM8FALQEhSlAABV) leave
[15:52:46.539]controlled G2106班电脑(QEWxP5j55movt5eIAABT) leave
[15:52:52.388]controlled G2106班电脑(vsvl86XQrTpXe0bQAABX) into
[16:22:48.708]controlled G2106班电脑(vsvl86XQrTpXe0bQAABX) leave
[16:23:00.122]controlled G2106班电脑(ReHfSc-Kc2dbaTbbAABZ) into
[16:52:48.251]controlled G2106班电脑(ReHfSc-Kc2dbaTbbAABZ) leave
[16:52:52.958]controlled G2106班电脑(EFo3Nb17LKr7vtrvAABd) into
[16:53:03.104]controlled G328(3WcWvNjXD58frPsKAABR) leave
[16:53:08.324]controlled G328(0YT9mugF4xW_XmszAABf) into
[17:23:10.171]controlled G2106班电脑(EFo3Nb17LKr7vtrvAABd) leave
[17:23:28.435]controlled G328(0YT9mugF4xW_XmszAABf) leave
[17:23:36.596]controlled G2106班电脑(MrhVvpJzPUA8g839AABu) into
[17:23:55.54]controlled G328(j-Sn_chAIV4UKMOaAABx) into
[17:29:05.965]controlled G328(j-Sn_chAIV4UKMOaAABx) leave
[17:53:33.858]controlled G2106班电脑(MrhVvpJzPUA8g839AABu) leave
[17:53:38.432]controlled G2106班电脑(GxlXHEnEz4lqAvoCAAB0) into
[18:19:08.673]controlled G328(4Wy7qsX9iY6YXY8qAAB_) into
[18:23:18.908]controlled G2106班电脑(GxlXHEnEz4lqAvoCAAB0) leave
[18:23:18.983]controlled G328(4Wy7qsX9iY6YXY8qAAB_) leave
[18:23:25.892]controlled G328(wAZbLxkwUR_4MkYwAACB) into
[18:25:40.835]controlled G2106班电脑(KbGlLSTtOQpAgp89AACD) into
[18:52:40.210]controlled G2106班电脑(KbGlLSTtOQpAgp89AACD) leave
[18:52:45.29]controlled G2106班电脑(tChakw5fAAZdmMaxAACF) into
[18:52:58.691]controlled G328(wAZbLxkwUR_4MkYwAACB) leave
[18:53:03.627]controlled G328(spyvfXKLyalhvUmkAACH) into
[19:07:31.769]controlled G328(-H6RiRwRfFT29IguAAAH) into
[19:07:31.775]controlled G2106班电脑(pEHaKyQCOVANkTatAAAG) into
[19:23:11.449]controlled G2106班电脑(pEHaKyQCOVANkTatAAAG) leave
[19:23:17.205]controlled G328(-H6RiRwRfFT29IguAAAH) leave
[19:23:19.133]controlled G2106班电脑(m-2_JmWxzN6ESdg6AAAJ) into
[19:23:44.868]controlled G328(gArnkVHa6gjGGhU7AAAM) into
[19:35:51.77]controlled G2106班电脑(m-2_JmWxzN6ESdg6AAAJ) leave
[19:35:56.274]controlled G2106班电脑(n_e5FQ_C7UWheYyKAAAO) into
[19:53:43.943]controlled G2106班电脑(n_e5FQ_C7UWheYyKAAAO) leave
[19:53:44.138]controlled G328(gArnkVHa6gjGGhU7AAAM) leave
[19:53:48.664]controlled G328(pbQJFKd0lm379eOvAAAQ) into
[19:53:48.812]controlled G2106班电脑(3Ho3XWWo9YFKG2VEAAAS) into
[19:59:37.642]controlled G2106班电脑(3Ho3XWWo9YFKG2VEAAAS) leave
[19:59:42.283]controlled G2106班电脑(YQqKAIFoythVO3uqAAAU) into
[20:22:47.364]controlled G328(KUpdJpq_S7nTqYsLAAAW) into
[20:23:07.101]controlled G328(pbQJFKd0lm379eOvAAAQ) leave
[20:23:29.329]controlled G2106班电脑(YQqKAIFoythVO3uqAAAU) leave
[20:23:34.660]controlled G2106班电脑(sQu9AiYpSqXfrBfMAAAY) into
[20:53:33.108]controlled G328(KUpdJpq_S7nTqYsLAAAW) leave
[20:53:34.61]controlled G2106班电脑(sQu9AiYpSqXfrBfMAAAY) leave
[20:53:36.667]controlled G2106班电脑(_GL1sdlmAKfGX1lfAAAa) into
[20:53:37.968]controlled G328(dkbTUc3imqdbNz19AAAc) into
[21:23:37.567]controlled G328(dkbTUc3imqdbNz19AAAc) leave
[21:23:37.866]controlled G2106班电脑(_GL1sdlmAKfGX1lfAAAa) leave
[21:23:42.168]controlled G2106班电脑(d95yS-_amb2OTUuhAAAe) into
[21:23:42.761]controlled G328(RZpJ0XTaJ_9tC6vfAAAg) into
[21:27:01.95]controlled G2106班电脑(d95yS-_amb2OTUuhAAAe) leave
[21:27:28.904]controlled G2106班电脑(SE3fF83fEl4zTT-AAAAj) into
[21:53:49.118]controlled G328(RZpJ0XTaJ_9tC6vfAAAg) leave
[21:53:49.269]controlled G2106班电脑(SE3fF83fEl4zTT-AAAAj) leave
[21:53:56.111]controlled G328(wb5PP75fvATN_BG8AAAl) into
[21:54:13.692]controlled G2106班电脑(UCV7WoNLNvyB__JMAAAo) into
[21:58:20.1]controlled G2106班电脑(UCV7WoNLNvyB__JMAAAo) leave
[21:58:23.933]controlled G2106班电脑(4ZE2cMZWl4fSInkiAAAq) into
[22:23:36.299]controlled G2106班电脑(4ZE2cMZWl4fSInkiAAAq) leave
[22:23:40.71]controlled G2106班电脑(-4Fo191ENIuin6PqAAAs) into
[22:23:44.756]controlled G328(wb5PP75fvATN_BG8AAAl) leave
[22:23:50.685]controlled G328(vMxbJ30-f1DcVm7pAAAu) into
[22:36:15.888]controlled G2106班电脑(-4Fo191ENIuin6PqAAAs) leave
[22:54:29.430]controlled G328(vMxbJ30-f1DcVm7pAAAu) leave
[22:54:35.510]controlled G328(B4uDHqf87r70yVIJAAAw) into
[22:56:06.217]controlled G328(B4uDHqf87r70yVIJAAAw) leave
