[02:30:57.818]controlled G2102班电脑(zGi-IdbcF8_XB0sGAACn) leave
[07:15:28.485]controlled G2107班电脑(zr8Wcy-ob-2aW8hyAAAB) into
[07:20:39.986]controlled G2102班电脑(5iMG82om2wo48nJ9AAAD) into
[08:02:44.467]controlled G2106班电脑(9yCNHV1u8m3uaPQYAAAF) into
[09:40:28.93]controlled G2102班电脑(5iMG82om2wo48nJ9AAAD) leave
[09:40:32.683]controlled G2102班电脑(GnjnCfGaM4AM3tckAAAJ) into
[09:40:40.453]controlled G2107班电脑(zr8Wcy-ob-2aW8hyAAAB) leave
[09:40:47.271]controlled G2107班电脑(MOyGXC4R2S-aGLCUAAAL) into
[10:38:31.0]controlled G2102班电脑(GnjnCfGaM4AM3tckAAAJ) leave
[10:41:35.878]controlled G2106班电脑(9yCNHV1u8m3uaPQYAAAF) leave
[10:41:41.275]controlled G2106班电脑(WxNiVBS6eKwuMod5AAAP) into
[10:41:42.782]controlled G2107班电脑(MOyGXC4R2S-aGLCUAAAL) leave
[10:41:49.715]controlled G2107班电脑(7_9pD7LD4NWFEQ1jAAAR) into
[12:04:36.558]controlled G2106班电脑(WxNiVBS6eKwuMod5AAAP) leave
[12:46:15.482]controlled G2106班电脑(ID9WuwLSk2_tdELvAAAb) into
[13:40:27.459]controlled G2107班电脑(7_9pD7LD4NWFEQ1jAAAR) leave
[13:40:28.654]controlled G2106班电脑(ID9WuwLSk2_tdELvAAAb) leave
[13:40:32.251]controlled G2107班电脑(owoQDceVa4z2hrgoAAAf) into
[13:40:34.847]controlled G2106班电脑(uotjkkdTOGQ-nnroAAAh) into
[14:23:41.480]controlled G2107班电脑(owoQDceVa4z2hrgoAAAf) leave
[14:23:48.840]controlled G2107班电脑(Aan4Y6DXFYl24vjFAAAo) into
[14:24:00.477]controlled G2106班电脑(uotjkkdTOGQ-nnroAAAh) leave
[14:24:04.344]controlled G2106班电脑(Z2sy8G9T2V-n8gAGAAAq) into
[14:24:12.963]controlled G2107班电脑(Aan4Y6DXFYl24vjFAAAo) leave
[14:24:13.956]controlled G2106班电脑(Z2sy8G9T2V-n8gAGAAAq) leave
[14:24:16.385]controlled G2107班电脑(H2i_BgBTZlXkI7t8AAAs) into
[14:24:16.714]controlled G2106班电脑(NYremYS2QBgq6wWVAAAu) into
[15:01:56.623]controlled G2102班电脑(Rn0pXrg9rZSZpBDRAAAy) into
[15:41:25.966]controlled G2102班电脑(Rn0pXrg9rZSZpBDRAAAy) leave
[15:41:32.568]controlled G2102班电脑(QlozNoVi9o6NHj2aAAA2) into
[15:41:41.544]controlled G2106班电脑(NYremYS2QBgq6wWVAAAu) leave
[15:41:41.944]controlled G2107班电脑(H2i_BgBTZlXkI7t8AAAs) leave
[15:41:46.443]controlled G2106班电脑(oK6qK4itjWABLaG_AAA4) into
[15:41:48.475]controlled G2107班电脑(z2HeD5c2qdw0T6qNAAA6) into
[16:24:39.339]controlled G2106班电脑(oK6qK4itjWABLaG_AAA4) leave
[16:24:42.419]controlled G2106班电脑(6Iys0pYZnYWwbbEvAAA9) into
[16:25:03.191]controlled G2107班电脑(z2HeD5c2qdw0T6qNAAA6) leave
[16:25:07.180]controlled G2107班电脑(_kPTICpYZHFn-W3wAAA_) into
[16:25:16.476]controlled G2102班电脑(QlozNoVi9o6NHj2aAAA2) leave
[16:25:19.243]controlled G2102班电脑(jcSZkxtCqmrkl7i6AABB) into
[16:45:14.753]controlled G2107班电脑(_kPTICpYZHFn-W3wAAA_) leave
[16:49:27.252]controlled G2106班电脑(6Iys0pYZnYWwbbEvAAA9) leave
[17:00:06.338]controlled G2102班电脑(jcSZkxtCqmrkl7i6AABB) leave
[19:23:35.565]controlled G2102班电脑(wVPzi99A37jbB20fAAAB) into
[19:26:27.587]controlled G2102班电脑(wVPzi99A37jbB20fAAAB) leave
[21:07:23.532]controlled G2102班电脑(19gI0O5tOrgepNnUAAAM) into
[21:08:20.874]controlled G2102班电脑(19gI0O5tOrgepNnUAAAM) leave
