[00:03:56.949]controlled G328(fh5FfD7e23dpLAw4AAAa) leave
[00:04:25.451]controlled G328(eGqquc-bxK0KG9bTAAAd) into
[00:14:03.428]controlled G328(eGqquc-bxK0KG9bTAAAd) leave
[00:14:52.41]controlled G328(YNHnVpDuJSS_QJ_dAAAf) into
[00:46:26.200]controlled G328(YNHnVpDuJSS_QJ_dAAAf) leave
[00:46:28.280]controlled G328(aRb-Fif5ntdfG_iJAAAh) into
[01:45:40.460]controlled G328(aRb-Fif5ntdfG_iJAAAh) leave
[01:45:45.633]controlled G328(vz0rBaqHWElGWnsaAAAj) into
[01:49:01.588]controlled G328(vz0rBaqHWElGWnsaAAAj) leave
[01:49:07.248]controlled G328(imGxpo2640npNwKaAAAl) into
[02:16:22.765]controlled G328(imGxpo2640npNwKaAAAl) leave
[02:16:27.374]controlled G328(LDTI1tBKdM1uN560AAAn) into
[02:19:18.93]controlled G328(LDTI1tBKdM1uN560AAAn) leave
[02:19:23.640]controlled G328(ehacqv7toGTs5rOUAAAp) into
[02:47:05.223]controlled G328(ehacqv7toGTs5rOUAAAp) leave
[02:47:10.524]controlled G328(6Mtz1nwoGNnPQY0BAAAr) into
[02:50:26.653]controlled G328(6Mtz1nwoGNnPQY0BAAAr) leave
[02:50:31.346]controlled G328(WDlq_Bluys96vjEMAAAt) into
[03:16:56.685]controlled G328(WDlq_Bluys96vjEMAAAt) leave
[03:16:58.388]controlled G328(dnWfbQ5wczJkCS_RAAAv) into
[03:47:10.501]controlled G328(dnWfbQ5wczJkCS_RAAAv) leave
[03:47:15.490]controlled G328(v_DIJx8rh56DAmqRAAAx) into
[04:47:21.340]controlled G328(v_DIJx8rh56DAmqRAAAx) leave
[04:47:26.669]controlled G328(aRqpPCUeA1MfeCTeAAAz) into
[05:17:13.638]controlled G328(aRqpPCUeA1MfeCTeAAAz) leave
[05:17:18.841]controlled G328(8_OHUg510i3HT7pYAAA1) into
[05:46:41.477]controlled G328(8_OHUg510i3HT7pYAAA1) leave
[05:46:45.737]controlled G328(5Mm_A-Ra3IPwpbE-AAA3) into
[06:16:34.589]controlled G328(5Mm_A-Ra3IPwpbE-AAA3) leave
[06:16:39.916]controlled G328(AFeMQFgk1re9u7veAAA5) into
[06:26:47.765]controlled G328(trRVN-5nT1S-YbMcAAAB) into
[06:45:27.261]controlled G2102班电脑(x2Hhe6Y0mUlojPj4AAAD) into
[06:47:46.61]controlled G328(trRVN-5nT1S-YbMcAAAB) leave
[06:47:50.990]controlled G328(qxaJykcs9cAesW7hAAAF) into
[07:15:19.808]controlled G2106班电脑(-s8LqNzbOf5agu0wAAAH) into
[07:17:21.375]controlled G2102班电脑(x2Hhe6Y0mUlojPj4AAAD) leave
[07:17:26.107]controlled G2102班电脑(J5IKvRMzPlhljYPYAAAJ) into
[07:17:40.38]controlled G328(qxaJykcs9cAesW7hAAAF) leave
[07:17:45.630]controlled G328(fatpVfPv6z248nPbAAAL) into
[07:20:35.131]controlled G2107班电脑(ydkBSknZx1v-A1t0AAAN) into
[07:44:56.462]controlled G2107班电脑(ydkBSknZx1v-A1t0AAAN) leave
[07:45:01.896]controlled G2107班电脑(E11df5mRgFSUgtB1AAAP) into
[07:47:09.526]controlled G328(fatpVfPv6z248nPbAAAL) leave
[07:47:12.298]controlled G2106班电脑(-s8LqNzbOf5agu0wAAAH) leave
[07:47:13.620]controlled G2102班电脑(J5IKvRMzPlhljYPYAAAJ) leave
[07:47:14.877]controlled G328(s4ff3WhXt_R0V_0qAAAR) into
[07:47:18.117]controlled G2106班电脑(B7cMwi_fxr5DUzPcAAAT) into
[07:47:18.791]controlled G2102班电脑(78IbACdANR0oulUqAAAV) into
[08:17:23.189]controlled G2107班电脑(E11df5mRgFSUgtB1AAAP) leave
[08:17:28.878]controlled G2107班电脑(y9YhQiDFwlcA6HfpAAAb) into
[08:17:29.388]controlled G328(s4ff3WhXt_R0V_0qAAAR) leave
[08:17:31.829]controlled G2102班电脑(78IbACdANR0oulUqAAAV) leave
[08:17:32.125]controlled G2106班电脑(B7cMwi_fxr5DUzPcAAAT) leave
[08:17:34.99]controlled G328(_QpYdJb50rRdePJRAAAd) into
[08:17:35.951]controlled G2102班电脑(6Ebk_rCAO97iQbqlAAAf) into
[08:17:53.572]controlled G2106班电脑(eTPKSXf9j5DFS2jWAAAh) into
[08:47:15.733]controlled G2106班电脑(eTPKSXf9j5DFS2jWAAAh) leave
[08:47:21.546]controlled G328(_QpYdJb50rRdePJRAAAd) leave
[08:47:23.919]controlled G2106班电脑(nfHAB8NdANy3OMTZAAAj) into
[08:47:26.103]controlled G328(3aBMy3PC-UT3RUnNAAAl) into
[09:17:43.813]controlled G2102班电脑(6Ebk_rCAO97iQbqlAAAf) leave
[09:17:49.389]controlled G2102班电脑(nLt05UPnUlJpiepfAAAn) into
[09:18:04.388]controlled G328(3aBMy3PC-UT3RUnNAAAl) leave
[09:18:09.875]controlled G328(pa_CmMpNQXkm5SUtAAAp) into
[09:18:24.325]controlled G2107班电脑(y9YhQiDFwlcA6HfpAAAb) leave
[09:18:25.19]controlled G2106班电脑(nfHAB8NdANy3OMTZAAAj) leave
[09:18:29.537]controlled G2107班电脑(us8V-T073RSii2MsAAAr) into
[09:18:29.828]controlled G2106班电脑(VIbVK2TPmONumuCUAAAt) into
[09:29:45.562]controlled G2106班电脑(VIbVK2TPmONumuCUAAAt) leave
[09:29:45.569]controlled G2107班电脑(us8V-T073RSii2MsAAAr) leave
[09:29:50.427]controlled G2107班电脑(Lj-HFShs2izFbfCsAAAv) into
[09:29:50.449]controlled G328(pa_CmMpNQXkm5SUtAAAp) leave
[09:29:55.231]controlled G328(K00Rx2dQh--7Ov9VAAAx) into
[09:30:04.719]controlled G2106班电脑(mR43ngUphxVYAZGlAAAz) into
[09:31:05.768]controlled G2102班电脑(nLt05UPnUlJpiepfAAAn) leave
[09:39:47.501]controlled G2102班电脑(i-6XNgAasfH1pvOeAAA1) into
[09:46:00.88]controlled G2102班电脑(i-6XNgAasfH1pvOeAAA1) leave
[09:46:04.599]controlled G2102班电脑(5h50kw_gOYJeK93gAAA3) into
[09:47:51.85]controlled G2107班电脑(Lj-HFShs2izFbfCsAAAv) leave
[09:47:54.43]controlled G328(K00Rx2dQh--7Ov9VAAAx) leave
[09:47:59.456]controlled G328(yfAmg-wJxntplnkzAAA5) into
[09:48:00.395]controlled G2107班电脑(ab94fPJLwm1zdVQKAAA7) into
[09:48:04.552]controlled G2106班电脑(mR43ngUphxVYAZGlAAAz) leave
[09:48:12.595]controlled G2106班电脑(SndKtwdb-2BLSyn1AAA9) into
[09:50:50.11]controlled G328(yfAmg-wJxntplnkzAAA5) leave
[09:50:59.35]controlled G328(XixUeIy2UwAB5_OeAAA_) into
[09:51:02.876]controlled G2106班电脑(SndKtwdb-2BLSyn1AAA9) leave
[09:51:54.148]controlled G2106班电脑(o8NfaG0Y_PIJvBjWAABD) into
[09:54:39.974]controlled G328(XixUeIy2UwAB5_OeAAA_) leave
[09:54:47.339]controlled G328(6_53qd7wfdf-pOQ1AABF) into
[10:13:10.652]controlled G2107班电脑(ab94fPJLwm1zdVQKAAA7) leave
[10:13:13.822]controlled G328(6_53qd7wfdf-pOQ1AABF) leave
[10:13:15.281]controlled G2106班电脑(o8NfaG0Y_PIJvBjWAABD) leave
[10:13:17.580]controlled G2107班电脑(9X4ga_I5w7XToq8BAABH) into
[10:13:18.395]controlled G328(HJRnDri-wD8PXJEzAABJ) into
[10:13:21.427]controlled G2102班电脑(5h50kw_gOYJeK93gAAA3) leave
[10:13:26.691]controlled G2102班电脑(O6Ko-RL8i-EZ2plJAABL) into
[10:13:32.832]controlled G2106班电脑(aRKUA22CRo7wPYolAABN) into
[10:17:48.882]controlled G2107班电脑(9X4ga_I5w7XToq8BAABH) leave
[10:17:49.740]controlled G328(HJRnDri-wD8PXJEzAABJ) leave
[10:17:54.66]controlled G2107班电脑(VV03yxkMN_yKxrJ2AABP) into
[10:17:55.84]controlled G328(7-xFJZFjCq7Dw_GsAABR) into
[10:18:04.211]controlled G2106班电脑(aRKUA22CRo7wPYolAABN) leave
[10:18:13.185]controlled G2106班电脑(CHSn1yqZjf1iHHe3AABT) into
[10:20:45.577]controlled G328(7-xFJZFjCq7Dw_GsAABR) leave
[10:21:03.201]controlled G2106班电脑(CHSn1yqZjf1iHHe3AABT) leave
[10:21:38.531]controlled G328(UeSU-jTpdJwTztYAAABZ) into
[10:21:54.90]controlled G2106班电脑(IKYzf-cMqO-EzVlpAABb) into
[10:47:42.25]controlled G2107班电脑(VV03yxkMN_yKxrJ2AABP) leave
[10:47:42.132]controlled G328(UeSU-jTpdJwTztYAAABZ) leave
[10:47:47.334]controlled G328(6QkLSWwJm2r0gVhrAABd) into
[10:47:48.140]controlled G2107班电脑(_pRKKt7kxIOMTrn6AABf) into
[10:47:53.707]controlled G2106班电脑(IKYzf-cMqO-EzVlpAABb) leave
[10:47:53.710]controlled G2102班电脑(O6Ko-RL8i-EZ2plJAABL) leave
[10:47:57.94]controlled G2106班电脑(LKRrbRPOIDi3T_bkAABh) into
[10:47:58.601]controlled G2102班电脑(biFZj1JwnZA8n3acAABj) into
[10:50:49.80]controlled G2102班电脑(biFZj1JwnZA8n3acAABj) leave
[10:51:00.370]controlled G2102班电脑(VP_jiotQtrnstczqAABl) into
[10:51:02.872]controlled G328(6QkLSWwJm2r0gVhrAABd) leave
[10:51:03.874]controlled G2107班电脑(_pRKKt7kxIOMTrn6AABf) leave
[10:51:08.418]controlled G328(Ob9qqUs3gquGgKC7AABn) into
[10:51:08.706]controlled G2107班电脑(a-fECsu58ugnWyA6AABp) into
[11:18:09.677]controlled G2106班电脑(LKRrbRPOIDi3T_bkAABh) leave
[11:18:11.592]controlled G2102班电脑(VP_jiotQtrnstczqAABl) leave
[11:18:16.941]controlled G2102班电脑(wK-KpGwxeXSgSrzMAABr) into
[11:18:21.886]controlled G2106班电脑(3YO76dE3bFbP9hsVAABt) into
[11:18:24.473]controlled G328(Ob9qqUs3gquGgKC7AABn) leave
[11:18:25.40]controlled G2107班电脑(a-fECsu58ugnWyA6AABp) leave
[11:18:28.324]controlled G2107班电脑(umNuVXT2aX9kc9nfAABv) into
[11:18:29.626]controlled G328(k10B38uC3dFzDbxtAABx) into
[11:48:03.541]controlled G2102班电脑(wK-KpGwxeXSgSrzMAABr) leave
[11:48:07.876]controlled G2102班电脑(07Nbf_QW5XxF5Mj3AAB1) into
[11:48:08.420]controlled G2106班电脑(3YO76dE3bFbP9hsVAABt) leave
[11:48:14.860]controlled G2107班电脑(umNuVXT2aX9kc9nfAABv) leave
[11:48:15.556]controlled G2106班电脑(ZhwTJDHT9eyYFaQNAAB3) into
[11:48:15.680]controlled G328(k10B38uC3dFzDbxtAABx) leave
[11:48:20.144]controlled G2107班电脑(O5D_ZbF6ddyDepwaAAB6) into
[11:48:20.252]controlled G328(zN8CScrY3FRf86AjAAB7) into
[12:00:58.281]controlled G2106班电脑(ZhwTJDHT9eyYFaQNAAB3) leave
[12:02:31.130]controlled G2107班电脑(O5D_ZbF6ddyDepwaAAB6) leave
[12:04:53.84]controlled G2102班电脑(07Nbf_QW5XxF5Mj3AAB1) leave
[12:04:58.211]controlled G2102班电脑(Pja0FUmFbvJyu0GrAAB9) into
[12:05:04.965]controlled G328(zN8CScrY3FRf86AjAAB7) leave
[12:05:10.204]controlled G328(-15TsWBPN4QcObZDAAB_) into
[12:05:15.25]controlled G2107班电脑(BvDX6oXQIKS8jQqlAACB) into
[12:08:04.583]controlled G2107班电脑(BvDX6oXQIKS8jQqlAACB) leave
[12:08:10.91]controlled G2107班电脑(0VKSk-C2e9Nu6SuqAACD) into
[12:09:55.461]controlled G2102班电脑(Pja0FUmFbvJyu0GrAAB9) leave
[12:10:00.169]controlled G2102班电脑(W4zNAw7I-PdfLyH2AACF) into
[12:17:42.169]controlled G328(-15TsWBPN4QcObZDAAB_) leave
[12:17:45.525]controlled G2107班电脑(0VKSk-C2e9Nu6SuqAACD) leave
[12:17:48.217]controlled G328(J9w91F1rLwEOMN9TAACH) into
[12:17:51.649]controlled G2107班电脑(vcxBtlMlclg6PPBcAACJ) into
[12:17:54.211]controlled G2102班电脑(W4zNAw7I-PdfLyH2AACF) leave
[12:17:58.998]controlled G2102班电脑(x7K3pP0KUURTPMg5AACL) into
[12:23:38.798]controlled G2107班电脑(vcxBtlMlclg6PPBcAACJ) leave
[12:23:43.740]controlled G2107班电脑(xsMgeL5D0XP7w09lAACN) into
[12:23:46.352]controlled G2102班电脑(x7K3pP0KUURTPMg5AACL) leave
[12:23:51.326]controlled G2102班电脑(lxoCUQMRUqZECQjZAACP) into
[12:24:00.227]controlled G328(J9w91F1rLwEOMN9TAACH) leave
[12:24:04.791]controlled G328(ObnxY0ayemXIolDRAACR) into
[13:17:26.632]controlled G2107班电脑(xsMgeL5D0XP7w09lAACN) leave
[13:17:36.875]controlled G2102班电脑(lxoCUQMRUqZECQjZAACP) leave
[13:17:42.325]controlled G2102班电脑(fTPf4qFGI9YkygllAACT) into
[13:17:55.322]controlled G328(ObnxY0ayemXIolDRAACR) leave
[13:18:02.837]controlled G328(8MgjPv65CMSA0zI5AACV) into
[13:47:59.24]controlled G2102班电脑(fTPf4qFGI9YkygllAACT) leave
[13:48:04.342]controlled G2102班电脑(-Ivj_hV4TmHJ8Y4gAACX) into
[13:48:17.588]controlled G328(8MgjPv65CMSA0zI5AACV) leave
[13:48:20.935]controlled G328(C0-tz1vxy7lxUymlAACZ) into
[13:52:56.600]controlled G2107班电脑(JKad-rS2vF-uZDjhAACb) into
[14:16:26.418]controlled G2107班电脑(JKad-rS2vF-uZDjhAACb) leave
[14:16:31.832]controlled G2107班电脑(MwHDYSwLGdPaDYwuAACd) into
[14:17:10.963]controlled G2102班电脑(-Ivj_hV4TmHJ8Y4gAACX) leave
[14:18:32.287]controlled G328(C0-tz1vxy7lxUymlAACZ) leave
[14:18:37.647]controlled G328(k-JkjdJT04KwdA9sAACf) into
[14:22:53.850]controlled G2107班电脑(MwHDYSwLGdPaDYwuAACd) leave
[14:22:58.152]controlled G2107班电脑(WueaDURpHOdhYKCdAACh) into
[14:23:26.200]controlled G328(k-JkjdJT04KwdA9sAACf) leave
[14:23:30.717]controlled G328(pRvZcvdlvsE7FyHtAACj) into
[14:24:33.969]controlled G2107班电脑(WueaDURpHOdhYKCdAACh) leave
[14:24:37.448]controlled G2107班电脑(GkIKo6AOxI_cR4pXAACl) into
[14:33:14.229]controlled G2106班电脑(uDjZbdmrFLpxow71AACn) into
[14:47:35.86]controlled G2106班电脑(X6RLu6yks-KIN52UAACr) into
[14:47:55.588]controlled G2106班电脑(uDjZbdmrFLpxow71AACn) leave
[14:48:15.683]controlled G328(pRvZcvdlvsE7FyHtAACj) leave
[14:48:20.703]controlled G328(hEf4YHkc2w3Uk_3OAACt) into
[14:48:31.521]controlled G2107班电脑(GkIKo6AOxI_cR4pXAACl) leave
[14:48:36.948]controlled G2107班电脑(ptzY4Rb4XVRWaTUUAACv) into
[15:18:01.523]controlled G2107班电脑(ptzY4Rb4XVRWaTUUAACv) leave
[15:18:06.115]controlled G2107班电脑(ZD2ST9vj7AVhsBmGAACx) into
[15:18:08.934]controlled G328(hEf4YHkc2w3Uk_3OAACt) leave
[15:18:12.150]controlled G2106班电脑(X6RLu6yks-KIN52UAACr) leave
[15:18:13.621]controlled G328(iLHc6v-417XFC9xSAACz) into
[15:18:17.88]controlled G2106班电脑(9XwwMHbDqYzl1LdlAAC1) into
[15:21:03.953]controlled G328(iLHc6v-417XFC9xSAACz) leave
[15:21:21.851]controlled G2107班电脑(ZD2ST9vj7AVhsBmGAACx) leave
[15:21:28.159]controlled G2107班电脑(iyb3JKJuwh5ubTbxAAC4) into
[15:21:53.821]controlled G328(M3tzfsJAluvKdDuHAAC7) into
[15:48:10.108]controlled G2106班电脑(1okILCRtgKxDPzE5AAC_) into
[15:48:33.221]controlled G2106班电脑(9XwwMHbDqYzl1LdlAAC1) leave
[15:48:43.245]controlled G2107班电脑(iyb3JKJuwh5ubTbxAAC4) leave
[15:48:45.35]controlled G328(M3tzfsJAluvKdDuHAAC7) leave
[15:48:47.943]controlled G2107班电脑(8BX9D0pUk2BHLDszAADB) into
[15:48:49.764]controlled G328(sH7eZvtd-gd_ZmvpAADD) into
[16:19:00.91]controlled G2107班电脑(8BX9D0pUk2BHLDszAADB) leave
[16:19:02.403]controlled G328(sH7eZvtd-gd_ZmvpAADD) leave
[16:19:05.996]controlled G2107班电脑(UTOMW5BpwNe7Q5g7AADF) into
[16:19:07.660]controlled G328(04VcakPM1OqGP9QbAADH) into
[16:19:11.578]controlled G2106班电脑(1okILCRtgKxDPzE5AAC_) leave
[16:19:17.352]controlled G2106班电脑(N28wX7qFGgHtOclGAADJ) into
[16:19:55.149]controlled G2102班电脑(X5KweRKf449VRyg0AADL) into
[16:34:04.320]controlled 邹虹(MBmCDO5pCWpzaVcxAADN) into
[16:48:52.974]controlled G2107班电脑(UTOMW5BpwNe7Q5g7AADF) leave
[16:48:55.286]controlled G328(04VcakPM1OqGP9QbAADH) leave
[16:48:58.181]controlled G2107班电脑(lZxIEtxlMgjLScrMAADP) into
[16:48:59.887]controlled G328(hR4dsYO_OMas-d3jAADR) into
[16:49:08.923]controlled G2106班电脑(N28wX7qFGgHtOclGAADJ) leave
[16:49:11.980]controlled G2106班电脑(UKFnqY8ZXxtSeAMJAADT) into
[16:49:16.719]controlled G2102班电脑(X5KweRKf449VRyg0AADL) leave
[16:49:22.329]controlled G2102班电脑(dUI3Fok9njbtTUGDAADV) into
[17:01:17.366]controlled G2107班电脑(lZxIEtxlMgjLScrMAADP) leave
[17:10:59.393]controlled G2106班电脑(UKFnqY8ZXxtSeAMJAADT) leave
[17:11:05.292]controlled G2106班电脑(zyMV5HenOey_cq8rAADX) into
[17:11:35.323]controlled G2102班电脑(dUI3Fok9njbtTUGDAADV) leave
[17:11:38.629]controlled G328(hR4dsYO_OMas-d3jAADR) leave
[17:11:40.580]controlled G2102班电脑(8iovjRtGaSG7nAI_AADZ) into
[17:11:44.111]controlled G328(qiF9py6ft7Ekh5HnAADb) into
[17:18:58.534]controlled G2106班电脑(zyMV5HenOey_cq8rAADX) leave
[17:19:03.75]controlled G2106班电脑(U7bQ8kD6D80mKYZZAADd) into
[17:19:09.39]controlled G2102班电脑(8iovjRtGaSG7nAI_AADZ) leave
[17:19:12.234]controlled G328(qiF9py6ft7Ekh5HnAADb) leave
[17:19:14.549]controlled G2102班电脑(m8DBzkHOlKm61BZeAADf) into
[17:19:17.865]controlled G328(3NwXp3susgF3Re3hAADh) into
[17:30:44.132]controlled G2106班电脑(U7bQ8kD6D80mKYZZAADd) leave
[17:30:52.93]controlled G2106班电脑(KEEge2mdLaxnKfhcAADj) into
[17:30:55.377]controlled G2102班电脑(m8DBzkHOlKm61BZeAADf) leave
[17:30:57.509]controlled G328(3NwXp3susgF3Re3hAADh) leave
[17:31:00.709]controlled G2102班电脑(jCOoobv7kf80l5MHAADl) into
[17:31:04.430]controlled G328(R5yTmGgCKpB9Orn_AADn) into
[17:42:04.364]controlled 邹虹(MBmCDO5pCWpzaVcxAADN) leave
[17:49:00.419]controlled G2102班电脑(jCOoobv7kf80l5MHAADl) leave
[17:49:03.61]controlled G328(R5yTmGgCKpB9Orn_AADn) leave
[17:49:05.995]controlled G2102班电脑(jMskZgWxEl9Q-lI9AADp) into
[17:49:07.912]controlled G328(GsUuw_00IClRtW63AADr) into
[17:49:17.425]controlled G2106班电脑(KEEge2mdLaxnKfhcAADj) leave
[17:49:20.635]controlled G2106班电脑(gKzoVza922E7gA94AADt) into
[18:19:33.431]controlled G2106班电脑(gKzoVza922E7gA94AADt) leave
[18:19:36.315]controlled G2106班电脑(GcTbWVqa24XKu7wUAADv) into
[18:19:43.781]controlled G2102班电脑(jMskZgWxEl9Q-lI9AADp) leave
[18:19:45.990]controlled G328(GsUuw_00IClRtW63AADr) leave
[18:19:48.931]controlled G2102班电脑(u2H2e-9xtYL0LLBTAADx) into
[18:19:50.977]controlled G328(VxuUF-k2dpYsUIXEAADz) into
[18:27:13.204]controlled G2106班电脑(Lzh8Hlsc_Xb5I_r4AAAD) into
[18:27:13.245]controlled G2102班电脑(NuBqQ0HT-28UWWrzAAAF) into
[18:27:13.331]controlled G328(P5VYpD_rOOUNs24yAAAE) into
[18:49:01.46]controlled G328(P5VYpD_rOOUNs24yAAAE) leave
[18:49:06.80]controlled G328(Dzq9NVAS3647fEMoAAAH) into
[18:49:25.190]controlled G2106班电脑(Lzh8Hlsc_Xb5I_r4AAAD) leave
[18:49:25.858]controlled G2102班电脑(NuBqQ0HT-28UWWrzAAAF) leave
[18:49:30.101]controlled G2106班电脑(v-vzeEI5eMR-rlUmAAAJ) into
[18:49:30.821]controlled G2102班电脑(90x_P5FIaFvTIlD4AAAL) into
[19:17:12.495]controlled G2106班电脑(v-vzeEI5eMR-rlUmAAAJ) leave
[19:17:17.78]controlled G2106班电脑(PFWD2LkmaOWCO_htAAAN) into
[19:19:18.668]controlled G328(Dzq9NVAS3647fEMoAAAH) leave
[19:19:19.518]controlled G2102班电脑(90x_P5FIaFvTIlD4AAAL) leave
[19:19:23.937]controlled G328(0lMHNUB36tkxWG8AAAAP) into
[19:19:24.626]controlled G2102班电脑(P-OxS14GLNMOAEUxAAAR) into
[19:47:03.793]controlled G2102班电脑(P-OxS14GLNMOAEUxAAAR) leave
[19:47:08.374]controlled G2102班电脑(Wc8UwtcrzWJWFzQRAAAT) into
[19:49:09.994]controlled G2106班电脑(PFWD2LkmaOWCO_htAAAN) leave
[19:49:10.310]controlled G328(0lMHNUB36tkxWG8AAAAP) leave
[19:49:12.204]controlled G2106班电脑(FsXrzPiak1gnRM41AAAV) into
[19:49:15.170]controlled G328(CrGbIKY-Sjqz-10kAAAX) into
[20:19:50.734]controlled G2102班电脑(Wc8UwtcrzWJWFzQRAAAT) leave
[20:19:51.118]controlled G2106班电脑(FsXrzPiak1gnRM41AAAV) leave
[20:19:53.138]controlled G2106班电脑(2YUbPj7sMkRzhJgIAAAZ) into
[20:19:57.565]controlled G2102班电脑(tFJaTL4quH57M1E8AAAb) into
[20:29:48.378]controlled G2107班电脑(Rxs3sJ7cT1EmNyQ9AAAd) into
[20:40:59.577]controlled G2107班电脑(Rxs3sJ7cT1EmNyQ9AAAd) leave
[20:48:53.91]controlled G2106班电脑(2YUbPj7sMkRzhJgIAAAZ) leave
[20:48:58.617]controlled G2106班电脑(df3u6zhg4KrFV6T8AAAf) into
[20:49:42.751]controlled G2102班电脑(tFJaTL4quH57M1E8AAAb) leave
[20:49:42.763]controlled G328(CrGbIKY-Sjqz-10kAAAX) leave
[20:49:47.941]controlled G328(mObvSD9bjKLnCayzAAAj) into
[20:49:48.185]controlled G2102班电脑(gLc-3FVmTJWe-RtCAAAi) into
[21:20:00.968]controlled G2106班电脑(df3u6zhg4KrFV6T8AAAf) leave
[21:20:01.522]controlled G328(mObvSD9bjKLnCayzAAAj) leave
[21:20:04.451]controlled G2102班电脑(gLc-3FVmTJWe-RtCAAAi) leave
[21:20:06.326]controlled G2106班电脑(6xHzrkO6x2OkNaB8AAAm) into
[21:20:06.479]controlled G328(H12_lLVp1Ejntc_-AAAn) into
[21:20:09.217]controlled G2102班电脑(lcv0i-7XXNGwtgSKAAAp) into
[22:13:36.338]controlled G2106班电脑(6xHzrkO6x2OkNaB8AAAm) leave
[22:55:25.513]controlled G2102班电脑(lcv0i-7XXNGwtgSKAAAp) leave
[22:57:42.4]controlled G328(H12_lLVp1Ejntc_-AAAn) leave
