[07:02:36.363]controlled G2107班电脑(xMtbC76wgI3ZfNSqAAAB) into
[07:11:16.386]controlled G328(9jMAH4I1R099IIerAAAD) into
[07:15:30.538]controlled G2106班电脑(l74frFqVCRIEZ8Y3AAAF) into
[07:58:43.262]controlled 邹虹(CTc065JgWxN7jpV4AAAH) into
[08:53:21.589]controlled G2102班电脑(o2rsg3HyjiXR1QAyAAAJ) into
[10:29:20.685]controlled G2107班电脑(xMtbC76wgI3ZfNSqAAAB) leave
[10:29:25.623]controlled G2107班电脑(3ohdChcxtDH3A14cAAAL) into
[10:29:29.845]controlled G328(9jMAH4I1R099IIerAAAD) leave
[10:29:35.522]controlled G328(LB0U4qjq7_DiXKkuAAAN) into
[10:29:39.263]controlled G2106班电脑(l74frFqVCRIEZ8Y3AAAF) leave
[10:29:46.921]controlled G2106班电脑(VRQQV30uB9Bg1E2UAAAP) into
[11:00:51.29]controlled G2106班电脑(VRQQV30uB9Bg1E2UAAAP) leave
[11:00:54.136]controlled G2106班电脑(eQv8FSBW9OESQ4FKAAAR) into
[12:06:07.259]controlled G2102班电脑(o2rsg3HyjiXR1QAyAAAJ) leave
[12:31:41.794]controlled G2106班电脑(eQv8FSBW9OESQ4FKAAAR) leave
[12:31:45.931]controlled G2106班电脑(Cee97YLCnMKxnj-GAAAT) into
[12:31:57.366]controlled G2107班电脑(3ohdChcxtDH3A14cAAAL) leave
[12:32:03.923]controlled G2107班电脑(u_hEDsQ83xZFiUEPAAAV) into
[12:44:50.181]controlled G328(LB0U4qjq7_DiXKkuAAAN) leave
[12:44:56.95]controlled G328(kj7vbWD-MT2674yrAAAX) into
[12:45:01.949]controlled G2107班电脑(u_hEDsQ83xZFiUEPAAAV) leave
[12:45:07.550]controlled G2107班电脑(DC2xUOi8yprkuAuaAAAZ) into
[12:45:08.225]controlled G2106班电脑(Cee97YLCnMKxnj-GAAAT) leave
[12:45:24.117]controlled G2106班电脑(7fYIxsT6LQC-IkvfAAAb) into
[12:48:11.645]controlled G328(kj7vbWD-MT2674yrAAAX) leave
[12:48:20.33]controlled G328(336_2ZaQJCyMXxftAAAd) into
[13:18:54.724]controlled G2107班电脑(DC2xUOi8yprkuAuaAAAZ) leave
[13:22:18.94]controlled G2107班电脑(dnXSbrjjQFe710DuAAAf) into
[14:22:56.105]controlled G2106班电脑(7fYIxsT6LQC-IkvfAAAb) leave
[14:22:56.143]controlled 邹虹(CTc065JgWxN7jpV4AAAH) leave
[14:23:00.324]controlled G2106班电脑(KK1TiRmD9GoJRsoLAAAl) into
[14:23:00.632]controlled 邹虹(ct2p9GOZ46XxO4QRAAAm) into
[14:23:10.869]controlled G2107班电脑(dnXSbrjjQFe710DuAAAf) leave
[14:23:14.641]controlled G2107班电脑(5IX0bmSolsy55JHWAAAo) into
[14:23:42.659]controlled G2107班电脑(5IX0bmSolsy55JHWAAAo) leave
[14:23:45.853]controlled G2107班电脑(rWlHr5RGtsxfLLG-AAAq) into
[14:23:59.863]controlled 邹虹(ct2p9GOZ46XxO4QRAAAm) leave
[14:23:59.963]controlled G2106班电脑(KK1TiRmD9GoJRsoLAAAl) leave
[14:24:02.813]controlled 邹虹(mpf4NwALZWPRoUSoAAAs) into
[14:24:03.417]controlled G2106班电脑(_KPGLLF8_R5HOldVAAAu) into
[14:24:14.993]controlled G328(336_2ZaQJCyMXxftAAAd) leave
[14:24:18.816]controlled G328(ooSCaM6MCQZdG3szAAAw) into
[15:33:22.186]controlled G2107班电脑(rWlHr5RGtsxfLLG-AAAq) leave
[16:16:09.948]controlled G2107班电脑(gMLnB8Z4pafVc_lOAAA1) into
[16:40:11.489]controlled G328(ooSCaM6MCQZdG3szAAAw) leave
[16:40:17.522]controlled G328(5fynN8pRcDQYSWGoAAA3) into
[16:40:28.488]controlled G2107班电脑(gMLnB8Z4pafVc_lOAAA1) leave
[16:40:35.475]controlled G2107班电脑(oRlzU0c39aqATNl8AAA5) into
[17:11:47.728]controlled G328(5fynN8pRcDQYSWGoAAA3) leave
[17:11:51.944]controlled G328(f7AGs2yP1j6YQwv7AAA7) into
[17:11:52.387]controlled G2106班电脑(_KPGLLF8_R5HOldVAAAu) leave
[17:12:11.903]controlled G2106班电脑(MlCpP8_MiJJdJkihAAA9) into
[17:15:02.422]controlled G2106班电脑(MlCpP8_MiJJdJkihAAA9) leave
[17:15:06.664]controlled G2106班电脑(Kr3_oxstjxJ9M9RpAAA_) into
[17:19:44.625]controlled G2102班电脑(3cAXM_jOL31blFTtAABB) into
[17:27:20.101]controlled G328(f7AGs2yP1j6YQwv7AAA7) leave
[17:27:25.45]controlled G328(_YN_O8k9r46Jn3okAABD) into
[17:28:18.852]controlled 邹虹(mpf4NwALZWPRoUSoAAAs) leave
[17:41:05.241]controlled G2106班电脑(Kr3_oxstjxJ9M9RpAAA_) leave
[17:41:11.33]controlled G2106班电脑(twf7PuJBZ3_JlzHnAABF) into
[17:59:35.509]controlled G2106班电脑(twf7PuJBZ3_JlzHnAABF) leave
[17:59:37.525]controlled G2107班电脑(oRlzU0c39aqATNl8AAA5) leave
[17:59:40.849]controlled G2106班电脑(4L8AdFBbEM4qRP7nAABH) into
[18:00:54.71]controlled G2107班电脑(_PLxSblRm3IHfyvzAABJ) into
[18:38:17.234]controlled G2107班电脑(_PLxSblRm3IHfyvzAABJ) leave
[18:38:22.270]controlled G2107班电脑(XI82VMlK5irsDpGaAABL) into
[18:49:15.542]controlled G2106班电脑(4L8AdFBbEM4qRP7nAABH) leave
[18:49:21.207]controlled G2106班电脑(bsjyKgXRxEShX4iWAABN) into
[19:01:29.942]controlled G2106班电脑(4xc0Jaaf9yRGk6ulAAAE) into
[19:01:30.68]controlled G328(5jvsNsn5XNRNKKvXAAAF) into
[19:01:30.132]controlled G2102班电脑(1RT0IK_-QenZhWqMAAAG) into
[19:01:30.301]controlled G2107班电脑(QL3xAIFKSJVJ06QRAAAH) into
[19:04:45.741]controlled G328(5jvsNsn5XNRNKKvXAAAF) leave
[19:04:52.294]controlled G328(zUNcHjclHl-GdvzJAAAJ) into
[19:07:42.255]controlled G2106班电脑(4xc0Jaaf9yRGk6ulAAAE) leave
[19:07:42.632]controlled G2102班电脑(1RT0IK_-QenZhWqMAAAG) leave
[19:07:47.833]controlled G2106班电脑(G9XYL_HG1AWbVhB2AAAL) into
[19:07:48.229]controlled G2102班电脑(0y7GCXjuzCuKWfNtAAAN) into
[19:16:31.848]controlled G2106班电脑(G9XYL_HG1AWbVhB2AAAL) leave
[19:16:37.437]controlled G2106班电脑(JaozBGf4LbLcUXc2AAAP) into
[19:44:17.953]controlled G2106班电脑(JaozBGf4LbLcUXc2AAAP) leave
[19:44:19.291]controlled G328(zUNcHjclHl-GdvzJAAAJ) leave
[19:44:19.651]controlled G2107班电脑(QL3xAIFKSJVJ06QRAAAH) leave
[19:44:23.78]controlled G2106班电脑(HTSvVrR5D_WJptjcAAAR) into
[19:44:24.290]controlled G328(ODj2k8H2u0S8k0MVAAAT) into
[19:44:26.655]controlled G2107班电脑(OcOk3zAYbIAgBzzaAAAV) into
[22:28:08.296]controlled G2102班电脑(0y7GCXjuzCuKWfNtAAAN) leave
[22:34:13.932]controlled G2107班电脑(OcOk3zAYbIAgBzzaAAAV) leave
[22:35:39.431]controlled G2106班电脑(HTSvVrR5D_WJptjcAAAR) leave
