[06:59:15.606]controlled G328(AFvmGC868gXgXbKjAAAY) into
[07:14:43.806]controlled G2106班电脑(hOItYIfbq-NMvcEiAAAa) into
[07:16:14.955]controlled G2106班电脑(c1_Tz4exMGbgCqBcAAAC) into
[07:16:32.665]controlled G328(pEIEy_kfPLLlGcdzAAAF) into
[10:09:41.987]controlled G2106班电脑(c1_Tz4exMGbgCqBcAAAC) leave
[10:09:42.516]controlled G328(pEIEy_kfPLLlGcdzAAAF) leave
[10:09:46.206]controlled G2106班电脑(d2z_jhC9l80-Rc8uAAAH) into
[10:09:48.825]controlled G328(nrFdAKS23Eo04aqDAAAJ) into
[10:27:32.524]controlled G2106班电脑(d2z_jhC9l80-Rc8uAAAH) leave
[10:30:20.151]controlled G328(nrFdAKS23Eo04aqDAAAJ) leave
[10:31:26.210]controlled G328(1AOdrtIDKMPL2NkiAAAN) into
[11:04:38.10]controlled G328(1AOdrtIDKMPL2NkiAAAN) leave
[11:04:42.502]controlled G328(oUh4Q9XSnL123j_WAAAP) into
[13:50:07.228]controlled G2106班电脑(z90HERluh1kaKY3GAAAX) into
[14:04:20.573]controlled G2106班电脑(z90HERluh1kaKY3GAAAX) leave
[14:04:38.245]controlled G2106班电脑(hI66ZO3rmnbxABEvAAAZ) into
[14:22:55.513]controlled G328(oUh4Q9XSnL123j_WAAAP) leave
[14:23:42.217]controlled G328(SR8nLcu0FNHo0INqAAAc) into
[14:24:28.77]controlled G2106班电脑(hI66ZO3rmnbxABEvAAAZ) leave
[14:24:55.376]controlled G2106班电脑(JIkQs7H7jLN2QRRZAAAf) into
[14:34:36.578]controlled G328(SR8nLcu0FNHo0INqAAAc) leave
[14:35:23.715]controlled G328(U76m6jombKmm0V_xAAAo) into
[14:55:06.405]controlled G328(U76m6jombKmm0V_xAAAo) leave
[14:56:14.812]controlled G328(7X1-7ml8Y85LagipAAA2) into
[16:16:04.113]controlled G2106班电脑(JIkQs7H7jLN2QRRZAAAf) leave
[16:16:54.914]controlled G2106班电脑(MM6doPJOhT5YjECbAABU) into
[16:28:00.355]controlled G328(7X1-7ml8Y85LagipAAA2) leave
[16:28:47.115]controlled G328(T_PAqA4XUdAen8fkAABf) into
[16:35:25.101]controlled G328(T_PAqA4XUdAen8fkAABf) leave
[16:36:32.918]controlled G328(wGndRhMhUHrK-UFcAABj) into
[17:47:47.230]controlled G2106班电脑(MM6doPJOhT5YjECbAABU) leave
[17:48:55.726]controlled G2106班电脑(RZc6GkTSCzeD9DhaAABx) into
[18:17:53.838]controlled G2106班电脑(RZc6GkTSCzeD9DhaAABx) leave
[18:18:38.462]controlled G2106班电脑(TqCmTPHCQjicesyOAAB0) into
[18:48:28.404]controlled G2106班电脑(TqCmTPHCQjicesyOAAB0) leave
[18:48:30.66]controlled G328(wGndRhMhUHrK-UFcAABj) leave
[18:48:56.837]controlled G328(N6PTpqnFuqq1hD0BAAB4) into
[18:49:34.575]controlled G2106班电脑(Z39B3R33nUfH3s7mAAB9) into
[18:53:40.934]controlled G2106班电脑(Z39B3R33nUfH3s7mAAB9) leave
[18:54:39.503]controlled G2106班电脑(uPuRutJeedOi6WDTAACA) into
[19:16:46.452]controlled G2106班电脑(FW71xIf_DqE8CY9BAAAC) into
[19:17:06.506]controlled G328(XeDc6fRz1NqGLaO6AAAG) into
[19:48:44.130]controlled G2106班电脑(FW71xIf_DqE8CY9BAAAC) leave
[19:49:01.658]controlled G328(XeDc6fRz1NqGLaO6AAAG) leave
[19:49:04.720]controlled G328(vt28EVJyDyWsN5xbAAAL) into
[19:49:49.685]controlled G2106班电脑(1hrTOQmEAgMOhQGyAAAP) into
[19:58:46.850]controlled G328(vt28EVJyDyWsN5xbAAAL) leave
[20:17:56.324]controlled G2106班电脑(1hrTOQmEAgMOhQGyAAAP) leave
[20:18:01.510]controlled G2106班电脑(M1RIMlhnl7o6BPV3AAAR) into
[20:48:15.564]controlled G2106班电脑(M1RIMlhnl7o6BPV3AAAR) leave
[20:48:18.409]controlled G2106班电脑(4YtO8hB-R5CKznP4AAAW) into
[21:18:32.814]controlled G2106班电脑(4YtO8hB-R5CKznP4AAAW) leave
[21:19:38.638]controlled G2106班电脑(DFDeSl_aDLjPAdmAAAAa) into
[21:47:26.140]controlled G2106班电脑(DFDeSl_aDLjPAdmAAAAa) leave
[21:47:50.874]controlled G2106班电脑(h0qKEOrd8XFdc6_3AAAf) into
[22:04:36.249]controlled G2106班电脑(h0qKEOrd8XFdc6_3AAAf) leave
[22:38:59.499]controlled G328(qD0BwB0dEb2xZDkvAAAj) into
[22:40:09.465]controlled G328(qD0BwB0dEb2xZDkvAAAj) leave
