[06:13:01.476]controlled G328(D6gb3Lyw9R2YgTG8AAAB) into
[06:47:02.775]controlled G328(D6gb3Lyw9R2YgTG8AAAB) leave
[06:50:00.301]controlled G328(UYgs0HLaf6w1ZTDrAAAE) into
[07:16:54.814]controlled G328(UYgs0HLaf6w1ZTDrAAAE) leave
[07:16:58.343]controlled G328(Swv3cUY6V0p7CU3NAAAG) into
[07:20:09.120]controlled G2106班电脑(Qysbqj8lH2hZ1MAvAAAI) into
[07:47:05.411]controlled G2106班电脑(Qysbqj8lH2hZ1MAvAAAI) leave
[07:47:12.950]controlled G328(Swv3cUY6V0p7CU3NAAAG) leave
[07:47:32.217]controlled G2106班电脑(aXGA4PGwl-BGwKXiAAAM) into
[07:47:37.418]controlled G328(5lis6Kv2L0FI8ePIAAAP) into
[08:17:01.664]controlled G328(5lis6Kv2L0FI8ePIAAAP) leave
[08:17:22.175]controlled G2106班电脑(aXGA4PGwl-BGwKXiAAAM) leave
[08:17:29.38]controlled G328(N0iG1ZLmCGnRa3R1AAAS) into
[08:18:12.987]controlled G2106班电脑(h7XJDDSS7PqDnXokAAAW) into
[08:23:10.534]controlled G2106班电脑(h7XJDDSS7PqDnXokAAAW) leave
[08:23:16.323]controlled G328(N0iG1ZLmCGnRa3R1AAAS) leave
[08:23:19.941]controlled G328(4gW4Jb34RKfBkVTNAAAY) into
[08:23:37.297]controlled G2106班电脑(Tvaxs-wmHPcxrDRsAAAb) into
[08:47:43.762]controlled G2106班电脑(Tvaxs-wmHPcxrDRsAAAb) leave
[08:48:28.402]controlled G2106班电脑(CdNAWCdcpZ5PMPXPAAAi) into
[09:17:20.319]controlled G328(4gW4Jb34RKfBkVTNAAAY) leave
[09:17:28.68]controlled G2106班电脑(CdNAWCdcpZ5PMPXPAAAi) leave
[09:17:46.597]controlled G328(YrJ0ztLE2f_j5I9RAAAl) into
[09:18:13.100]controlled G2106班电脑(6n2B42UJJSPKxMoLAAAo) into
[09:28:12.612]controlled G328(YrJ0ztLE2f_j5I9RAAAl) leave
[09:29:20.33]controlled G328(qkgZrLBkQKWyVsjxAAAs) into
[09:47:36.643]controlled G2106班电脑(6n2B42UJJSPKxMoLAAAo) leave
[09:47:46.513]controlled G328(qkgZrLBkQKWyVsjxAAAs) leave
[09:47:51.350]controlled G328(715ykDqZWRxvw4wFAAAu) into
[09:48:30.118]controlled G2106班电脑(o9Mt4MyfR4RZogc6AAAy) into
[10:08:35.481]controlled G2106班电脑(o9Mt4MyfR4RZogc6AAAy) leave
[10:08:48.133]controlled G328(715ykDqZWRxvw4wFAAAu) leave
[10:10:25.718]controlled G2106班电脑(DLU7MQnT7r-8lguDAAA2) into
[10:17:00.148]controlled G328(RE3dnbw9fdZibvUOAAA5) into
[10:18:45.426]controlled G2106班电脑(DLU7MQnT7r-8lguDAAA2) leave
[10:19:51.319]controlled G2106班电脑(qUYChVoVtP9W67KBAAA8) into
[10:20:41.238]controlled G328(RE3dnbw9fdZibvUOAAA5) leave
[10:21:49.204]controlled G328(7MNj7AUzHVE63P1dAABA) into
[10:47:49.116]controlled G328(7MNj7AUzHVE63P1dAABA) leave
[10:47:54.176]controlled G328(qUqoEk9-daFjZMBAAABC) into
[10:57:30.286]controlled G328(qUqoEk9-daFjZMBAAABC) leave
[10:57:32.348]controlled G328(5gA1KtezJVhgeM7pAABE) into
[11:17:42.323]controlled G328(5gA1KtezJVhgeM7pAABE) leave
[11:17:48.269]controlled G2106班电脑(qUYChVoVtP9W67KBAAA8) leave
[11:18:07.494]controlled G328(A_tpeNFOAlETeAQWAABI) into
[11:18:37.66]controlled G2106班电脑(nvsLTkxZL7TigO6uAABM) into
[11:47:56.321]controlled G328(A_tpeNFOAlETeAQWAABI) leave
[11:48:02.7]controlled G2106班电脑(nvsLTkxZL7TigO6uAABM) leave
[11:48:05.4]controlled G2106班电脑(sw1Xae7_hfE_fPQgAABO) into
[11:48:22.8]controlled G328(euVNtsEKVnETDVKlAABR) into
[12:17:44.662]controlled G328(euVNtsEKVnETDVKlAABR) leave
[12:17:46.475]controlled G328(d4TV2ixqBC-vgFCAAABT) into
[12:17:52.970]controlled G2106班电脑(sw1Xae7_hfE_fPQgAABO) leave
[12:18:19.242]controlled G2106班电脑(XXmrXx3QTiPuuhptAABW) into
[12:40:25.503]controlled G2102班电脑(et8tfPROqN_LOH6jAABb) into
[12:47:50.87]controlled G2106班电脑(XXmrXx3QTiPuuhptAABW) leave
[12:47:55.893]controlled G2106班电脑(FnsvruHGRF0iNrcTAABd) into
[12:47:58.747]controlled G328(d4TV2ixqBC-vgFCAAABT) leave
[12:48:00.414]controlled G328(xfDGArvNKYNSpAMyAABf) into
[12:48:44.523]controlled G2102班电脑(et8tfPROqN_LOH6jAABb) leave
[12:48:49.80]controlled G2102班电脑(m6cfU02Zq_kEtoXrAABh) into
[13:17:49.656]controlled G328(xfDGArvNKYNSpAMyAABf) leave
[13:17:53.25]controlled G328(UpxTAgCKpwAj5wKPAABj) into
[13:18:09.323]controlled G2106班电脑(FnsvruHGRF0iNrcTAABd) leave
[13:18:13.291]controlled G2102班电脑(m6cfU02Zq_kEtoXrAABh) leave
[13:18:18.300]controlled G2102班电脑(k_wX_tvpgLoaO71QAABl) into
[13:18:35.115]controlled G2106班电脑(AIAHZfg2YCCIS7hmAABo) into
[13:30:47.167]controlled G2102班电脑(k_wX_tvpgLoaO71QAABl) leave
[13:31:52.326]controlled G2102班电脑(Tn3igIIQ_sYnCPpMAABs) into
[13:41:04.353]controlled G2102班电脑(Tn3igIIQ_sYnCPpMAABs) leave
[13:41:30.715]controlled G2102班电脑(4Bap9_xdPiJfor89AABy) into
[13:42:37.662]controlled G328(UpxTAgCKpwAj5wKPAABj) leave
[13:42:41.177]controlled G328(6G_DuEYOCUJdEIYkAAB0) into
[13:42:53.280]controlled G2106班电脑(AIAHZfg2YCCIS7hmAABo) leave
[13:43:58.921]controlled G2106班电脑(txYq27j9_D3O8NtuAAB4) into
[13:48:53.623]controlled G328(6G_DuEYOCUJdEIYkAAB0) leave
[13:48:55.476]controlled G2106班电脑(txYq27j9_D3O8NtuAAB4) leave
[13:48:59.8]controlled G2106班电脑(6xC6dAMDIupi4MMrAAB6) into
[13:48:59.548]controlled G2102班电脑(4Bap9_xdPiJfor89AABy) leave
[13:49:26.629]controlled G2102班电脑(3hFwjRRTrtL3Ql0zAAB9) into
[13:49:47.277]controlled G328(_APJy9kSa7fKb7GKAACB) into
[13:51:52.768]controlled G2102班电脑(3hFwjRRTrtL3Ql0zAAB9) leave
[13:52:21.598]controlled G2102班电脑(wE8KtlN8zKGCvgVwAACF) into
[13:54:23.422]controlled G2102班电脑(wE8KtlN8zKGCvgVwAACF) leave
[13:55:09.639]controlled G328(_APJy9kSa7fKb7GKAACB) leave
[13:55:13.307]controlled G2106班电脑(6xC6dAMDIupi4MMrAAB6) leave
[13:55:14.440]controlled G328(zFECO5j1qMwvk8oFAACL) into
[13:55:18.740]controlled G2102班电脑(wRsHeHAhPa9kGectAACN) into
[13:55:38.165]controlled G2106班电脑(ZzpTOORJrHtNywqnAACQ) into
[13:56:02.780]controlled G2102班电脑(wRsHeHAhPa9kGectAACN) leave
[13:57:02.666]controlled G2102班电脑(LewYLHXh-tXFR53uAACT) into
[13:57:40.227]controlled G328(zFECO5j1qMwvk8oFAACL) leave
[13:58:19.392]controlled G328(6f608zmtjxFsjKrwAACW) into
[14:07:19.695]controlled G2106班电脑(ZzpTOORJrHtNywqnAACQ) leave
[14:08:13.56]controlled G2106班电脑(kI1TyeQa6E3IMag4AACd) into
[14:12:33.111]controlled G328(6f608zmtjxFsjKrwAACW) leave
[14:12:36.978]controlled G328(b4sB_ICRtzJrDgimAACh) into
[14:23:10.416]controlled G2106班电脑(kI1TyeQa6E3IMag4AACd) leave
[14:23:42.555]controlled G2102班电脑(LewYLHXh-tXFR53uAACT) leave
[14:23:42.614]controlled G328(b4sB_ICRtzJrDgimAACh) leave
[14:23:46.38]controlled G2102班电脑(_drfUnZx7crffct8AACj) into
[14:23:46.299]controlled G328(H5_cRjKJRsoUoqBYAACl) into
[14:24:17.225]controlled G2106班电脑(0a7oCtXWXhe3o7frAACp) into
[14:48:55.14]controlled G328(H5_cRjKJRsoUoqBYAACl) leave
[14:48:55.108]controlled G2102班电脑(_drfUnZx7crffct8AACj) leave
[14:49:02.80]controlled G2106班电脑(0a7oCtXWXhe3o7frAACp) leave
[14:49:39.439]controlled G2102班电脑(pWcFOo78fuZVWqZ8AACu) into
[14:49:39.602]controlled G328(zcmoUuBaPihTXEz3AACv) into
[14:50:20.626]controlled G2106班电脑(6h858dlGXdO5zFSDAAC0) into
[15:18:18.768]controlled G328(zcmoUuBaPihTXEz3AACv) leave
[15:18:19.16]controlled G2102班电脑(pWcFOo78fuZVWqZ8AACu) leave
[15:18:23.538]controlled G2102班电脑(5IEfFd5PTWeHBkVTAAC5) into
[15:18:26.303]controlled G328(DLjNTpLOXeNCCCzXAAC7) into
[15:18:43.579]controlled G2106班电脑(6h858dlGXdO5zFSDAAC0) leave
[15:19:09.310]controlled G2106班电脑(ST_hr7W9BUUsVtEgAAC-) into
[15:22:05.462]controlled G2102班电脑(aobQDamJst4SlJLlAAAK) into
[15:22:05.527]controlled G2106班电脑(1fM-kX8E-BzYmuncAAAJ) into
[15:22:06.214]controlled G328(twn_mTrodk2LGsuOAAAL) into
[15:48:34.618]controlled G328(twn_mTrodk2LGsuOAAAL) leave
[15:49:00.930]controlled G2106班电脑(1fM-kX8E-BzYmuncAAAJ) leave
[15:49:01.111]controlled G2102班电脑(aobQDamJst4SlJLlAAAK) leave
[15:49:27.586]controlled G2102班电脑(Zt7CyRNJXLeFclgKAAAS) into
[15:49:29.822]controlled G328(T_PPATBG1yvcbnNBAAAT) into
[15:50:05.23]controlled G2106班电脑(q-SHtfdgonLkOZJ7AAAX) into
[15:54:23.18]controlled G2102班电脑(Zt7CyRNJXLeFclgKAAAS) leave
[15:55:07.891]controlled G2102班电脑(iONwhDbPPckM52atAAAa) into
[16:16:54.814]controlled G2102班电脑(iONwhDbPPckM52atAAAa) leave
[16:17:22.954]controlled G2102班电脑(-Wza0m0KLcrZFhn7AAAh) into
[16:18:58.614]controlled G328(T_PPATBG1yvcbnNBAAAT) leave
[16:19:44.108]controlled G328(K7QiNQWT5F8-Og4-AAAk) into
[16:30:51.307]controlled G328(K7QiNQWT5F8-Og4-AAAk) leave
[16:32:49.352]controlled G328(OyVG_338oPEuotCVAAAp) into
[16:40:18.848]controlled G2102班电脑(-Wza0m0KLcrZFhn7AAAh) leave
[16:48:31.10]controlled G328(OyVG_338oPEuotCVAAAp) leave
[16:48:58.250]controlled G328(0DYAwFHUt_bzxlMlAAAs) into
[17:10:29.866]controlled G2106班电脑(q-SHtfdgonLkOZJ7AAAX) leave
[17:18:44.934]controlled G328(0DYAwFHUt_bzxlMlAAAs) leave
[17:18:49.320]controlled G328(y_Vg0yBQObri9ZeLAAAu) into
[17:57:22.618]controlled G2106班电脑(xdU6_3jrgZZsKIOaAAAw) into
[18:14:44.205]controlled G328(y_Vg0yBQObri9ZeLAAAu) leave
[18:14:53.892]controlled G328(DC_t4vbzUal8HuzJAAAy) into
[18:16:52.698]controlled G328(DC_t4vbzUal8HuzJAAAy) leave
[18:17:00.903]controlled G328(an87x_qv6r1SXZWhAAA0) into
[18:18:21.567]controlled G2106班电脑(xdU6_3jrgZZsKIOaAAAw) leave
[18:18:45.950]controlled G2106班电脑(kvMpK50SMxGmvUQsAAA3) into
[18:47:42.722]controlled G328(an87x_qv6r1SXZWhAAA0) leave
[18:47:55.624]controlled G328(lKnUcWt65G-AyH6kAAA6) into
[18:49:03.709]controlled G2106班电脑(kvMpK50SMxGmvUQsAAA3) leave
[18:49:08.707]controlled G2106班电脑(d5dSIEFG-6pBeeR2AAA8) into
[19:01:42.644]controlled G2102班电脑(k3UTNR87pspK_pGSAABF) into
[19:19:27.668]controlled G2102班电脑(k3UTNR87pspK_pGSAABF) leave
[19:19:28.207]controlled G2106班电脑(d5dSIEFG-6pBeeR2AAA8) leave
[19:20:14.589]controlled G2102班电脑(02sRDwvJUXkKpQH7AABI) into
[19:20:23.610]controlled G328(lKnUcWt65G-AyH6kAAA6) leave
[19:20:33.885]controlled G2106班电脑(aZi8Eq-Rf63Za3ViAABM) into
[19:21:10.695]controlled G328(VGlx_IMYgrHqmshAAABP) into
[19:24:45.533]controlled G2106班电脑(aZi8Eq-Rf63Za3ViAABM) leave
[19:25:11.112]controlled G2106班电脑(sbfPrByIX_w1xVxGAABS) into
[19:49:06.657]controlled G328(VGlx_IMYgrHqmshAAABP) leave
[19:49:14.161]controlled G2106班电脑(sbfPrByIX_w1xVxGAABS) leave
[19:49:20.202]controlled G2102班电脑(02sRDwvJUXkKpQH7AABI) leave
[19:49:40.204]controlled G2106班电脑(jioGZsG5nUWtAJX2AABV) into
[19:49:54.582]controlled G328(mBDK0Wy8JR2AYiN_AABY) into
[19:50:07.197]controlled G2102班电脑(y0XsPCIF9hob7eaoAABb) into
[19:55:18.755]controlled G2106班电脑(jioGZsG5nUWtAJX2AABV) leave
[19:56:03.807]controlled G2106班电脑(A2uF57zmsJKI0iiUAABj) into
[20:11:53.321]controlled G2102班电脑(y0XsPCIF9hob7eaoAABb) leave
[20:17:08.812]controlled G2106班电脑(A2uF57zmsJKI0iiUAABj) leave
[20:17:55.645]controlled G2106班电脑(ThsuXMFMHFy2gQCKAABm) into
[20:19:17.739]controlled G328(mBDK0Wy8JR2AYiN_AABY) leave
[20:23:53.118]controlled G328(2qtVsk9tjyZL3WKdAABy) into
[20:35:41.21]controlled G328(2qtVsk9tjyZL3WKdAABy) leave
[20:49:43.626]controlled G2106班电脑(ThsuXMFMHFy2gQCKAABm) leave
[20:50:52.125]controlled G2106班电脑(qOU1UbKkBlasMcH7AAB2) into
[20:55:01.183]controlled G2106班电脑(qOU1UbKkBlasMcH7AAB2) leave
[21:49:59.21]controlled G328(mniVhumHX2maqx1VAAB6) into
[23:19:34.629]controlled G328(mniVhumHX2maqx1VAAB6) leave
[23:19:36.340]controlled G328(m8B8_9R3JHlQd-iiAAB-) into
[23:49:58.451]controlled G328(m8B8_9R3JHlQd-iiAAB-) leave
[23:50:04.478]controlled G328(3DgeG9JO4IsshMsqAACA) into
[23:50:06.913]controlled G328(3DgeG9JO4IsshMsqAACA) leave
