[06:49:54.874]controlled G2102班电脑(Ny3Ctc1etM_035ZpAAAB) into
[07:19:36.885]controlled G2106班电脑(ejBSlsYeyHZxDOTnAAAD) into
[10:29:02.771]controlled G328(IxXF2q8j9O88h-kTAAAI) into
[10:33:46.616]controlled G2102班电脑(Ny3Ctc1etM_035ZpAAAB) leave
[10:36:12.714]controlled G328(IxXF2q8j9O88h-kTAAAI) leave
[10:40:05.768]controlled G328(F9cVLVjBP_tkOiHtAAAK) into
[12:00:06.922]controlled G2106班电脑(ejBSlsYeyHZxDOTnAAAD) leave
[12:13:44.945]controlled G328(F9cVLVjBP_tkOiHtAAAK) leave
[12:14:31.270]controlled G328(j_3QtDwsplUwvcn5AAAN) into
[13:44:47.772]controlled G2102班电脑(z0DUxvt-h7IEBUKTAAAR) into
[14:22:55.625]controlled G328(j_3QtDwsplUwvcn5AAAN) leave
[14:22:58.667]controlled G328(2Y0rL_P3JYorE5WWAAAY) into
[14:23:42.637]controlled G328(2Y0rL_P3JYorE5WWAAAY) leave
[14:23:46.568]controlled G328(GZBNT9LuTv7-OV_NAAAa) into
[14:24:17.370]controlled G328(GZBNT9LuTv7-OV_NAAAa) leave
[14:24:28.824]controlled G2102班电脑(z0DUxvt-h7IEBUKTAAAR) leave
[14:24:43.921]controlled G328(ttBtw-WOcS8J63RJAAAd) into
[14:24:56.928]controlled G2102班电脑(j0EPhz1pRXKxmhRfAAAg) into
[15:00:42.279]controlled G2102班电脑(j0EPhz1pRXKxmhRfAAAg) leave
[15:00:51.950]controlled G328(ttBtw-WOcS8J63RJAAAd) leave
[15:01:10.267]controlled G2102班电脑(rVcWh-R46Mh8ZnvWAAAj) into
[15:01:19.791]controlled G328(WDc3OqbsCTtGm4OgAAAm) into
[15:04:26.88]controlled G2102班电脑(rVcWh-R46Mh8ZnvWAAAj) leave
[15:04:31.252]controlled G2102班电脑(-pYDyGhEnmwvrpU4AAAo) into
[15:14:57.873]controlled G2102班电脑(-pYDyGhEnmwvrpU4AAAo) leave
[15:15:07.154]controlled G328(WDc3OqbsCTtGm4OgAAAm) leave
[15:15:10.471]controlled G328(_rE84gLe_e75egu5AAAq) into
[15:16:02.548]controlled G2102班电脑(yx_sQ6C976Q2h7GUAAAu) into
[15:50:58.797]controlled G328(_rE84gLe_e75egu5AAAq) leave
[15:50:58.982]controlled G2102班电脑(yx_sQ6C976Q2h7GUAAAu) leave
[15:51:21.993]controlled G328(nmriXdEoUZDHD4QuAAAx) into
[15:51:28.886]controlled G2102班电脑(tcJzasRljpW7mlwqAAA0) into
[18:50:00.633]controlled G2102班电脑(AuRa5ZsKacM5-I4dAAAD) into
[18:50:01.486]controlled G328(N36rYK4KPe8sSYmmAAAF) into
[22:52:10.78]controlled G2102班电脑(AuRa5ZsKacM5-I4dAAAD) leave
[22:56:14.233]controlled G328(N36rYK4KPe8sSYmmAAAF) leave
