[08:00:00.713]controlled G2102班电脑(YtYr3_TmQqzPi_hJAAAD) into
[08:01:50.623]controlled G2107班电脑(j4ksYH7fWBUynFjrAAAF) into
[12:42:28.280]controlled G2102班电脑(YtYr3_TmQqzPi_hJAAAD) leave
[12:42:31.80]controlled G2102班电脑(QaB4k0jXkbwIgKYyAAAg) into
[13:24:53.155]controlled G2107班电脑(j4ksYH7fWBUynFjrAAAF) leave
[13:24:56.48]controlled G2107班电脑(h3Av-uSiP_x4crvmAAAm) into
[13:49:46.327]controlled G2107班电脑(h3Av-uSiP_x4crvmAAAm) leave
[13:49:51.785]controlled G2107班电脑(zUCNgzLXYRdm4MasAAAs) into
[14:23:58.508]controlled G2107班电脑(zUCNgzLXYRdm4MasAAAs) leave
[14:24:00.50]controlled G2102班电脑(QaB4k0jXkbwIgKYyAAAg) leave
[14:24:02.524]controlled G2107班电脑(CyXCK9OcWJnqxY7IAAA1) into
[14:24:05.135]controlled G2102班电脑(Rl4cUq7ndT0KSzyGAAA3) into
[14:24:32.57]controlled G2107班电脑(CyXCK9OcWJnqxY7IAAA1) leave
[14:24:34.804]controlled G2107班电脑(GO0dufkVDg-RuJREAAA5) into
[15:22:47.261]controlled G2107班电脑(GO0dufkVDg-RuJREAAA5) leave
[15:22:51.107]controlled G2107班电脑(mb3MGSuYdr28sXcPAABC) into
[15:22:57.839]controlled G2102班电脑(Rl4cUq7ndT0KSzyGAAA3) leave
[15:23:01.266]controlled G2102班电脑(ZzfEcY1cUeANcaKOAABE) into
[16:13:40.244]controlled 自家电脑(-zANXHTKQBicGL0pAABX) into
[17:51:39.193]controlled 自家电脑(-zANXHTKQBicGL0pAABX) leave
[17:55:44.195]controlled G2102班电脑(ZzfEcY1cUeANcaKOAABE) leave
[17:55:49.500]controlled G2102班电脑(iGOGdc0kVipFR8cXAABs) into
[18:04:55.728]controlled G2107班电脑(4MdMHIBD3STdaR8eAAAF) into
[18:04:56.408]controlled G2102班电脑(hVCp8SmK9btTS8OvAAAE) into
[22:32:10.196]controlled G2107班电脑(4MdMHIBD3STdaR8eAAAF) leave
[22:52:57.899]controlled G2102班电脑(hVCp8SmK9btTS8OvAAAE) leave
