[07:19:03.54]controlled G2102班电脑(E3yF5MoVP3XQavEBAAAC) into
[07:22:00.742]controlled G2102班电脑(E3yF5MoVP3XQavEBAAAC) leave
[07:35:38.478]controlled G2102班电脑(FsEK18iqx12qYsueAAAE) into
[08:12:39.703]controlled G2102班电脑(FsEK18iqx12qYsueAAAE) leave
[09:56:43.81]controlled G2102班电脑(PfvJIgYnl6SwKdCZAAAJ) into
[10:00:23.527]controlled G2102班电脑(PfvJIgYnl6SwKdCZAAAJ) leave
[10:02:21.817]controlled G2102班电脑(p417MDgsrBPjduDnAAAL) into
[11:55:05.172]controlled G2107班电脑(Ml1KNO05goZ6zQEtAAAT) into
[12:33:34.829]controlled G2107班电脑(Ml1KNO05goZ6zQEtAAAT) leave
[13:00:51.649]controlled 自家电脑(aYDM9SGzK5C-opmeAAAX) into
[14:24:12.791]controlled 自家电脑(aYDM9SGzK5C-opmeAAAX) leave
[14:24:18.506]controlled 自家电脑(arI_ZOtttmjtk-oJAAAb) into
[14:24:27.336]controlled G2102班电脑(p417MDgsrBPjduDnAAAL) leave
[14:24:30.875]controlled G2102班电脑(GEC-9BQAtWp_0JkgAAAd) into
[14:46:50.85]controlled 自家电脑(arI_ZOtttmjtk-oJAAAb) leave
[17:52:31.832]controlled G2102班电脑(GEC-9BQAtWp_0JkgAAAd) leave
[18:18:02.868]controlled G2107班电脑(7ELmI2LUMoP4HxXxAAAv) into
[18:55:36.699]controlled G2107班电脑(XZBWADGNTP5Dw33lAAAB) into
[21:14:20.77]controlled G2102班电脑(jyTKpg0jNba0Y7J_AAAJ) into
[21:51:36.30]controlled G2107班电脑(XZBWADGNTP5Dw33lAAAB) leave
[22:03:11.592]controlled G2102班电脑(jyTKpg0jNba0Y7J_AAAJ) leave
