[07:15:46.477]controlled G2106班电脑(cnscqQvdtssmGdIkAAAB) into
[08:13:02.744]controlled G2106班电脑(cnscqQvdtssmGdIkAAAB) leave
[08:14:24.670]controlled G2106班电脑(EK3Hk5CnXRUHMTQ-AAAG) into
[08:28:25.474]controlled G2106班电脑(EK3Hk5CnXRUHMTQ-AAAG) leave
[08:28:28.716]controlled G2106班电脑(3gTpE12q6uJ4OSjRAAAI) into
[11:01:38.711]controlled G2106班电脑(3gTpE12q6uJ4OSjRAAAI) leave
[11:02:57.786]controlled G2106班电脑(n-Qm9BcFHiburp_GAAAN) into
[12:00:59.67]controlled G2106班电脑(n-Qm9BcFHiburp_GAAAN) leave
[12:49:21.412]controlled G2102班电脑(BqIVDCX5xTmmaTeTAAAB) into
[12:51:01.950]controlled G2102班电脑(BqIVDCX5xTmmaTeTAAAB) leave
[12:57:56.709]controlled G328(GseAHu4m3pEMT1QDAAAD) into
[13:06:42.10]controlled G328(GseAHu4m3pEMT1QDAAAD) leave
[13:06:47.845]controlled G328(D7Vh8lnQrwO5kobGAAAF) into
[14:24:31.606]controlled G328(D7Vh8lnQrwO5kobGAAAF) leave
[14:25:17.362]controlled G328(vno-0H_375RRI7AEAAAL) into
[14:36:52.715]controlled G328(vno-0H_375RRI7AEAAAL) leave
[18:15:33.418]controlled G2106班电脑(II95C6qPqegkSaNlAAAO) into
[18:31:28.114]controlled G2106班电脑(II95C6qPqegkSaNlAAAO) leave
[18:32:23.500]controlled G2106班电脑(qGaHcPfBqpkcUKOyAAAS) into
[19:01:45.534]controlled G2106班电脑(qGaHcPfBqpkcUKOyAAAS) leave
[19:02:11.509]controlled G2106班电脑(-6xxpW4eW1R8vhYiAAAV) into
[19:05:01.830]controlled G2106班电脑(-6xxpW4eW1R8vhYiAAAV) leave
[19:06:16.524]controlled G2106班电脑(BVeFm2gVflBuqF3GAAAZ) into
[19:37:45.82]controlled G2106班电脑(BVeFm2gVflBuqF3GAAAZ) leave
[19:38:50.409]controlled G2106班电脑(Whg9VHYzO-FvzajBAAAd) into
[20:01:55.402]controlled G2106班电脑(Whg9VHYzO-FvzajBAAAd) leave
[20:01:58.224]controlled G2106班电脑(IaYmJKBlbI2Zy25uAAAf) into
[20:31:00.360]controlled G2106班电脑(IaYmJKBlbI2Zy25uAAAf) leave
[20:32:19.515]controlled G2106班电脑(1fPN6m5xLte_ovrPAAAk) into
[21:02:08.483]controlled G2106班电脑(1fPN6m5xLte_ovrPAAAk) leave
[21:02:11.13]controlled G2106班电脑(0EFqK0fOqINGj49tAAAm) into
[22:01:56.881]controlled G2106班电脑(0EFqK0fOqINGj49tAAAm) leave
[22:02:21.473]controlled G2106班电脑(6P_yR0vemBPbYVmpAAAt) into
[22:32:14.111]controlled G2106班电脑(6P_yR0vemBPbYVmpAAAt) leave
