[08:19:29.670]controlled G2107班电脑(t1L8a0VgRFiHULvDAAAB) into
[08:34:32.269]controlled G2107班电脑(t1L8a0VgRFiHULvDAAAB) leave
[08:34:36.474]controlled G2107班电脑(BwLo72dvxGz20nU5AAAD) into
[08:49:39.355]controlled G2107班电脑(BwLo72dvxGz20nU5AAAD) leave
[08:49:43.582]controlled G2107班电脑(jPfmtesBOclkGyO_AAAF) into
[09:04:45.772]controlled G2107班电脑(jPfmtesBOclkGyO_AAAF) leave
[09:04:49.750]controlled G2107班电脑(YE2gu1Y593iKdysqAAAH) into
[09:19:52.230]controlled G2107班电脑(YE2gu1Y593iKdysqAAAH) leave
[09:19:57.478]controlled G2107班电脑(xk5oi2iU5dKIf8TNAAAL) into
[09:34:34.950]controlled G2107班电脑(xk5oi2iU5dKIf8TNAAAL) leave
[09:34:39.688]controlled G2107班电脑(N-0aTODQ2MRt2-XiAAAN) into
[09:49:41.908]controlled G2107班电脑(N-0aTODQ2MRt2-XiAAAN) leave
[09:49:48.82]controlled G2107班电脑(y9OiBHV3IJLeiyFPAAAP) into
[10:04:51.154]controlled G2107班电脑(y9OiBHV3IJLeiyFPAAAP) leave
[10:04:56.326]controlled G2107班电脑(BYUccOiek_mBIksQAAAR) into
[10:17:24.85]controlled G2102班电脑(py6ap0y727-vVkfBAAAT) into
[10:19:59.401]controlled G2107班电脑(BYUccOiek_mBIksQAAAR) leave
[10:20:04.45]controlled G2107班电脑(GnWClaymluYZTDw7AAAV) into
[10:29:34.674]controlled G2102班电脑(py6ap0y727-vVkfBAAAT) leave
[11:54:13.916]controlled G2102班电脑(VXJJFDwSqmrw0mdgAAAX) into
[12:02:56.405]controlled G2102班电脑(VXJJFDwSqmrw0mdgAAAX) leave
[12:03:00.779]controlled G2102班电脑(8BYGqOpdKuliz0fUAAAZ) into
[13:38:33.200]controlled G2102班电脑(8BYGqOpdKuliz0fUAAAZ) leave
[13:39:12.423]controlled G2107班电脑(GnWClaymluYZTDw7AAAV) leave
[13:40:00.382]controlled G2107班电脑(hN9TE9TZqVzB7AIPAAAg) into
[13:40:17.925]controlled G2102班电脑(2EAGHq03h0E3kZ6QAAAj) into
[13:49:50.887]controlled G2102班电脑(2EAGHq03h0E3kZ6QAAAj) leave
[13:49:56.528]controlled G2102班电脑(P71RrkBfjTNWPWEUAAAl) into
[13:50:03.690]controlled G2107班电脑(hN9TE9TZqVzB7AIPAAAg) leave
[13:50:08.229]controlled G2107班电脑(9zRm3n_dbYeKvc5hAAAn) into
[14:04:09.174]controlled G2102班电脑(P71RrkBfjTNWPWEUAAAl) leave
[14:04:25.368]controlled G2107班电脑(9zRm3n_dbYeKvc5hAAAn) leave
[14:04:28.32]controlled G2107班电脑(lFs4XX4OeavBTX5wAAAp) into
[14:24:01.314]controlled G2107班电脑(lFs4XX4OeavBTX5wAAAp) leave
[14:24:03.555]controlled G2107班电脑(BpV2ZrGV4ACJ8JljAAAs) into
[14:34:30.737]controlled G2107班电脑(BpV2ZrGV4ACJ8JljAAAs) leave
[14:34:58.986]controlled G2107班电脑(i4O1CZknET6scOgEAAAu) into
[14:50:01.737]controlled G2107班电脑(i4O1CZknET6scOgEAAAu) leave
[14:50:06.609]controlled G2107班电脑(PDykcsbrG5jEiSF1AAAw) into
[15:33:09.271]controlled G2102班电脑(8B8CL_0RhqNWXjRAAAA0) into
[15:49:52.583]controlled G2102班电脑(8B8CL_0RhqNWXjRAAAA0) leave
[15:49:57.70]controlled G2102班电脑(3B7t7iTotC_DMELgAAA2) into
[17:15:38.652]controlled G2107班电脑(PDykcsbrG5jEiSF1AAAw) leave
[17:18:16.172]controlled G2107班电脑(hjybyCe2Z-FSi_h7AAA4) into
[17:34:34.575]controlled G2107班电脑(hjybyCe2Z-FSi_h7AAA4) leave
[17:34:39.665]controlled G2107班电脑(jebeHvXjMw-nHomUAAA6) into
[18:04:53.508]controlled G2107班电脑(jebeHvXjMw-nHomUAAA6) leave
[18:04:57.881]controlled G2107班电脑(zYb0Yx9luWIMAyVhAAA-) into
[18:20:00.993]controlled G2107班电脑(zYb0Yx9luWIMAyVhAAA-) leave
[18:20:05.788]controlled G2107班电脑(aj-I1zDJD7ne0ynDAABA) into
[18:49:53.187]controlled G2107班电脑(aj-I1zDJD7ne0ynDAABA) leave
[18:49:58.75]controlled G2107班电脑(GKqgTvJBurq98VBdAABC) into
[20:00:06.383]controlled 自家电脑(Xi3zvLOogkz5H9WKAABH) into
[20:00:14.629]controlled G2102班电脑(3B7t7iTotC_DMELgAAA2) leave
[20:00:15.110]controlled G2107班电脑(GKqgTvJBurq98VBdAABC) leave
[20:00:19.140]controlled G2107班电脑(B1vYYDpYesH0ebwyAABJ) into
[20:00:21.603]controlled G2102班电脑(GAk0hLNVf2p2bvr2AABL) into
[20:10:18.702]controlled G2107班电脑(B1vYYDpYesH0ebwyAABJ) leave
[20:10:23.182]controlled G2107班电脑(IGZpgkN-G_wnYIWfAABN) into
[20:19:57.842]controlled G2107班电脑(IGZpgkN-G_wnYIWfAABN) leave
[20:20:22.704]controlled G2102班电脑(2awPuAkx6sz9ehWCAAAD) into
[20:20:22.848]controlled 自家电脑(rDK-eazGyVIMdpBMAAAE) into
[20:20:24.717]controlled G2107班电脑(GwkswO3wotYCSZ2aAAAG) into
[20:32:53.968]controlled G2102班电脑(2awPuAkx6sz9ehWCAAAD) leave
[20:32:58.745]controlled G2102班电脑(dzNn0pqgCDCJ_DGyAAAI) into
[21:28:57.774]controlled G2107班电脑(GwkswO3wotYCSZ2aAAAG) leave
[21:40:58.100]controlled 自家电脑(rDK-eazGyVIMdpBMAAAE) leave
[22:26:26.930]controlled G2102班电脑(dzNn0pqgCDCJ_DGyAAAI) leave
