[07:27:26.661]controlled G2107班电脑(aIpimpTq3gv7X4QbAAAB) into
[08:45:13.528]controlled G2102班电脑(oxYaLA__gZYILFoiAAAD) into
[08:46:33.572]controlled G2106班电脑(Z1M7GBxwi3go8RyEAAAF) into
[09:46:09.595]controlled G328(i8IM3EElPNiSl-_ZAAAH) into
[09:54:54.286]controlled G328(i8IM3EElPNiSl-_ZAAAH) leave
[09:54:59.840]controlled G328(Mz3IUMiE99CksGToAAAJ) into
[09:55:02.357]controlled G2102班电脑(oxYaLA__gZYILFoiAAAD) leave
[09:55:04.891]controlled G2106班电脑(Z1M7GBxwi3go8RyEAAAF) leave
[09:55:07.294]controlled G2102班电脑(DIn_s6iSQdCLkKQ9AAAL) into
[09:55:10.672]controlled G2106班电脑(LQ72MUgsIo5T1YHsAAAN) into
[10:04:23.822]controlled G2107班电脑(aIpimpTq3gv7X4QbAAAB) leave
[10:04:29.427]controlled G2107班电脑(bUOyRYYmCiqLDe_EAAAP) into
[10:09:49.542]controlled G2106班电脑(LQ72MUgsIo5T1YHsAAAN) leave
[10:09:54.924]controlled G2106班电脑(lYoCz3CF6CtOUgEtAAAR) into
[12:32:08.813]controlled G2102班电脑(DIn_s6iSQdCLkKQ9AAAL) leave
[13:33:10.325]controlled G2102班电脑(qYi8B56j3b-pxDawAAAb) into
[14:22:53.636]controlled G2106班电脑(lYoCz3CF6CtOUgEtAAAR) leave
[14:22:57.689]controlled G2106班电脑(N_y6cHUF0n5W3hrqAAAd) into
[14:23:10.621]controlled G2107班电脑(bUOyRYYmCiqLDe_EAAAP) leave
[14:23:15.585]controlled G2107班电脑(rEjxSrsYfKomFDYTAAAf) into
[14:23:29.51]controlled G328(Mz3IUMiE99CksGToAAAJ) leave
[14:23:32.540]controlled G328(skhGzkTalmCH8368AAAh) into
[14:23:40.638]controlled G328(skhGzkTalmCH8368AAAh) leave
[14:23:43.432]controlled G328(LoC4_2G_V2NuY4N9AAAj) into
[14:23:43.815]controlled G2102班电脑(qYi8B56j3b-pxDawAAAb) leave
[14:23:46.853]controlled G2102班电脑(4JOzeW3g2G8vzWrrAAAl) into
[14:23:58.121]controlled G2102班电脑(4JOzeW3g2G8vzWrrAAAl) leave
[14:24:01.21]controlled G2102班电脑(MnuaNYBFt4XwGBoeAAAn) into
[14:24:17.686]controlled G2106班电脑(N_y6cHUF0n5W3hrqAAAd) leave
[14:24:19.923]controlled G2106班电脑(Pbd0yUqk9vhLYtXUAAAp) into
[14:39:07.553]controlled G2102班电脑(MnuaNYBFt4XwGBoeAAAn) leave
[14:43:52.967]controlled G328(LoC4_2G_V2NuY4N9AAAj) leave
[14:43:58.120]controlled G328(RmBdFsoNO7E7w_DPAAAr) into
[14:45:54.537]controlled G2107班电脑(rEjxSrsYfKomFDYTAAAf) leave
[14:45:59.852]controlled G2107班电脑(9fs-0Pyvyg4bmm7VAAAt) into
[14:46:08.213]controlled G2106班电脑(Pbd0yUqk9vhLYtXUAAAp) leave
[14:46:13.344]controlled G2106班电脑(Fj482qKvARK_WqjAAAAv) into
[14:55:38.788]controlled G2107班电脑(GTt25WSb5PMp6_eoAAAx) into
[14:56:00.862]controlled G2107班电脑(9fs-0Pyvyg4bmm7VAAAt) leave
[14:56:39.209]controlled G2106班电脑(Fj482qKvARK_WqjAAAAv) leave
[14:56:46.926]controlled G2106班电脑(R0nzM-UP2cuhFZUIAAAz) into
[14:58:44.522]controlled G2106班电脑(R0nzM-UP2cuhFZUIAAAz) leave
[14:58:53.534]controlled G2106班电脑(Ry5VPJtxZkeQYErdAAA1) into
[15:00:43.769]controlled G328(RmBdFsoNO7E7w_DPAAAr) leave
[15:00:49.458]controlled G328(deyiVojIgNQQoJKrAAA3) into
[15:14:13.412]controlled G328(deyiVojIgNQQoJKrAAA3) leave
[15:14:48.34]controlled G2106班电脑(Ry5VPJtxZkeQYErdAAA1) leave
[15:14:53.340]controlled G2106班电脑(B6ZaA3XfFTkrVcNQAAA5) into
[15:15:17.850]controlled G2107班电脑(GTt25WSb5PMp6_eoAAAx) leave
[15:15:25.868]controlled G2107班电脑(UL1Edy0x8WwnW-huAAA7) into
[15:24:29.532]controlled G2102班电脑(pGk5pqIArDui7Y6UAAA9) into
[15:28:07.939]controlled G328(CmFozHRCL2_sdoiLAAA_) into
[15:45:17.9]controlled G2107班电脑(UL1Edy0x8WwnW-huAAA7) leave
[15:45:21.645]controlled G2107班电脑(eBUrp1Ukk-fFtxAIAABB) into
[15:45:25.167]controlled G2102班电脑(pGk5pqIArDui7Y6UAAA9) leave
[15:45:31.18]controlled G2102班电脑(m77yTjo9pPY-toqyAABD) into
[15:45:31.117]controlled G2106班电脑(B6ZaA3XfFTkrVcNQAAA5) leave
[15:45:42.399]controlled G328(CmFozHRCL2_sdoiLAAA_) leave
[15:45:46.995]controlled G328(kN_Z8t17ZSizs3eHAABF) into
[15:45:56.533]controlled G2106班电脑(4-vMYxmUxVAr8pMFAABH) into
[15:51:08.749]controlled G328(kN_Z8t17ZSizs3eHAABF) leave
[15:51:14.521]controlled G328(aFc4193-1I2UerW0AABJ) into
[16:08:53.314]controlled G2102班电脑(m77yTjo9pPY-toqyAABD) leave
[16:15:35.815]controlled G2107班电脑(eBUrp1Ukk-fFtxAIAABB) leave
[16:15:40.624]controlled G2107班电脑(ZePGE8fefIbsKnNSAABL) into
[16:15:44.462]controlled G2106班电脑(4-vMYxmUxVAr8pMFAABH) leave
[16:15:52.488]controlled G2106班电脑(05NqO5PTSto63tK9AABN) into
[16:42:34.760]controlled G2107班电脑(ZePGE8fefIbsKnNSAABL) leave
[16:48:15.674]controlled G2106班电脑(05NqO5PTSto63tK9AABN) leave
[16:53:58.940]controlled G2107班电脑(-EDQuSDulvy--saIAABP) into
[16:55:55.419]controlled G328(aFc4193-1I2UerW0AABJ) leave
[16:57:47.875]controlled G2107班电脑(-EDQuSDulvy--saIAABP) leave
