[07:35:14.420]controlled G2107班电脑(LUqhz6K-Cb1XAI06AAAB) into
[07:50:03.554]controlled G2102班电脑(xDJ1mUR9UJ9-8KObAAAD) into
[08:04:21.974]controlled G2106班电脑(5IBt-xVjNzk8yz8SAAAF) into
[08:07:03.49]controlled G2107班电脑(LUqhz6K-Cb1XAI06AAAB) leave
[08:08:37.124]controlled G2107班电脑(qXmdaCGLP0JdC5ctAAAH) into
[12:01:33.222]controlled G2107班电脑(qXmdaCGLP0JdC5ctAAAH) leave
[12:02:11.13]controlled G2106班电脑(5IBt-xVjNzk8yz8SAAAF) leave
[12:02:41.522]controlled G2102班电脑(xDJ1mUR9UJ9-8KObAAAD) leave
[12:03:52.219]controlled G2102班电脑(DL6tTJ4H842lviKjAAAP) into
[12:40:24.638]controlled G2102班电脑(DL6tTJ4H842lviKjAAAP) leave
[12:40:31.226]controlled G2102班电脑(B5AcO10859pu4dw7AAAR) into
[12:58:32.56]controlled G2102班电脑(B5AcO10859pu4dw7AAAR) leave
[12:59:00.765]controlled G2102班电脑(mCMfEaDGlDnUjkTEAAAT) into
[13:47:31.552]controlled G2107班电脑(wgJg5CuHNkBInMcrAAAY) into
[14:23:41.476]controlled G2107班电脑(wgJg5CuHNkBInMcrAAAY) leave
[14:23:43.917]controlled G2107班电脑(q-SEjqWzGMK_s46xAAAa) into
[14:24:01.630]controlled G2107班电脑(q-SEjqWzGMK_s46xAAAa) leave
[14:24:04.328]controlled G2107班电脑(piLVRtnfeqt00BtPAAAc) into
[14:24:16.476]controlled G2102班电脑(mCMfEaDGlDnUjkTEAAAT) leave
[14:24:20.785]controlled G2102班电脑(7lkOs6qUodYGgMDTAAAe) into
[14:24:31.629]controlled G2102班电脑(7lkOs6qUodYGgMDTAAAe) leave
[14:24:34.423]controlled G2102班电脑(UOaK1JD6JWP9g5hZAAAg) into
[14:35:15.739]controlled G2106班电脑(5uzLX0FQhzACWFg9AAAi) into
[15:22:06.814]controlled G2106班电脑(5uzLX0FQhzACWFg9AAAi) leave
[15:22:11.929]controlled G2106班电脑(Q4f8hudITgzAwKGcAAAm) into
[15:22:31.377]controlled G2107班电脑(piLVRtnfeqt00BtPAAAc) leave
[15:22:36.3]controlled G2107班电脑(jwjCcDIq8mnWQh1BAAAo) into
[15:25:09.198]controlled G2106班电脑(Q4f8hudITgzAwKGcAAAm) leave
[15:26:40.381]controlled G2106班电脑(xOeBigITBPfwnFkWAAAq) into
[16:33:56.564]controlled G2102班电脑(UOaK1JD6JWP9g5hZAAAg) leave
[18:07:48.910]controlled G2107班电脑(jwjCcDIq8mnWQh1BAAAo) leave
[18:07:53.372]controlled G2106班电脑(xOeBigITBPfwnFkWAAAq) leave
[18:07:53.441]controlled G2107班电脑(lzEJ5iblizxuCyDWAAAv) into
[18:07:58.168]controlled G2106班电脑(nx3_dlEcQb_7dCPoAAAx) into
[18:14:51.780]controlled G2106班电脑(LjoA3sXWaxis_u_pAAAD) into
[18:14:51.830]controlled G2107班电脑(XjJiYX1r2nM2wIbaAAAE) into
[20:03:44.651]controlled G2106班电脑(LjoA3sXWaxis_u_pAAAD) leave
[20:03:45.739]controlled G2107班电脑(XjJiYX1r2nM2wIbaAAAE) leave
[20:03:50.407]controlled G2106班电脑(rzXjLcRLMx_JFdk_AAAQ) into
[20:03:54.784]controlled G2107班电脑(ATSzW8Bs1xmGe-T2AAAS) into
[20:24:46.930]controlled G2106班电脑(rzXjLcRLMx_JFdk_AAAQ) leave
[20:24:51.358]controlled G2107班电脑(ATSzW8Bs1xmGe-T2AAAS) leave
[20:24:52.293]controlled G2106班电脑(pV88vzlxXbh2rDIGAAAU) into
[20:24:55.691]controlled G2107班电脑(gOFCiCdLEukmvyQaAAAW) into
[20:35:17.267]controlled G2106班电脑(pV88vzlxXbh2rDIGAAAU) leave
[20:35:22.196]controlled G2106班电脑(kcYg6pfh6eEWMA2WAAAY) into
[21:38:00.861]controlled G2107班电脑(gOFCiCdLEukmvyQaAAAW) leave
[21:38:17.858]controlled G2106班电脑(kcYg6pfh6eEWMA2WAAAY) leave
[21:54:23.978]controlled G2106班电脑(WTHg9YCX0LOd0zVZAAAc) into
[22:51:42.774]controlled G2106班电脑(WTHg9YCX0LOd0zVZAAAc) leave
