[06:59:02.820]controlled G2107班电脑(mVI4ljYk5qK8Sc3bAAAD) into
[07:14:23.718]controlled G2106班电脑(8ANHBq2YtvPI6L0xAAAF) into
[07:40:13.576]controlled G2107班电脑(mVI4ljYk5qK8Sc3bAAAD) leave
[07:54:44.538]controlled G2106班电脑(8ANHBq2YtvPI6L0xAAAF) leave
[08:04:17.174]controlled G2102班电脑(nmg7tbd0Weq6o3zHAABb) into
[08:04:17.197]controlled G2102班电脑(nmg7tbd0Weq6o3zHAABb) leave
[08:29:17.931]controlled G2102班电脑(7UT8GmCyhzy5R0wzAABd) into
[08:41:50.105]controlled G328(KEtHkLG9KdQKxQZsAABf) into
[09:34:37.145]controlled G328(KEtHkLG9KdQKxQZsAABf) leave
[11:00:23.806]controlled G2102班电脑(7UT8GmCyhzy5R0wzAABd) leave
[13:06:22.333]controller r2MxGRgHZF07kC8dAABn into
[14:23:58.978]controller r2MxGRgHZF07kC8dAABn leave
[14:24:02.717]controller Fks71QnhTqRCnLY1AABr into
[14:34:12.806]controller Fks71QnhTqRCnLY1AABr leave
[18:28:23.322]controller 6OARIuXTGbXGgza5AAB0 into
[18:28:47.457]controller 6OARIuXTGbXGgza5AAB0 leave
[19:24:59.115]controlled G2106班电脑(1aXPLgxf2FwVkMasAAAE) into
[20:25:25.418]controlled 邹虹(1RV8klUxrze5_3QEAAAk) into
[20:25:25.792]controlled 邹虹(1RV8klUxrze5_3QEAAAk) into
[20:25:56.980]controlled G2106班电脑(1aXPLgxf2FwVkMasAAAE) leave
[20:57:54.142]controlled 邹虹(1RV8klUxrze5_3QEAAAk) leave
