[07:23:25.500]controlled G328(A-YfzcTH-Y7IyZUsAAyB) into
[07:24:36.527]controlled G328(8prEX_TS-fljejIQAAAB) into
[07:58:01.193]controlled G2102班电脑(h0oJil9LC20F229MAAAD) into
[08:00:58.5]controlled G2106班电脑(krTWSeqbDooy5Bs2AAAF) into
[08:50:40.78]controlled G2107班电脑(-l7Xq4-vUgvNeAcWAAAH) into
[11:49:39.420]controlled G2102班电脑(h0oJil9LC20F229MAAAD) leave
[11:55:00.479]controlled G328(8prEX_TS-fljejIQAAAB) leave
[12:10:24.828]controlled G2107班电脑(-l7Xq4-vUgvNeAcWAAAH) leave
[12:18:25.181]controlled G328(cCQ4tWHVC7L5FWHpAAAk) into
[12:43:41.198]controlled G2102班电脑(wmzOQOxei_OHjv6iAAEl) into
[13:38:18.773]controlled G2102班电脑(wmzOQOxei_OHjv6iAAEl) leave
[13:48:37.988]controlled G2102班电脑(05vPzuyRaRckN6mPAAEp) into
[14:23:27.575]controlled G2102班电脑(05vPzuyRaRckN6mPAAEp) leave
[14:23:28.965]controlled G328(cCQ4tWHVC7L5FWHpAAAk) leave
[14:23:30.625]controlled G2102班电脑(q59RHkCsWCV7SC5LAAEr) into
[14:23:33.520]controlled G328(cK4iBBcSf-jQUERnAAEt) into
[14:24:16.879]controlled G2106班电脑(krTWSeqbDooy5Bs2AAAF) leave
[14:24:23.407]controlled G2106班电脑(hgkHKThb0E0lncfRAAEv) into
[14:27:53.802]controlled 邹虹(07-Vnbno4uP8FQxmAAEx) into
[15:09:59.308]controlled 邹虹(07-Vnbno4uP8FQxmAAEx) leave
[15:37:52.408]controlled G2102班电脑(q59RHkCsWCV7SC5LAAEr) leave
[15:37:55.107]controlled G2106班电脑(hgkHKThb0E0lncfRAAEv) leave
[15:37:55.788]controlled G328(cK4iBBcSf-jQUERnAAEt) leave
[15:37:58.6]controlled G2102班电脑(neTWku5dVCnu2ToQAAEz) into
[15:38:00.869]controlled G2106班电脑(NTJbvhHCEMWm9cq_AAE1) into
[15:38:01.488]controlled G328(mg9CFTKzp7aj0a9vAAE3) into
[15:48:01.212]controlled G328(mg9CFTKzp7aj0a9vAAE3) leave
[15:48:06.274]controlled G328(36e1hGLBXirptKNyAAE5) into
[16:03:07.879]controlled G2106班电脑(NTJbvhHCEMWm9cq_AAE1) leave
[16:03:15.518]controlled G2106班电脑(QSw_nKIEQJZkTuplAAE7) into
[16:18:38.261]controlled G328(36e1hGLBXirptKNyAAE5) leave
[16:20:24.456]controlled G2106班电脑(QSw_nKIEQJZkTuplAAE7) leave
[16:20:29.13]controlled G2106班电脑(XoGgIK2aGu56_LmVAAFU) into
[16:21:31.928]controlled G328(wDQg2HjAstL-u9XjAAFa) into
[18:02:46.411]controlled G2107班电脑(mZGbP0prRVl_CepTAAFc) into
[18:04:32.336]controlled G2106班电脑(XoGgIK2aGu56_LmVAAFU) leave
[19:20:59.138]controlled G2107班电脑(mZGbP0prRVl_CepTAAFc) leave
[19:25:37.317]controlled G328(_TLBnrLl6Cu8s3hQAAAC) into
[19:25:37.361]controlled G2102班电脑(TWCWndCCnF3B7hxCAAAD) into
[19:44:04.499]controlled G2102班电脑(TWCWndCCnF3B7hxCAAAD) leave
[19:45:18.112]controlled G2102班电脑(CnlSlkFz0I2tsORcAAAF) into
[21:12:02.467]controlled G328(_TLBnrLl6Cu8s3hQAAAC) leave
[21:12:07.473]controlled G328(yTUda8y2ssCXMTb2AAAL) into
[21:12:20.259]controlled G2102班电脑(CnlSlkFz0I2tsORcAAAF) leave
[21:12:25.550]controlled G2102班电脑(AxlziV7gGdU4vZBcAAAN) into
[21:32:11.635]controlled G2102班电脑(AxlziV7gGdU4vZBcAAAN) leave
[22:17:52.264]controlled G2102班电脑(_Mhr4MV_zESQd_EqAAAP) into
[22:30:26.466]controlled G2102班电脑(_Mhr4MV_zESQd_EqAAAP) leave
[22:53:08.795]controlled G328(yTUda8y2ssCXMTb2AAAL) leave
