[08:46:14.851]controlled G2102班电脑(W35NLuZHBeSv37VlAAAB) into
[08:50:59.617]controlled G328(oGHiST1Lq5ZeCCPzAAAD) into
[09:37:10.262]controlled G328(oGHiST1Lq5ZeCCPzAAAD) leave
[09:37:15.301]controlled G328(iYlcWASxoQQSUEWdAAAF) into
[09:40:38.904]controlled 邹虹(BP6TO0vOV7AH8vsUAAAH) into
[09:53:57.356]controlled G2102班电脑(W35NLuZHBeSv37VlAAAB) leave
[09:53:58.637]controlled G328(iYlcWASxoQQSUEWdAAAF) leave
[09:54:02.430]controlled G2102班电脑(x5uqPyl8ntw5GrBBAAAJ) into
[09:54:04.255]controlled G328(_PAYdRU8jJQ-FCi3AAAL) into
[09:54:25.778]controlled 邹虹(BP6TO0vOV7AH8vsUAAAH) leave
[09:54:31.2]controlled 邹虹(V-CVC0gIKmogcRjIAAAN) into
[10:00:15.507]controlled G2102班电脑(x5uqPyl8ntw5GrBBAAAJ) leave
[10:00:20.411]controlled G2102班电脑(eVEkdocHtJUKZ1AQAAAP) into
[11:04:12.679]controlled G328(_PAYdRU8jJQ-FCi3AAAL) leave
[11:04:14.116]controlled G2102班电脑(eVEkdocHtJUKZ1AQAAAP) leave
[11:04:17.331]controlled G328(d8VFLA2sHcyuK5FqAAAR) into
[11:04:19.403]controlled G2102班电脑(Qsj3b4wY4LzRoRa_AAAT) into
[11:04:20.679]controlled 邹虹(V-CVC0gIKmogcRjIAAAN) leave
[11:04:26.624]controlled 邹虹(T2-Xg1Vx0e_xZSZEAAAV) into
[11:12:11.157]controlled G328(d8VFLA2sHcyuK5FqAAAR) leave
[11:12:46.192]controlled G328(Qfq_DOr53eZVw5SRAAAX) into
[11:13:31.193]controlled G328(Qfq_DOr53eZVw5SRAAAX) leave
[11:13:35.431]controlled G328(nVfRWk7GRjLT5fhsAAAZ) into
[11:18:31.708]controlled G2102班电脑(Qsj3b4wY4LzRoRa_AAAT) leave
[11:18:36.705]controlled G2102班电脑(nbfnrS2Xomf-sRUVAAAb) into
[12:12:02.876]controlled G2102班电脑(nbfnrS2Xomf-sRUVAAAb) leave
[12:12:51.186]controlled G328(nVfRWk7GRjLT5fhsAAAZ) leave
[12:12:56.773]controlled G328(yq54iAkOtbt8nOhpAAAf) into
[12:27:12.215]controlled G328(yq54iAkOtbt8nOhpAAAf) leave
[12:35:11.536]controlled G328(tu2qhVObvlhcfK_eAAAh) into
[14:24:16.397]controlled 邹虹(T2-Xg1Vx0e_xZSZEAAAV) leave
[14:24:19.586]controlled 邹虹(1_G-sCOP-qO6d-mUAAAo) into
[14:24:31.27]controlled G328(tu2qhVObvlhcfK_eAAAh) leave
[14:24:35.744]controlled G328(6EPInkyAFrzCf1GBAAAq) into
[14:52:44.333]controlled G2102班电脑(L4MS6HoRPgPYV29XAAAu) into
[14:54:23.399]controlled G328(6EPInkyAFrzCf1GBAAAq) leave
[14:54:28.701]controlled G328(9I3E6wSvO9AYKfrYAAAw) into
[16:45:15.848]controlled G328(9I3E6wSvO9AYKfrYAAAw) leave
[16:45:20.602]controlled G328(pT2KM9ZN9jh5pjf9AAA1) into
[16:45:23.209]controlled G2102班电脑(L4MS6HoRPgPYV29XAAAu) leave
[16:45:27.440]controlled G2102班电脑(_drBoOkOQZti8zBXAAA3) into
[17:24:41.470]controlled G2106班电脑(KywNWHrH1Yuvv1NFAAA5) into
[18:10:19.505]controlled 邹虹(1_G-sCOP-qO6d-mUAAAo) leave
[19:38:12.986]controlled G2102班电脑(VmqTnnNq1qcCVdu8AAAD) into
[19:38:13.68]controlled G328(GmZl5dKUveS5B57AAAAE) into
[19:38:13.82]controlled G2106班电脑(PGNm9zIsjbxwd4z0AAAF) into
[19:41:49.804]controlled G2102班电脑(VmqTnnNq1qcCVdu8AAAD) leave
[21:00:07.39]controlled G2107班电脑(ua4Q_-1Z4Zm1be3JAAAH) into
[21:56:59.591]controlled G2107班电脑(ua4Q_-1Z4Zm1be3JAAAH) leave
[21:57:04.164]controlled G2107班电脑(vdrKCrqZZMD0ch6bAAAJ) into
[22:06:00.919]controlled G2102班电脑(6MIuBIOZg7dUjzK1AAAL) into
[22:17:39.834]controlled G2102班电脑(6MIuBIOZg7dUjzK1AAAL) leave
[22:52:41.322]controlled G2106班电脑(PGNm9zIsjbxwd4z0AAAF) leave
[22:56:32.733]controlled G328(GmZl5dKUveS5B57AAAAE) leave
[23:28:48.675]controlled G2107班电脑(vdrKCrqZZMD0ch6bAAAJ) leave
