[06:59:21.693]controlled G328(h403Jg__dPcavLuEAAAB) into
[07:10:09.335]controlled G2107班电脑(Ffg-0G5wsiBvxqaqAAAD) into
[07:12:37.348]controlled G2106班电脑(I6V7CEdI9ohnhs_AAAAF) into
[08:09:33.712]controlled G2102班电脑(6P5gBGgexwCcYJt-AAAH) into
[09:02:56.869]controlled G2102班电脑(6P5gBGgexwCcYJt-AAAH) leave
[09:03:01.429]controlled G2102班电脑(-F8sY9cyKjVGjd5SAAAJ) into
[09:05:09.108]controlled G328(h403Jg__dPcavLuEAAAB) leave
[09:05:13.969]controlled G328(nGkfSeemFK01-TyyAAAL) into
[09:05:17.864]controlled G2106班电脑(I6V7CEdI9ohnhs_AAAAF) leave
[09:05:36.22]controlled G2106班电脑(GpXk7GvdZ22neYDKAAAN) into
[09:55:31.817]controlled G2102班电脑(-F8sY9cyKjVGjd5SAAAJ) leave
[09:55:36.671]controlled G2102班电脑(foRYhGtL4-4Pdj0bAAAP) into
[09:55:49.693]controlled G328(nGkfSeemFK01-TyyAAAL) leave
[09:55:52.232]controlled G328(qYhpccfUB_mJ45uFAAAR) into
[10:50:19.175]controlled G2106班电脑(GpXk7GvdZ22neYDKAAAN) leave
[10:50:24.251]controlled G2106班电脑(8M_0-p6iXg4-I432AAAT) into
[10:50:27.905]controlled G328(qYhpccfUB_mJ45uFAAAR) leave
[10:50:33.330]controlled G328(Xlgrw2JG9A8pxkjRAAAV) into
[10:50:41.409]controlled G2107班电脑(Ffg-0G5wsiBvxqaqAAAD) leave
[10:50:50.129]controlled G2107班电脑(g2KRCX3HdHj4a3ZkAAAX) into
[11:22:32.164]controlled G2102班电脑(foRYhGtL4-4Pdj0bAAAP) leave
[11:37:36.62]controlled G328(Xlgrw2JG9A8pxkjRAAAV) leave
[11:37:41.325]controlled G328(zQNDBxzARlLOfkURAAAb) into
[11:37:52.76]controlled G2107班电脑(g2KRCX3HdHj4a3ZkAAAX) leave
[11:37:56.806]controlled G2106班电脑(8M_0-p6iXg4-I432AAAT) leave
[11:37:57.795]controlled G2107班电脑(ddFUXFlDYPucOsKaAAAd) into
[11:38:02.59]controlled G2106班电脑(6Ac9RK-_99F536ACAAAf) into
[12:01:19.144]controlled G2107班电脑(ddFUXFlDYPucOsKaAAAd) leave
[12:03:19.266]controlled G2102班电脑(TOzJGslBDWjquDepAAAh) into
[14:23:27.989]controlled G2102班电脑(TOzJGslBDWjquDepAAAh) leave
[14:23:31.68]controlled G2102班电脑(K9G9_V_W96rYbf7EAAAu) into
[14:23:44.402]controlled G2102班电脑(K9G9_V_W96rYbf7EAAAu) leave
[14:23:46.486]controlled G2102班电脑(Z7GAaTDbQploBSwVAAAw) into
[14:24:16.801]controlled G328(zQNDBxzARlLOfkURAAAb) leave
[14:24:20.226]controlled G328(yNnvcFFPqw6qS57KAAAy) into
[14:24:32.128]controlled G2106班电脑(6Ac9RK-_99F536ACAAAf) leave
[14:24:35.360]controlled G2106班电脑(d1GZ8pNkJ_iAipNWAAA0) into
[14:40:55.9]controlled G2102班电脑(Z7GAaTDbQploBSwVAAAw) leave
[14:41:00.465]controlled G2102班电脑(q5ZApOX2s_tPnAfzAAA2) into
[15:41:55.728]controlled G2106班电脑(d1GZ8pNkJ_iAipNWAAA0) leave
[15:41:56.543]controlled G2102班电脑(q5ZApOX2s_tPnAfzAAA2) leave
[15:41:58.432]controlled G2106班电脑(wyw2IFFbZElNcMwGAAA6) into
[15:42:01.365]controlled G2102班电脑(rYPIb2fpEigtOtxyAAA8) into
[15:42:07.134]controlled G328(yNnvcFFPqw6qS57KAAAy) leave
[15:42:12.124]controlled G328(iSg6ZEWqTXVFHAvuAAA-) into
[16:36:30.469]controlled G328(iSg6ZEWqTXVFHAvuAAA-) leave
[16:36:56.65]controlled G328(ZX2_EOK2dKMBJeFVAABA) into
[16:37:01.216]controlled G2106班电脑(wyw2IFFbZElNcMwGAAA6) leave
[16:37:03.632]controlled G2106班电脑(8BWKcI4V_-Ki1qwXAABC) into
[16:37:05.972]controlled G2102班电脑(rYPIb2fpEigtOtxyAAA8) leave
[16:37:10.379]controlled G2102班电脑(AEfAAVqzuH0Z7hmxAABE) into
[16:45:55.718]controlled G2102班电脑(AEfAAVqzuH0Z7hmxAABE) leave
[16:46:02.520]controlled G2102班电脑(Q0brR1LoR_Au0tzwAABG) into
[17:00:32.808]controlled G2106班电脑(8BWKcI4V_-Ki1qwXAABC) leave
[17:07:24.4]controlled G2102班电脑(Q0brR1LoR_Au0tzwAABG) leave
[17:07:26.522]controlled G2102班电脑(IjnEqcKOT0Rf_ehsAABI) into
[17:07:36.359]controlled G328(ZX2_EOK2dKMBJeFVAABA) leave
[17:07:40.889]controlled G328(UQpPfKsCmilf_AbFAABK) into
[17:25:30.528]controlled G2106班电脑(HKynwPvthf80ECdQAABM) into
[17:43:16.261]controlled G2102班电脑(IjnEqcKOT0Rf_ehsAABI) leave
[17:46:01.725]controlled G2106班电脑(HKynwPvthf80ECdQAABM) leave
[17:46:06.922]controlled G2106班电脑(FvEh9JAPHHkS3gvaAABP) into
[17:46:45.823]controlled G328(UQpPfKsCmilf_AbFAABK) leave
[17:46:48.78]controlled G328(wsSgJ4jjgg7dRYiPAABR) into
[17:51:19.383]controlled G328(wsSgJ4jjgg7dRYiPAABR) leave
[17:51:25.74]controlled G328(Zc9wK5hebutcc3ZqAABT) into
[17:52:19.241]controlled G2106班电脑(FvEh9JAPHHkS3gvaAABP) leave
[17:52:24.841]controlled G2106班电脑(Zn7_Iq611O1h4f6tAABV) into
[18:07:43.467]controlled G2102班电脑(xT3PhendsxG0E2BQAABZ) into
[18:30:12.142]controlled G328(Zc9wK5hebutcc3ZqAABT) leave
[18:30:14.375]controlled G2106班电脑(Zn7_Iq611O1h4f6tAABV) leave
[18:30:15.138]controlled G328(a_kT8s6rD4qMGwckAABb) into
[18:30:16.707]controlled G2106班电脑(daiU0YC3yFW_CWJ0AABd) into
[18:30:20.245]controlled G2102班电脑(xT3PhendsxG0E2BQAABZ) leave
[18:30:24.735]controlled G2102班电脑(VXhcVu1l0VTcb4O_AABf) into
[18:30:59.231]controlled G328(a_kT8s6rD4qMGwckAABb) leave
[18:32:08.61]controlled G328(lwogQ3xoobzNRhadAAAD) into
[18:32:09.449]controlled G2106班电脑(XWcPrnQnPNIBs4LAAAAG) into
[18:33:26.594]controlled G2102班电脑(lWDYIjxNUEXUTMIjAAAJ) into
[18:42:58.164]controlled G328(lwogQ3xoobzNRhadAAAD) leave
[18:42:59.394]controlled G2106班电脑(XWcPrnQnPNIBs4LAAAAG) leave
[18:43:01.17]controlled G2102班电脑(lWDYIjxNUEXUTMIjAAAJ) leave
[18:43:02.507]controlled G2106班电脑(aibuDXpU-9__ce9ZAAAL) into
[18:43:03.212]controlled G328(hI_P8vYYlpxyu2YXAAAN) into
[18:43:06.576]controlled G2102班电脑(tloT3ABPZ5ZCZ_UmAAAP) into
[19:57:12.713]controlled G328(hI_P8vYYlpxyu2YXAAAN) leave
[19:57:16.515]controlled G328(wRy638bxxyt503StAAAT) into
[20:21:57.622]controlled G2102班电脑(tloT3ABPZ5ZCZ_UmAAAP) leave
[20:38:49.890]controlled G2106班电脑(aibuDXpU-9__ce9ZAAAL) leave
[20:38:53.143]controlled G328(wRy638bxxyt503StAAAT) leave
[20:38:53.146]controlled G2106班电脑(qVu0F_A_UpWl0vcsAAAV) into
[20:38:59.328]controlled G328(1emDu5jNcToFqjUwAAAX) into
[21:24:43.947]controlled G328(1emDu5jNcToFqjUwAAAX) leave
[22:03:37.534]controlled G2102班电脑(qAAGsKkwsZhCbrhkAAAb) into
[22:36:11.156]controlled G328(rA4PVI7mfcs2U6PLAACl) into
[22:36:26.254]controlled G2106班电脑(qVu0F_A_UpWl0vcsAAAV) leave
[22:56:03.917]controlled G328(rA4PVI7mfcs2U6PLAACl) leave
[23:38:56.931]controlled G2102班电脑(zGi-IdbcF8_XB0sGAACn) into
[23:39:15.498]controlled G2102班电脑(qAAGsKkwsZhCbrhkAAAb) leave
