[07:50:21.600]controlled G328(teDSWSpzuabUlEpqAAAO) into
[07:56:13.252]controlled G328(IWMlunY1_vRI0KGDAAAB) into
[08:10:40.949]controlled G2107班电脑(t0xDhW5eyB5lbmdxAAAD) into
[08:15:59.489]controlled G2107班电脑(t0xDhW5eyB5lbmdxAAAD) leave
[08:41:07.839]controlled G2107班电脑(Bza9S2oFyin6zwD_AAAF) into
[13:53:58.424]controlled G2107班电脑(Bza9S2oFyin6zwD_AAAF) leave
[14:23:46.379]controlled G328(IWMlunY1_vRI0KGDAAAB) leave
[14:23:49.866]controlled G328(vZVFWWgWMcxKVcVYAAAS) into
[14:24:34.210]controlled G328(vZVFWWgWMcxKVcVYAAAS) leave
[14:24:36.726]controlled G328(zOAM1Xd8vuo6yKHMAAAU) into
[15:22:25.639]controlled G2102班电脑(a_2DnjK1HqWTdG8XAAAW) into
[15:36:36.333]controlled G2102班电脑(a_2DnjK1HqWTdG8XAAAW) leave
[16:16:48.869]controlled G2107班电脑(pdG4Lloke-T3Il8dAAAa) into
[16:26:20.739]controlled G2107班电脑(pdG4Lloke-T3Il8dAAAa) leave
[17:06:40.828]controlled G2102班电脑(r_OoxIlgeB4ruLtUAAAc) into
[17:41:06.649]controlled G2107班电脑(T94ajHkAkf9DALgUAAAe) into
[19:05:30.990]controlled G2102班电脑(r_OoxIlgeB4ruLtUAAAc) leave
[19:10:14.568]controlled G2107班电脑(T94ajHkAkf9DALgUAAAe) leave
[19:21:02.227]controlled G328(zOAM1Xd8vuo6yKHMAAAU) leave
[20:37:32.341]controlled G2107班电脑(QlwnOHEFsQAOkvHGAAAB) into
[22:18:03.648]controlled G2107班电脑(QlwnOHEFsQAOkvHGAAAB) leave
