[11:56:18.116]controlled 自家电脑(BgRyATaEZGXL6mUaAAAB) into
[12:34:18.579]controlled 自家电脑(-2khTqTVWwKS6_sNAAAB) into
[13:23:05.991]controlled 自家电脑(-2khTqTVWwKS6_sNAAAB) leave
[13:23:24.78]controlled 自家电脑(IpoAdtKX9Hx06fMiAAAD) into
[13:46:27.598]controlled 自家电脑(IpoAdtKX9Hx06fMiAAAD) leave
[15:39:13.659]controlled 自家电脑(nQm3awvttJUtwfT8AAAF) into
[15:41:10.676]controller ms_M0bRukzSSe4qkAAAH into
[16:21:13.354]controlled 自家电脑(VtsfCHjWWuAq4ifBAAAF) into
[16:21:13.396]controller A26_j4N7U1IxKFZZAAAE into
[16:21:35.984]controlled 自家电脑(gT9wNgiZOQByH_WqAAAE) into
[16:21:35.989]controller u3EBji7bDNmSDnCIAAAD into
[16:24:05.814]controlled 自家电脑(GFpm-6xeLZ_UJGhEAAAB) into
[16:24:09.168]controller tcWoVbgpIUHW16EvAAAF into
[16:32:33.680]controller ZHoqP08EjnrdCjkYAAAB into
[16:32:34.31]controlled 自家电脑(loEOr0npoK6MeuEyAAAD) into
[16:37:04.888]controlled 自家电脑(TC1brbueWGDrNxk6AAAD) into
[16:37:15.876]controlled 自家电脑(jKmYj_5fDluuTlF_AAAB) into
[16:37:56.234]controller ob__ZiBX3dSHIgybAAAD into
[16:46:03.695]controlled 自家电脑(V71NHszQNUqOnpGuAAAD) into
[16:46:03.711]controller RozZGqbW6VyNEaGLAAAC into
[17:17:55.486]controller pcR69PE9KN8D4nvcAAAC into
[17:17:55.577]controlled 自家电脑(T27R3CtgOQ9yjHx_AAAD) into
[17:20:27.171]controller pcR69PE9KN8D4nvcAAAC leave
[17:20:47.934]controlled 自家电脑(T27R3CtgOQ9yjHx_AAAD) leave
[17:37:54.46]controlled 自家电脑(zUS5bveApnlvccAbAAAF) into
[17:54:05.777]controlled 自家电脑(LIH-63TurcxsJFSoAAAB) into
[18:01:16.287]controlled 自家电脑(-iqQToJbDYdRL1e0AAAB) into
[18:04:46.495]controlled 自家电脑(-iqQToJbDYdRL1e0AAAB) leave
