[07:18:18.454]controlled G2106班电脑(7-Otet89oR_43RNtAAAB) into
[07:21:33.884]controlled G2106班电脑(7-Otet89oR_43RNtAAAB) leave
[07:21:41.188]controlled G2106班电脑(zGVisQmK_kF7yDKkAAAD) into
[07:25:37.421]controlled G328(VUkoyWn5TK2JgZhcAAAF) into
[07:46:00.745]controlled G2102班电脑(JuEm6ybRos62ffAIAAAH) into
[08:23:11.997]controlled G328(VUkoyWn5TK2JgZhcAAAF) leave
[08:23:17.109]controlled G328(VqvSCTUKiAFXSS-AAAAJ) into
[08:23:22.221]controlled G2102班电脑(JuEm6ybRos62ffAIAAAH) leave
[08:23:26.329]controlled G2106班电脑(zGVisQmK_kF7yDKkAAAD) leave
[08:23:26.758]controlled G2102班电脑(JClpiIY_CY3GMPpUAAAL) into
[08:23:34.845]controlled G2106班电脑(ei18UZUyjyNvQjqhAAAN) into
[09:17:54.694]controlled G328(VqvSCTUKiAFXSS-AAAAJ) leave
[09:17:58.959]controlled G328(EOEqrKGKn4lm-GNpAAAP) into
[09:18:02.860]controlled G2102班电脑(JClpiIY_CY3GMPpUAAAL) leave
[09:18:05.340]controlled G2102班电脑(d77j5WcbY5bOv218AAAR) into
[09:18:09.433]controlled G2106班电脑(ei18UZUyjyNvQjqhAAAN) leave
[09:18:12.640]controlled G2106班电脑(00AKekYy8bsuIBvaAAAT) into
[09:22:55.881]controlled G328(EOEqrKGKn4lm-GNpAAAP) leave
[09:23:01.136]controlled G328(4bD2L8p9zMeQL5kCAAAV) into
[09:23:02.17]controlled G2102班电脑(d77j5WcbY5bOv218AAAR) leave
[09:23:07.30]controlled G2102班电脑(40jIr0RIEOt-wufWAAAX) into
[09:23:08.727]controlled G2106班电脑(00AKekYy8bsuIBvaAAAT) leave
[09:23:11.274]controlled G2106班电脑(Wq0cBtFZWItOloSuAAAZ) into
[09:53:20.515]controlled G2102班电脑(40jIr0RIEOt-wufWAAAX) leave
[09:53:23.323]controlled G2106班电脑(Wq0cBtFZWItOloSuAAAZ) leave
[09:53:24.417]controlled G2102班电脑(t8QgZAAGbcmQlSazAAAb) into
[09:53:25.292]controlled G2106班电脑(Join96leXzNU0jcUAAAd) into
[10:18:07.213]controlled G2102班电脑(t8QgZAAGbcmQlSazAAAb) leave
[10:18:12.340]controlled G2102班电脑(vlwvx6EUEpl4_TEjAAAf) into
[10:22:45.797]controlled G2106班电脑(Join96leXzNU0jcUAAAd) leave
[10:22:51.362]controlled G2106班电脑(oy64dAiopTFtKV8HAAAh) into
[10:23:09.195]controlled G2102班电脑(vlwvx6EUEpl4_TEjAAAf) leave
[10:23:12.541]controlled G2102班电脑(OnVUlit8N5sd9wIqAAAj) into
[11:02:31.420]controlled G328(4bD2L8p9zMeQL5kCAAAV) leave
[12:04:13.921]controlled G2107班电脑(dvwiIdA9zXJ_2g4DAAAs) into
[13:19:52.316]controlled G2102班电脑(OnVUlit8N5sd9wIqAAAj) leave
[13:55:00.328]controlled G2107班电脑(dvwiIdA9zXJ_2g4DAAAs) leave
[13:55:09.114]controlled G2107班电脑(o_TeguAiv5OpKKPRAAAx) into
[13:55:09.543]controlled G2106班电脑(oy64dAiopTFtKV8HAAAh) leave
[13:55:29.432]controlled G2106班电脑(ckfCTI0xM556jzcLAAAz) into
[14:22:45.168]controlled G2106班电脑(ckfCTI0xM556jzcLAAAz) leave
[14:22:47.764]controlled G2106班电脑(mRRkKkxCOtYmNTiFAAA1) into
[14:22:50.191]controlled G2107班电脑(o_TeguAiv5OpKKPRAAAx) leave
[14:22:56.925]controlled G2107班电脑(VnG6RigqR6ihTvuLAAA3) into
[14:23:11.328]controlled G2106班电脑(mRRkKkxCOtYmNTiFAAA1) leave
[14:23:13.871]controlled G2106班电脑(p5M_jYYze2kSBNmTAAA5) into
[14:23:42.47]controlled G2107班电脑(VnG6RigqR6ihTvuLAAA3) leave
[14:23:42.173]controlled G2106班电脑(p5M_jYYze2kSBNmTAAA5) leave
[14:23:44.433]controlled G2107班电脑(wEoJxXTepL9HQP2RAAA7) into
[14:23:44.476]controlled G2106班电脑(dD5h2xBLOnEctXLRAAA9) into
[14:23:57.746]controlled G2107班电脑(wEoJxXTepL9HQP2RAAA7) leave
[14:24:01.20]controlled G2107班电脑(vJGpmqOZFvisj49-AAA_) into
[14:24:15.121]controlled G2106班电脑(dD5h2xBLOnEctXLRAAA9) leave
[14:24:17.824]controlled G2106班电脑(cZPJsFeh10QuaGhKAABB) into
[14:35:33.378]controlled G2106班电脑(cZPJsFeh10QuaGhKAABB) leave
[14:38:32.419]controlled G2102班电脑(kdoO6FYPA96XiWtRAABN) into
[14:53:49.212]controlled G2107班电脑(vJGpmqOZFvisj49-AAA_) leave
[14:53:54.27]controlled G2107班电脑(tt0SmBqzPeSEPeXSAABT) into
[14:55:40.193]controlled G2102班电脑(kdoO6FYPA96XiWtRAABN) leave
[14:55:44.380]controlled G2102班电脑(jac5PpoLgCCDODcfAABV) into
[15:23:55.909]controlled G2102班电脑(jac5PpoLgCCDODcfAABV) leave
[15:24:01.730]controlled G2102班电脑(RZRyp4W4epNSfPGdAABX) into
[15:24:06.972]controlled G2107班电脑(tt0SmBqzPeSEPeXSAABT) leave
[15:24:14.221]controlled G2107班电脑(6HIuC4yQRZo_9VmoAABZ) into
[15:32:28.601]controlled G2106班电脑(zSglWguEme5LjUxAAABb) into
[17:10:42.590]controlled 邹虹(RUAfAiszRYL4UStGAABf) into
[17:13:25.339]controlled G2102班电脑(RZRyp4W4epNSfPGdAABX) leave
[17:13:26.767]controlled G2106班电脑(zSglWguEme5LjUxAAABb) leave
[17:13:27.878]controlled G2102班电脑(-vA7b8Tux-jMcJhxAABh) into
[17:13:30.682]controlled G2107班电脑(6HIuC4yQRZo_9VmoAABZ) leave
[17:13:32.246]controlled G2106班电脑(JilA-cx1f5DRCKFMAABj) into
[17:13:35.91]controlled G2107班电脑(YV6UZ6SzzECNvGS5AABl) into
[17:19:22.174]controlled G2107班电脑(YV6UZ6SzzECNvGS5AABl) leave
[17:19:40.516]controlled G2102班电脑(-vA7b8Tux-jMcJhxAABh) leave
[17:19:46.92]controlled G2102班电脑(Sp63dDR3IIUfb659AABn) into
[17:19:53.28]controlled G2107班电脑(AXeNxuhM96E2MAumAABp) into
[17:24:48.348]controlled G2106班电脑(JilA-cx1f5DRCKFMAABj) leave
[17:24:49.744]controlled G2107班电脑(AXeNxuhM96E2MAumAABp) leave
[17:24:51.446]controlled G2106班电脑(LJxM6Obmzdr8XQM_AABr) into
[17:24:57.33]controlled G2107班电脑(k3ZOQ2jzk4rdNIqdAABt) into
[17:32:18.349]controlled G2102班电脑(Sp63dDR3IIUfb659AABn) leave
[17:32:19.659]controlled G2106班电脑(LJxM6Obmzdr8XQM_AABr) leave
[17:32:22.460]controlled G2106班电脑(pduRgo4JaKxB_kFNAABv) into
[17:32:22.970]controlled G2102班电脑(ZExEAw6x938H-JjXAABx) into
[17:32:24.979]controlled G2107班电脑(k3ZOQ2jzk4rdNIqdAABt) leave
[17:32:30.118]controlled G2107班电脑(TnnMilRqhqHUM5fxAABz) into
[17:34:30.160]controlled 邹虹(RUAfAiszRYL4UStGAABf) leave
[17:37:18.900]controlled G2106班电脑(pduRgo4JaKxB_kFNAABv) leave
[17:37:23.346]controlled G2106班电脑(3bZQuwj7OrcAurbiAAB1) into
[17:37:26.923]controlled G2107班电脑(TnnMilRqhqHUM5fxAABz) leave
[17:37:32.218]controlled G2107班电脑(uzqM3R4r8Yanrw-hAAB3) into
[17:52:04.429]controlled G2102班电脑(ZExEAw6x938H-JjXAABx) leave
[17:52:09.252]controlled G2107班电脑(uzqM3R4r8Yanrw-hAAB3) leave
[17:52:09.302]controlled G2102班电脑(5VT3Yonol_leWdIUAAB9) into
[17:52:13.829]controlled G2107班电脑(02y3KcYARVxLionDAAB_) into
[17:52:27.851]controlled G2106班电脑(3bZQuwj7OrcAurbiAAB1) leave
[17:52:32.303]controlled G2106班电脑(3buXvpktQLXIUHvWAACB) into
[18:02:06.575]controlled G2106班电脑(3buXvpktQLXIUHvWAACB) leave
[18:02:09.619]controlled G2106班电脑(HNsS_rlgwhUpyNF0AACD) into
[18:02:14.270]controlled G2107班电脑(02y3KcYARVxLionDAAB_) leave
[18:02:19.288]controlled G2107班电脑(s5U4KA2Cnf9jyI73AACF) into
[18:02:34.732]controlled G2102班电脑(5VT3Yonol_leWdIUAAB9) leave
[18:02:39.209]controlled G2102班电脑(rjYaHQiP8TKaDu51AACH) into
[18:19:43.339]controlled G2106班电脑(HNsS_rlgwhUpyNF0AACD) leave
[18:19:48.20]controlled G2102班电脑(rjYaHQiP8TKaDu51AACH) leave
[18:19:51.859]controlled G2106班电脑(by9p4VyJ53f2-XdOAACJ) into
[18:19:53.22]controlled G2102班电脑(-wtHNg7vntuzN7erAACL) into
[18:19:53.317]controlled G2107班电脑(s5U4KA2Cnf9jyI73AACF) leave
[18:19:59.475]controlled G2107班电脑(3rp_T9h5mkm2btpdAACN) into
[18:22:54.37]controlled G2107班电脑(CpcOUhJAi2kEeW-GAAAD) into
[18:22:54.161]controlled G2106班电脑(jNSqfhiEj2_FzbQGAAAE) into
[18:22:54.189]controlled G2102班电脑(7HNu-O4nbfvwm6CvAAAF) into
[18:42:09.156]controlled G2106班电脑(jNSqfhiEj2_FzbQGAAAE) leave
[18:42:27.66]controlled G2106班电脑(NS1CyHxBE9CatfYCAAAO) into
[18:42:34.719]controlled G2107班电脑(CpcOUhJAi2kEeW-GAAAD) leave
[18:42:35.813]controlled G2102班电脑(7HNu-O4nbfvwm6CvAAAF) leave
[18:42:40.915]controlled G2102班电脑(p6_KwolaEKuHoGURAAAQ) into
[18:42:42.945]controlled G2107班电脑(JHxkvtJG69LHVcUfAAAS) into
[19:54:33.179]controlled G2107班电脑(JHxkvtJG69LHVcUfAAAS) leave
[19:54:35.44]controlled G2102班电脑(p6_KwolaEKuHoGURAAAQ) leave
[19:54:37.76]controlled G2107班电脑(OszSgSmPGZNt9AqtAAAW) into
[19:54:39.377]controlled G2102班电脑(gh7WFq8TD6YMeXvmAAAY) into
[19:54:48.21]controlled G2106班电脑(NS1CyHxBE9CatfYCAAAO) leave
[19:54:51.546]controlled G2106班电脑(41bXrvKt1lNt0Ku6AAAa) into
[19:57:30.523]controlled G2102班电脑(gh7WFq8TD6YMeXvmAAAY) leave
[19:57:35.695]controlled G2102班电脑(jZtDBKA0rbGf3IsgAAAc) into
[20:17:21.950]controlled G2102班电脑(jZtDBKA0rbGf3IsgAAAc) leave
[20:24:26.685]controlled G2107班电脑(OszSgSmPGZNt9AqtAAAW) leave
[20:24:28.37]controlled G2107班电脑(xzSRW4xdPk03Enf0AAAe) into
[20:24:37.671]controlled G2106班电脑(41bXrvKt1lNt0Ku6AAAa) leave
[20:24:43.101]controlled G2106班电脑(9FNF_43oA3DEshQOAAAg) into
[20:27:18.454]controlled G2107班电脑(xzSRW4xdPk03Enf0AAAe) leave
[20:27:23.626]controlled G2107班电脑(3hhoKHD8OdBGZzejAAAi) into
[20:32:30.790]controlled G2102班电脑(nV2r2DA05HJ_sgbaAAAk) into
[20:34:10.513]controlled G2102班电脑(nV2r2DA05HJ_sgbaAAAk) leave
[20:39:46.521]controlled G2106班电脑(9FNF_43oA3DEshQOAAAg) leave
[20:39:55.210]controlled G2106班电脑(7UWDkt4MY6VvU7CuAAAm) into
[20:39:55.637]controlled G2107班电脑(3hhoKHD8OdBGZzejAAAi) leave
[20:39:58.20]controlled G2107班电脑(lualLX4RwfJ0l-ZOAAAo) into
[20:44:20.755]controlled G2102班电脑(14yx0fM3ndE_U4WZAAAq) into
[20:46:06.424]controlled G2106班电脑(7UWDkt4MY6VvU7CuAAAm) leave
[20:46:12.131]controlled G2106班电脑(DyBl8qZSVLXnOn0BAAAs) into
[20:52:39.14]controlled G2102班电脑(14yx0fM3ndE_U4WZAAAq) leave
[20:52:44.733]controlled G2102班电脑(s2sQaW-r41tDjb4wAAAu) into
[21:00:28.299]controlled G2107班电脑(lualLX4RwfJ0l-ZOAAAo) leave
[21:00:33.294]controlled G2107班电脑(rzNN9qaehgeB8BiXAAAw) into
[21:00:41.259]controlled G2102班电脑(s2sQaW-r41tDjb4wAAAu) leave
[21:00:44.928]controlled G2102班电脑(u94b2Bc2w59QQ2oFAAAy) into
[21:03:35.522]controlled G2102班电脑(u94b2Bc2w59QQ2oFAAAy) leave
[21:04:25.885]controlled G2102班电脑(ltW1qcm_sAMSDGmiAAA2) into
[21:06:20.247]controlled G2107班电脑(rzNN9qaehgeB8BiXAAAw) leave
[21:06:24.314]controlled G2107班电脑(kf8io0_1bvu7cuGmAAA4) into
[21:48:22.36]controlled G2102班电脑(ltW1qcm_sAMSDGmiAAA2) leave
[22:03:58.604]controlled G2106班电脑(DyBl8qZSVLXnOn0BAAAs) leave
[22:31:56.857]controlled G2107班电脑(kf8io0_1bvu7cuGmAAA4) leave
[22:37:07.911]controlled G2107班电脑(TATJkSbGN16ZnJQbAAA8) into
[22:38:45.120]controlled G2107班电脑(TATJkSbGN16ZnJQbAAA8) leave
