[07:01:13.264]controlled G2107班电脑(BbAO49IbCMugXCWqAAAB) into
[08:05:51.261]controlled G2102班电脑(uV3FKpTVU1H4mahMAAAD) into
[10:26:02.944]controlled G2102班电脑(uV3FKpTVU1H4mahMAAAD) leave
[10:26:07.343]controlled G2102班电脑(ZJ6ZdlCuYukchSqVAAAL) into
[12:20:28.62]controlled G2106班电脑(Ib2Jdj1FmWACFr66AAAU) into
[12:22:20.552]controlled G2102班电脑(ZJ6ZdlCuYukchSqVAAAL) leave
[12:22:25.729]controlled G2102班电脑(swpzpS27U3Nui-PcAAAW) into
[13:09:44.265]controlled G2106班电脑(Ib2Jdj1FmWACFr66AAAU) leave
[13:53:36.658]controlled G2106班电脑(Lqp9PjVtMo3W5h8tAAAY) into
[14:23:09.161]controlled G2106班电脑(Lqp9PjVtMo3W5h8tAAAY) leave
[14:23:13.93]controlled G2106班电脑(KZxSIJdxAdZ9vHaUAAAa) into
[14:23:26.606]controlled G2102班电脑(swpzpS27U3Nui-PcAAAW) leave
[14:23:30.936]controlled G2102班电脑(yH30uKmkrAUBs2W-AAAc) into
[14:23:43.532]controlled G2106班电脑(KZxSIJdxAdZ9vHaUAAAa) leave
[14:23:44.816]controlled G2102班电脑(yH30uKmkrAUBs2W-AAAc) leave
[14:23:47.130]controlled G2106班电脑(et9cWRIPbsdb3mcoAAAe) into
[14:23:48.74]controlled G2102班电脑(huGz0ZsOaoajLP0gAAAg) into
[14:24:16.630]controlled G2107班电脑(BbAO49IbCMugXCWqAAAB) leave
[14:24:19.757]controlled G2107班电脑(x13wDYaPB4y0dde2AAAi) into
[14:36:18.860]controlled G2102班电脑(huGz0ZsOaoajLP0gAAAg) leave
[14:36:23.836]controlled G2102班电脑(SU_Ai9o83P2OeSFBAAAk) into
[14:36:26.347]controlled G2107班电脑(x13wDYaPB4y0dde2AAAi) leave
[14:36:30.551]controlled G2107班电脑(A8pI79hgPlp70gTsAAAm) into
[15:25:36.430]controlled G2102班电脑(SU_Ai9o83P2OeSFBAAAk) leave
[15:27:17.585]controlled G2102班电脑(2X2mT-d5zpfJANibAAAo) into
[17:15:25.688]controlled G2106班电脑(et9cWRIPbsdb3mcoAAAe) leave
[18:15:08.319]controlled G2107班电脑(A8pI79hgPlp70gTsAAAm) leave
[18:15:13.468]controlled G2107班电脑(RsWMQM78GK-bKooEAAAv) into
[18:15:16.939]controlled G2102班电脑(2X2mT-d5zpfJANibAAAo) leave
[18:15:21.970]controlled G2102班电脑(81Cu3GjJ-Ezp2me8AAAx) into
[19:02:05.762]controlled G2102班电脑(NgKE8CF1wxMt1zxGAAAD) into
[19:02:05.813]controlled G2107班电脑(MRJgXT5t_zrLEWuqAAAC) into
[20:38:08.958]controlled G2101班电脑(Dn5lzczA0JG5tR3YAAAF) into
[20:39:18.565]controlled G2101班电脑(Dn5lzczA0JG5tR3YAAAF) leave
[22:11:16.63]controlled G2107班电脑(MRJgXT5t_zrLEWuqAAAC) leave
[22:35:20.693]controlled G2102班电脑(NgKE8CF1wxMt1zxGAAAD) leave
