[07:12:30.537]controlled 班上电脑(wWg8evfhw20DJnmLAAAB) into
[07:52:42.625]controlled 自家电脑(LvMGCOgXPXrp0BM5AAAD) into
[09:15:31.43]controlled 班上电脑(wWg8evfhw20DJnmLAAAB) leave
[09:15:36.585]controlled 班上电脑(QGjEFfrIIrOMUuItAAAF) into
[09:33:29.433]controlled 自家电脑(LvMGCOgXPXrp0BM5AAAD) leave
[09:37:03.870]controlled 自家电脑(PzxNnDkwnlGMmmARAAAH) into
[10:48:37.751]controlled 自家电脑(PzxNnDkwnlGMmmARAAAH) leave
[12:35:11.629]controlled 班上电脑(QGjEFfrIIrOMUuItAAAF) leave
[13:47:46.219]controlled 班上电脑(SgSb5wDa33It21zrAAAJ) into
[13:50:36.916]controlled 班上电脑(SgSb5wDa33It21zrAAAJ) leave
[13:50:55.785]controlled 自家电脑(8xyoortOanEANm6iAAAM) into
[13:51:30.309]controlled 班上电脑(UrSapelry9BVJ3WPAAAP) into
[14:01:21.204]controlled 自家电脑(8xyoortOanEANm6iAAAM) leave
[14:23:28.830]controlled 班上电脑(UrSapelry9BVJ3WPAAAP) leave
[14:23:32.74]controlled 班上电脑(jpIhtRY2xJXknJOgAAAR) into
[14:24:13.485]controlled 班上电脑(jpIhtRY2xJXknJOgAAAR) leave
[14:24:16.408]controlled 班上电脑(vZQ3IAkFbk8vO_xTAAAT) into
[16:06:55.106]controlled 班上电脑(vZQ3IAkFbk8vO_xTAAAT) leave
[16:07:02.251]controlled 班上电脑(gv9TPu02t8XBxVuHAAAV) into
[16:59:27.817]controlled 班上电脑(gv9TPu02t8XBxVuHAAAV) leave
[17:51:54.211]controlled 班上电脑(AeTfK2S5Xawgood-AAAX) into
[19:13:07.865]controlled 班上电脑(sLaOuxHPWT6ZcGalAAAB) into
[22:51:58.447]controlled 班上电脑(sLaOuxHPWT6ZcGalAAAB) leave
