[07:17:06.6]controlled G2106班电脑(F7bv8LEPy-jb9irBAAAD) into
[07:17:06.249]controlled G2106班电脑(F7bv8LEPy-jb9irBAAAD) into
[07:53:23.530]controlled G328(hNhZMtNeSHfkWyxWAAAG) into
[08:01:03.905]controlled G2107班电脑(WPOl5hS2vA2Mj5YRAAAI) into
[08:53:19.106]controlled G2102班电脑(7OOCgrQ-NlVM28i3AAAK) into
[09:32:49.67]controlled G2107班电脑(WPOl5hS2vA2Mj5YRAAAI) leave
[09:32:49.109]controlled G2102班电脑(7OOCgrQ-NlVM28i3AAAK) leave
[09:32:53.443]controlled G2102班电脑(ZUlhGNIF0tZtA-5_AAAN) into
[09:33:56.811]controlled G2107班电脑(yos1x33pnV0KBzudAAAR) into
[10:40:23.408]controlled G2107班电脑(yos1x33pnV0KBzudAAAR) leave
[10:40:28.104]controlled G2107班电脑(5JI2SjJVEN2VOYJEAAAT) into
[10:40:37.708]controlled G2102班电脑(ZUlhGNIF0tZtA-5_AAAN) leave
[10:40:42.709]controlled G2106班电脑(F7bv8LEPy-jb9irBAAAD) leave
[10:41:10.927]controlled G2106班电脑(DVGasYweUVr90s_7AAAW) into
[11:15:59.727]controlled G328(hNhZMtNeSHfkWyxWAAAG) leave
[11:16:02.919]controlled G2106班电脑(DVGasYweUVr90s_7AAAW) leave
[11:16:11.818]controlled G2107班电脑(5JI2SjJVEN2VOYJEAAAT) leave
[11:16:28.286]controlled G328(l_YGX79p79wqjvDGAAAZ) into
[11:16:42.971]controlled G2107班电脑(VE2Go6q0jBNgIln_AAAc) into
[11:16:55.983]controlled G2106班电脑(_ApiXxCIW2HnPTmWAAAg) into
[11:23:56.984]controlled G328(l_YGX79p79wqjvDGAAAZ) leave
[11:23:59.406]controlled G2106班电脑(_ApiXxCIW2HnPTmWAAAg) leave
[11:25:03.76]controlled G328(GGbiKWp0DCkXa7_5AAAk) into
[11:25:06.330]controlled G2106班电脑(GmaqpWrfnTX8GF_rAAAo) into
[12:18:57.489]controlled G2107班电脑(VE2Go6q0jBNgIln_AAAc) leave
[12:42:56.51]controlled G2106班电脑(GmaqpWrfnTX8GF_rAAAo) leave
[12:42:56.133]controlled G328(GGbiKWp0DCkXa7_5AAAk) leave
[12:44:02.714]controlled G2106班电脑(u2upYDBl5lwqDyIHAAAs) into
[12:44:05.312]controlled G328(6EtM2jayqjahkGdeAAAw) into
[13:52:20.820]controlled G2102班电脑(n-R9J523HZUET9D8AAAy) into
[14:16:36.93]controlled G328(6EtM2jayqjahkGdeAAAw) leave
[14:16:36.97]controlled G2106班电脑(u2upYDBl5lwqDyIHAAAs) leave
[14:16:38.595]controlled G2106班电脑(dchQQqXLzw-_KTEDAAA3) into
[14:16:40.211]controlled G2102班电脑(n-R9J523HZUET9D8AAAy) leave
[14:17:03.525]controlled G328(0314PACpTievSMnzAAA6) into
[14:17:08.464]controlled G2102班电脑(aZLgyojROfIminRGAAA9) into
[14:22:55.740]controlled G2106班电脑(dchQQqXLzw-_KTEDAAA3) leave
[14:22:59.2]controlled G2106班电脑(p8zCvMJdQN88MemsAAA_) into
[14:23:26.989]controlled G328(0314PACpTievSMnzAAA6) leave
[14:24:00.989]controlled G2106班电脑(p8zCvMJdQN88MemsAAA_) leave
[14:24:02.916]controlled G2106班电脑(f1_iUKK1PPc6jwtYAABB) into
[14:24:12.404]controlled G328(saFgpiFsGE3_o31sAABE) into
[14:24:30.198]controlled G2102班电脑(aZLgyojROfIminRGAAA9) leave
[14:25:15.406]controlled G2102班电脑(8LKBIx-Oe3LBcMS9AABH) into
[14:41:20.951]controlled G2102班电脑(8LKBIx-Oe3LBcMS9AABH) leave
[14:59:23.392]controlled G2106班电脑(f1_iUKK1PPc6jwtYAABB) leave
[14:59:29.134]controlled G328(saFgpiFsGE3_o31sAABE) leave
[15:00:03.764]controlled G2106班电脑(IUG76QTejfsfW9tmAABO) into
[15:00:16.300]controlled G328(gfdOdivouZ1RCTyqAABR) into
[17:16:35.870]controlled G2106班电脑(IUG76QTejfsfW9tmAABO) leave
[17:16:53.585]controlled G328(gfdOdivouZ1RCTyqAABR) leave
[17:17:42.83]controlled G328(uoQgSW683V0yqZ_oAABZ) into
[17:17:44.803]controlled G2106班电脑(H7QEpEDXYTiGDQUvAABd) into
[17:21:50.826]controlled G2106班电脑(H7QEpEDXYTiGDQUvAABd) leave
[17:22:16.814]controlled G2106班电脑(zyfuD3kOt3_-tAgcAABg) into
[17:40:07.41]controlled G2102班电脑(cFOxI3xDUmpXzrR3AABi) into
[17:51:41.458]controlled G328(uoQgSW683V0yqZ_oAABZ) leave
[17:51:48.670]controlled G2102班电脑(cFOxI3xDUmpXzrR3AABi) leave
[17:52:49.957]controlled G328(vmI3iMfzwuH0q6E1AABm) into
[17:52:56.414]controlled G2102班电脑(svYDTKbARIWwKJVhAABq) into
[17:54:36.682]controlled G2106班电脑(zyfuD3kOt3_-tAgcAABg) leave
[17:55:45.907]controlled G2106班电脑(mWUIzELP1up7KXVEAABu) into
[18:20:34.467]controlled G2102班电脑(svYDTKbARIWwKJVhAABq) leave
[18:23:47.37]controlled G2102班电脑(179ubm6KvuaEWYtzAABw) into
[18:42:21.204]controlled G328(vmI3iMfzwuH0q6E1AABm) leave
[18:45:08.808]controlled G328(wPu0e4eZlHZGxD-VAABy) into
[19:15:47.622]controlled G2102班电脑(HyZg22C2CbVqQOrHAAAE) into
[19:15:47.725]controlled G328(ddkYSLnJLPrFnC8SAAAF) into
[19:16:24.626]controlled G2106班电脑(nVss_tfMKLwhcgxGAAAJ) into
[20:11:44.671]controlled G328(ddkYSLnJLPrFnC8SAAAF) leave
[20:12:33.178]controlled G328(qTQ8a8lmyc5jt2NhAAAM) into
[20:42:46.293]controlled G2102班电脑(HyZg22C2CbVqQOrHAAAE) leave
[22:15:26.826]controlled G2106班电脑(nVss_tfMKLwhcgxGAAAJ) leave
[22:31:48.343]controlled G328(qTQ8a8lmyc5jt2NhAAAM) leave
