[07:12:42.705]controlled 班上电脑(MST3gD52K5dZVm-4AAAB) into
[12:39:30.169]controlled 班上电脑(MST3gD52K5dZVm-4AAAB) leave
[13:48:32.159]controlled 班上电脑(U4ekOojZvtwOEVBYAAAB) into
[14:23:59.974]controlled 班上电脑(U4ekOojZvtwOEVBYAAAB) leave
[14:24:03.911]controlled 班上电脑(D2umjXpPuEWScLV1AAAD) into
[14:39:08.362]controlled 班上电脑(D2umjXpPuEWScLV1AAAD) leave
[14:39:19.725]controlled 班上电脑(s95S1_fJ9k_VxaSlAAAF) into
[15:32:17.762]controlled 班上电脑(s95S1_fJ9k_VxaSlAAAF) leave
[15:32:50.548]controlled 班上电脑(uH1FjTP50IBRG-1jAAAH) into
[15:43:44.2]controlled 班上电脑(uH1FjTP50IBRG-1jAAAH) leave
[15:43:52.720]controlled 班上电脑(TZe0w0z9nBLw_F6GAAAJ) into
[15:50:07.566]controlled 班上电脑(TZe0w0z9nBLw_F6GAAAJ) leave
[15:50:38.204]controlled 班上电脑(9U8LVbWly35hKr67AAAL) into
[15:54:41.696]controlled 班上电脑(9U8LVbWly35hKr67AAAL) leave
[15:54:46.890]controlled 班上电脑(WCgVSQAaAyCG9AeaAAAN) into
[16:07:44.546]controlled 班上电脑(WCgVSQAaAyCG9AeaAAAN) leave
[16:07:51.674]controlled 班上电脑(5ZZtY-lLSFDuUnTCAAAP) into
[17:18:13.250]controlled 班上电脑(5ZZtY-lLSFDuUnTCAAAP) leave
[17:18:25.996]controlled 班上电脑(xRM1HSQ3zm9omOW9AAAR) into
[17:47:20.903]controlled 自家电脑(IrX-90jqy9EnpJn8AAAT) into
[17:55:10.136]controlled 班上电脑(xRM1HSQ3zm9omOW9AAAR) leave
[17:55:13.252]controlled 班上电脑(mfoNmph7onMVIJaDAAAV) into
[18:07:27.604]controlled 班上电脑(mfoNmph7onMVIJaDAAAV) leave
[18:11:07.599]controlled 班上电脑(wDhuiA98028BB3njAAAd) into
[18:18:09.755]controlled 自家电脑(IrX-90jqy9EnpJn8AAAT) leave
[18:29:55.619]controlled 班上电脑(wDhuiA98028BB3njAAAd) leave
[18:30:07.328]controlled 班上电脑(O0MOiiGJk757SjPXAAAf) into
[22:42:14.486]controlled 班上电脑(O0MOiiGJk757SjPXAAAf) leave
