[06:59:11.104]controlled G2106班电脑(-N4hLklz4NW5u6SWAAAB) into
[07:11:37.441]controlled G2107班电脑(HlTQueFHMkbeH0QBAAAD) into
[07:25:37.47]controlled G328(Zzk0E_C98HmhhRthAAAF) into
[07:53:04.739]controlled G2102班电脑(nqsxt7fMh63ClhrWAAAH) into
[10:20:01.898]controlled G2106班电脑(-N4hLklz4NW5u6SWAAAB) leave
[10:21:29.462]controlled G2106班电脑(-mV_SnuDimxRW6ojAAAJ) into
[10:36:56.868]controlled G2107班电脑(HlTQueFHMkbeH0QBAAAD) leave
[10:37:02.557]controlled G2107班电脑(GCFZNb4GwXRFUJ1rAAAL) into
[10:37:48.741]controlled G2106班电脑(-mV_SnuDimxRW6ojAAAJ) leave
[10:37:53.350]controlled G2102班电脑(nqsxt7fMh63ClhrWAAAH) leave
[10:37:54.402]controlled G2106班电脑(9b743XcYuSL153OrAAAN) into
[10:37:58.536]controlled G2102班电脑(AwnQhgCK-DtSYBROAAAP) into
[10:41:33.945]controlled G2107班电脑(GCFZNb4GwXRFUJ1rAAAL) leave
[10:41:37.953]controlled G2107班电脑(Lhm-vb3TccYSPAn7AAAR) into
[11:18:25.628]controlled G2102班电脑(AwnQhgCK-DtSYBROAAAP) leave
[11:32:14.498]controlled G328(Zzk0E_C98HmhhRthAAAF) leave
[11:32:19.336]controlled G328(8rerz0v3PXAxpCTKAAAV) into
[11:32:31.94]controlled G2106班电脑(9b743XcYuSL153OrAAAN) leave
[11:32:39.370]controlled G2106班电脑(bnbCcLCc-tQsCSjdAAAX) into
[11:48:07.337]controlled G2106班电脑(bnbCcLCc-tQsCSjdAAAX) leave
[13:40:48.759]controlled G328(8rerz0v3PXAxpCTKAAAV) leave
[13:41:55.651]controlled G2107班电脑(Lhm-vb3TccYSPAn7AAAR) leave
[13:43:23.575]controlled G2106班电脑(XPPPWsUDfqD-rIIuAAAb) into
[13:49:50.881]controlled G2102班电脑(J6vpK0LQaDOq-NpmAAAd) into
[13:50:55.479]controlled G2107班电脑(w27-9y-v9E4wDqDSAAAf) into
[13:52:08.855]controlled G328(xgSLMzxV_tABREQNAAAh) into
[14:22:53.956]controlled G2102班电脑(J6vpK0LQaDOq-NpmAAAd) leave
[14:22:56.957]controlled G2102班电脑(qIh_Qi_qi70Xwzc7AAAj) into
[14:23:26.267]controlled G2107班电脑(w27-9y-v9E4wDqDSAAAf) leave
[14:23:29.489]controlled G2107班电脑(o56EqyV6jz7hqo4zAAAl) into
[14:23:46.402]controlled G328(xgSLMzxV_tABREQNAAAh) leave
[14:23:49.640]controlled G328(p8DYCAY870ztpbmDAAAn) into
[14:24:00.49]controlled G2106班电脑(XPPPWsUDfqD-rIIuAAAb) leave
[14:24:02.774]controlled G2106班电脑(qWwBdrcsjfYtNbmNAAAp) into
[14:24:16.651]controlled G2102班电脑(qIh_Qi_qi70Xwzc7AAAj) leave
[14:24:16.695]controlled G2107班电脑(o56EqyV6jz7hqo4zAAAl) leave
[14:24:18.904]controlled G2102班电脑(1gydYtbxjZWSQSeyAAAs) into
[14:24:18.909]controlled G2107班电脑(i96Wsi2o7dyYVf8RAAAt) into
[14:37:10.236]controlled G328(p8DYCAY870ztpbmDAAAn) leave
[14:44:27.353]controlled G2102班电脑(1gydYtbxjZWSQSeyAAAs) leave
[14:48:32.488]controlled G328(tCpKF6B4evFQudxRAAAv) into
[16:19:56.513]controlled G2102班电脑(yO_B9sHsue8R8mnbAAAz) into
[17:13:32.362]controlled G2107班电脑(i96Wsi2o7dyYVf8RAAAt) leave
[18:18:18.645]controlled G2107班电脑(0BqkvU_YaOfKhruyAAA5) into
[18:59:56.864]controlled G2106班电脑(kEa1LXpuEo_x11acAAAE) into
[18:59:57.108]controlled G2107班电脑(P-khXJZ3T13msGDBAAAG) into
[18:59:57.126]controlled G2102班电脑(-q1FwsfWTax5nJtlAAAF) into
[18:59:57.191]controlled G328(zbL-6i-6WdgcZu5FAAAH) into
[21:55:09.965]controlled G2107班电脑(P-khXJZ3T13msGDBAAAG) leave
[22:00:01.137]controlled G2107班电脑(dKrcn3z0zWq1_GDLAAAJ) into
[22:16:52.347]controlled G2107班电脑(dKrcn3z0zWq1_GDLAAAJ) leave
[22:30:16.208]controlled G2106班电脑(kEa1LXpuEo_x11acAAAE) leave
[22:30:18.937]controlled G328(zbL-6i-6WdgcZu5FAAAH) leave
[22:30:22.234]controlled G2106班电脑(7dvfyT7QO8CaBKBTAAAL) into
[22:30:23.540]controlled G328(79VN8HJ30XrAajA9AAAN) into
[22:30:30.591]controlled G2102班电脑(-q1FwsfWTax5nJtlAAAF) leave
[22:30:38.342]controlled G2102班电脑(YOPxxLSkNcaDynCVAAAP) into
[22:31:28.449]controlled G2106班电脑(7dvfyT7QO8CaBKBTAAAL) leave
[22:35:11.954]controlled G328(79VN8HJ30XrAajA9AAAN) leave
[22:49:11.413]controlled G2102班电脑(YOPxxLSkNcaDynCVAAAP) leave
