[07:07:37.969]controlled G2102班电脑(HsMH-zhjl1kt1-QCAAAS) into
[07:20:08.489]controlled G2102班电脑(HsMH-zhjl1kt1-QCAAAS) leave
[07:20:13.487]controlled G2102班电脑(EfIaFQD3MfDp1eMfAAAU) into
[07:35:15.911]controlled G2102班电脑(EfIaFQD3MfDp1eMfAAAU) leave
[07:35:18.621]controlled G2102班电脑(pyfJ3_uHqJrO4oo3AAAW) into
[08:20:50.627]controlled G2102班电脑(xkHctHzZZ1Wlb7HXAAAB) into
[08:35:03.91]controlled G2102班电脑(xkHctHzZZ1Wlb7HXAAAB) leave
[08:35:07.710]controlled G2102班电脑(6VXwtUfrZFxdsWBNAAAD) into
[08:50:10.545]controlled G2102班电脑(6VXwtUfrZFxdsWBNAAAD) leave
[08:50:14.742]controlled G2102班电脑(0Kpk6b3Mod9QYmp5AAAF) into
[09:05:16.792]controlled G2102班电脑(0Kpk6b3Mod9QYmp5AAAF) leave
[09:05:21.823]controlled G2102班电脑(17AprQGzH2gNuDurAAAH) into
[09:19:59.502]controlled G2102班电脑(17AprQGzH2gNuDurAAAH) leave
[09:20:04.848]controlled G2102班电脑(2zT0OR-yM9Baj1muAAAJ) into
[09:50:15.953]controlled G2102班电脑(2zT0OR-yM9Baj1muAAAJ) leave
[09:50:21.131]controlled G2102班电脑(scL3HWdX9UpPt1TQAAAL) into
[09:56:11.188]controlled G2107班电脑(zHm6uViQKel8ZMCwAAAN) into
[10:04:55.581]controlled G2107班电脑(zHm6uViQKel8ZMCwAAAN) leave
[10:04:58.831]controlled G2102班电脑(scL3HWdX9UpPt1TQAAAL) leave
[10:05:00.374]controlled G2107班电脑(TP1sBUzRNvgodBtSAAAP) into
[10:05:04.44]controlled G2102班电脑(zLyxkMFMLUp-4GoYAAAR) into
[10:20:03.292]controlled G2107班电脑(TP1sBUzRNvgodBtSAAAP) leave
[10:20:06.723]controlled G2102班电脑(zLyxkMFMLUp-4GoYAAAR) leave
[10:20:07.352]controlled G2107班电脑(wWO0Tht-bafmmlxTAAAT) into
[10:20:10.917]controlled G2102班电脑(C5slIxL_tXeptUBhAAAV) into
[10:35:09.400]controlled G2107班电脑(wWO0Tht-bafmmlxTAAAT) leave
[10:35:13.729]controlled G2102班电脑(C5slIxL_tXeptUBhAAAV) leave
[10:35:14.216]controlled G2107班电脑(8st-d0JrqtwgbWybAAAX) into
[10:35:18.283]controlled G2102班电脑(r4-qbfW9f8SQGS79AAAZ) into
[11:34:57.659]controlled G2102班电脑(r4-qbfW9f8SQGS79AAAZ) leave
[11:34:59.332]controlled G2102班电脑(_atdnONa0_GGkNLUAAAq) into
[11:50:01.720]controlled G2102班电脑(_atdnONa0_GGkNLUAAAq) leave
[11:50:04.534]controlled G2102班电脑(mQhLW8p9zN8dp86mAAAs) into
[12:53:25.900]controlled G2102班电脑(mQhLW8p9zN8dp86mAAAs) leave
[12:59:32.444]controlled 自家电脑(6QFuRic-7zOa0yuTAAAu) into
[13:09:31.292]controlled G2102班电脑(eyUKTDymGzGZ3g9BAAAw) into
[13:19:56.755]controlled G2102班电脑(eyUKTDymGzGZ3g9BAAAw) leave
[13:20:01.356]controlled G2102班电脑(1OkQoJX3NVpirDWAAAAy) into
[13:50:12.672]controlled G2102班电脑(1OkQoJX3NVpirDWAAAAy) leave
[13:50:17.215]controlled G2102班电脑(zFKVx3-OjTNmgw_0AAA0) into
[14:04:56.978]controlled G2102班电脑(zFKVx3-OjTNmgw_0AAA0) leave
[14:05:01.553]controlled G2102班电脑(-7eNGdlDgDEiPoGeAAA2) into
[14:22:53.967]controlled G2107班电脑(8st-d0JrqtwgbWybAAAX) leave
[14:22:57.284]controlled G2107班电脑(sx91VwXqjFELBAmIAAA4) into
[14:23:10.860]controlled G2102班电脑(-7eNGdlDgDEiPoGeAAA2) leave
[14:23:14.374]controlled G2102班电脑(-4ZYhFJXbgodfAdwAAA6) into
[14:23:42.879]controlled 自家电脑(6QFuRic-7zOa0yuTAAAu) leave
[14:23:46.629]controlled 自家电脑(VdciGRyRh0z9PwvgAAA8) into
[14:24:30.31]controlled G2107班电脑(sx91VwXqjFELBAmIAAA4) leave
[14:24:30.82]controlled G2102班电脑(-4ZYhFJXbgodfAdwAAA6) leave
[14:24:32.892]controlled G2102班电脑(wo7P7KZETKxiPp-PAABA) into
[14:24:32.961]controlled G2107班电脑(Qfh6xk1hCHhPMMlEAAA-) into
[14:34:58.619]controlled G2102班电脑(wo7P7KZETKxiPp-PAABA) leave
[14:35:03.343]controlled G2102班电脑(tXscUepzh9zTafH-AABC) into
[14:48:24.610]controlled 自家电脑(VdciGRyRh0z9PwvgAAA8) leave
[14:49:40.760]controlled G2102班电脑(tXscUepzh9zTafH-AABC) leave
[14:49:45.582]controlled G2102班电脑(WtyHx21BmnRxeuLpAABG) into
[15:04:10.542]controlled G2107班电脑(Qfh6xk1hCHhPMMlEAAA-) leave
[15:04:13.156]controlled G2107班电脑(08_pnHUhKo7wI34FAABI) into
[15:04:50.182]controlled G2102班电脑(WtyHx21BmnRxeuLpAABG) leave
[15:05:18.353]controlled G2102班电脑(axrz880wYM_D7qBYAABK) into
[15:20:06.129]controlled G2107班电脑(08_pnHUhKo7wI34FAABI) leave
[15:20:10.971]controlled G2107班电脑(0Vcb3-YioN65HxlaAABM) into
[15:20:21.626]controlled G2102班电脑(axrz880wYM_D7qBYAABK) leave
[15:20:26.353]controlled G2102班电脑(cthcuvLR8uxdpNhKAABO) into
[15:32:00.20]controlled G2107班电脑(0Vcb3-YioN65HxlaAABM) leave
[15:34:20.730]controlled G2102班电脑(T9ufRF9OXtVPIA1lAABS) into
[15:34:40.238]controlled G2102班电脑(cthcuvLR8uxdpNhKAABO) leave
[15:50:13.754]controlled G2102班电脑(T9ufRF9OXtVPIA1lAABS) leave
[15:50:18.564]controlled G2102班电脑(I2sJOn88IBvMRcjHAABY) into
[16:04:31.796]controlled G2102班电脑(I2sJOn88IBvMRcjHAABY) leave
[16:04:37.59]controlled G2102班电脑(WEiLF29pBk4JBqK-AABa) into
[16:18:52.798]controlled G2102班电脑(WEiLF29pBk4JBqK-AABa) leave
[16:19:24.438]controlled G2102班电脑(MogOepTY8Is8dTpGAABd) into
[17:27:45.973]controlled G2102班电脑(MogOepTY8Is8dTpGAABd) leave
