[07:14:28.216]controlled G2106班电脑(V7UZFJGahzkP2qjNAAAB) into
[07:28:19.149]controlled G2106班电脑(V7UZFJGahzkP2qjNAAAB) leave
[07:28:23.831]controlled G2106班电脑(l3Cv4H9DWToO1Ym8AAAD) into
[07:58:12.23]controlled G2106班电脑(l3Cv4H9DWToO1Ym8AAAD) leave
[07:59:17.824]controlled G2106班电脑(qRDK1mdgjrO8rUKIAAAI) into
[08:29:05.106]controlled G2106班电脑(qRDK1mdgjrO8rUKIAAAI) leave
[08:29:31.3]controlled G2106班电脑(4e5fP-eYbtjjWmjcAAAL) into
[08:58:27.485]controlled G2106班电脑(4e5fP-eYbtjjWmjcAAAL) leave
[08:59:11.601]controlled G2106班电脑(UzYfrm4tcX146My0AAAO) into
[09:10:27.884]controlled G2106班电脑(UzYfrm4tcX146My0AAAO) leave
[09:11:33.748]controlled G2106班电脑(f1p3uzkZJjDtcc_UAAAS) into
[09:56:59.322]controlled G2106班电脑(f1p3uzkZJjDtcc_UAAAS) leave
[09:57:24.107]controlled G2106班电脑(7WJq0sYjTuuoZwr0AAAU) into
[10:28:28.865]controlled G2106班电脑(7WJq0sYjTuuoZwr0AAAU) leave
[10:28:52.57]controlled G2106班电脑(qWhv7SzTvzDULWpiAAAY) into
[10:58:40.533]controlled G2106班电脑(qWhv7SzTvzDULWpiAAAY) leave
[10:59:49.291]controlled G2106班电脑(uNDRIvyl-Cm_AU9fAAAc) into
[11:12:46.611]controlled G2106班电脑(uNDRIvyl-Cm_AU9fAAAc) leave
[11:13:51.602]controlled G2106班电脑(LPBv-2t_pAmmavgKAAAi) into
[11:29:20.924]controlled G2106班电脑(LPBv-2t_pAmmavgKAAAi) leave
[11:30:05.738]controlled G2106班电脑(GD6kEzaB3GPB4XwcAAAl) into
[12:00:50.635]controlled G2106班电脑(GD6kEzaB3GPB4XwcAAAl) leave
[12:33:44.719]controlled G2106班电脑(F4J4i7LHFQrbWBcfAAAn) into
[12:38:16.83]controlled G2106班电脑(F4J4i7LHFQrbWBcfAAAn) leave
[13:40:14.435]controlled G2106班电脑(aqNyDCQdSA9TxOdqAAAp) into
[13:59:29.951]controlled G2106班电脑(aqNyDCQdSA9TxOdqAAAp) leave
[13:59:59.366]controlled G2106班电脑(voIvNH0UI6IxHJqnAAAs) into
[14:22:57.907]controlled G2102班电脑(wGuU3H3CUDtiaJMmAAAu) into
[14:23:10.17]controlled G2102班电脑(wGuU3H3CUDtiaJMmAAAu) leave
[14:23:13.322]controlled G2102班电脑(_CG_N3GQ9ZhhvUbpAAAw) into
[14:23:24.553]controlled G2106班电脑(voIvNH0UI6IxHJqnAAAs) leave
[14:23:28.518]controlled G2106班电脑(fw5_BQ2eDVnuFUllAAAy) into
[14:23:41.333]controlled G2106班电脑(fw5_BQ2eDVnuFUllAAAy) leave
[14:23:43.677]controlled G2106班电脑(BVMGf52JI-iM-BIzAAA0) into
[14:29:05.845]controlled G2106班电脑(BVMGf52JI-iM-BIzAAA0) leave
[14:29:25.503]controlled G2102班电脑(_CG_N3GQ9ZhhvUbpAAAw) leave
[14:29:36.145]controlled G2106班电脑(bPVlaUcA7Cr8A3mCAAA3) into
[14:29:52.918]controlled G2102班电脑(L_aH-ES-cifdpXcZAAA6) into
[15:29:11.307]controlled G2102班电脑(L_aH-ES-cifdpXcZAAA6) leave
[15:29:38.766]controlled G2102班电脑(aVs8ZkgHNPKwXcCNAAA9) into
[15:59:26.239]controlled G2102班电脑(aVs8ZkgHNPKwXcCNAAA9) leave
[16:00:10.209]controlled G2102班电脑(tpJvd2M6PuiBK4vHAABA) into
[16:29:32.600]controlled G2106班电脑(bPVlaUcA7Cr8A3mCAAA3) leave
[16:30:38.600]controlled G2106班电脑(8TCfx2oHfPuWyMqaAABG) into
[16:50:54.642]controlled G2102班电脑(tpJvd2M6PuiBK4vHAABA) leave
[16:59:24.456]controlled G2106班电脑(8TCfx2oHfPuWyMqaAABG) leave
[17:00:44.607]controlled G2106班电脑(qcUMpek0Lt8NpWa7AABM) into
[17:28:20.615]controlled G328(B-rDSknjgEJzyouUAABO) into
[17:29:41.115]controlled G2106班电脑(qcUMpek0Lt8NpWa7AABM) leave
[17:29:43.270]controlled G2106班电脑(z6nZx77yPUcVyJ0mAABQ) into
[17:52:39.838]controlled G328(B-rDSknjgEJzyouUAABO) leave
[17:52:46.153]controlled G2106班电脑(z6nZx77yPUcVyJ0mAABQ) leave
[17:53:08.459]controlled G328(gH-dEZOXerE1aqdVAABd) into
[17:53:11.706]controlled G2106班电脑(MbKl8nkk8cyJrbIcAABg) into
[17:59:45.867]controlled G328(gH-dEZOXerE1aqdVAABd) leave
[17:59:49.820]controlled G2106班电脑(MbKl8nkk8cyJrbIcAABg) leave
[18:00:51.110]controlled G328(c7Ptpf6ataEmTnGgAABk) into
[18:00:55.643]controlled G2106班电脑(BHW82hoPgpKPzUqZAABo) into
[18:29:49.587]controlled G328(c7Ptpf6ataEmTnGgAABk) leave
[18:29:53.581]controlled G2106班电脑(BHW82hoPgpKPzUqZAABo) leave
[18:29:59.382]controlled G2106班电脑(8MdXF-YLgtOr1617AABq) into
[18:30:35.964]controlled G328(YojriemHUmG0STbNAABt) into
[19:00:01.7]controlled G328(YojriemHUmG0STbNAABt) leave
[19:00:13.500]controlled G2106班电脑(8MdXF-YLgtOr1617AABq) leave
[19:00:48.339]controlled G328(QmGloC-mCPJS7n6qAABw) into
[19:01:27.679]controlled G328(aMsa7zrN0Jd03jb9AAAC) into
[19:01:31.804]controlled G2106班电脑(W9MqPylW1fM5EN8mAAAE) into
[19:30:04.954]controlled G2106班电脑(W9MqPylW1fM5EN8mAAAE) leave
[19:30:31.774]controlled G2106班电脑(Bfnd6uy6Plo16lOOAAAH) into
[19:35:04.726]controlled G328(aMsa7zrN0Jd03jb9AAAC) leave
[19:36:12.157]controlled G328(iuybGsVYoxDqLvdfAAAL) into
[19:59:53.893]controlled G2106班电脑(Bfnd6uy6Plo16lOOAAAH) leave
[20:00:05.843]controlled G328(iuybGsVYoxDqLvdfAAAL) leave
[20:00:38.905]controlled G2106班电脑(jGoHD0f0wdyaWzXZAAAO) into
[20:00:52.420]controlled G328(4odDOn7zQDIuFDQEAAAR) into
[20:25:50.775]controlled G2102班电脑(xPkNjP8HPNcRIrCxAAAT) into
[20:30:12.24]controlled G2102班电脑(xPkNjP8HPNcRIrCxAAAT) leave
[20:31:04.615]controlled G328(4odDOn7zQDIuFDQEAAAR) leave
[20:31:09.410]controlled G328(6Lj9_HGEzwbjdF0UAAAV) into
[22:00:25.484]controlled G2106班电脑(jGoHD0f0wdyaWzXZAAAO) leave
[22:11:08.336]controlled G328(6Lj9_HGEzwbjdF0UAAAV) leave
