[07:53:47.460]controlled G328(d6J9ijDucXsIPC5pAAAB) into
[07:58:46.961]controlled G2102班电脑(qMvb8hQU_e01uyGcAAAD) into
[10:03:51.557]controlled G2107班电脑(ckVXIeZWSPrm7SOuAAAN) into
[10:07:53.745]controlled G2102班电脑(qMvb8hQU_e01uyGcAAAD) leave
[10:34:13.427]controlled G328(d6J9ijDucXsIPC5pAAAB) leave
[10:34:18.258]controlled G328(Bkbp45RN8MxIH3qMAAAS) into
[10:34:30.692]controlled G2107班电脑(ckVXIeZWSPrm7SOuAAAN) leave
[10:34:36.120]controlled G2107班电脑(8JURELQF8AySuJiKAAAU) into
[11:17:32.333]controlled G328(Bkbp45RN8MxIH3qMAAAS) leave
[11:17:37.422]controlled G328(dLeKHNwFbNlaKWKLAAAY) into
[11:17:52.129]controlled G2107班电脑(8JURELQF8AySuJiKAAAU) leave
[11:17:57.520]controlled G2107班电脑(1vdAH-Td1jRIJ12gAAAa) into
[11:40:10.394]controlled G328(dLeKHNwFbNlaKWKLAAAY) leave
[11:46:12.785]controlled G2107班电脑(1vdAH-Td1jRIJ12gAAAa) leave
[12:47:07.385]controlled G328(xotZ38NTOoEto6Y5AAAh) into
[14:23:29.322]controlled G328(xotZ38NTOoEto6Y5AAAh) leave
[14:23:33.91]controlled G328(9US9b5HwjsaVwySlAAAx) into
[14:24:17.228]controlled G328(9US9b5HwjsaVwySlAAAx) leave
[14:24:20.443]controlled G328(tU6Wp_7jM1MBBE2ZAAAz) into
[16:20:21.653]controlled G2102班电脑(its43KZxK7Jxtcc8AAA3) into
[17:13:51.436]controlled G328(tU6Wp_7jM1MBBE2ZAAAz) leave
[17:15:22.330]controlled G328(Qk8BFgSwG9qAXJI-AAA9) into
[17:49:04.139]controlled G2102班电脑(its43KZxK7Jxtcc8AAA3) leave
[18:06:00.903]controlled G328(Qk8BFgSwG9qAXJI-AAA9) leave
[18:06:03.765]controlled G328(LcEThSFyyCXxi8m_AABD) into
[18:15:55.444]controlled G2102班电脑(Ka0N5DucegF9pYeyAABF) into
[18:53:06.621]controlled G328(LcEThSFyyCXxi8m_AABD) leave
[19:08:48.125]controlled G2102班电脑(Ka0N5DucegF9pYeyAABF) leave
[20:46:36.229]controlled G328(rNbwt6kqbpj-HHEbAAAD) into
[22:00:08.578]controlled G328(LidiYVUxVKfEtynXAAAB) into
[22:02:54.438]controlled G328(LidiYVUxVKfEtynXAAAB) leave
