[07:12:21.250]controlled G328(XJYrj_3iW1dDuRyPAAAB) into
[07:18:55.604]controlled G2106班电脑(fqEZDLgYBY1DXkwnAAAD) into
[09:31:10.233]controlled G2106班电脑(fqEZDLgYBY1DXkwnAAAD) leave
[09:31:16.318]controlled G328(XJYrj_3iW1dDuRyPAAAB) leave
[09:31:17.669]controlled G2106班电脑(QBw9kC12LN8drFlgAAAH) into
[09:31:20.339]controlled G328(HrXPpd4APy0571HwAAAJ) into
[09:39:58.923]controlled G2102班电脑(Rkr6OQizWtSlZpELAAAL) into
[10:56:34.418]controlled 邹虹(q-HHPCrODCpIszHDAAAN) into
[12:31:45.228]controlled G2107班电脑(sa-5I8_0vqNfebWlAAAT) into
[12:47:52.780]controlled G2107班电脑(sa-5I8_0vqNfebWlAAAT) leave
[12:48:40.721]controlled 邹虹(q-HHPCrODCpIszHDAAAN) leave
[12:48:47.411]controlled 邹虹(KKhovRfZDVuDf6eHAAAV) into
[13:03:24.524]controlled 邹虹(KKhovRfZDVuDf6eHAAAV) leave
[14:23:59.894]controlled G328(HrXPpd4APy0571HwAAAJ) leave
[14:24:04.334]controlled G328(EFreuBTaJdaTfw1nAAAZ) into
[14:24:15.88]controlled G2102班电脑(Rkr6OQizWtSlZpELAAAL) leave
[14:24:15.139]controlled G2106班电脑(QBw9kC12LN8drFlgAAAH) leave
[14:24:18.984]controlled G2102班电脑(Z5eporprCNgbmQwFAAAb) into
[14:24:21.928]controlled G2106班电脑(9-Y7Kn4g5AV3QwrLAAAd) into
[14:24:32.310]controlled G2106班电脑(9-Y7Kn4g5AV3QwrLAAAd) leave
[14:24:35.462]controlled G2106班电脑(EVilVeFic80idcB1AAAf) into
[15:22:52.928]controlled G2107班电脑(srWjQKgvZ_lZi6RVAAAj) into
[16:36:39.583]controlled G328(EFreuBTaJdaTfw1nAAAZ) leave
[16:36:43.283]controlled G328(TTO7PxBRLRY-VeJ-AAAl) into
[16:36:48.507]controlled G2102班电脑(Z5eporprCNgbmQwFAAAb) leave
[16:36:54.443]controlled G2102班电脑(zooKPIyPRVKI_bHnAAAn) into
[18:05:46.750]controlled 邹虹(hlravNReShYbZysOAAAv) into
[18:05:50.73]controlled 邹虹(hlravNReShYbZysOAAAv) leave
[18:51:47.261]controlled G2107班电脑(Jbqo9qd6bKX1KwyeAAAF) into
[18:51:47.266]controlled G2102班电脑(F8c-pq05GJG_n0HDAAAE) into
[18:51:47.326]controlled G328(HQNLoLiuaxZmfl_UAAAH) into
[18:51:47.379]controlled G2106班电脑(PcUzjYBtZr-bkpkNAAAG) into
[22:16:20.933]controlled G2106班电脑(PcUzjYBtZr-bkpkNAAAG) leave
[22:48:48.436]controlled G2102班电脑(F8c-pq05GJG_n0HDAAAE) leave
[22:58:13.84]controlled G328(HQNLoLiuaxZmfl_UAAAH) leave
