[07:11:49.394]controlled G328(ZiHG79qD6p2SdI0kAAAB) into
[07:18:46.311]controlled G2106班电脑(L5soU1MYPWiK_lfHAAAD) into
[07:25:19.346]controlled G328(ZiHG79qD6p2SdI0kAAAB) leave
[07:25:24.161]controlled G328(vVeN6UMiWv4iLOxrAAAF) into
[07:50:31.314]controlled G2102班电脑(_Mq79tukK4Pu8FGnAAAH) into
[07:55:02.754]controlled G2106班电脑(L5soU1MYPWiK_lfHAAAD) leave
[07:55:02.991]controlled G328(vVeN6UMiWv4iLOxrAAAF) leave
[07:55:03.964]controlled G2102班电脑(_Mq79tukK4Pu8FGnAAAH) leave
[07:55:19.703]controlled G328(qRbH77rs4oL2Zj8cAAAM) into
[07:55:20.172]controlled G2106班电脑(sToUsBPeDLwNTJlqAAAL) into
[07:55:20.175]controlled G2102班电脑(wi1wSUwrdKHh4lobAAAN) into
[08:25:39.98]controlled G2102班电脑(wi1wSUwrdKHh4lobAAAN) leave
[08:25:39.115]controlled G2106班电脑(sToUsBPeDLwNTJlqAAAL) leave
[08:25:39.116]controlled G328(qRbH77rs4oL2Zj8cAAAM) leave
[08:25:46.444]controlled G328(EBmGV4ZicrBCFUOVAAAQ) into
[08:25:46.514]controlled G2102班电脑(LpbHiOJtpB-hrzuZAAAR) into
[08:25:48.517]controlled G2106班电脑(WLOsctTo7aIJ7YjlAAAT) into
[08:28:36.34]controlled G328(EBmGV4ZicrBCFUOVAAAQ) leave
[08:29:28.870]controlled G328(WoqJnAYVd8Z7SNe3AAAX) into
[08:56:38.105]controlled G2106班电脑(WLOsctTo7aIJ7YjlAAAT) leave
[08:56:53.859]controlled G328(WoqJnAYVd8Z7SNe3AAAX) leave
[08:56:56.988]controlled G2102班电脑(LpbHiOJtpB-hrzuZAAAR) leave
[08:56:58.591]controlled G328(m_rC74UtzyFGmnDCAAAZ) into
[08:57:01.495]controlled G2102班电脑(PS_RA3hAhBVUrT4vAAAb) into
[08:57:06.858]controlled G2106班电脑(zP3NcdgV-afSHChmAAAe) into
[08:59:48.835]controlled G328(m_rC74UtzyFGmnDCAAAZ) leave
[08:59:51.957]controlled G2102班电脑(PS_RA3hAhBVUrT4vAAAb) leave
[09:00:45.969]controlled G2102班电脑(ZdgPuMHwhnyUyY8oAAAk) into
[09:01:08.721]controlled G328(eTkjsyKJKK34uOsIAAAm) into
[09:25:20.649]controlled G328(eTkjsyKJKK34uOsIAAAm) leave
[09:25:38.307]controlled G2102班电脑(ZdgPuMHwhnyUyY8oAAAk) leave
[09:25:45.671]controlled G2106班电脑(zP3NcdgV-afSHChmAAAe) leave
[09:25:48.946]controlled G328(DemLGisAkyZL3L1nAAAp) into
[09:25:50.737]controlled G2106班电脑(NCFPjIYTdKOigszfAAAr) into
[09:26:05.175]controlled G2102班电脑(aJdSrSzNLzUGl7ZYAAAu) into
[09:55:31.985]controlled G2106班电脑(NCFPjIYTdKOigszfAAAr) leave
[09:55:40.722]controlled G2106班电脑(cXkKS9zwC48hrAA5AAAw) into
[09:55:45.253]controlled G2102班电脑(aJdSrSzNLzUGl7ZYAAAu) leave
[09:55:46.233]controlled G328(DemLGisAkyZL3L1nAAAp) leave
[09:56:12.5]controlled G2102班电脑(zqDnMcUaxIUyibtvAAAz) into
[09:56:15.31]controlled G328(g5ojSKk-2WnEhvQ7AAA2) into
[10:25:32.160]controlled G2106班电脑(cXkKS9zwC48hrAA5AAAw) leave
[10:25:39.714]controlled G2106班电脑(tM3PsFPmd6_4QhmmAAA4) into
[10:25:56.815]controlled G2102班电脑(zqDnMcUaxIUyibtvAAAz) leave
[10:25:57.721]controlled G328(g5ojSKk-2WnEhvQ7AAA2) leave
[10:26:01.911]controlled G2102班电脑(kbmSbgWunumotn7yAAA6) into
[10:26:02.439]controlled G328(p56g9Q4PSTjhaItSAAA8) into
[10:34:01.727]controlled G328(p56g9Q4PSTjhaItSAAA8) leave
[10:34:02.989]controlled G2106班电脑(tM3PsFPmd6_4QhmmAAA4) leave
[10:34:03.153]controlled G328(oP74e097tijKs-y3AABA) into
[10:34:05.754]controlled G2106班电脑(Wt_Dl2Ez0AwMeaAiAABC) into
[10:41:32.836]controlled G328(oP74e097tijKs-y3AABA) leave
[10:44:09.409]controlled G328(tb2TcrIMicrxi2hJAABG) into
[10:55:34.121]controlled G2106班电脑(Wt_Dl2Ez0AwMeaAiAABC) leave
[10:55:34.168]controlled G2102班电脑(kbmSbgWunumotn7yAAA6) leave
[10:55:37.16]controlled G2102班电脑(Tg-gEmCZ7NcRcZeCAABI) into
[10:55:42.608]controlled G2106班电脑(uns3Twf8TDUOS_1MAABK) into
[10:55:57.912]controlled G328(tb2TcrIMicrxi2hJAABG) leave
[10:56:02.222]controlled G328(J04796LTWqS7pHznAABM) into
[11:25:43.710]controlled G2106班电脑(uns3Twf8TDUOS_1MAABK) leave
[11:25:56.553]controlled G328(J04796LTWqS7pHznAABM) leave
[11:26:00.789]controlled G2106班电脑(G0z_S3-GMPq_WBUTAABO) into
[11:26:01.563]controlled G328(7g86YflH-OEpQuiyAABQ) into
[11:55:59.613]controlled G2106班电脑(G0z_S3-GMPq_WBUTAABO) leave
[11:55:59.704]controlled G328(7g86YflH-OEpQuiyAABQ) leave
[11:56:00.406]controlled G2102班电脑(Tg-gEmCZ7NcRcZeCAABI) leave
[11:56:04.643]controlled G328(W9Z32EyZKpxN60D7AABT) into
[11:56:04.723]controlled G2102班电脑(nGYa5ya1PEXxsj1lAABU) into
[11:56:43.621]controlled G2106班电脑(900FTwSPZgyebX4yAABX) into
[12:04:28.935]controlled G2106班电脑(900FTwSPZgyebX4yAABX) leave
[12:05:23.969]controlled G2106班电脑(wJnAfAjacKz8gRg1AABZ) into
[12:25:55.379]controlled G328(W9Z32EyZKpxN60D7AABT) leave
[12:25:55.389]controlled G2102班电脑(nGYa5ya1PEXxsj1lAABU) leave
[12:25:58.683]controlled G328(UmOstbtKEOtHATZoAABb) into
[12:25:59.905]controlled G2102班电脑(0e-n4iI61nbebRevAABd) into
[12:26:02.104]controlled G2106班电脑(wJnAfAjacKz8gRg1AABZ) leave
[12:26:06.168]controlled G2106班电脑(RvAZ-zVJMwzPc1kzAABf) into
[12:32:57.707]controlled G328(UmOstbtKEOtHATZoAABb) leave
[12:39:45.7]controlled G328(GUTnEBwRikkGurwwAABk) into
[12:56:11.861]controlled G328(amvDLgnUhr-lVg9mAABm) into
[12:56:21.179]controlled G2102班电脑(0e-n4iI61nbebRevAABd) leave
[12:56:24.119]controlled G2102班电脑(Cu5AK84axEokYZ4NAABo) into
[12:56:32.780]controlled G328(GUTnEBwRikkGurwwAABk) leave
[12:56:33.299]controlled G2106班电脑(RvAZ-zVJMwzPc1kzAABf) leave
[12:56:41.990]controlled G2106班电脑(7kDN9BpidE9SCv6HAABq) into
[13:26:04.287]controlled G328(amvDLgnUhr-lVg9mAABm) leave
[13:26:07.634]controlled G2106班电脑(7kDN9BpidE9SCv6HAABq) leave
[13:26:08.962]controlled G328(ZZQHppc0N0-oIO_cAAB1) into
[13:26:16.842]controlled G2102班电脑(Cu5AK84axEokYZ4NAABo) leave
[13:26:21.892]controlled G2102班电脑(HvdBb8OMpKo6zgMHAAB3) into
[13:26:35.601]controlled G2106班电脑(-dEB2mu8Co_o6PqHAAB6) into
[13:56:22.652]controlled G2102班电脑(HvdBb8OMpKo6zgMHAAB3) leave
[13:56:26.886]controlled G328(ZZQHppc0N0-oIO_cAAB1) leave
[13:56:26.910]controlled G2106班电脑(-dEB2mu8Co_o6PqHAAB6) leave
[13:56:28.118]controlled G2102班电脑(UafLm26eJhwqA5qUAAB8) into
[13:56:31.499]controlled G328(Sg6xTVsawnf2cQXAAAB-) into
[13:57:11.603]controlled G2106班电脑(alX5aMR3uMtBFRXKAACB) into
[14:08:16.174]controlled G2102班电脑(UafLm26eJhwqA5qUAAB8) leave
[14:16:59.326]controlled G2102班电脑(v2_jjASn1lBialAIAACD) into
[14:22:53.612]controlled G2106班电脑(alX5aMR3uMtBFRXKAACB) leave
[14:22:58.862]controlled G2106班电脑(PmzThxo646N4l55zAACF) into
[14:23:10.301]controlled G2106班电脑(PmzThxo646N4l55zAACF) leave
[14:23:13.735]controlled G2106班电脑(qUKhgX1dJMnodjG-AACH) into
[14:23:43.544]controlled G2106班电脑(qUKhgX1dJMnodjG-AACH) leave
[14:23:46.447]controlled G2106班电脑(JC53ohmxZ8SU8OxAAACJ) into
[14:24:02.217]controlled G328(Sg6xTVsawnf2cQXAAAB-) leave
[14:24:17.857]controlled G2102班电脑(v2_jjASn1lBialAIAACD) leave
[14:24:18.292]controlled G328(oqf_Ep7DAhsdxv-oAACL) into
[14:24:21.595]controlled G2102班电脑(dikxSVtEefqTFIN8AACN) into
[14:26:41.450]controlled G2106班电脑(JC53ohmxZ8SU8OxAAACJ) leave
[14:27:32.790]controlled G2106班电脑(zFNcoeTPc_rqnPN4AACR) into
[14:56:07.176]controlled G2106班电脑(zFNcoeTPc_rqnPN4AACR) leave
[14:56:16.615]controlled G2106班电脑(nD8kAYmUUDFv6umhAACU) into
[14:56:31.879]controlled G2102班电脑(dikxSVtEefqTFIN8AACN) leave
[14:56:35.986]controlled G328(oqf_Ep7DAhsdxv-oAACL) leave
[14:56:37.89]controlled G2102班电脑(4KpnFyRkxj_8iSvsAACW) into
[14:56:41.116]controlled G328(4Bip4Q218d4nB9-rAACY) into
[15:26:29.866]controlled G2102班电脑(4KpnFyRkxj_8iSvsAACW) leave
[15:26:30.662]controlled G328(4Bip4Q218d4nB9-rAACY) leave
[15:26:34.991]controlled G2102班电脑(32QrXwbvLBBZ8Be3AACa) into
[15:26:36.438]controlled G328(u6Od7X7rs9v10_uZAACc) into
[16:00:53.113]controlled G2106班电脑(nD8kAYmUUDFv6umhAACU) leave
[16:01:03.226]controlled G2106班电脑(5U81sm-FBxgdj_caAACe) into
[16:01:03.702]controlled G2102班电脑(32QrXwbvLBBZ8Be3AACa) leave
[16:01:07.502]controlled G328(u6Od7X7rs9v10_uZAACc) leave
[16:01:07.813]controlled G2102班电脑(jioT_X_4M1DlFxfzAACg) into
[16:01:12.388]controlled G328(8GLXgoNOu-VWudFIAACi) into
[16:30:55.864]controlled G2102班电脑(jioT_X_4M1DlFxfzAACg) leave
[16:30:59.874]controlled G328(8GLXgoNOu-VWudFIAACi) leave
[16:31:01.666]controlled G2102班电脑(GK_KJKxB8PsM2cIuAACk) into
[16:31:05.821]controlled G328(zC4wQbPD4C0INIFGAACm) into
[16:31:13.245]controlled G2106班电脑(5U81sm-FBxgdj_caAACe) leave
[16:31:16.172]controlled G2106班电脑(H10rOz5cdblKGhlnAACo) into
[16:38:54.58]controlled G2106班电脑(H10rOz5cdblKGhlnAACo) leave
[17:00:55.315]controlled G328(zC4wQbPD4C0INIFGAACm) leave
[17:00:59.606]controlled G328(RbTb6z2W0GnuMva5AACq) into
[17:01:15.726]controlled G2102班电脑(GK_KJKxB8PsM2cIuAACk) leave
[17:01:21.322]controlled G2102班电脑(tiiw-xoWVGMdlBghAACs) into
[17:30:52.733]controlled G2102班电脑(tiiw-xoWVGMdlBghAACs) leave
[17:30:58.169]controlled G2102班电脑(TML17m2tCgvsMuMPAACu) into
[17:30:59.488]controlled G328(RbTb6z2W0GnuMva5AACq) leave
[17:31:04.528]controlled G328(X2SCeu55AC22LqQfAACw) into
[18:01:11.237]controlled G328(X2SCeu55AC22LqQfAACw) leave
[18:01:16.668]controlled G328(sfPFe4_C5-eEnRk0AACy) into
[18:01:19.910]controlled G2102班电脑(TML17m2tCgvsMuMPAACu) leave
[18:01:24.73]controlled G2102班电脑(SlySzHzdi2MAYSfWAAC0) into
[18:31:31.628]controlled G328(sfPFe4_C5-eEnRk0AACy) leave
[18:31:36.687]controlled G328(GoHReFqVngKAJXI1AAC2) into
[18:31:37.176]controlled G2102班电脑(SlySzHzdi2MAYSfWAAC0) leave
[18:31:41.991]controlled G2102班电脑(KEoXekvhj78waRIcAAC4) into
[18:35:48.41]controlled G2102班电脑(KEoXekvhj78waRIcAAC4) leave
[18:35:53.4]controlled G2102班电脑(THSmw1a5jpaZbnYbAAC6) into
[19:01:24.119]controlled G328(GoHReFqVngKAJXI1AAC2) leave
[19:01:29.459]controlled G328(5F8FPS3tNbRh5dZjAAC-) into
[19:04:42.284]controlled G2102班电脑(luYO83PrUJ7xybrrAAAC) into
[19:04:44.110]controlled G328(Xu0K5U_qjC895JuWAAAE) into
[19:31:17.839]controlled G2102班电脑(luYO83PrUJ7xybrrAAAC) leave
[19:31:17.923]controlled G328(Xu0K5U_qjC895JuWAAAE) leave
[19:31:22.398]controlled G2102班电脑(rvffLOQNgonE4-WhAAAG) into
[19:31:22.969]controlled G328(VbkKSoZz_mxLXmZxAAAI) into
[20:01:26.837]controlled G2102班电脑(rvffLOQNgonE4-WhAAAG) leave
[20:01:32.421]controlled G328(VbkKSoZz_mxLXmZxAAAI) leave
[20:01:35.328]controlled G328(BFFlPBk2o6_Tg1G0AAAK) into
[20:01:53.805]controlled G2102班电脑(4Gf1fQ6rRwzHUIgMAAAN) into
[20:31:35.833]controlled G2102班电脑(4Gf1fQ6rRwzHUIgMAAAN) leave
[20:31:35.927]controlled G328(BFFlPBk2o6_Tg1G0AAAK) leave
[20:31:40.282]controlled G328(iL4T8cBfrNXyeAjDAAAQ) into
[20:31:40.382]controlled G2102班电脑(IKTy-tqoOkoKDeICAAAR) into
[21:01:35.891]controlled G328(iL4T8cBfrNXyeAjDAAAQ) leave
[21:01:41.143]controlled G328(Vj7whMIhxO6zJWmuAAAV) into
[21:31:51.799]controlled G328(Vj7whMIhxO6zJWmuAAAV) leave
[21:31:54.558]controlled G328(mrQdfelR9Q8C0yIpAAAX) into
[22:41:34.291]controlled G2102班电脑(IKTy-tqoOkoKDeICAAAR) leave
[22:51:20.727]controlled G328(mrQdfelR9Q8C0yIpAAAX) leave
